2022-12-01 04:01:29.346 [restartedMain] INFO  com.example.radiusapi.RadiusApiApplication - Starting RadiusApiApplication using Java 18.0.1.1 on MSI with PID 10960 (C:\Users\20786\IdeaProjects\radiusApi\target\classes started by 20786 in C:\Users\20786\IdeaProjects\radiusApi)
2022-12-01 04:01:29.389 [restartedMain] INFO  com.example.radiusapi.RadiusApiApplication - No active profile set, falling back to 1 default profile: "default"
2022-12-01 04:01:32.639 [restartedMain] INFO  org.apache.coyote.http11.Http11NioProtocol - Initializing ProtocolHandler ["http-nio-8088"]
2022-12-01 04:01:32.640 [restartedMain] INFO  org.apache.catalina.core.StandardService - Starting service [Tomcat]
2022-12-01 04:01:32.642 [restartedMain] INFO  org.apache.catalina.core.StandardEngine - Starting Servlet engine: [Apache Tomcat/9.0.65]
2022-12-01 04:01:32.820 [restartedMain] INFO  org.apache.catalina.core.ContainerBase.[Tomcat].[localhost].[/] - Initializing Spring embedded WebApplicationContext
2022-12-01 04:01:33.116 [restartedMain] INFO  com.alibaba.druid.spring.boot.autoconfigure.DruidDataSourceAutoConfigure - Init DruidDataSource
2022-12-01 04:01:33.281 [restartedMain] INFO  com.alibaba.druid.pool.DruidDataSource - {dataSource-1} inited
2022-12-01 04:01:35.257 [restartedMain] INFO  org.apache.coyote.http11.Http11NioProtocol - Starting ProtocolHandler ["http-nio-8088"]
2022-12-01 04:01:35.942 [restartedMain] INFO  com.example.radiusapi.RadiusApiApplication - Started RadiusApiApplication in 7.257 seconds (JVM running for 9.674)
2022-12-01 04:01:35.958 [restartedMain] INFO  com.example.radiusapi.RadiusApiApplication.main() Line: 23 - application is  started  .......
2022-12-01 04:02:54.876 [http-nio-8088-exec-1] INFO  org.apache.catalina.core.ContainerBase.[Tomcat].[localhost].[/] - Initializing Spring DispatcherServlet 'dispatcherServlet'
2022-12-01 04:02:55.014 [http-nio-8088-exec-2] INFO  com.example.radiusapi.controller.AdminController - login({username=admin, password=123456})
2022-12-01 04:02:55.729 [http-nio-8088-exec-2] INFO  com.example.radiusapi.controller.AdminController - result=Result(success=true, code=20000, message=sucess, data={token=eyJ0eXAiOiJKV1QiLCJhbGciOiJIUzI1NiJ9.eyJ1c2VyQWNjb3VudCI6ImFkbWluIiwiaXNzIjoiYXV0aDAiLCJleHAiOjE2Njk4NzQ1NzV9.eMv4-_tj0K_yEPobhctZfwQxNwE7sGPuzbWcsvAQnDs})
2022-12-01 04:02:55.811 [http-nio-8088-exec-4] INFO  com.example.radiusapi.controller.AdminController - info(eyJ0eXAiOiJKV1QiLCJhbGciOiJIUzI1NiJ9.eyJ1c2VyQWNjb3VudCI6ImFkbWluIiwiaXNzIjoiYXV0aDAiLCJleHAiOjE2Njk4NzQ1NzV9.eMv4-_tj0K_yEPobhctZfwQxNwE7sGPuzbWcsvAQnDs)
2022-12-01 04:02:55.818 [http-nio-8088-exec-4] INFO  com.example.radiusapi.controller.AdminController - Result=Result(success=true, code=20000, message=sucess, data={roles=admin, name=admin, avatar=, nodeid=81034dad-ccc5-4bb9-8020-9424bc5b0eac, introduction=superUser})
2022-12-01 04:02:56.482 [http-nio-8088-exec-7] INFO  com.example.radiusapi.controller.SidebarTreeController - GetTreeNodeList(81034dad-ccc5-4bb9-8020-9424bc5b0eac)
2022-12-01 04:02:56.511 [http-nio-8088-exec-7] INFO  com.example.radiusapi.controller.SidebarTreeController - result=Result(success=true, code=20000, message=sucess, data={data=[SidebarTree(id=9580ce07-0c5c-44b7-a46d-239c57dbd19c, label=1-1, type=1, owner=admin, pid=81034dad-ccc5-4bb9-8020-9424bc5b0eac), SidebarTree(id=8f6acda0-327a-48ea-9075-b3074de09148, label=new item, type=0, owner=admin, pid=9580ce07-0c5c-44b7-a46d-239c57dbd19c), SidebarTree(id=18ecbf5f-b215-4752-b6e0-8b3aa5f98346, label=上网记录, type=5, owner=null, pid=8f6acda0-327a-48ea-9075-b3074de09148), SidebarTree(id=662b9383-7e7e-407c-9714-7143254e11d3, label=上网账号, type=4, owner=null, pid=8f6acda0-327a-48ea-9075-b3074de09148), SidebarTree(id=77fa6fa0-0408-4c22-b36f-b2f5aee9963c, label=短信群发, type=6, owner=null, pid=8f6acda0-327a-48ea-9075-b3074de09148), SidebarTree(id=806ec437-c5b8-44ec-9705-62d77f5277b2, label=页面设置, type=7, owner=null, pid=8f6acda0-327a-48ea-9075-b3074de09148), SidebarTree(id=d2a90767-387e-4438-9bfb-7d0d81e3e3da, label=设备对接, type=3, owner=null, pid=8f6acda0-327a-48ea-9075-b3074de09148), SidebarTree(id=9b436ab9-5fbf-489a-b48f-012e0696303f, label=new item, type=0, owner=admin, pid=9580ce07-0c5c-44b7-a46d-239c57dbd19c), SidebarTree(id=24800ed0-166f-4056-bdd6-d8081a6db339, label=设备对接, type=3, owner=null, pid=9b436ab9-5fbf-489a-b48f-012e0696303f), SidebarTree(id=55e5660d-d87b-49a6-be1a-f7bb657d6b47, label=短信群发, type=6, owner=null, pid=9b436ab9-5fbf-489a-b48f-012e0696303f), SidebarTree(id=b9dc22f8-c745-489d-96ff-6fa73d0bb88c, label=上网账号, type=4, owner=null, pid=9b436ab9-5fbf-489a-b48f-012e0696303f), SidebarTree(id=c405ac6d-ef73-401a-a1a9-1d702eef6804, label=页面设置, type=7, owner=null, pid=9b436ab9-5fbf-489a-b48f-012e0696303f), SidebarTree(id=e75af9e9-8e55-4ff8-9429-af51363ca96b, label=上网记录, type=5, owner=null, pid=9b436ab9-5fbf-489a-b48f-012e0696303f), SidebarTree(id=ab643534-641d-4762-88dc-1bf430cdec60, label=new folder, type=1, owner=admin, pid=9580ce07-0c5c-44b7-a46d-239c57dbd19c), SidebarTree(id=133f38a2-3560-4927-afb6-c69f768892ae, label=new folder, type=1, owner=admin, pid=ab643534-641d-4762-88dc-1bf430cdec60), SidebarTree(id=81034dad-ccc5-4bb9-8020-9424bc5b0eac, label=根节点, type=1, owner=admin, pid=81034dad-ccc5-4bb9-8020-9424bc5bccc)]})
2022-12-01 04:02:59.272 [http-nio-8088-exec-10] INFO  com.example.radiusapi.controller.RealmController - GetRealms(8f6acda0-327a-48ea-9075-b3074de09148)
2022-12-01 04:02:59.283 [http-nio-8088-exec-10] INFO  com.example.radiusapi.controller.RealmController - result=Result(success=true, code=20000, message=sucess, data={data=[Realm(id=4dc0f4dd013653d9c7e9e50a8ca82702, node_pid=null, realm=@test), Realm(id=5c327703c4c742389292e2546d9a5733, node_pid=null, realm=@zhaoqing), Realm(id=9a7515ab9cd28b331f71ba5bb96d333c, node_pid=null, realm=@foshan)]})
2022-12-01 04:02:59.320 [http-nio-8088-exec-2] INFO  com.example.radiusapi.controller.OnlineUserController - GetOnlineUser(,@test)
2022-12-01 04:02:59.462 [http-nio-8088-exec-2] INFO  com.example.radiusapi.controller.OnlineUserController - result=Result(success=true, code=20000, message=sucess, data={data=com.baomidou.mybatisplus.extension.plugins.pagination.Page@5a72e2ca})
2022-12-01 04:02:59.866 [http-nio-8088-exec-3] INFO  com.example.radiusapi.controller.RealmController - GetRealms(8f6acda0-327a-48ea-9075-b3074de09148)
2022-12-01 04:02:59.869 [http-nio-8088-exec-3] INFO  com.example.radiusapi.controller.RealmController - result=Result(success=true, code=20000, message=sucess, data={data=[Realm(id=4dc0f4dd013653d9c7e9e50a8ca82702, node_pid=null, realm=@test), Realm(id=5c327703c4c742389292e2546d9a5733, node_pid=null, realm=@zhaoqing), Realm(id=9a7515ab9cd28b331f71ba5bb96d333c, node_pid=null, realm=@foshan)]})
2022-12-01 04:02:59.902 [http-nio-8088-exec-6] INFO  com.example.radiusapi.controller.AccountInfoController - GetAccountInfo(,@test)
2022-12-01 04:02:59.929 [http-nio-8088-exec-6] INFO  com.example.radiusapi.controller.AccountInfoController - result=Result(success=true, code=20000, message=sucess, data={data=com.baomidou.mybatisplus.extension.plugins.pagination.Page@310c6e4f})
2022-12-01 04:03:03.888 [http-nio-8088-exec-8] INFO  com.example.radiusapi.controller.AdminController - GetAdministrators(admin,9b436ab9-5fbf-489a-b48f-012e0696303f,)
2022-12-01 04:03:03.893 [http-nio-8088-exec-8] INFO  com.example.radiusapi.controller.AdminController - result=Result(success=true, code=20000, message=sucess, data={data=com.baomidou.mybatisplus.extension.plugins.pagination.Page@2d6df883})
2022-12-01 04:03:05.907 [http-nio-8088-exec-7] INFO  com.example.radiusapi.controller.RealmController - GetRealms(8f6acda0-327a-48ea-9075-b3074de09148)
2022-12-01 04:03:05.912 [http-nio-8088-exec-7] INFO  com.example.radiusapi.controller.RealmController - result=Result(success=true, code=20000, message=sucess, data={data=[Realm(id=4dc0f4dd013653d9c7e9e50a8ca82702, node_pid=null, realm=@test), Realm(id=5c327703c4c742389292e2546d9a5733, node_pid=null, realm=@zhaoqing), Realm(id=9a7515ab9cd28b331f71ba5bb96d333c, node_pid=null, realm=@foshan)]})
2022-12-01 04:03:05.932 [http-nio-8088-exec-9] INFO  com.example.radiusapi.controller.AccountInfoController - GetAccountInfo(,@test)
2022-12-01 04:03:05.945 [http-nio-8088-exec-9] INFO  com.example.radiusapi.controller.AccountInfoController - result=Result(success=true, code=20000, message=sucess, data={data=com.baomidou.mybatisplus.extension.plugins.pagination.Page@6af3e48e})
2022-12-01 04:03:06.529 [http-nio-8088-exec-10] INFO  com.example.radiusapi.controller.RealmController - GetRealms(8f6acda0-327a-48ea-9075-b3074de09148)
2022-12-01 04:03:06.532 [http-nio-8088-exec-10] INFO  com.example.radiusapi.controller.RealmController - result=Result(success=true, code=20000, message=sucess, data={data=[Realm(id=4dc0f4dd013653d9c7e9e50a8ca82702, node_pid=null, realm=@test), Realm(id=5c327703c4c742389292e2546d9a5733, node_pid=null, realm=@zhaoqing), Realm(id=9a7515ab9cd28b331f71ba5bb96d333c, node_pid=null, realm=@foshan)]})
2022-12-01 04:03:06.546 [http-nio-8088-exec-1] INFO  com.example.radiusapi.controller.OnlineUserController - GetOnlineUser(,@test)
2022-12-01 04:03:06.555 [http-nio-8088-exec-1] INFO  com.example.radiusapi.controller.OnlineUserController - result=Result(success=true, code=20000, message=sucess, data={data=com.baomidou.mybatisplus.extension.plugins.pagination.Page@a27ddde})
2022-12-01 04:03:06.689 [http-nio-8088-exec-3] INFO  com.example.radiusapi.controller.AdminController - GetAdministrators(admin,8f6acda0-327a-48ea-9075-b3074de09148,)
2022-12-01 04:03:06.697 [http-nio-8088-exec-3] INFO  com.example.radiusapi.controller.AdminController - result=Result(success=true, code=20000, message=sucess, data={data=com.baomidou.mybatisplus.extension.plugins.pagination.Page@676eb0a5})
2022-12-01 04:03:07.791 [http-nio-8088-exec-4] INFO  com.example.radiusapi.controller.RealmController - GetRealms(8f6acda0-327a-48ea-9075-b3074de09148)
2022-12-01 04:03:07.796 [http-nio-8088-exec-4] INFO  com.example.radiusapi.controller.RealmController - result=Result(success=true, code=20000, message=sucess, data={data=[Realm(id=4dc0f4dd013653d9c7e9e50a8ca82702, node_pid=null, realm=@test), Realm(id=5c327703c4c742389292e2546d9a5733, node_pid=null, realm=@zhaoqing), Realm(id=9a7515ab9cd28b331f71ba5bb96d333c, node_pid=null, realm=@foshan)]})
2022-12-01 04:03:07.823 [http-nio-8088-exec-6] INFO  com.example.radiusapi.controller.OnlineUserController - GetOnlineUser(,@test)
2022-12-01 04:03:07.838 [http-nio-8088-exec-6] INFO  com.example.radiusapi.controller.OnlineUserController - result=Result(success=true, code=20000, message=sucess, data={data=com.baomidou.mybatisplus.extension.plugins.pagination.Page@298afb20})
2022-12-01 04:03:15.184 [http-nio-8088-exec-8] INFO  com.example.radiusapi.controller.OnlineUserController - GetOnlineUser(,@zhaoqing)
2022-12-01 04:03:15.189 [http-nio-8088-exec-8] INFO  com.example.radiusapi.controller.OnlineUserController - result=Result(success=true, code=20000, message=sucess, data={data=com.baomidou.mybatisplus.extension.plugins.pagination.Page@4f6f2090})
2022-12-01 04:03:17.073 [http-nio-8088-exec-9] INFO  com.example.radiusapi.controller.OnlineUserController - GetOnlineUser(,@foshan)
2022-12-01 04:03:17.078 [http-nio-8088-exec-9] INFO  com.example.radiusapi.controller.OnlineUserController - result=Result(success=true, code=20000, message=sucess, data={data=com.baomidou.mybatisplus.extension.plugins.pagination.Page@7ffe5724})
2022-12-01 04:03:19.050 [http-nio-8088-exec-10] INFO  com.example.radiusapi.controller.RealmController - GetRealms(8f6acda0-327a-48ea-9075-b3074de09148)
2022-12-01 04:03:19.054 [http-nio-8088-exec-10] INFO  com.example.radiusapi.controller.RealmController - result=Result(success=true, code=20000, message=sucess, data={data=[Realm(id=4dc0f4dd013653d9c7e9e50a8ca82702, node_pid=null, realm=@test), Realm(id=5c327703c4c742389292e2546d9a5733, node_pid=null, realm=@zhaoqing), Realm(id=9a7515ab9cd28b331f71ba5bb96d333c, node_pid=null, realm=@foshan)]})
2022-12-01 04:03:19.077 [http-nio-8088-exec-1] INFO  com.example.radiusapi.controller.AccountInfoController - GetAccountInfo(,@test)
2022-12-01 04:03:19.086 [http-nio-8088-exec-1] INFO  com.example.radiusapi.controller.AccountInfoController - result=Result(success=true, code=20000, message=sucess, data={data=com.baomidou.mybatisplus.extension.plugins.pagination.Page@6a92c32e})
2022-12-01 04:15:59.574 [http-nio-8088-exec-6] INFO  com.example.radiusapi.controller.AccountInfoController - AddAccount(AccountInfo(id=null, UserName=123, realm=@test, UserPassword=12324, AuthMode=0, IsFrozen=false, AdminName=admin, ValidDate=null, ModifyDate=null, ExpireDate=null, SecondRemain=0, ByteRemain=0, SimualUseLimit=1, MaxSessionTimeout=0, InboundCar=0, OutboundCar=0, QosProfile=, UpdateInterval=3600))
2022-12-01 04:15:59.646 [http-nio-8088-exec-6] INFO  com.example.radiusapi.controller.AccountInfoController - result=Result(success=true, code=20000, message=sucess, data={})
2022-12-01 04:15:59.695 [http-nio-8088-exec-5] INFO  com.example.radiusapi.controller.AccountInfoController - GetAccountInfo(,@test)
2022-12-01 04:15:59.708 [http-nio-8088-exec-5] INFO  com.example.radiusapi.controller.AccountInfoController - result=Result(success=true, code=20000, message=sucess, data={data=com.baomidou.mybatisplus.extension.plugins.pagination.Page@1824da58})
2022-12-01 04:21:35.926 [http-nio-8088-exec-7] INFO  com.example.radiusapi.controller.AccountInfoController - AddAccount(AccountInfo(id=null, UserName=abc, realm=@test, UserPassword=abc, AuthMode=0, IsFrozen=false, AdminName=admin, ValidDate=null, ModifyDate=null, ExpireDate=null, SecondRemain=0, ByteRemain=0, SimualUseLimit=0, MaxSessionTimeout=0, InboundCar=0, OutboundCar=0, QosProfile=, UpdateInterval=3600))
2022-12-01 04:21:35.987 [http-nio-8088-exec-7] INFO  com.example.radiusapi.controller.AccountInfoController - result=Result(success=true, code=20000, message=sucess, data={})
2022-12-01 04:21:36.023 [http-nio-8088-exec-9] INFO  com.example.radiusapi.controller.AccountInfoController - GetAccountInfo(,@test)
2022-12-01 04:21:36.036 [http-nio-8088-exec-9] INFO  com.example.radiusapi.controller.AccountInfoController - result=Result(success=true, code=20000, message=sucess, data={data=com.baomidou.mybatisplus.extension.plugins.pagination.Page@64faf8e1})
2022-12-01 05:34:30.165 [http-nio-8088-exec-2] INFO  com.example.radiusapi.controller.AccountInfoController - UpdateAccount(AccountInfo(id=1598049626433089537, UserName=abc, realm=@test, UserPassword=abc, AuthMode=0, IsFrozen=false, AdminName=admin, ValidDate=Thu Dec 01 04:21:36 GMT+08:00 2022, ModifyDate=Thu Dec 01 04:21:36 GMT+08:00 2022, ExpireDate=null, SecondRemain=0, ByteRemain=0, SimualUseLimit=1, MaxSessionTimeout=0, InboundCar=0, OutboundCar=0, QosProfile=, UpdateInterval=3600))
2022-12-01 05:34:30.264 [http-nio-8088-exec-2] INFO  com.example.radiusapi.controller.AccountInfoController - result=Result(success=true, code=20000, message=sucess, data={})
2022-12-01 05:34:30.349 [http-nio-8088-exec-4] INFO  com.example.radiusapi.controller.AccountInfoController - GetAccountInfo(,@test)
2022-12-01 05:34:30.388 [http-nio-8088-exec-4] INFO  com.example.radiusapi.controller.AccountInfoController - result=Result(success=true, code=20000, message=sucess, data={data=com.baomidou.mybatisplus.extension.plugins.pagination.Page@7676ffb1})
2022-12-01 05:35:03.134 [http-nio-8088-exec-6] INFO  com.example.radiusapi.controller.AccountInfoController - UpdateAccount(AccountInfo(id=1598049626433089537, UserName=abc, realm=@test, UserPassword=abc, AuthMode=0, IsFrozen=false, AdminName=admin, ValidDate=Thu Dec 01 04:21:36 GMT+08:00 2022, ModifyDate=Thu Dec 01 05:34:30 GMT+08:00 2022, ExpireDate=null, SecondRemain=0, ByteRemain=0, SimualUseLimit=0, MaxSessionTimeout=0, InboundCar=0, OutboundCar=0, QosProfile=, UpdateInterval=3600))
2022-12-01 05:35:03.145 [http-nio-8088-exec-6] INFO  com.example.radiusapi.controller.AccountInfoController - result=Result(success=true, code=20000, message=sucess, data={})
2022-12-01 05:35:03.167 [http-nio-8088-exec-5] INFO  com.example.radiusapi.controller.AccountInfoController - GetAccountInfo(,@test)
2022-12-01 05:35:03.175 [http-nio-8088-exec-5] INFO  com.example.radiusapi.controller.AccountInfoController - result=Result(success=true, code=20000, message=sucess, data={data=com.baomidou.mybatisplus.extension.plugins.pagination.Page@5084ac66})
2022-12-01 05:35:12.344 [http-nio-8088-exec-8] INFO  com.example.radiusapi.controller.AccountInfoController - UpdateAccount(AccountInfo(id=1598049626433089537, UserName=abc, realm=@test, UserPassword=abc, AuthMode=0, IsFrozen=false, AdminName=admin, ValidDate=Thu Dec 01 04:21:36 GMT+08:00 2022, ModifyDate=Thu Dec 01 05:35:03 GMT+08:00 2022, ExpireDate=null, SecondRemain=0, ByteRemain=0, SimualUseLimit=0, MaxSessionTimeout=0, InboundCar=0, OutboundCar=0, QosProfile=, UpdateInterval=3600))
2022-12-01 05:35:12.353 [http-nio-8088-exec-8] INFO  com.example.radiusapi.controller.AccountInfoController - result=Result(success=true, code=20000, message=sucess, data={})
2022-12-01 05:35:12.376 [http-nio-8088-exec-7] INFO  com.example.radiusapi.controller.AccountInfoController - GetAccountInfo(,@test)
2022-12-01 05:35:12.387 [http-nio-8088-exec-7] INFO  com.example.radiusapi.controller.AccountInfoController - result=Result(success=true, code=20000, message=sucess, data={data=com.baomidou.mybatisplus.extension.plugins.pagination.Page@3c470dda})
2022-12-01 05:35:17.436 [http-nio-8088-exec-9] INFO  com.example.radiusapi.controller.AccountInfoController - UpdateAccount(AccountInfo(id=1598048215758630914, UserName=123, realm=@test, UserPassword=12324, AuthMode=0, IsFrozen=false, AdminName=admin, ValidDate=Thu Dec 01 04:16:00 GMT+08:00 2022, ModifyDate=Thu Dec 01 04:16:00 GMT+08:00 2022, ExpireDate=null, SecondRemain=0, ByteRemain=0, SimualUseLimit=2, MaxSessionTimeout=0, InboundCar=0, OutboundCar=0, QosProfile=, UpdateInterval=3600))
2022-12-01 05:35:17.443 [http-nio-8088-exec-9] INFO  com.example.radiusapi.controller.AccountInfoController - result=Result(success=true, code=20000, message=sucess, data={})
2022-12-01 05:35:17.469 [http-nio-8088-exec-10] INFO  com.example.radiusapi.controller.AccountInfoController - GetAccountInfo(,@test)
2022-12-01 05:35:17.479 [http-nio-8088-exec-10] INFO  com.example.radiusapi.controller.AccountInfoController - result=Result(success=true, code=20000, message=sucess, data={data=com.baomidou.mybatisplus.extension.plugins.pagination.Page@2a141ecc})
2022-12-01 06:51:48.143 [http-nio-8088-exec-3] INFO  com.example.radiusapi.controller.AccountInfoController - UpdateAccount(AccountInfo(id=1598049626433089537, UserName=abc, realm=@test, UserPassword=abc, AuthMode=0, IsFrozen=true, AdminName=admin, ValidDate=Thu Dec 01 04:21:36 GMT+08:00 2022, ModifyDate=Thu Dec 01 05:35:12 GMT+08:00 2022, ExpireDate=null, SecondRemain=0, ByteRemain=0, SimualUseLimit=0, MaxSessionTimeout=0, InboundCar=0, OutboundCar=0, QosProfile=, UpdateInterval=3600))
2022-12-01 06:51:48.193 [http-nio-8088-exec-3] INFO  com.example.radiusapi.controller.AccountInfoController - result=Result(success=true, code=20000, message=sucess, data={})
2022-12-01 06:51:48.240 [http-nio-8088-exec-6] INFO  com.example.radiusapi.controller.AccountInfoController - GetAccountInfo(,@test)
2022-12-01 06:51:48.267 [http-nio-8088-exec-6] INFO  com.example.radiusapi.controller.AccountInfoController - result=Result(success=true, code=20000, message=sucess, data={data=com.baomidou.mybatisplus.extension.plugins.pagination.Page@4c5e6b73})
2022-12-01 06:52:18.201 [http-nio-8088-exec-5] INFO  com.example.radiusapi.controller.AccountInfoController - UpdateAccount(AccountInfo(id=1598049626433089537, UserName=abc, realm=@test, UserPassword=abc, AuthMode=0, IsFrozen=false, AdminName=admin, ValidDate=Thu Dec 01 04:21:36 GMT+08:00 2022, ModifyDate=Thu Dec 01 06:51:48 GMT+08:00 2022, ExpireDate=null, SecondRemain=0, ByteRemain=0, SimualUseLimit=0, MaxSessionTimeout=0, InboundCar=0, OutboundCar=0, QosProfile=, UpdateInterval=3600))
2022-12-01 06:52:18.210 [http-nio-8088-exec-5] INFO  com.example.radiusapi.controller.AccountInfoController - result=Result(success=true, code=20000, message=sucess, data={})
2022-12-01 06:52:18.238 [http-nio-8088-exec-8] INFO  com.example.radiusapi.controller.AccountInfoController - GetAccountInfo(,@test)
2022-12-01 06:52:18.247 [http-nio-8088-exec-8] INFO  com.example.radiusapi.controller.AccountInfoController - result=Result(success=true, code=20000, message=sucess, data={data=com.baomidou.mybatisplus.extension.plugins.pagination.Page@678f5f23})
2022-12-01 06:52:39.792 [http-nio-8088-exec-9] INFO  com.example.radiusapi.controller.AccountInfoController - DeleteAccount(167,@test)
2022-12-01 06:52:39.802 [http-nio-8088-exec-9] INFO  com.example.radiusapi.controller.AccountInfoController - result=Result(success=true, code=20000, message=sucess, data={})
2022-12-01 06:52:39.813 [http-nio-8088-exec-10] INFO  com.example.radiusapi.controller.AccountInfoController - GetAccountInfo(,@test)
2022-12-01 06:52:39.824 [http-nio-8088-exec-10] INFO  com.example.radiusapi.controller.AccountInfoController - result=Result(success=true, code=20000, message=sucess, data={data=com.baomidou.mybatisplus.extension.plugins.pagination.Page@55a4187b})
2022-12-01 06:53:04.786 [http-nio-8088-exec-1] INFO  com.example.radiusapi.controller.AccountInfoController - AddAccount(AccountInfo(id=null, UserName=test001, realm=@test, UserPassword=test001, AuthMode=0, IsFrozen=true, AdminName=admin, ValidDate=null, ModifyDate=null, ExpireDate=null, SecondRemain=0, ByteRemain=0, SimualUseLimit=1, MaxSessionTimeout=0, InboundCar=0, OutboundCar=0, QosProfile=, UpdateInterval=3600))
2022-12-01 06:53:04.792 [http-nio-8088-exec-1] INFO  com.example.radiusapi.controller.AccountInfoController - result=Result(success=true, code=20000, message=sucess, data={})
2022-12-01 06:53:04.826 [http-nio-8088-exec-2] INFO  com.example.radiusapi.controller.AccountInfoController - GetAccountInfo(,@test)
2022-12-01 06:53:04.837 [http-nio-8088-exec-2] INFO  com.example.radiusapi.controller.AccountInfoController - result=Result(success=true, code=20000, message=sucess, data={data=com.baomidou.mybatisplus.extension.plugins.pagination.Page@1a727ce})
2022-12-01 06:54:04.917 [http-nio-8088-exec-3] INFO  com.example.radiusapi.controller.AccountInfoController - UpdateAccount(AccountInfo(id=1598087747862360065, UserName=test001, realm=@test, UserPassword=test001, AuthMode=0, IsFrozen=false, AdminName=admin, ValidDate=Thu Dec 01 06:53:05 GMT+08:00 2022, ModifyDate=Thu Dec 01 06:53:05 GMT+08:00 2022, ExpireDate=null, SecondRemain=0, ByteRemain=0, SimualUseLimit=1, MaxSessionTimeout=0, InboundCar=0, OutboundCar=0, QosProfile=, UpdateInterval=3600))
2022-12-01 06:54:04.926 [http-nio-8088-exec-3] INFO  com.example.radiusapi.controller.AccountInfoController - result=Result(success=true, code=20000, message=sucess, data={})
2022-12-01 06:54:04.953 [http-nio-8088-exec-4] INFO  com.example.radiusapi.controller.AccountInfoController - GetAccountInfo(,@test)
2022-12-01 06:54:04.963 [http-nio-8088-exec-4] INFO  com.example.radiusapi.controller.AccountInfoController - result=Result(success=true, code=20000, message=sucess, data={data=com.baomidou.mybatisplus.extension.plugins.pagination.Page@74f5aa3c})
2022-12-01 10:09:23.368 [http-nio-8088-exec-8] INFO  com.example.radiusapi.controller.AccountInfoController - DeleteAccount(test,@test)
2022-12-01 10:09:23.481 [http-nio-8088-exec-8] INFO  com.example.radiusapi.controller.AccountInfoController - result=Result(success=true, code=20000, message=sucess, data={})
2022-12-01 10:09:23.501 [http-nio-8088-exec-9] INFO  com.example.radiusapi.controller.AccountInfoController - GetAccountInfo(,@test)
2022-12-01 10:09:23.528 [http-nio-8088-exec-9] INFO  com.example.radiusapi.controller.AccountInfoController - result=Result(success=true, code=20000, message=sucess, data={data=com.baomidou.mybatisplus.extension.plugins.pagination.Page@17226d37})
2022-12-01 10:09:26.202 [http-nio-8088-exec-1] INFO  com.example.radiusapi.controller.AccountInfoController - DeleteAccount(123,@test)
2022-12-01 10:09:26.211 [http-nio-8088-exec-1] INFO  com.example.radiusapi.controller.AccountInfoController - result=Result(success=true, code=20000, message=sucess, data={})
2022-12-01 10:09:26.221 [http-nio-8088-exec-2] INFO  com.example.radiusapi.controller.AccountInfoController - GetAccountInfo(,@test)
2022-12-01 10:09:26.227 [http-nio-8088-exec-2] INFO  com.example.radiusapi.controller.AccountInfoController - result=Result(success=true, code=20000, message=sucess, data={data=com.baomidou.mybatisplus.extension.plugins.pagination.Page@49888121})
2022-12-01 10:09:27.872 [http-nio-8088-exec-4] INFO  com.example.radiusapi.controller.AccountInfoController - DeleteAccount(abc,@test)
2022-12-01 10:09:27.880 [http-nio-8088-exec-4] INFO  com.example.radiusapi.controller.AccountInfoController - result=Result(success=true, code=20000, message=sucess, data={})
2022-12-01 10:09:27.888 [http-nio-8088-exec-6] INFO  com.example.radiusapi.controller.AccountInfoController - GetAccountInfo(,@test)
2022-12-01 10:09:27.898 [http-nio-8088-exec-6] INFO  com.example.radiusapi.controller.AccountInfoController - result=Result(success=true, code=20000, message=sucess, data={data=com.baomidou.mybatisplus.extension.plugins.pagination.Page@33fd6043})
2022-12-01 10:09:30.873 [http-nio-8088-exec-8] INFO  com.example.radiusapi.controller.AccountInfoController - DeleteAccount(test001,@test)
2022-12-01 10:09:30.881 [http-nio-8088-exec-8] INFO  com.example.radiusapi.controller.AccountInfoController - result=Result(success=true, code=20000, message=sucess, data={})
2022-12-01 10:09:30.891 [http-nio-8088-exec-7] INFO  com.example.radiusapi.controller.AccountInfoController - GetAccountInfo(,@test)
2022-12-01 10:09:30.896 [http-nio-8088-exec-7] INFO  com.example.radiusapi.controller.AccountInfoController - result=Result(success=true, code=20000, message=sucess, data={data=com.baomidou.mybatisplus.extension.plugins.pagination.Page@53dc44c1})
2022-12-01 10:09:48.473 [http-nio-8088-exec-10] INFO  com.example.radiusapi.controller.AccountInfoController - GetAccountInfo(,@zhaoqing)
2022-12-01 10:09:48.479 [http-nio-8088-exec-10] INFO  com.example.radiusapi.controller.AccountInfoController - result=Result(success=true, code=20000, message=sucess, data={data=com.baomidou.mybatisplus.extension.plugins.pagination.Page@d4262b3})
2022-12-01 10:09:50.623 [http-nio-8088-exec-2] INFO  com.example.radiusapi.controller.AccountInfoController - GetAccountInfo(,@foshan)
2022-12-01 10:09:50.629 [http-nio-8088-exec-2] INFO  com.example.radiusapi.controller.AccountInfoController - result=Result(success=true, code=20000, message=sucess, data={data=com.baomidou.mybatisplus.extension.plugins.pagination.Page@2ee7c2b4})
2022-12-01 10:09:52.840 [http-nio-8088-exec-3] INFO  com.example.radiusapi.controller.AccountInfoController - GetAccountInfo(,@test)
2022-12-01 10:09:52.844 [http-nio-8088-exec-3] INFO  com.example.radiusapi.controller.AccountInfoController - result=Result(success=true, code=20000, message=sucess, data={data=com.baomidou.mybatisplus.extension.plugins.pagination.Page@52268996})
2022-12-01 10:10:19.999 [http-nio-8088-exec-6] INFO  com.example.radiusapi.controller.AccountInfoController - AddAccount(AccountInfo(id=null, UserName=test, realm=@test, UserPassword=test, AuthMode=0, IsFrozen=false, AdminName=admin, ValidDate=null, ModifyDate=null, ExpireDate=null, SecondRemain=0, ByteRemain=0, SimualUseLimit=1, MaxSessionTimeout=0, InboundCar=0, OutboundCar=0, QosProfile=, UpdateInterval=3600))
2022-12-01 10:10:20.006 [http-nio-8088-exec-6] INFO  com.example.radiusapi.controller.AccountInfoController - result=Result(success=true, code=20000, message=sucess, data={})
2022-12-01 10:10:20.053 [http-nio-8088-exec-5] INFO  com.example.radiusapi.controller.AccountInfoController - GetAccountInfo(,@test)
2022-12-01 10:10:20.064 [http-nio-8088-exec-5] INFO  com.example.radiusapi.controller.AccountInfoController - result=Result(success=true, code=20000, message=sucess, data={data=com.baomidou.mybatisplus.extension.plugins.pagination.Page@6bf980a9})
2022-12-01 19:02:06.186 [http-nio-8088-exec-6] INFO  com.example.radiusapi.controller.AdminController - logout()
2022-12-01 19:02:06.187 [http-nio-8088-exec-6] INFO  com.example.radiusapi.controller.AdminController - 
2022-12-01 19:02:07.285 [http-nio-8088-exec-8] INFO  com.example.radiusapi.controller.AdminController - login({username=admin, password=123456})
2022-12-01 19:02:07.314 [http-nio-8088-exec-8] INFO  com.example.radiusapi.controller.AdminController - result=Result(success=true, code=20000, message=sucess, data={token=eyJ0eXAiOiJKV1QiLCJhbGciOiJIUzI1NiJ9.eyJ1c2VyQWNjb3VudCI6ImFkbWluIiwiaXNzIjoiYXV0aDAiLCJleHAiOjE2Njk5Mjg1Mjd9.EfedweBx_Xji3TP-QSrRBp2vX5CyYE8YVDWlE8jIP5o})
2022-12-01 19:02:07.329 [http-nio-8088-exec-9] INFO  com.example.radiusapi.controller.AdminController - info(eyJ0eXAiOiJKV1QiLCJhbGciOiJIUzI1NiJ9.eyJ1c2VyQWNjb3VudCI6ImFkbWluIiwiaXNzIjoiYXV0aDAiLCJleHAiOjE2Njk5Mjg1Mjd9.EfedweBx_Xji3TP-QSrRBp2vX5CyYE8YVDWlE8jIP5o)
2022-12-01 19:02:07.335 [http-nio-8088-exec-9] INFO  com.example.radiusapi.controller.AdminController - Result=Result(success=true, code=20000, message=sucess, data={roles=admin, name=admin, avatar=, nodeid=81034dad-ccc5-4bb9-8020-9424bc5b0eac, introduction=superUser})
2022-12-01 19:02:07.420 [http-nio-8088-exec-1] INFO  com.example.radiusapi.controller.SidebarTreeController - GetTreeNodeList(81034dad-ccc5-4bb9-8020-9424bc5b0eac)
2022-12-01 19:02:07.425 [http-nio-8088-exec-1] INFO  com.example.radiusapi.controller.SidebarTreeController - result=Result(success=true, code=20000, message=sucess, data={data=[SidebarTree(id=9580ce07-0c5c-44b7-a46d-239c57dbd19c, label=1-1, type=1, owner=admin, pid=81034dad-ccc5-4bb9-8020-9424bc5b0eac), SidebarTree(id=8f6acda0-327a-48ea-9075-b3074de09148, label=new item, type=0, owner=admin, pid=9580ce07-0c5c-44b7-a46d-239c57dbd19c), SidebarTree(id=18ecbf5f-b215-4752-b6e0-8b3aa5f98346, label=上网记录, type=5, owner=null, pid=8f6acda0-327a-48ea-9075-b3074de09148), SidebarTree(id=662b9383-7e7e-407c-9714-7143254e11d3, label=上网账号, type=4, owner=null, pid=8f6acda0-327a-48ea-9075-b3074de09148), SidebarTree(id=77fa6fa0-0408-4c22-b36f-b2f5aee9963c, label=短信群发, type=6, owner=null, pid=8f6acda0-327a-48ea-9075-b3074de09148), SidebarTree(id=806ec437-c5b8-44ec-9705-62d77f5277b2, label=页面设置, type=7, owner=null, pid=8f6acda0-327a-48ea-9075-b3074de09148), SidebarTree(id=d2a90767-387e-4438-9bfb-7d0d81e3e3da, label=设备对接, type=3, owner=null, pid=8f6acda0-327a-48ea-9075-b3074de09148), SidebarTree(id=9b436ab9-5fbf-489a-b48f-012e0696303f, label=new item, type=0, owner=admin, pid=9580ce07-0c5c-44b7-a46d-239c57dbd19c), SidebarTree(id=24800ed0-166f-4056-bdd6-d8081a6db339, label=设备对接, type=3, owner=null, pid=9b436ab9-5fbf-489a-b48f-012e0696303f), SidebarTree(id=55e5660d-d87b-49a6-be1a-f7bb657d6b47, label=短信群发, type=6, owner=null, pid=9b436ab9-5fbf-489a-b48f-012e0696303f), SidebarTree(id=b9dc22f8-c745-489d-96ff-6fa73d0bb88c, label=上网账号, type=4, owner=null, pid=9b436ab9-5fbf-489a-b48f-012e0696303f), SidebarTree(id=c405ac6d-ef73-401a-a1a9-1d702eef6804, label=页面设置, type=7, owner=null, pid=9b436ab9-5fbf-489a-b48f-012e0696303f), SidebarTree(id=e75af9e9-8e55-4ff8-9429-af51363ca96b, label=上网记录, type=5, owner=null, pid=9b436ab9-5fbf-489a-b48f-012e0696303f), SidebarTree(id=ab643534-641d-4762-88dc-1bf430cdec60, label=new folder, type=1, owner=admin, pid=9580ce07-0c5c-44b7-a46d-239c57dbd19c), SidebarTree(id=133f38a2-3560-4927-afb6-c69f768892ae, label=new folder, type=1, owner=admin, pid=ab643534-641d-4762-88dc-1bf430cdec60), SidebarTree(id=81034dad-ccc5-4bb9-8020-9424bc5b0eac, label=根节点, type=1, owner=admin, pid=81034dad-ccc5-4bb9-8020-9424bc5bccc)]})
2022-12-01 19:02:09.569 [http-nio-8088-exec-2] INFO  com.example.radiusapi.controller.RealmController - GetRealms(8f6acda0-327a-48ea-9075-b3074de09148)
2022-12-01 19:02:09.572 [http-nio-8088-exec-2] INFO  com.example.radiusapi.controller.RealmController - result=Result(success=true, code=20000, message=sucess, data={data=[Realm(id=4dc0f4dd013653d9c7e9e50a8ca82702, node_pid=null, realm=@test), Realm(id=5c327703c4c742389292e2546d9a5733, node_pid=null, realm=@zhaoqing), Realm(id=9a7515ab9cd28b331f71ba5bb96d333c, node_pid=null, realm=@foshan)]})
2022-12-01 19:02:09.588 [http-nio-8088-exec-4] INFO  com.example.radiusapi.controller.AccountInfoController - GetAccountInfo(,@test)
2022-12-01 19:02:09.599 [http-nio-8088-exec-4] INFO  com.example.radiusapi.controller.AccountInfoController - result=Result(success=true, code=20000, message=sucess, data={data=com.baomidou.mybatisplus.extension.plugins.pagination.Page@2120452f})
2022-12-01 19:02:12.544 [http-nio-8088-exec-5] INFO  com.example.radiusapi.controller.AccountInfoController - GetAccountInfo(,@zhaoqing)
2022-12-01 19:02:12.549 [http-nio-8088-exec-5] INFO  com.example.radiusapi.controller.AccountInfoController - result=Result(success=true, code=20000, message=sucess, data={data=com.baomidou.mybatisplus.extension.plugins.pagination.Page@d62d9df})
2022-12-01 19:02:14.378 [http-nio-8088-exec-7] INFO  com.example.radiusapi.controller.AccountInfoController - GetAccountInfo(,@foshan)
2022-12-01 19:02:14.384 [http-nio-8088-exec-7] INFO  com.example.radiusapi.controller.AccountInfoController - result=Result(success=true, code=20000, message=sucess, data={data=com.baomidou.mybatisplus.extension.plugins.pagination.Page@e56be28})
2022-12-01 19:02:16.150 [http-nio-8088-exec-9] INFO  com.example.radiusapi.controller.AccountInfoController - GetAccountInfo(,@test)
2022-12-01 19:02:16.157 [http-nio-8088-exec-9] INFO  com.example.radiusapi.controller.AccountInfoController - result=Result(success=true, code=20000, message=sucess, data={data=com.baomidou.mybatisplus.extension.plugins.pagination.Page@367a4945})
2022-12-01 19:17:29.386 [http-nio-8088-exec-1] INFO  com.example.radiusapi.controller.RealmController - GetRealms(8f6acda0-327a-48ea-9075-b3074de09148)
2022-12-01 19:17:29.396 [http-nio-8088-exec-1] INFO  com.example.radiusapi.controller.RealmController - result=Result(success=true, code=20000, message=sucess, data={data=[Realm(id=4dc0f4dd013653d9c7e9e50a8ca82702, node_pid=null, realm=@test), Realm(id=5c327703c4c742389292e2546d9a5733, node_pid=null, realm=@zhaoqing), Realm(id=9a7515ab9cd28b331f71ba5bb96d333c, node_pid=null, realm=@foshan)]})
2022-12-01 19:17:29.433 [http-nio-8088-exec-2] INFO  com.example.radiusapi.controller.AccountInfoController - GetAccountInfo(,@test)
2022-12-01 19:17:29.446 [http-nio-8088-exec-2] INFO  com.example.radiusapi.controller.AccountInfoController - result=Result(success=true, code=20000, message=sucess, data={data=com.baomidou.mybatisplus.extension.plugins.pagination.Page@155618d})
2022-12-01 19:17:37.993 [http-nio-8088-exec-3] INFO  com.example.radiusapi.controller.AdminController - info(eyJ0eXAiOiJKV1QiLCJhbGciOiJIUzI1NiJ9.eyJ1c2VyQWNjb3VudCI6ImFkbWluIiwiaXNzIjoiYXV0aDAiLCJleHAiOjE2Njk5Mjg1Mjd9.EfedweBx_Xji3TP-QSrRBp2vX5CyYE8YVDWlE8jIP5o)
2022-12-01 19:17:37.999 [http-nio-8088-exec-3] INFO  com.example.radiusapi.controller.AdminController - Result=Result(success=true, code=20000, message=sucess, data={roles=admin, name=admin, avatar=, nodeid=81034dad-ccc5-4bb9-8020-9424bc5b0eac, introduction=superUser})
2022-12-01 19:17:38.192 [http-nio-8088-exec-4] INFO  com.example.radiusapi.controller.SidebarTreeController - GetTreeNodeList(81034dad-ccc5-4bb9-8020-9424bc5b0eac)
2022-12-01 19:17:38.204 [http-nio-8088-exec-4] INFO  com.example.radiusapi.controller.SidebarTreeController - result=Result(success=true, code=20000, message=sucess, data={data=[SidebarTree(id=9580ce07-0c5c-44b7-a46d-239c57dbd19c, label=1-1, type=1, owner=admin, pid=81034dad-ccc5-4bb9-8020-9424bc5b0eac), SidebarTree(id=8f6acda0-327a-48ea-9075-b3074de09148, label=new item, type=0, owner=admin, pid=9580ce07-0c5c-44b7-a46d-239c57dbd19c), SidebarTree(id=18ecbf5f-b215-4752-b6e0-8b3aa5f98346, label=上网记录, type=5, owner=null, pid=8f6acda0-327a-48ea-9075-b3074de09148), SidebarTree(id=662b9383-7e7e-407c-9714-7143254e11d3, label=上网账号, type=4, owner=null, pid=8f6acda0-327a-48ea-9075-b3074de09148), SidebarTree(id=77fa6fa0-0408-4c22-b36f-b2f5aee9963c, label=短信群发, type=6, owner=null, pid=8f6acda0-327a-48ea-9075-b3074de09148), SidebarTree(id=806ec437-c5b8-44ec-9705-62d77f5277b2, label=页面设置, type=7, owner=null, pid=8f6acda0-327a-48ea-9075-b3074de09148), SidebarTree(id=d2a90767-387e-4438-9bfb-7d0d81e3e3da, label=设备对接, type=3, owner=null, pid=8f6acda0-327a-48ea-9075-b3074de09148), SidebarTree(id=9b436ab9-5fbf-489a-b48f-012e0696303f, label=new item, type=0, owner=admin, pid=9580ce07-0c5c-44b7-a46d-239c57dbd19c), SidebarTree(id=24800ed0-166f-4056-bdd6-d8081a6db339, label=设备对接, type=3, owner=null, pid=9b436ab9-5fbf-489a-b48f-012e0696303f), SidebarTree(id=55e5660d-d87b-49a6-be1a-f7bb657d6b47, label=短信群发, type=6, owner=null, pid=9b436ab9-5fbf-489a-b48f-012e0696303f), SidebarTree(id=b9dc22f8-c745-489d-96ff-6fa73d0bb88c, label=上网账号, type=4, owner=null, pid=9b436ab9-5fbf-489a-b48f-012e0696303f), SidebarTree(id=c405ac6d-ef73-401a-a1a9-1d702eef6804, label=页面设置, type=7, owner=null, pid=9b436ab9-5fbf-489a-b48f-012e0696303f), SidebarTree(id=e75af9e9-8e55-4ff8-9429-af51363ca96b, label=上网记录, type=5, owner=null, pid=9b436ab9-5fbf-489a-b48f-012e0696303f), SidebarTree(id=ab643534-641d-4762-88dc-1bf430cdec60, label=new folder, type=1, owner=admin, pid=9580ce07-0c5c-44b7-a46d-239c57dbd19c), SidebarTree(id=133f38a2-3560-4927-afb6-c69f768892ae, label=new folder, type=1, owner=admin, pid=ab643534-641d-4762-88dc-1bf430cdec60), SidebarTree(id=81034dad-ccc5-4bb9-8020-9424bc5b0eac, label=根节点, type=1, owner=admin, pid=81034dad-ccc5-4bb9-8020-9424bc5bccc)]})
2022-12-01 19:17:41.767 [http-nio-8088-exec-6] INFO  com.example.radiusapi.controller.RealmController - GetRealms(8f6acda0-327a-48ea-9075-b3074de09148)
2022-12-01 19:17:41.770 [http-nio-8088-exec-6] INFO  com.example.radiusapi.controller.RealmController - result=Result(success=true, code=20000, message=sucess, data={data=[Realm(id=4dc0f4dd013653d9c7e9e50a8ca82702, node_pid=null, realm=@test), Realm(id=5c327703c4c742389292e2546d9a5733, node_pid=null, realm=@zhaoqing), Realm(id=9a7515ab9cd28b331f71ba5bb96d333c, node_pid=null, realm=@foshan)]})
2022-12-01 19:17:41.790 [http-nio-8088-exec-5] INFO  com.example.radiusapi.controller.AccountInfoController - GetAccountInfo(,@test)
2022-12-01 19:17:41.797 [http-nio-8088-exec-5] INFO  com.example.radiusapi.controller.AccountInfoController - result=Result(success=true, code=20000, message=sucess, data={data=com.baomidou.mybatisplus.extension.plugins.pagination.Page@1ab2107c})
2022-12-01 22:16:51.448 [http-nio-8088-exec-9] INFO  com.example.radiusapi.controller.RealmController - GetRealms(8f6acda0-327a-48ea-9075-b3074de09148)
2022-12-01 22:16:51.485 [http-nio-8088-exec-9] INFO  com.example.radiusapi.controller.RealmController - result=Result(success=true, code=20000, message=sucess, data={data=[Realm(id=4dc0f4dd013653d9c7e9e50a8ca82702, node_pid=null, realm=@test), Realm(id=5c327703c4c742389292e2546d9a5733, node_pid=null, realm=@zhaoqing), Realm(id=9a7515ab9cd28b331f71ba5bb96d333c, node_pid=null, realm=@foshan)]})
2022-12-01 22:16:51.509 [http-nio-8088-exec-1] INFO  com.example.radiusapi.controller.OnlineUserController - GetOnlineUser(,@test)
2022-12-01 22:16:51.519 [http-nio-8088-exec-1] INFO  com.example.radiusapi.controller.OnlineUserController - result=Result(success=true, code=20000, message=sucess, data={data=com.baomidou.mybatisplus.extension.plugins.pagination.Page@74520d46})
2022-12-01 22:16:52.277 [http-nio-8088-exec-2] INFO  com.example.radiusapi.controller.RealmController - GetRealms(8f6acda0-327a-48ea-9075-b3074de09148)
2022-12-01 22:16:52.280 [http-nio-8088-exec-2] INFO  com.example.radiusapi.controller.RealmController - result=Result(success=true, code=20000, message=sucess, data={data=[Realm(id=4dc0f4dd013653d9c7e9e50a8ca82702, node_pid=null, realm=@test), Realm(id=5c327703c4c742389292e2546d9a5733, node_pid=null, realm=@zhaoqing), Realm(id=9a7515ab9cd28b331f71ba5bb96d333c, node_pid=null, realm=@foshan)]})
2022-12-01 22:16:52.302 [http-nio-8088-exec-4] INFO  com.example.radiusapi.controller.AccountInfoController - GetAccountInfo(,@test)
2022-12-01 22:16:52.310 [http-nio-8088-exec-4] INFO  com.example.radiusapi.controller.AccountInfoController - result=Result(success=true, code=20000, message=sucess, data={data=com.baomidou.mybatisplus.extension.plugins.pagination.Page@65d80527})
2022-12-01 22:16:52.950 [http-nio-8088-exec-6] INFO  com.example.radiusapi.controller.RealmController - GetRealms(8f6acda0-327a-48ea-9075-b3074de09148)
2022-12-01 22:16:52.953 [http-nio-8088-exec-6] INFO  com.example.radiusapi.controller.RealmController - result=Result(success=true, code=20000, message=sucess, data={data=[Realm(id=4dc0f4dd013653d9c7e9e50a8ca82702, node_pid=null, realm=@test), Realm(id=5c327703c4c742389292e2546d9a5733, node_pid=null, realm=@zhaoqing), Realm(id=9a7515ab9cd28b331f71ba5bb96d333c, node_pid=null, realm=@foshan)]})
2022-12-01 22:16:52.977 [http-nio-8088-exec-5] INFO  com.example.radiusapi.controller.OnlineUserController - GetOnlineUser(,@test)
2022-12-01 22:16:52.985 [http-nio-8088-exec-5] INFO  com.example.radiusapi.controller.OnlineUserController - result=Result(success=true, code=20000, message=sucess, data={data=com.baomidou.mybatisplus.extension.plugins.pagination.Page@306e8b66})
2022-12-01 22:16:59.864 [http-nio-8088-exec-8] INFO  com.example.radiusapi.controller.RealmController - GetRealms(8f6acda0-327a-48ea-9075-b3074de09148)
2022-12-01 22:16:59.868 [http-nio-8088-exec-8] INFO  com.example.radiusapi.controller.RealmController - result=Result(success=true, code=20000, message=sucess, data={data=[Realm(id=4dc0f4dd013653d9c7e9e50a8ca82702, node_pid=null, realm=@test), Realm(id=5c327703c4c742389292e2546d9a5733, node_pid=null, realm=@zhaoqing), Realm(id=9a7515ab9cd28b331f71ba5bb96d333c, node_pid=null, realm=@foshan)]})
2022-12-01 22:16:59.883 [http-nio-8088-exec-7] INFO  com.example.radiusapi.controller.AccountInfoController - GetAccountInfo(,@test)
2022-12-01 22:16:59.890 [http-nio-8088-exec-7] INFO  com.example.radiusapi.controller.AccountInfoController - result=Result(success=true, code=20000, message=sucess, data={data=com.baomidou.mybatisplus.extension.plugins.pagination.Page@3a19e85d})
2022-12-01 22:21:11.272 [http-nio-8088-exec-10] INFO  com.example.radiusapi.controller.RealmController - GetRealms(8f6acda0-327a-48ea-9075-b3074de09148)
2022-12-01 22:21:11.280 [http-nio-8088-exec-10] INFO  com.example.radiusapi.controller.RealmController - result=Result(success=true, code=20000, message=sucess, data={data=[Realm(id=4dc0f4dd013653d9c7e9e50a8ca82702, node_pid=null, realm=@test), Realm(id=5c327703c4c742389292e2546d9a5733, node_pid=null, realm=@zhaoqing), Realm(id=9a7515ab9cd28b331f71ba5bb96d333c, node_pid=null, realm=@foshan)]})
2022-12-01 22:21:11.307 [http-nio-8088-exec-1] INFO  com.example.radiusapi.controller.OnlineUserController - GetOnlineUser(,@test)
2022-12-01 22:21:11.314 [http-nio-8088-exec-1] INFO  com.example.radiusapi.controller.OnlineUserController - result=Result(success=true, code=20000, message=sucess, data={data=com.baomidou.mybatisplus.extension.plugins.pagination.Page@717ab258})
2022-12-01 22:21:13.176 [http-nio-8088-exec-2] INFO  com.example.radiusapi.controller.RealmController - GetRealms(8f6acda0-327a-48ea-9075-b3074de09148)
2022-12-01 22:21:13.178 [http-nio-8088-exec-2] INFO  com.example.radiusapi.controller.RealmController - result=Result(success=true, code=20000, message=sucess, data={data=[Realm(id=4dc0f4dd013653d9c7e9e50a8ca82702, node_pid=null, realm=@test), Realm(id=5c327703c4c742389292e2546d9a5733, node_pid=null, realm=@zhaoqing), Realm(id=9a7515ab9cd28b331f71ba5bb96d333c, node_pid=null, realm=@foshan)]})
2022-12-01 22:21:13.192 [http-nio-8088-exec-3] INFO  com.example.radiusapi.controller.AccountInfoController - GetAccountInfo(,@test)
2022-12-01 22:21:13.197 [http-nio-8088-exec-3] INFO  com.example.radiusapi.controller.AccountInfoController - result=Result(success=true, code=20000, message=sucess, data={data=com.baomidou.mybatisplus.extension.plugins.pagination.Page@4d9ab394})
2022-12-01 22:21:30.739 [http-nio-8088-exec-4] INFO  com.example.radiusapi.controller.RealmController - GetRealms(8f6acda0-327a-48ea-9075-b3074de09148)
2022-12-01 22:21:30.742 [http-nio-8088-exec-4] INFO  com.example.radiusapi.controller.RealmController - result=Result(success=true, code=20000, message=sucess, data={data=[Realm(id=4dc0f4dd013653d9c7e9e50a8ca82702, node_pid=null, realm=@test), Realm(id=5c327703c4c742389292e2546d9a5733, node_pid=null, realm=@zhaoqing), Realm(id=9a7515ab9cd28b331f71ba5bb96d333c, node_pid=null, realm=@foshan)]})
2022-12-01 22:21:30.755 [http-nio-8088-exec-6] INFO  com.example.radiusapi.controller.AccountInfoController - GetAccountInfo(,@test)
2022-12-01 22:21:30.760 [http-nio-8088-exec-6] INFO  com.example.radiusapi.controller.AccountInfoController - result=Result(success=true, code=20000, message=sucess, data={data=com.baomidou.mybatisplus.extension.plugins.pagination.Page@28be32ec})
2022-12-01 22:21:32.565 [http-nio-8088-exec-5] INFO  com.example.radiusapi.controller.RealmController - GetRealms(8f6acda0-327a-48ea-9075-b3074de09148)
2022-12-01 22:21:32.568 [http-nio-8088-exec-5] INFO  com.example.radiusapi.controller.RealmController - result=Result(success=true, code=20000, message=sucess, data={data=[Realm(id=4dc0f4dd013653d9c7e9e50a8ca82702, node_pid=null, realm=@test), Realm(id=5c327703c4c742389292e2546d9a5733, node_pid=null, realm=@zhaoqing), Realm(id=9a7515ab9cd28b331f71ba5bb96d333c, node_pid=null, realm=@foshan)]})
2022-12-01 22:21:32.584 [http-nio-8088-exec-8] INFO  com.example.radiusapi.controller.OnlineUserController - GetOnlineUser(,@test)
2022-12-01 22:21:32.589 [http-nio-8088-exec-8] INFO  com.example.radiusapi.controller.OnlineUserController - result=Result(success=true, code=20000, message=sucess, data={data=com.baomidou.mybatisplus.extension.plugins.pagination.Page@3808d3e9})
2022-12-01 22:21:35.297 [http-nio-8088-exec-7] INFO  com.example.radiusapi.controller.RealmController - GetRealms(8f6acda0-327a-48ea-9075-b3074de09148)
2022-12-01 22:21:35.300 [http-nio-8088-exec-7] INFO  com.example.radiusapi.controller.RealmController - result=Result(success=true, code=20000, message=sucess, data={data=[Realm(id=4dc0f4dd013653d9c7e9e50a8ca82702, node_pid=null, realm=@test), Realm(id=5c327703c4c742389292e2546d9a5733, node_pid=null, realm=@zhaoqing), Realm(id=9a7515ab9cd28b331f71ba5bb96d333c, node_pid=null, realm=@foshan)]})
2022-12-01 22:21:35.315 [http-nio-8088-exec-9] INFO  com.example.radiusapi.controller.AccountInfoController - GetAccountInfo(,@test)
2022-12-01 22:21:35.321 [http-nio-8088-exec-9] INFO  com.example.radiusapi.controller.AccountInfoController - result=Result(success=true, code=20000, message=sucess, data={data=com.baomidou.mybatisplus.extension.plugins.pagination.Page@53f4eb4})
2022-12-01 22:27:47.257 [http-nio-8088-exec-1] INFO  com.example.radiusapi.controller.RealmController - GetRealms(8f6acda0-327a-48ea-9075-b3074de09148)
2022-12-01 22:27:47.263 [http-nio-8088-exec-1] INFO  com.example.radiusapi.controller.RealmController - result=Result(success=true, code=20000, message=sucess, data={data=[Realm(id=4dc0f4dd013653d9c7e9e50a8ca82702, node_pid=null, realm=@test), Realm(id=5c327703c4c742389292e2546d9a5733, node_pid=null, realm=@zhaoqing), Realm(id=9a7515ab9cd28b331f71ba5bb96d333c, node_pid=null, realm=@foshan)]})
2022-12-01 22:27:47.287 [http-nio-8088-exec-2] INFO  com.example.radiusapi.controller.OnlineUserController - GetOnlineUser(,@test)
2022-12-01 22:27:47.297 [http-nio-8088-exec-2] INFO  com.example.radiusapi.controller.OnlineUserController - result=Result(success=true, code=20000, message=sucess, data={data=com.baomidou.mybatisplus.extension.plugins.pagination.Page@510a0889})
2022-12-01 22:28:02.239 [http-nio-8088-exec-3] INFO  com.example.radiusapi.controller.RealmController - GetRealms(8f6acda0-327a-48ea-9075-b3074de09148)
2022-12-01 22:28:02.244 [http-nio-8088-exec-3] INFO  com.example.radiusapi.controller.RealmController - result=Result(success=true, code=20000, message=sucess, data={data=[Realm(id=4dc0f4dd013653d9c7e9e50a8ca82702, node_pid=null, realm=@test), Realm(id=5c327703c4c742389292e2546d9a5733, node_pid=null, realm=@zhaoqing), Realm(id=9a7515ab9cd28b331f71ba5bb96d333c, node_pid=null, realm=@foshan)]})
2022-12-01 22:28:02.258 [http-nio-8088-exec-4] INFO  com.example.radiusapi.controller.AccountInfoController - GetAccountInfo(,@test)
2022-12-01 22:28:02.263 [http-nio-8088-exec-4] INFO  com.example.radiusapi.controller.AccountInfoController - result=Result(success=true, code=20000, message=sucess, data={data=com.baomidou.mybatisplus.extension.plugins.pagination.Page@6c981461})
2022-12-01 22:34:37.591 [http-nio-8088-exec-5] INFO  com.example.radiusapi.controller.RealmController - GetRealms(8f6acda0-327a-48ea-9075-b3074de09148)
2022-12-01 22:34:37.595 [http-nio-8088-exec-5] INFO  com.example.radiusapi.controller.RealmController - result=Result(success=true, code=20000, message=sucess, data={data=[Realm(id=4dc0f4dd013653d9c7e9e50a8ca82702, node_pid=null, realm=@test), Realm(id=5c327703c4c742389292e2546d9a5733, node_pid=null, realm=@zhaoqing), Realm(id=9a7515ab9cd28b331f71ba5bb96d333c, node_pid=null, realm=@foshan)]})
2022-12-01 22:34:37.610 [http-nio-8088-exec-8] INFO  com.example.radiusapi.controller.AccountInfoController - GetAccountInfo(,@test)
2022-12-01 22:34:37.615 [http-nio-8088-exec-8] INFO  com.example.radiusapi.controller.AccountInfoController - result=Result(success=true, code=20000, message=sucess, data={data=com.baomidou.mybatisplus.extension.plugins.pagination.Page@2f1d9ae3})
2022-12-01 22:41:47.708 [http-nio-8088-exec-9] INFO  com.example.radiusapi.controller.RealmController - GetRealms(8f6acda0-327a-48ea-9075-b3074de09148)
2022-12-01 22:41:47.714 [http-nio-8088-exec-9] INFO  com.example.radiusapi.controller.RealmController - result=Result(success=true, code=20000, message=sucess, data={data=[Realm(id=4dc0f4dd013653d9c7e9e50a8ca82702, node_pid=null, realm=@test), Realm(id=5c327703c4c742389292e2546d9a5733, node_pid=null, realm=@zhaoqing), Realm(id=9a7515ab9cd28b331f71ba5bb96d333c, node_pid=null, realm=@foshan)]})
2022-12-01 22:41:47.741 [http-nio-8088-exec-10] INFO  com.example.radiusapi.controller.AccountInfoController - GetAccountInfo(,@test)
2022-12-01 22:41:47.751 [http-nio-8088-exec-10] INFO  com.example.radiusapi.controller.AccountInfoController - result=Result(success=true, code=20000, message=sucess, data={data=com.baomidou.mybatisplus.extension.plugins.pagination.Page@752507db})
2022-12-01 22:42:02.227 [http-nio-8088-exec-2] INFO  com.example.radiusapi.controller.AdminController - info(eyJ0eXAiOiJKV1QiLCJhbGciOiJIUzI1NiJ9.eyJ1c2VyQWNjb3VudCI6ImFkbWluIiwiaXNzIjoiYXV0aDAiLCJleHAiOjE2Njk5Mjg1Mjd9.EfedweBx_Xji3TP-QSrRBp2vX5CyYE8YVDWlE8jIP5o)
2022-12-01 22:42:02.233 [http-nio-8088-exec-2] INFO  com.example.radiusapi.controller.AdminController - Result=Result(success=true, code=20000, message=sucess, data={roles=admin, name=admin, avatar=, nodeid=81034dad-ccc5-4bb9-8020-9424bc5b0eac, introduction=superUser})
2022-12-01 22:42:02.490 [http-nio-8088-exec-4] INFO  com.example.radiusapi.controller.SidebarTreeController - GetTreeNodeList(81034dad-ccc5-4bb9-8020-9424bc5b0eac)
2022-12-01 22:42:02.499 [http-nio-8088-exec-4] INFO  com.example.radiusapi.controller.SidebarTreeController - result=Result(success=true, code=20000, message=sucess, data={data=[SidebarTree(id=9580ce07-0c5c-44b7-a46d-239c57dbd19c, label=1-1, type=1, owner=admin, pid=81034dad-ccc5-4bb9-8020-9424bc5b0eac), SidebarTree(id=8f6acda0-327a-48ea-9075-b3074de09148, label=new item, type=0, owner=admin, pid=9580ce07-0c5c-44b7-a46d-239c57dbd19c), SidebarTree(id=18ecbf5f-b215-4752-b6e0-8b3aa5f98346, label=上网记录, type=5, owner=null, pid=8f6acda0-327a-48ea-9075-b3074de09148), SidebarTree(id=662b9383-7e7e-407c-9714-7143254e11d3, label=上网账号, type=4, owner=null, pid=8f6acda0-327a-48ea-9075-b3074de09148), SidebarTree(id=77fa6fa0-0408-4c22-b36f-b2f5aee9963c, label=短信群发, type=6, owner=null, pid=8f6acda0-327a-48ea-9075-b3074de09148), SidebarTree(id=806ec437-c5b8-44ec-9705-62d77f5277b2, label=页面设置, type=7, owner=null, pid=8f6acda0-327a-48ea-9075-b3074de09148), SidebarTree(id=d2a90767-387e-4438-9bfb-7d0d81e3e3da, label=设备对接, type=3, owner=null, pid=8f6acda0-327a-48ea-9075-b3074de09148), SidebarTree(id=9b436ab9-5fbf-489a-b48f-012e0696303f, label=new item, type=0, owner=admin, pid=9580ce07-0c5c-44b7-a46d-239c57dbd19c), SidebarTree(id=24800ed0-166f-4056-bdd6-d8081a6db339, label=设备对接, type=3, owner=null, pid=9b436ab9-5fbf-489a-b48f-012e0696303f), SidebarTree(id=55e5660d-d87b-49a6-be1a-f7bb657d6b47, label=短信群发, type=6, owner=null, pid=9b436ab9-5fbf-489a-b48f-012e0696303f), SidebarTree(id=b9dc22f8-c745-489d-96ff-6fa73d0bb88c, label=上网账号, type=4, owner=null, pid=9b436ab9-5fbf-489a-b48f-012e0696303f), SidebarTree(id=c405ac6d-ef73-401a-a1a9-1d702eef6804, label=页面设置, type=7, owner=null, pid=9b436ab9-5fbf-489a-b48f-012e0696303f), SidebarTree(id=e75af9e9-8e55-4ff8-9429-af51363ca96b, label=上网记录, type=5, owner=null, pid=9b436ab9-5fbf-489a-b48f-012e0696303f), SidebarTree(id=ab643534-641d-4762-88dc-1bf430cdec60, label=new folder, type=1, owner=admin, pid=9580ce07-0c5c-44b7-a46d-239c57dbd19c), SidebarTree(id=133f38a2-3560-4927-afb6-c69f768892ae, label=new folder, type=1, owner=admin, pid=ab643534-641d-4762-88dc-1bf430cdec60), SidebarTree(id=81034dad-ccc5-4bb9-8020-9424bc5b0eac, label=根节点, type=1, owner=admin, pid=81034dad-ccc5-4bb9-8020-9424bc5bccc)]})
2022-12-01 22:42:07.243 [http-nio-8088-exec-6] INFO  com.example.radiusapi.controller.RealmController - GetRealms(8f6acda0-327a-48ea-9075-b3074de09148)
2022-12-01 22:42:07.245 [http-nio-8088-exec-6] INFO  com.example.radiusapi.controller.RealmController - result=Result(success=true, code=20000, message=sucess, data={data=[Realm(id=4dc0f4dd013653d9c7e9e50a8ca82702, node_pid=null, realm=@test), Realm(id=5c327703c4c742389292e2546d9a5733, node_pid=null, realm=@zhaoqing), Realm(id=9a7515ab9cd28b331f71ba5bb96d333c, node_pid=null, realm=@foshan)]})
2022-12-01 22:42:07.266 [http-nio-8088-exec-5] INFO  com.example.radiusapi.controller.OnlineUserController - GetOnlineUser(,@test)
2022-12-01 22:42:07.272 [http-nio-8088-exec-5] INFO  com.example.radiusapi.controller.OnlineUserController - result=Result(success=true, code=20000, message=sucess, data={data=com.baomidou.mybatisplus.extension.plugins.pagination.Page@3f30653f})
2022-12-01 22:42:09.942 [http-nio-8088-exec-8] INFO  com.example.radiusapi.controller.RealmController - GetRealms(8f6acda0-327a-48ea-9075-b3074de09148)
2022-12-01 22:42:09.946 [http-nio-8088-exec-8] INFO  com.example.radiusapi.controller.RealmController - result=Result(success=true, code=20000, message=sucess, data={data=[Realm(id=4dc0f4dd013653d9c7e9e50a8ca82702, node_pid=null, realm=@test), Realm(id=5c327703c4c742389292e2546d9a5733, node_pid=null, realm=@zhaoqing), Realm(id=9a7515ab9cd28b331f71ba5bb96d333c, node_pid=null, realm=@foshan)]})
2022-12-01 22:42:09.966 [http-nio-8088-exec-7] INFO  com.example.radiusapi.controller.AccountInfoController - GetAccountInfo(,@test)
2022-12-01 22:42:09.976 [http-nio-8088-exec-7] INFO  com.example.radiusapi.controller.AccountInfoController - result=Result(success=true, code=20000, message=sucess, data={data=com.baomidou.mybatisplus.extension.plugins.pagination.Page@297db70b})
2022-12-01 22:42:50.958 [http-nio-8088-exec-9] INFO  com.example.radiusapi.controller.RealmController - GetRealms(8f6acda0-327a-48ea-9075-b3074de09148)
2022-12-01 22:42:50.961 [http-nio-8088-exec-9] INFO  com.example.radiusapi.controller.RealmController - result=Result(success=true, code=20000, message=sucess, data={data=[Realm(id=4dc0f4dd013653d9c7e9e50a8ca82702, node_pid=null, realm=@test), Realm(id=5c327703c4c742389292e2546d9a5733, node_pid=null, realm=@zhaoqing), Realm(id=9a7515ab9cd28b331f71ba5bb96d333c, node_pid=null, realm=@foshan)]})
2022-12-01 22:42:50.991 [http-nio-8088-exec-10] INFO  com.example.radiusapi.controller.AccountInfoController - GetAccountInfo(,@test)
2022-12-01 22:42:50.998 [http-nio-8088-exec-10] INFO  com.example.radiusapi.controller.AccountInfoController - result=Result(success=true, code=20000, message=sucess, data={data=com.baomidou.mybatisplus.extension.plugins.pagination.Page@67e9d151})
2022-12-01 22:44:02.819 [http-nio-8088-exec-2] INFO  com.example.radiusapi.controller.RealmController - GetRealms(8f6acda0-327a-48ea-9075-b3074de09148)
2022-12-01 22:44:02.821 [http-nio-8088-exec-2] INFO  com.example.radiusapi.controller.RealmController - result=Result(success=true, code=20000, message=sucess, data={data=[Realm(id=4dc0f4dd013653d9c7e9e50a8ca82702, node_pid=null, realm=@test), Realm(id=5c327703c4c742389292e2546d9a5733, node_pid=null, realm=@zhaoqing), Realm(id=9a7515ab9cd28b331f71ba5bb96d333c, node_pid=null, realm=@foshan)]})
2022-12-01 22:44:02.836 [http-nio-8088-exec-3] INFO  com.example.radiusapi.controller.AccountInfoController - GetAccountInfo(,@test)
2022-12-01 22:44:02.842 [http-nio-8088-exec-3] INFO  com.example.radiusapi.controller.AccountInfoController - result=Result(success=true, code=20000, message=sucess, data={data=com.baomidou.mybatisplus.extension.plugins.pagination.Page@5b37da3})
2022-12-01 22:44:28.243 [http-nio-8088-exec-4] INFO  com.example.radiusapi.controller.RealmController - GetRealms(8f6acda0-327a-48ea-9075-b3074de09148)
2022-12-01 22:44:28.246 [http-nio-8088-exec-4] INFO  com.example.radiusapi.controller.RealmController - result=Result(success=true, code=20000, message=sucess, data={data=[Realm(id=4dc0f4dd013653d9c7e9e50a8ca82702, node_pid=null, realm=@test), Realm(id=5c327703c4c742389292e2546d9a5733, node_pid=null, realm=@zhaoqing), Realm(id=9a7515ab9cd28b331f71ba5bb96d333c, node_pid=null, realm=@foshan)]})
2022-12-01 22:44:28.264 [http-nio-8088-exec-6] INFO  com.example.radiusapi.controller.AccountInfoController - GetAccountInfo(,@test)
2022-12-01 22:44:28.269 [http-nio-8088-exec-6] INFO  com.example.radiusapi.controller.AccountInfoController - result=Result(success=true, code=20000, message=sucess, data={data=com.baomidou.mybatisplus.extension.plugins.pagination.Page@a1515a1})
2022-12-01 22:44:55.358 [http-nio-8088-exec-5] INFO  com.example.radiusapi.controller.RealmController - GetRealms(8f6acda0-327a-48ea-9075-b3074de09148)
2022-12-01 22:44:55.361 [http-nio-8088-exec-5] INFO  com.example.radiusapi.controller.RealmController - result=Result(success=true, code=20000, message=sucess, data={data=[Realm(id=4dc0f4dd013653d9c7e9e50a8ca82702, node_pid=null, realm=@test), Realm(id=5c327703c4c742389292e2546d9a5733, node_pid=null, realm=@zhaoqing), Realm(id=9a7515ab9cd28b331f71ba5bb96d333c, node_pid=null, realm=@foshan)]})
2022-12-01 22:44:55.382 [http-nio-8088-exec-8] INFO  com.example.radiusapi.controller.AccountInfoController - GetAccountInfo(,@test)
2022-12-01 22:44:55.390 [http-nio-8088-exec-8] INFO  com.example.radiusapi.controller.AccountInfoController - result=Result(success=true, code=20000, message=sucess, data={data=com.baomidou.mybatisplus.extension.plugins.pagination.Page@310479f4})
2022-12-01 22:51:51.697 [http-nio-8088-exec-9] INFO  com.example.radiusapi.controller.RealmController - GetRealms(8f6acda0-327a-48ea-9075-b3074de09148)
2022-12-01 22:51:51.703 [http-nio-8088-exec-9] INFO  com.example.radiusapi.controller.RealmController - result=Result(success=true, code=20000, message=sucess, data={data=[Realm(id=4dc0f4dd013653d9c7e9e50a8ca82702, node_pid=null, realm=@test), Realm(id=5c327703c4c742389292e2546d9a5733, node_pid=null, realm=@zhaoqing), Realm(id=9a7515ab9cd28b331f71ba5bb96d333c, node_pid=null, realm=@foshan)]})
2022-12-01 22:51:51.726 [http-nio-8088-exec-10] INFO  com.example.radiusapi.controller.AccountInfoController - GetAccountInfo(,@test)
2022-12-01 22:51:51.732 [http-nio-8088-exec-10] INFO  com.example.radiusapi.controller.AccountInfoController - result=Result(success=true, code=20000, message=sucess, data={data=com.baomidou.mybatisplus.extension.plugins.pagination.Page@3e7d88d9})
2022-12-01 22:53:37.025 [http-nio-8088-exec-2] INFO  com.example.radiusapi.controller.RealmController - GetRealms(8f6acda0-327a-48ea-9075-b3074de09148)
2022-12-01 22:53:37.029 [http-nio-8088-exec-2] INFO  com.example.radiusapi.controller.RealmController - result=Result(success=true, code=20000, message=sucess, data={data=[Realm(id=4dc0f4dd013653d9c7e9e50a8ca82702, node_pid=null, realm=@test), Realm(id=5c327703c4c742389292e2546d9a5733, node_pid=null, realm=@zhaoqing), Realm(id=9a7515ab9cd28b331f71ba5bb96d333c, node_pid=null, realm=@foshan)]})
2022-12-01 22:53:37.048 [http-nio-8088-exec-3] INFO  com.example.radiusapi.controller.AccountInfoController - GetAccountInfo(,@test)
2022-12-01 22:53:37.053 [http-nio-8088-exec-3] INFO  com.example.radiusapi.controller.AccountInfoController - result=Result(success=true, code=20000, message=sucess, data={data=com.baomidou.mybatisplus.extension.plugins.pagination.Page@6f8f53fd})
2022-12-01 22:53:55.212 [http-nio-8088-exec-4] INFO  com.example.radiusapi.controller.RealmController - GetRealms(8f6acda0-327a-48ea-9075-b3074de09148)
2022-12-01 22:53:55.215 [http-nio-8088-exec-4] INFO  com.example.radiusapi.controller.RealmController - result=Result(success=true, code=20000, message=sucess, data={data=[Realm(id=4dc0f4dd013653d9c7e9e50a8ca82702, node_pid=null, realm=@test), Realm(id=5c327703c4c742389292e2546d9a5733, node_pid=null, realm=@zhaoqing), Realm(id=9a7515ab9cd28b331f71ba5bb96d333c, node_pid=null, realm=@foshan)]})
2022-12-01 22:53:55.236 [http-nio-8088-exec-6] INFO  com.example.radiusapi.controller.AccountInfoController - GetAccountInfo(,@test)
2022-12-01 22:53:55.242 [http-nio-8088-exec-6] INFO  com.example.radiusapi.controller.AccountInfoController - result=Result(success=true, code=20000, message=sucess, data={data=com.baomidou.mybatisplus.extension.plugins.pagination.Page@7bb0d078})
2022-12-01 22:58:09.492 [http-nio-8088-exec-8] INFO  com.example.radiusapi.controller.AccountInfoController - GetAccountInfo(,@test)
2022-12-01 22:58:09.499 [http-nio-8088-exec-8] INFO  com.example.radiusapi.controller.AccountInfoController - result=Result(success=true, code=20000, message=sucess, data={data=com.baomidou.mybatisplus.extension.plugins.pagination.Page@41fbf95d})
2022-12-01 22:59:01.078 [http-nio-8088-exec-7] INFO  com.example.radiusapi.controller.RealmController - GetRealms(8f6acda0-327a-48ea-9075-b3074de09148)
2022-12-01 22:59:01.083 [http-nio-8088-exec-7] INFO  com.example.radiusapi.controller.RealmController - result=Result(success=true, code=20000, message=sucess, data={data=[Realm(id=4dc0f4dd013653d9c7e9e50a8ca82702, node_pid=null, realm=@test), Realm(id=5c327703c4c742389292e2546d9a5733, node_pid=null, realm=@zhaoqing), Realm(id=9a7515ab9cd28b331f71ba5bb96d333c, node_pid=null, realm=@foshan)]})
2022-12-01 22:59:01.113 [http-nio-8088-exec-9] INFO  com.example.radiusapi.controller.OnlineUserController - GetOnlineUser(,@test)
2022-12-01 22:59:01.123 [http-nio-8088-exec-9] INFO  com.example.radiusapi.controller.OnlineUserController - result=Result(success=true, code=20000, message=sucess, data={data=com.baomidou.mybatisplus.extension.plugins.pagination.Page@cd018d6})
2022-12-01 23:01:58.396 [http-nio-8088-exec-1] INFO  com.example.radiusapi.controller.RealmController - GetRealms(8f6acda0-327a-48ea-9075-b3074de09148)
2022-12-01 23:01:58.399 [http-nio-8088-exec-1] INFO  com.example.radiusapi.controller.RealmController - result=Result(success=true, code=20000, message=sucess, data={data=[Realm(id=4dc0f4dd013653d9c7e9e50a8ca82702, node_pid=null, realm=@test), Realm(id=5c327703c4c742389292e2546d9a5733, node_pid=null, realm=@zhaoqing), Realm(id=9a7515ab9cd28b331f71ba5bb96d333c, node_pid=null, realm=@foshan)]})
2022-12-01 23:01:58.414 [http-nio-8088-exec-2] INFO  com.example.radiusapi.controller.OnlineUserController - GetOnlineUser(,@test)
2022-12-01 23:01:58.421 [http-nio-8088-exec-2] INFO  com.example.radiusapi.controller.OnlineUserController - result=Result(success=true, code=20000, message=sucess, data={data=com.baomidou.mybatisplus.extension.plugins.pagination.Page@50f95ce3})
2022-12-01 23:02:06.105 [http-nio-8088-exec-3] INFO  com.example.radiusapi.controller.AdminController - info(eyJ0eXAiOiJKV1QiLCJhbGciOiJIUzI1NiJ9.eyJ1c2VyQWNjb3VudCI6ImFkbWluIiwiaXNzIjoiYXV0aDAiLCJleHAiOjE2Njk5Mjg1Mjd9.EfedweBx_Xji3TP-QSrRBp2vX5CyYE8YVDWlE8jIP5o)
2022-12-01 23:02:06.110 [http-nio-8088-exec-3] INFO  com.example.radiusapi.controller.AdminController - Result=Result(success=true, code=20000, message=sucess, data={roles=admin, name=admin, avatar=, nodeid=81034dad-ccc5-4bb9-8020-9424bc5b0eac, introduction=superUser})
2022-12-01 23:02:06.322 [http-nio-8088-exec-4] INFO  com.example.radiusapi.controller.SidebarTreeController - GetTreeNodeList(81034dad-ccc5-4bb9-8020-9424bc5b0eac)
2022-12-01 23:02:06.330 [http-nio-8088-exec-4] INFO  com.example.radiusapi.controller.SidebarTreeController - result=Result(success=true, code=20000, message=sucess, data={data=[SidebarTree(id=9580ce07-0c5c-44b7-a46d-239c57dbd19c, label=1-1, type=1, owner=admin, pid=81034dad-ccc5-4bb9-8020-9424bc5b0eac), SidebarTree(id=8f6acda0-327a-48ea-9075-b3074de09148, label=new item, type=0, owner=admin, pid=9580ce07-0c5c-44b7-a46d-239c57dbd19c), SidebarTree(id=18ecbf5f-b215-4752-b6e0-8b3aa5f98346, label=上网记录, type=5, owner=null, pid=8f6acda0-327a-48ea-9075-b3074de09148), SidebarTree(id=662b9383-7e7e-407c-9714-7143254e11d3, label=上网账号, type=4, owner=null, pid=8f6acda0-327a-48ea-9075-b3074de09148), SidebarTree(id=77fa6fa0-0408-4c22-b36f-b2f5aee9963c, label=短信群发, type=6, owner=null, pid=8f6acda0-327a-48ea-9075-b3074de09148), SidebarTree(id=806ec437-c5b8-44ec-9705-62d77f5277b2, label=页面设置, type=7, owner=null, pid=8f6acda0-327a-48ea-9075-b3074de09148), SidebarTree(id=d2a90767-387e-4438-9bfb-7d0d81e3e3da, label=设备对接, type=3, owner=null, pid=8f6acda0-327a-48ea-9075-b3074de09148), SidebarTree(id=9b436ab9-5fbf-489a-b48f-012e0696303f, label=new item, type=0, owner=admin, pid=9580ce07-0c5c-44b7-a46d-239c57dbd19c), SidebarTree(id=24800ed0-166f-4056-bdd6-d8081a6db339, label=设备对接, type=3, owner=null, pid=9b436ab9-5fbf-489a-b48f-012e0696303f), SidebarTree(id=55e5660d-d87b-49a6-be1a-f7bb657d6b47, label=短信群发, type=6, owner=null, pid=9b436ab9-5fbf-489a-b48f-012e0696303f), SidebarTree(id=b9dc22f8-c745-489d-96ff-6fa73d0bb88c, label=上网账号, type=4, owner=null, pid=9b436ab9-5fbf-489a-b48f-012e0696303f), SidebarTree(id=c405ac6d-ef73-401a-a1a9-1d702eef6804, label=页面设置, type=7, owner=null, pid=9b436ab9-5fbf-489a-b48f-012e0696303f), SidebarTree(id=e75af9e9-8e55-4ff8-9429-af51363ca96b, label=上网记录, type=5, owner=null, pid=9b436ab9-5fbf-489a-b48f-012e0696303f), SidebarTree(id=ab643534-641d-4762-88dc-1bf430cdec60, label=new folder, type=1, owner=admin, pid=9580ce07-0c5c-44b7-a46d-239c57dbd19c), SidebarTree(id=133f38a2-3560-4927-afb6-c69f768892ae, label=new folder, type=1, owner=admin, pid=ab643534-641d-4762-88dc-1bf430cdec60), SidebarTree(id=81034dad-ccc5-4bb9-8020-9424bc5b0eac, label=根节点, type=1, owner=admin, pid=81034dad-ccc5-4bb9-8020-9424bc5bccc)]})
2022-12-01 23:02:08.860 [http-nio-8088-exec-6] INFO  com.example.radiusapi.controller.RealmController - GetRealms(8f6acda0-327a-48ea-9075-b3074de09148)
2022-12-01 23:02:08.863 [http-nio-8088-exec-6] INFO  com.example.radiusapi.controller.RealmController - result=Result(success=true, code=20000, message=sucess, data={data=[Realm(id=4dc0f4dd013653d9c7e9e50a8ca82702, node_pid=null, realm=@test), Realm(id=5c327703c4c742389292e2546d9a5733, node_pid=null, realm=@zhaoqing), Realm(id=9a7515ab9cd28b331f71ba5bb96d333c, node_pid=null, realm=@foshan)]})
2022-12-01 23:02:08.881 [http-nio-8088-exec-5] INFO  com.example.radiusapi.controller.AccountInfoController - GetAccountInfo(,@test)
2022-12-01 23:02:08.886 [http-nio-8088-exec-5] INFO  com.example.radiusapi.controller.AccountInfoController - result=Result(success=true, code=20000, message=sucess, data={data=com.baomidou.mybatisplus.extension.plugins.pagination.Page@66eb2cca})
2022-12-01 23:02:10.160 [http-nio-8088-exec-8] INFO  com.example.radiusapi.controller.RealmController - GetRealms(8f6acda0-327a-48ea-9075-b3074de09148)
2022-12-01 23:02:10.162 [http-nio-8088-exec-8] INFO  com.example.radiusapi.controller.RealmController - result=Result(success=true, code=20000, message=sucess, data={data=[Realm(id=4dc0f4dd013653d9c7e9e50a8ca82702, node_pid=null, realm=@test), Realm(id=5c327703c4c742389292e2546d9a5733, node_pid=null, realm=@zhaoqing), Realm(id=9a7515ab9cd28b331f71ba5bb96d333c, node_pid=null, realm=@foshan)]})
2022-12-01 23:02:10.180 [http-nio-8088-exec-7] INFO  com.example.radiusapi.controller.OnlineUserController - GetOnlineUser(,@test)
2022-12-01 23:02:10.189 [http-nio-8088-exec-7] INFO  com.example.radiusapi.controller.OnlineUserController - result=Result(success=true, code=20000, message=sucess, data={data=com.baomidou.mybatisplus.extension.plugins.pagination.Page@6338b6b6})
2022-12-01 23:04:24.949 [http-nio-8088-exec-10] INFO  com.example.radiusapi.controller.RealmController - GetRealms(8f6acda0-327a-48ea-9075-b3074de09148)
2022-12-01 23:04:24.954 [http-nio-8088-exec-10] INFO  com.example.radiusapi.controller.RealmController - result=Result(success=true, code=20000, message=sucess, data={data=[Realm(id=4dc0f4dd013653d9c7e9e50a8ca82702, node_pid=null, realm=@test), Realm(id=5c327703c4c742389292e2546d9a5733, node_pid=null, realm=@zhaoqing), Realm(id=9a7515ab9cd28b331f71ba5bb96d333c, node_pid=null, realm=@foshan)]})
2022-12-01 23:04:24.976 [http-nio-8088-exec-1] INFO  com.example.radiusapi.controller.OnlineUserController - GetOnlineUser(,@test)
2022-12-01 23:04:24.985 [http-nio-8088-exec-1] INFO  com.example.radiusapi.controller.OnlineUserController - result=Result(success=true, code=20000, message=sucess, data={data=com.baomidou.mybatisplus.extension.plugins.pagination.Page@3b3328b4})
