2022-12-12 02:51:41.491 [http-nio-8088-exec-9] INFO  com.example.radiusapi.controller.AdminController - logout()
2022-12-12 02:51:41.534 [http-nio-8088-exec-9] INFO  com.example.radiusapi.controller.AdminController - 
2022-12-12 02:51:42.938 [http-nio-8088-exec-10] INFO  com.example.radiusapi.controller.AdminController - login({username=admin, password=123456})
2022-12-12 02:51:43.017 [http-nio-8088-exec-10] INFO  com.example.radiusapi.controller.AdminController - result=Result(success=true, code=20000, message=sucess, data={token=eyJ0eXAiOiJKV1QiLCJhbGciOiJIUzI1NiJ9.eyJ1c2VyQWNjb3VudCI6ImFkbWluIiwiaXNzIjoiYXV0aDAiLCJleHAiOjE2NzA4MjA3MDN9.2HIHoqGEFAH0eVLsM-yfJxpBjaraRbZw-j7BpJRkwOg})
2022-12-12 02:51:43.048 [http-nio-8088-exec-2] INFO  com.example.radiusapi.controller.AdminController - info(eyJ0eXAiOiJKV1QiLCJhbGciOiJIUzI1NiJ9.eyJ1c2VyQWNjb3VudCI6ImFkbWluIiwiaXNzIjoiYXV0aDAiLCJleHAiOjE2NzA4MjA3MDN9.2HIHoqGEFAH0eVLsM-yfJxpBjaraRbZw-j7BpJRkwOg)
2022-12-12 02:51:43.062 [http-nio-8088-exec-2] INFO  com.example.radiusapi.controller.AdminController - Result=Result(success=true, code=20000, message=sucess, data={roles=admin, name=admin, avatar=, nodeid=81034dad-ccc5-4bb9-8020-9424bc5b0eac, introduction=superUser})
2022-12-12 02:51:43.264 [http-nio-8088-exec-5] INFO  com.example.radiusapi.controller.SidebarTreeController - GetTreeNodeList(81034dad-ccc5-4bb9-8020-9424bc5b0eac)
2022-12-12 02:51:43.286 [http-nio-8088-exec-5] INFO  com.example.radiusapi.controller.SidebarTreeController - result=Result(success=true, code=20000, message=sucess, data={data=[SidebarTree(id=9580ce07-0c5c-44b7-a46d-239c57dbd19c, label=1-1, type=1, owner=admin, pid=81034dad-ccc5-4bb9-8020-9424bc5b0eac), SidebarTree(id=5d430d61-b277-4f6d-a916-27747e8f87b8, label=new item, type=0, owner=admin, pid=9580ce07-0c5c-44b7-a46d-239c57dbd19c), SidebarTree(id=4b622c9b-eee1-4044-b83e-63cc4e743b69, label=上网账号, type=4, owner=null, pid=5d430d61-b277-4f6d-a916-27747e8f87b8), SidebarTree(id=aa0671b4-0503-4c8f-b725-baba8f71666c, label=设备对接, type=3, owner=null, pid=5d430d61-b277-4f6d-a916-27747e8f87b8), SidebarTree(id=b717cab0-c14e-43a3-9096-f70d1ef731e6, label=在线用户, type=8, owner=null, pid=5d430d61-b277-4f6d-a916-27747e8f87b8), SidebarTree(id=b7ef0b55-71db-4134-b344-041ac9a85835, label=上网记录, type=5, owner=null, pid=5d430d61-b277-4f6d-a916-27747e8f87b8), SidebarTree(id=8765abe5-1685-447b-ad5d-b5e7439cbcc2, label=new folder, type=1, owner=admin, pid=9580ce07-0c5c-44b7-a46d-239c57dbd19c), SidebarTree(id=81034dad-ccc5-4bb9-8020-9424bc5b0eac, label=根节点, type=1, owner=admin, pid=81034dad-ccc5-4bb9-8020-9424bc5bccc)]})
2022-12-12 02:51:44.909 [http-nio-8088-exec-6] INFO  com.example.radiusapi.controller.RealmController - GetRealms(5d430d61-b277-4f6d-a916-27747e8f87b8)
2022-12-12 02:51:44.913 [http-nio-8088-exec-6] INFO  com.example.radiusapi.controller.RealmController - result=Result(success=true, code=20000, message=sucess, data={data=[Realm(id=bf9b75d1e4bcefe0fb7984f2c36076ea, node_pid=null, realm=@test)]})
2022-12-12 02:51:44.956 [http-nio-8088-exec-8] INFO  com.example.radiusapi.controller.OnlineUserController - GetOnlineUser(,@test)
2022-12-12 02:51:44.969 [http-nio-8088-exec-8] INFO  com.example.radiusapi.controller.OnlineUserController - result=Result(success=true, code=20000, message=sucess, data={data=com.baomidou.mybatisplus.extension.plugins.pagination.Page@635ab722})
2022-12-12 02:51:45.509 [http-nio-8088-exec-9] INFO  com.example.radiusapi.controller.RealmController - GetRealms(5d430d61-b277-4f6d-a916-27747e8f87b8)
2022-12-12 02:51:45.512 [http-nio-8088-exec-9] INFO  com.example.radiusapi.controller.RealmController - result=Result(success=true, code=20000, message=sucess, data={data=[Realm(id=bf9b75d1e4bcefe0fb7984f2c36076ea, node_pid=null, realm=@test)]})
2022-12-12 02:51:45.534 [http-nio-8088-exec-10] INFO  com.example.radiusapi.controller.OfflineUserController - GetOfflineUser(,@test,,,，)
2022-12-12 02:51:45.549 [http-nio-8088-exec-10] INFO  com.example.radiusapi.controller.OfflineUserController - result=Result(success=true, code=20000, message=sucess, data={data=com.baomidou.mybatisplus.extension.plugins.pagination.Page@287c5c45})
2022-12-12 06:30:31.464 [http-nio-8088-exec-4] INFO  com.example.radiusapi.controller.RealmController - GetRealms(5d430d61-b277-4f6d-a916-27747e8f87b8)
2022-12-12 06:30:31.518 [http-nio-8088-exec-4] INFO  com.example.radiusapi.controller.RealmController - result=Result(success=true, code=20000, message=sucess, data={data=[Realm(id=bf9b75d1e4bcefe0fb7984f2c36076ea, node_pid=null, realm=@test)]})
2022-12-12 06:30:31.556 [http-nio-8088-exec-6] INFO  com.example.radiusapi.controller.AccountInfoController - GetAccountInfo(,@test)
2022-12-12 06:30:31.609 [http-nio-8088-exec-6] INFO  com.example.radiusapi.controller.AccountInfoController - result=Result(success=true, code=20000, message=sucess, data={data=com.baomidou.mybatisplus.extension.plugins.pagination.Page@1325e6e8})
2022-12-12 10:11:18.846 [SpringApplicationShutdownHook] INFO  com.alibaba.druid.pool.DruidDataSource - {dataSource-1} closing ...
2022-12-12 10:11:18.849 [SpringApplicationShutdownHook] INFO  com.alibaba.druid.pool.DruidDataSource - {dataSource-1} closed
