2022-12-11 00:03:39.927 [http-nio-8088-exec-1] INFO  com.example.radiusapi.controller.RealmController - GetRealms(5d430d61-b277-4f6d-a916-27747e8f87b8)
2022-12-11 00:03:39.947 [http-nio-8088-exec-1] INFO  com.example.radiusapi.controller.RealmController - result=Result(success=true, code=20000, message=sucess, data={data=[Realm(id=bf9b75d1e4bcefe0fb7984f2c36076ea, node_pid=null, realm=@test)]})
2022-12-11 00:03:39.959 [http-nio-8088-exec-2] INFO  com.example.radiusapi.controller.OnlineUserController - GetOnlineUser(,@test)
2022-12-11 00:03:39.965 [http-nio-8088-exec-2] INFO  com.example.radiusapi.controller.OnlineUserController - result=Result(success=true, code=20000, message=sucess, data={data=com.baomidou.mybatisplus.extension.plugins.pagination.Page@6048919b})
2022-12-11 00:03:40.487 [http-nio-8088-exec-3] INFO  com.example.radiusapi.controller.RealmController - GetRealms(5d430d61-b277-4f6d-a916-27747e8f87b8)
2022-12-11 00:03:40.490 [http-nio-8088-exec-3] INFO  com.example.radiusapi.controller.RealmController - result=Result(success=true, code=20000, message=sucess, data={data=[Realm(id=bf9b75d1e4bcefe0fb7984f2c36076ea, node_pid=null, realm=@test)]})
2022-12-11 00:03:40.505 [http-nio-8088-exec-4] INFO  com.example.radiusapi.controller.OfflineUserController - GetOfflineUser(,@test,,,，)
2022-12-11 00:03:40.514 [http-nio-8088-exec-4] INFO  com.example.radiusapi.controller.OfflineUserController - result=Result(success=true, code=20000, message=sucess, data={data=com.baomidou.mybatisplus.extension.plugins.pagination.Page@39e039bc})
2022-12-11 00:03:55.698 [http-nio-8088-exec-6] INFO  com.example.radiusapi.controller.OfflineUserController - GetOfflineUser(,@test,,,2022-12-09T16:00:00.000Z，2022-12-12T16:00:00.000Z)
2022-12-11 00:03:55.713 [http-nio-8088-exec-6] INFO  com.example.radiusapi.controller.OfflineUserController - result=Result(success=true, code=20000, message=sucess, data={data=com.baomidou.mybatisplus.extension.plugins.pagination.Page@4a7eb62a})
2022-12-11 04:00:29.872 [http-nio-8088-exec-9] INFO  com.example.radiusapi.controller.RealmController - GetRealms(5d430d61-b277-4f6d-a916-27747e8f87b8)
2022-12-11 04:00:29.974 [http-nio-8088-exec-9] INFO  com.example.radiusapi.controller.RealmController - result=Result(success=true, code=20000, message=sucess, data={data=[Realm(id=bf9b75d1e4bcefe0fb7984f2c36076ea, node_pid=null, realm=@test)]})
2022-12-11 04:00:29.994 [http-nio-8088-exec-10] INFO  com.example.radiusapi.controller.RealmController - GetRealms(5d430d61-b277-4f6d-a916-27747e8f87b8)
2022-12-11 04:00:30.003 [http-nio-8088-exec-10] INFO  com.example.radiusapi.controller.RealmController - result=Result(success=true, code=20000, message=sucess, data={data=[Realm(id=bf9b75d1e4bcefe0fb7984f2c36076ea, node_pid=null, realm=@test)]})
2022-12-11 04:00:30.013 [http-nio-8088-exec-2] INFO  com.example.radiusapi.controller.OnlineUserController - GetOnlineUser(,@test)
2022-12-11 04:00:30.042 [http-nio-8088-exec-2] INFO  com.example.radiusapi.controller.OnlineUserController - result=Result(success=true, code=20000, message=sucess, data={data=com.baomidou.mybatisplus.extension.plugins.pagination.Page@1412b424})
2022-12-11 04:00:30.047 [http-nio-8088-exec-4] INFO  com.example.radiusapi.controller.OfflineUserController - GetOfflineUser(,@test,,,，)
2022-12-11 04:00:30.072 [http-nio-8088-exec-4] INFO  com.example.radiusapi.controller.OfflineUserController - result=Result(success=true, code=20000, message=sucess, data={data=com.baomidou.mybatisplus.extension.plugins.pagination.Page@135ab90d})
2022-12-11 04:07:08.521 [http-nio-8088-exec-7] INFO  com.example.radiusapi.controller.RealmController - GetRealms(5d430d61-b277-4f6d-a916-27747e8f87b8)
2022-12-11 04:07:08.527 [http-nio-8088-exec-7] INFO  com.example.radiusapi.controller.RealmController - result=Result(success=true, code=20000, message=sucess, data={data=[Realm(id=bf9b75d1e4bcefe0fb7984f2c36076ea, node_pid=null, realm=@test)]})
2022-12-11 04:07:08.546 [http-nio-8088-exec-8] INFO  com.example.radiusapi.controller.OnlineUserController - GetOnlineUser(,@test)
2022-12-11 04:07:08.553 [http-nio-8088-exec-8] INFO  com.example.radiusapi.controller.OnlineUserController - result=Result(success=true, code=20000, message=sucess, data={data=com.baomidou.mybatisplus.extension.plugins.pagination.Page@5bd0b4c6})
2022-12-11 04:07:09.026 [http-nio-8088-exec-9] INFO  com.example.radiusapi.controller.RealmController - GetRealms(5d430d61-b277-4f6d-a916-27747e8f87b8)
2022-12-11 04:07:09.029 [http-nio-8088-exec-9] INFO  com.example.radiusapi.controller.RealmController - result=Result(success=true, code=20000, message=sucess, data={data=[Realm(id=bf9b75d1e4bcefe0fb7984f2c36076ea, node_pid=null, realm=@test)]})
2022-12-11 04:07:09.050 [http-nio-8088-exec-1] INFO  com.example.radiusapi.controller.OfflineUserController - GetOfflineUser(,@test,,,，)
2022-12-11 04:07:09.064 [http-nio-8088-exec-1] INFO  com.example.radiusapi.controller.OfflineUserController - result=Result(success=true, code=20000, message=sucess, data={data=com.baomidou.mybatisplus.extension.plugins.pagination.Page@498fd71c})
2022-12-11 05:15:17.501 [http-nio-8088-exec-2] INFO  com.example.radiusapi.controller.RealmController - GetRealms(5d430d61-b277-4f6d-a916-27747e8f87b8)
2022-12-11 05:15:17.537 [http-nio-8088-exec-2] INFO  com.example.radiusapi.controller.RealmController - result=Result(success=true, code=20000, message=sucess, data={data=[Realm(id=bf9b75d1e4bcefe0fb7984f2c36076ea, node_pid=null, realm=@test)]})
2022-12-11 05:15:17.563 [http-nio-8088-exec-5] INFO  com.example.radiusapi.controller.OnlineUserController - GetOnlineUser(,@test)
2022-12-11 05:15:17.576 [http-nio-8088-exec-5] INFO  com.example.radiusapi.controller.OnlineUserController - result=Result(success=true, code=20000, message=sucess, data={data=com.baomidou.mybatisplus.extension.plugins.pagination.Page@3bcdcd79})
2022-12-11 05:15:19.923 [http-nio-8088-exec-6] INFO  com.example.radiusapi.controller.RealmController - GetRealms(5d430d61-b277-4f6d-a916-27747e8f87b8)
2022-12-11 05:15:19.929 [http-nio-8088-exec-6] INFO  com.example.radiusapi.controller.RealmController - result=Result(success=true, code=20000, message=sucess, data={data=[Realm(id=bf9b75d1e4bcefe0fb7984f2c36076ea, node_pid=null, realm=@test)]})
2022-12-11 05:15:19.957 [http-nio-8088-exec-8] INFO  com.example.radiusapi.controller.OfflineUserController - GetOfflineUser(,@test,,,，)
2022-12-11 05:15:19.982 [http-nio-8088-exec-8] INFO  com.example.radiusapi.controller.OfflineUserController - result=Result(success=true, code=20000, message=sucess, data={data=com.baomidou.mybatisplus.extension.plugins.pagination.Page@1c9f66c1})
2022-12-11 05:15:33.057 [http-nio-8088-exec-9] INFO  com.example.radiusapi.controller.RealmController - GetRealms(5d430d61-b277-4f6d-a916-27747e8f87b8)
2022-12-11 05:15:33.062 [http-nio-8088-exec-9] INFO  com.example.radiusapi.controller.RealmController - result=Result(success=true, code=20000, message=sucess, data={data=[Realm(id=bf9b75d1e4bcefe0fb7984f2c36076ea, node_pid=null, realm=@test)]})
2022-12-11 05:15:33.103 [http-nio-8088-exec-1] INFO  com.example.radiusapi.controller.OnlineUserController - GetOnlineUser(,@test)
2022-12-11 05:15:33.116 [http-nio-8088-exec-1] INFO  com.example.radiusapi.controller.OnlineUserController - result=Result(success=true, code=20000, message=sucess, data={data=com.baomidou.mybatisplus.extension.plugins.pagination.Page@26cb7449})
2022-12-11 05:15:33.631 [http-nio-8088-exec-10] INFO  com.example.radiusapi.controller.RealmController - GetRealms(5d430d61-b277-4f6d-a916-27747e8f87b8)
2022-12-11 05:15:33.642 [http-nio-8088-exec-10] INFO  com.example.radiusapi.controller.RealmController - result=Result(success=true, code=20000, message=sucess, data={data=[Realm(id=bf9b75d1e4bcefe0fb7984f2c36076ea, node_pid=null, realm=@test)]})
2022-12-11 05:15:33.665 [http-nio-8088-exec-3] INFO  com.example.radiusapi.controller.OfflineUserController - GetOfflineUser(,@test,,,，)
2022-12-11 05:15:33.684 [http-nio-8088-exec-3] INFO  com.example.radiusapi.controller.OfflineUserController - result=Result(success=true, code=20000, message=sucess, data={data=com.baomidou.mybatisplus.extension.plugins.pagination.Page@6d35d5d8})
2022-12-11 05:24:30.455 [http-nio-8088-exec-4] INFO  com.example.radiusapi.controller.RealmController - GetRealms(5d430d61-b277-4f6d-a916-27747e8f87b8)
2022-12-11 05:24:30.466 [http-nio-8088-exec-4] INFO  com.example.radiusapi.controller.RealmController - result=Result(success=true, code=20000, message=sucess, data={data=[Realm(id=bf9b75d1e4bcefe0fb7984f2c36076ea, node_pid=null, realm=@test)]})
2022-12-11 05:24:30.505 [http-nio-8088-exec-5] INFO  com.example.radiusapi.controller.OfflineUserController - GetOfflineUser(,@test,,,，)
2022-12-11 05:24:30.529 [http-nio-8088-exec-5] INFO  com.example.radiusapi.controller.OfflineUserController - result=Result(success=true, code=20000, message=sucess, data={data=com.baomidou.mybatisplus.extension.plugins.pagination.Page@57a8204a})
2022-12-11 05:26:21.466 [http-nio-8088-exec-7] INFO  com.example.radiusapi.controller.RealmController - GetRealms(5d430d61-b277-4f6d-a916-27747e8f87b8)
2022-12-11 05:26:21.473 [http-nio-8088-exec-7] INFO  com.example.radiusapi.controller.RealmController - result=Result(success=true, code=20000, message=sucess, data={data=[Realm(id=bf9b75d1e4bcefe0fb7984f2c36076ea, node_pid=null, realm=@test)]})
2022-12-11 05:26:21.510 [http-nio-8088-exec-8] INFO  com.example.radiusapi.controller.OnlineUserController - GetOnlineUser(,@test)
2022-12-11 05:26:21.522 [http-nio-8088-exec-8] INFO  com.example.radiusapi.controller.OnlineUserController - result=Result(success=true, code=20000, message=sucess, data={data=com.baomidou.mybatisplus.extension.plugins.pagination.Page@46f932d3})
2022-12-11 05:26:22.714 [http-nio-8088-exec-9] INFO  com.example.radiusapi.controller.RealmController - GetRealms(5d430d61-b277-4f6d-a916-27747e8f87b8)
2022-12-11 05:26:22.718 [http-nio-8088-exec-9] INFO  com.example.radiusapi.controller.RealmController - result=Result(success=true, code=20000, message=sucess, data={data=[Realm(id=bf9b75d1e4bcefe0fb7984f2c36076ea, node_pid=null, realm=@test)]})
2022-12-11 05:26:22.738 [http-nio-8088-exec-1] INFO  com.example.radiusapi.controller.OfflineUserController - GetOfflineUser(,@test,,,，)
2022-12-11 05:26:22.750 [http-nio-8088-exec-1] INFO  com.example.radiusapi.controller.OfflineUserController - result=Result(success=true, code=20000, message=sucess, data={data=com.baomidou.mybatisplus.extension.plugins.pagination.Page@581b81e3})
2022-12-11 05:27:29.225 [http-nio-8088-exec-3] INFO  com.example.radiusapi.controller.RealmController - GetRealms(5d430d61-b277-4f6d-a916-27747e8f87b8)
2022-12-11 05:27:29.230 [http-nio-8088-exec-3] INFO  com.example.radiusapi.controller.RealmController - result=Result(success=true, code=20000, message=sucess, data={data=[Realm(id=bf9b75d1e4bcefe0fb7984f2c36076ea, node_pid=null, realm=@test)]})
2022-12-11 05:27:29.249 [http-nio-8088-exec-2] INFO  com.example.radiusapi.controller.OnlineUserController - GetOnlineUser(,@test)
2022-12-11 05:27:29.254 [http-nio-8088-exec-2] INFO  com.example.radiusapi.controller.OnlineUserController - result=Result(success=true, code=20000, message=sucess, data={data=com.baomidou.mybatisplus.extension.plugins.pagination.Page@7ae14cb1})
2022-12-11 05:27:29.960 [http-nio-8088-exec-4] INFO  com.example.radiusapi.controller.RealmController - GetRealms(5d430d61-b277-4f6d-a916-27747e8f87b8)
2022-12-11 05:27:29.968 [http-nio-8088-exec-4] INFO  com.example.radiusapi.controller.RealmController - result=Result(success=true, code=20000, message=sucess, data={data=[Realm(id=bf9b75d1e4bcefe0fb7984f2c36076ea, node_pid=null, realm=@test)]})
2022-12-11 05:27:30.023 [http-nio-8088-exec-5] INFO  com.example.radiusapi.controller.OfflineUserController - GetOfflineUser(,@test,,,，)
2022-12-11 05:27:30.045 [http-nio-8088-exec-5] INFO  com.example.radiusapi.controller.OfflineUserController - result=Result(success=true, code=20000, message=sucess, data={data=com.baomidou.mybatisplus.extension.plugins.pagination.Page@10a937e7})
2022-12-11 05:27:49.771 [http-nio-8088-exec-6] INFO  com.example.radiusapi.controller.RealmController - GetRealms(5d430d61-b277-4f6d-a916-27747e8f87b8)
2022-12-11 05:27:49.780 [http-nio-8088-exec-6] INFO  com.example.radiusapi.controller.RealmController - result=Result(success=true, code=20000, message=sucess, data={data=[Realm(id=bf9b75d1e4bcefe0fb7984f2c36076ea, node_pid=null, realm=@test)]})
2022-12-11 05:27:49.825 [http-nio-8088-exec-7] INFO  com.example.radiusapi.controller.OnlineUserController - GetOnlineUser(,@test)
2022-12-11 05:27:49.857 [http-nio-8088-exec-7] INFO  com.example.radiusapi.controller.OnlineUserController - result=Result(success=true, code=20000, message=sucess, data={data=com.baomidou.mybatisplus.extension.plugins.pagination.Page@70aecc36})
2022-12-11 05:27:51.676 [http-nio-8088-exec-8] INFO  com.example.radiusapi.controller.RealmController - GetRealms(5d430d61-b277-4f6d-a916-27747e8f87b8)
2022-12-11 05:27:51.680 [http-nio-8088-exec-8] INFO  com.example.radiusapi.controller.RealmController - result=Result(success=true, code=20000, message=sucess, data={data=[Realm(id=bf9b75d1e4bcefe0fb7984f2c36076ea, node_pid=null, realm=@test)]})
2022-12-11 05:27:51.709 [http-nio-8088-exec-9] INFO  com.example.radiusapi.controller.OfflineUserController - GetOfflineUser(,@test,,,，)
2022-12-11 05:27:51.731 [http-nio-8088-exec-9] INFO  com.example.radiusapi.controller.OfflineUserController - result=Result(success=true, code=20000, message=sucess, data={data=com.baomidou.mybatisplus.extension.plugins.pagination.Page@2dd6d4a4})
2022-12-11 05:27:59.004 [http-nio-8088-exec-1] INFO  com.example.radiusapi.controller.RealmController - GetRealms(5d430d61-b277-4f6d-a916-27747e8f87b8)
2022-12-11 05:27:59.010 [http-nio-8088-exec-1] INFO  com.example.radiusapi.controller.RealmController - result=Result(success=true, code=20000, message=sucess, data={data=[Realm(id=bf9b75d1e4bcefe0fb7984f2c36076ea, node_pid=null, realm=@test)]})
2022-12-11 05:27:59.047 [http-nio-8088-exec-10] INFO  com.example.radiusapi.controller.OnlineUserController - GetOnlineUser(,@test)
2022-12-11 05:27:59.058 [http-nio-8088-exec-10] INFO  com.example.radiusapi.controller.OnlineUserController - result=Result(success=true, code=20000, message=sucess, data={data=com.baomidou.mybatisplus.extension.plugins.pagination.Page@2b76078c})
2022-12-11 05:27:59.159 [http-nio-8088-exec-3] INFO  com.example.radiusapi.controller.RealmController - GetRealms(5d430d61-b277-4f6d-a916-27747e8f87b8)
2022-12-11 05:27:59.166 [http-nio-8088-exec-3] INFO  com.example.radiusapi.controller.RealmController - result=Result(success=true, code=20000, message=sucess, data={data=[Realm(id=bf9b75d1e4bcefe0fb7984f2c36076ea, node_pid=null, realm=@test)]})
2022-12-11 05:27:59.205 [http-nio-8088-exec-2] INFO  com.example.radiusapi.controller.OfflineUserController - GetOfflineUser(,@test,,,，)
2022-12-11 05:27:59.224 [http-nio-8088-exec-2] INFO  com.example.radiusapi.controller.OfflineUserController - result=Result(success=true, code=20000, message=sucess, data={data=com.baomidou.mybatisplus.extension.plugins.pagination.Page@2a3976ca})
