2022-12-10 05:06:28.157 [http-nio-8088-exec-7] ERROR com.example.radiusapi.controller.OfflineUserController - 
### Error querying database.  Cause: com.mysql.jdbc.exceptions.jdbc4.MySQLSyntaxErrorException: You have an error in your SQL syntax; check the manual that corresponds to your MySQL server version for the right syntax to use near 'acctstoptime`` <= '2023-01-07T16:00:00.000Z')) TOTAL' at line 3
### The error may exist in com/example/radiusapi/mapper/OfflineUserMapper.java (best guess)
### The error may involve defaultParameterMap
### The error occurred while setting parameters
### SQL: SELECT COUNT(*) FROM (SELECT  radacctid,acctsessionid,acctuniqueid,username,realm,nasidentifier,nasipaddress,nasportid,nasporttype,acctstarttime,acctupdatetime,acctstoptime,acctinterval,acctsessiontime,acctauthentic,connectinfo_start,connectinfo_stop,acctinputoctets,acctoutputoctets,calledstationid,callingstationid,acctterminatecause,servicetype,framedprotocol,framedipaddress,framedipv6address,framedipv6prefix,framedinterfaceid,delegatedipv6prefix,_class  FROM offline_user     WHERE (realm = ? AND `acctstarttime` >= ? AND ``acctstoptime`` <= ?)) TOTAL
### Cause: com.mysql.jdbc.exceptions.jdbc4.MySQLSyntaxErrorException: You have an error in your SQL syntax; check the manual that corresponds to your MySQL server version for the right syntax to use near 'acctstoptime`` <= '2023-01-07T16:00:00.000Z')) TOTAL' at line 3
; bad SQL grammar []; nested exception is com.mysql.jdbc.exceptions.jdbc4.MySQLSyntaxErrorException: You have an error in your SQL syntax; check the manual that corresponds to your MySQL server version for the right syntax to use near 'acctstoptime`` <= '2023-01-07T16:00:00.000Z')) TOTAL' at line 3
2022-12-10 05:06:38.811 [http-nio-8088-exec-9] ERROR com.example.radiusapi.controller.OfflineUserController - 
### Error querying database.  Cause: com.mysql.jdbc.exceptions.jdbc4.MySQLSyntaxErrorException: You have an error in your SQL syntax; check the manual that corresponds to your MySQL server version for the right syntax to use near 'acctstoptime`` <= '2023-01-07T16:00:00.000Z')) TOTAL' at line 3
### The error may exist in com/example/radiusapi/mapper/OfflineUserMapper.java (best guess)
### The error may involve defaultParameterMap
### The error occurred while setting parameters
### SQL: SELECT COUNT(*) FROM (SELECT  radacctid,acctsessionid,acctuniqueid,username,realm,nasidentifier,nasipaddress,nasportid,nasporttype,acctstarttime,acctupdatetime,acctstoptime,acctinterval,acctsessiontime,acctauthentic,connectinfo_start,connectinfo_stop,acctinputoctets,acctoutputoctets,calledstationid,callingstationid,acctterminatecause,servicetype,framedprotocol,framedipaddress,framedipv6address,framedipv6prefix,framedinterfaceid,delegatedipv6prefix,_class  FROM offline_user     WHERE (realm = ? AND `acctstarttime` >= ? AND ``acctstoptime`` <= ?)) TOTAL
### Cause: com.mysql.jdbc.exceptions.jdbc4.MySQLSyntaxErrorException: You have an error in your SQL syntax; check the manual that corresponds to your MySQL server version for the right syntax to use near 'acctstoptime`` <= '2023-01-07T16:00:00.000Z')) TOTAL' at line 3
; bad SQL grammar []; nested exception is com.mysql.jdbc.exceptions.jdbc4.MySQLSyntaxErrorException: You have an error in your SQL syntax; check the manual that corresponds to your MySQL server version for the right syntax to use near 'acctstoptime`` <= '2023-01-07T16:00:00.000Z')) TOTAL' at line 3
2022-12-10 05:46:33.968 [http-nio-8088-exec-4] ERROR com.example.radiusapi.controller.OfflineUserController - 
### Error querying database.  Cause: com.mysql.jdbc.exceptions.jdbc4.MySQLSyntaxErrorException: You have an error in your SQL syntax; check the manual that corresponds to your MySQL server version for the right syntax to use near 'acctstoptime`` <= '2023-01-07 00:00:00')) TOTAL' at line 3
### The error may exist in com/example/radiusapi/mapper/OfflineUserMapper.java (best guess)
### The error may involve defaultParameterMap
### The error occurred while setting parameters
### SQL: SELECT COUNT(*) FROM (SELECT  radacctid,acctsessionid,acctuniqueid,username,realm,nasidentifier,nasipaddress,nasportid,nasporttype,acctstarttime,acctupdatetime,acctstoptime,acctinterval,acctsessiontime,acctauthentic,connectinfo_start,connectinfo_stop,acctinputoctets,acctoutputoctets,calledstationid,callingstationid,acctterminatecause,servicetype,framedprotocol,framedipaddress,framedipv6address,framedipv6prefix,framedinterfaceid,delegatedipv6prefix,_class  FROM offline_user     WHERE (realm = ? AND `acctstarttime` >= ? AND ``acctstoptime`` <= ?)) TOTAL
### Cause: com.mysql.jdbc.exceptions.jdbc4.MySQLSyntaxErrorException: You have an error in your SQL syntax; check the manual that corresponds to your MySQL server version for the right syntax to use near 'acctstoptime`` <= '2023-01-07 00:00:00')) TOTAL' at line 3
; bad SQL grammar []; nested exception is com.mysql.jdbc.exceptions.jdbc4.MySQLSyntaxErrorException: You have an error in your SQL syntax; check the manual that corresponds to your MySQL server version for the right syntax to use near 'acctstoptime`` <= '2023-01-07 00:00:00')) TOTAL' at line 3
