2022-12-03 05:42:28.852 [restartedMain] INFO  com.example.radiusapi.RadiusApiApplication - Starting RadiusApiApplication using Java 18.0.1.1 on MSI with PID 25740 (C:\Users\20786\IdeaProjects\radiusApi\target\classes started by 20786 in C:\Users\20786\IdeaProjects\radiusApi)
2022-12-03 05:42:28.888 [restartedMain] INFO  com.example.radiusapi.RadiusApiApplication - No active profile set, falling back to 1 default profile: "default"
2022-12-03 05:42:31.471 [restartedMain] INFO  org.apache.coyote.http11.Http11NioProtocol - Initializing ProtocolHandler ["http-nio-8088"]
2022-12-03 05:42:31.472 [restartedMain] INFO  org.apache.catalina.core.StandardService - Starting service [Tomcat]
2022-12-03 05:42:31.474 [restartedMain] INFO  org.apache.catalina.core.StandardEngine - Starting Servlet engine: [Apache Tomcat/9.0.65]
2022-12-03 05:42:31.625 [restartedMain] INFO  org.apache.catalina.core.ContainerBase.[Tomcat].[localhost].[/] - Initializing Spring embedded WebApplicationContext
2022-12-03 05:42:31.856 [restartedMain] INFO  com.alibaba.druid.spring.boot.autoconfigure.DruidDataSourceAutoConfigure - Init DruidDataSource
2022-12-03 05:42:31.975 [restartedMain] INFO  com.alibaba.druid.pool.DruidDataSource - {dataSource-1} inited
2022-12-03 05:42:33.603 [restartedMain] INFO  org.apache.coyote.http11.Http11NioProtocol - Starting ProtocolHandler ["http-nio-8088"]
2022-12-03 05:42:34.131 [restartedMain] INFO  com.example.radiusapi.RadiusApiApplication - Started RadiusApiApplication in 5.774 seconds (JVM running for 7.29)
2022-12-03 05:42:34.144 [restartedMain] INFO  com.example.radiusapi.RadiusApiApplication.main() Line: 23 - application is  started  .......
2022-12-03 05:42:44.114 [http-nio-8088-exec-1] INFO  org.apache.catalina.core.ContainerBase.[Tomcat].[localhost].[/] - Initializing Spring DispatcherServlet 'dispatcherServlet'
2022-12-03 05:42:44.169 [http-nio-8088-exec-3] INFO  com.example.radiusapi.controller.AdminController - logout()
2022-12-03 05:42:44.229 [http-nio-8088-exec-3] INFO  com.example.radiusapi.controller.AdminController - 
2022-12-03 05:42:45.336 [http-nio-8088-exec-4] INFO  com.example.radiusapi.controller.AdminController - login({username=admin, password=123456})
2022-12-03 05:42:45.776 [http-nio-8088-exec-4] INFO  com.example.radiusapi.controller.AdminController - result=Result(success=true, code=20000, message=sucess, data={token=eyJ0eXAiOiJKV1QiLCJhbGciOiJIUzI1NiJ9.eyJ1c2VyQWNjb3VudCI6ImFkbWluIiwiaXNzIjoiYXV0aDAiLCJleHAiOjE2NzAwNTMzNjV9.rrYF2IVqTuToJB9lwAQ5w1o-AQp2eKcw0GXoS3HlQ38})
2022-12-03 05:42:45.804 [http-nio-8088-exec-9] INFO  com.example.radiusapi.controller.AdminController - info(eyJ0eXAiOiJKV1QiLCJhbGciOiJIUzI1NiJ9.eyJ1c2VyQWNjb3VudCI6ImFkbWluIiwiaXNzIjoiYXV0aDAiLCJleHAiOjE2NzAwNTMzNjV9.rrYF2IVqTuToJB9lwAQ5w1o-AQp2eKcw0GXoS3HlQ38)
2022-12-03 05:42:45.811 [http-nio-8088-exec-9] INFO  com.example.radiusapi.controller.AdminController - Result=Result(success=true, code=20000, message=sucess, data={roles=admin, name=admin, avatar=, nodeid=81034dad-ccc5-4bb9-8020-9424bc5b0eac, introduction=superUser})
2022-12-03 05:42:45.981 [http-nio-8088-exec-8] INFO  com.example.radiusapi.controller.SidebarTreeController - GetTreeNodeList(81034dad-ccc5-4bb9-8020-9424bc5b0eac)
2022-12-03 05:42:45.999 [http-nio-8088-exec-8] INFO  com.example.radiusapi.controller.SidebarTreeController - result=Result(success=true, code=20000, message=sucess, data={data=[SidebarTree(id=9580ce07-0c5c-44b7-a46d-239c57dbd19c, label=1-1, type=1, owner=admin, pid=81034dad-ccc5-4bb9-8020-9424bc5b0eac), SidebarTree(id=5d430d61-b277-4f6d-a916-27747e8f87b8, label=new item, type=0, owner=admin, pid=9580ce07-0c5c-44b7-a46d-239c57dbd19c), SidebarTree(id=4b622c9b-eee1-4044-b83e-63cc4e743b69, label=上网账号, type=4, owner=null, pid=5d430d61-b277-4f6d-a916-27747e8f87b8), SidebarTree(id=aa0671b4-0503-4c8f-b725-baba8f71666c, label=设备对接, type=3, owner=null, pid=5d430d61-b277-4f6d-a916-27747e8f87b8), SidebarTree(id=b717cab0-c14e-43a3-9096-f70d1ef731e6, label=在线用户, type=8, owner=null, pid=5d430d61-b277-4f6d-a916-27747e8f87b8), SidebarTree(id=b7ef0b55-71db-4134-b344-041ac9a85835, label=上网记录, type=5, owner=null, pid=5d430d61-b277-4f6d-a916-27747e8f87b8), SidebarTree(id=8765abe5-1685-447b-ad5d-b5e7439cbcc2, label=new folder, type=1, owner=admin, pid=9580ce07-0c5c-44b7-a46d-239c57dbd19c), SidebarTree(id=81034dad-ccc5-4bb9-8020-9424bc5b0eac, label=根节点, type=1, owner=admin, pid=81034dad-ccc5-4bb9-8020-9424bc5bccc)]})
2022-12-03 05:42:47.950 [http-nio-8088-exec-7] INFO  com.example.radiusapi.controller.RealmController - GetRealms(5d430d61-b277-4f6d-a916-27747e8f87b8)
2022-12-03 05:42:47.955 [http-nio-8088-exec-7] INFO  com.example.radiusapi.controller.RealmController - result=Result(success=true, code=20000, message=sucess, data={data=[Realm(id=bf9b75d1e4bcefe0fb7984f2c36076ea, node_pid=null, realm=@test)]})
2022-12-03 05:42:47.975 [http-nio-8088-exec-3] INFO  com.example.radiusapi.controller.OfflineUserController - GetOfflineUser(,@test)
2022-12-03 05:42:48.056 [http-nio-8088-exec-3] INFO  com.example.radiusapi.controller.OfflineUserController - result=Result(success=true, code=20000, message=sucess, data={data=com.baomidou.mybatisplus.extension.plugins.pagination.Page@31f8fe2c})
2022-12-03 05:42:51.522 [http-nio-8088-exec-2] INFO  com.example.radiusapi.controller.RealmController - GetRealms(5d430d61-b277-4f6d-a916-27747e8f87b8)
2022-12-03 05:42:51.525 [http-nio-8088-exec-2] INFO  com.example.radiusapi.controller.RealmController - result=Result(success=true, code=20000, message=sucess, data={data=[Realm(id=bf9b75d1e4bcefe0fb7984f2c36076ea, node_pid=null, realm=@test)]})
2022-12-03 05:42:51.792 [http-nio-8088-exec-4] INFO  com.example.radiusapi.controller.RealmController - GetRealms(5d430d61-b277-4f6d-a916-27747e8f87b8)
2022-12-03 05:42:51.797 [http-nio-8088-exec-4] INFO  com.example.radiusapi.controller.RealmController - result=Result(success=true, code=20000, message=sucess, data={data=[Realm(id=bf9b75d1e4bcefe0fb7984f2c36076ea, node_pid=null, realm=@test)]})
2022-12-03 05:42:51.844 [http-nio-8088-exec-9] INFO  com.example.radiusapi.controller.OnlineUserController - GetOnlineUser(,@test)
2022-12-03 05:42:51.857 [http-nio-8088-exec-9] INFO  com.example.radiusapi.controller.OnlineUserController - result=Result(success=true, code=20000, message=sucess, data={data=com.baomidou.mybatisplus.extension.plugins.pagination.Page@41edd1af})
2022-12-03 05:43:23.812 [http-nio-8088-exec-10] INFO  com.example.radiusapi.controller.RealmController - GetRealms(5d430d61-b277-4f6d-a916-27747e8f87b8)
2022-12-03 05:43:23.815 [http-nio-8088-exec-10] INFO  com.example.radiusapi.controller.RealmController - result=Result(success=true, code=20000, message=sucess, data={data=[Realm(id=bf9b75d1e4bcefe0fb7984f2c36076ea, node_pid=null, realm=@test)]})
2022-12-03 05:43:24.000 [http-nio-8088-exec-8] INFO  com.example.radiusapi.controller.RealmController - GetRealms(5d430d61-b277-4f6d-a916-27747e8f87b8)
2022-12-03 05:43:24.004 [http-nio-8088-exec-8] INFO  com.example.radiusapi.controller.RealmController - result=Result(success=true, code=20000, message=sucess, data={data=[Realm(id=bf9b75d1e4bcefe0fb7984f2c36076ea, node_pid=null, realm=@test)]})
2022-12-03 05:43:24.026 [http-nio-8088-exec-6] INFO  com.example.radiusapi.controller.OnlineUserController - GetOnlineUser(,@test)
2022-12-03 05:43:24.042 [http-nio-8088-exec-6] INFO  com.example.radiusapi.controller.OnlineUserController - result=Result(success=true, code=20000, message=sucess, data={data=com.baomidou.mybatisplus.extension.plugins.pagination.Page@6de965f1})
2022-12-03 05:43:33.993 [http-nio-8088-exec-7] INFO  com.example.radiusapi.controller.RealmController - GetRealms(5d430d61-b277-4f6d-a916-27747e8f87b8)
2022-12-03 05:43:33.997 [http-nio-8088-exec-7] INFO  com.example.radiusapi.controller.RealmController - result=Result(success=true, code=20000, message=sucess, data={data=[Realm(id=bf9b75d1e4bcefe0fb7984f2c36076ea, node_pid=null, realm=@test)]})
2022-12-03 05:43:34.027 [http-nio-8088-exec-1] INFO  com.example.radiusapi.controller.OnlineUserController - GetOnlineUser(,@test)
2022-12-03 05:43:34.033 [http-nio-8088-exec-1] INFO  com.example.radiusapi.controller.OnlineUserController - result=Result(success=true, code=20000, message=sucess, data={data=com.baomidou.mybatisplus.extension.plugins.pagination.Page@1bd99a52})
2022-12-03 05:43:36.457 [http-nio-8088-exec-3] INFO  com.example.radiusapi.controller.RealmController - GetRealms(5d430d61-b277-4f6d-a916-27747e8f87b8)
2022-12-03 05:43:36.460 [http-nio-8088-exec-3] INFO  com.example.radiusapi.controller.RealmController - result=Result(success=true, code=20000, message=sucess, data={data=[Realm(id=bf9b75d1e4bcefe0fb7984f2c36076ea, node_pid=null, realm=@test)]})
2022-12-03 05:43:36.475 [http-nio-8088-exec-2] INFO  com.example.radiusapi.controller.OfflineUserController - GetOfflineUser(,@test)
2022-12-03 05:43:36.483 [http-nio-8088-exec-2] INFO  com.example.radiusapi.controller.OfflineUserController - result=Result(success=true, code=20000, message=sucess, data={data=com.baomidou.mybatisplus.extension.plugins.pagination.Page@261dc4a1})
