2022-12-15 04:09:57.273 [http-nio-8088-exec-10] INFO  com.example.radiusapi.controller.AdminController - logout()
2022-12-15 04:09:57.314 [http-nio-8088-exec-10] INFO  com.example.radiusapi.controller.AdminController - 
2022-12-15 04:09:58.422 [http-nio-8088-exec-2] INFO  com.example.radiusapi.controller.AdminController - login({username=admin, password=123456})
2022-12-15 04:09:58.568 [http-nio-8088-exec-2] INFO  com.example.radiusapi.controller.AdminController - result=Result(success=true, code=20000, message=sucess, data={token=eyJ0eXAiOiJKV1QiLCJhbGciOiJIUzI1NiJ9.eyJ1c2VyQWNjb3VudCI6ImFkbWluIiwiaXNzIjoiYXV0aDAiLCJleHAiOjE2NzEwODQ1OTh9.y-ommxWIeRMeD1ohz9VyNj4n0FdLhonwPpZxxYd3psU})
2022-12-15 04:09:58.597 [http-nio-8088-exec-4] INFO  com.example.radiusapi.controller.AdminController - info(eyJ0eXAiOiJKV1QiLCJhbGciOiJIUzI1NiJ9.eyJ1c2VyQWNjb3VudCI6ImFkbWluIiwiaXNzIjoiYXV0aDAiLCJleHAiOjE2NzEwODQ1OTh9.y-ommxWIeRMeD1ohz9VyNj4n0FdLhonwPpZxxYd3psU)
2022-12-15 04:09:58.614 [http-nio-8088-exec-4] INFO  com.example.radiusapi.controller.AdminController - Result=Result(success=true, code=20000, message=sucess, data={roles=admin, name=admin, avatar=, nodeid=81034dad-ccc5-4bb9-8020-9424bc5b0eac, introduction=superUser})
2022-12-15 04:09:58.801 [http-nio-8088-exec-6] INFO  com.example.radiusapi.controller.SidebarTreeController - GetTreeNodeList(81034dad-ccc5-4bb9-8020-9424bc5b0eac)
2022-12-15 04:09:58.812 [http-nio-8088-exec-6] INFO  com.example.radiusapi.controller.SidebarTreeController - result=Result(success=true, code=20000, message=sucess, data={data=[SidebarTree(id=fe3b0289-04b4-49da-8002-f67b00143a1f, label=new folder, type=1, owner=admin, pid=81034dad-ccc5-4bb9-8020-9424bc5b0eac), SidebarTree(id=848ea7e0-03cb-4bf2-97ef-b14d9838b925, label=new item, type=0, owner=admin, pid=fe3b0289-04b4-49da-8002-f67b00143a1f), SidebarTree(id=609dc531-df72-4a5d-8f6a-ce7dd7e8c0fb, label=设备对接, type=3, owner=null, pid=848ea7e0-03cb-4bf2-97ef-b14d9838b925), SidebarTree(id=822c8593-9f20-48cf-8a70-42287a2f1062, label=上网账号, type=4, owner=null, pid=848ea7e0-03cb-4bf2-97ef-b14d9838b925), SidebarTree(id=a1e2a301-db5f-4da9-9156-b7e92b3e0237, label=认证日志, type=9, owner=null, pid=848ea7e0-03cb-4bf2-97ef-b14d9838b925), SidebarTree(id=ba0609bb-39b5-426c-803b-0bf88818009c, label=在线用户, type=8, owner=null, pid=848ea7e0-03cb-4bf2-97ef-b14d9838b925), SidebarTree(id=d5d481ce-44d2-4f7b-9a50-da851a6070f9, label=上网记录, type=5, owner=null, pid=848ea7e0-03cb-4bf2-97ef-b14d9838b925), SidebarTree(id=81034dad-ccc5-4bb9-8020-9424bc5b0eac, label=根节点, type=1, owner=admin, pid=81034dad-ccc5-4bb9-8020-9424bc5bccc)]})
2022-12-15 04:10:01.659 [http-nio-8088-exec-7] INFO  com.example.radiusapi.controller.RealmController - GetRealms(848ea7e0-03cb-4bf2-97ef-b14d9838b925)
2022-12-15 04:10:01.669 [http-nio-8088-exec-7] INFO  com.example.radiusapi.controller.RealmController - result=Result(success=true, code=20000, message=sucess, data={data=[Realm(id=e38d919e4923c2451a0bcb7156dd03bf, node_pid=null, realm=@test)]})
2022-12-15 04:10:01.694 [http-nio-8088-exec-9] INFO  com.example.radiusapi.controller.OnlineUserController - GetOnlineUser(,@test)
2022-12-15 04:10:01.715 [http-nio-8088-exec-9] INFO  com.example.radiusapi.controller.OnlineUserController - result=Result(success=true, code=20000, message=sucess, data={data=com.baomidou.mybatisplus.extension.plugins.pagination.Page@75fe049})
2022-12-15 04:10:03.383 [http-nio-8088-exec-10] INFO  com.example.radiusapi.controller.RealmController - GetRealms(848ea7e0-03cb-4bf2-97ef-b14d9838b925)
2022-12-15 04:10:03.394 [http-nio-8088-exec-10] INFO  com.example.radiusapi.controller.RealmController - result=Result(success=true, code=20000, message=sucess, data={data=[Realm(id=e38d919e4923c2451a0bcb7156dd03bf, node_pid=null, realm=@test)]})
2022-12-15 04:10:03.437 [http-nio-8088-exec-2] INFO  com.example.radiusapi.controller.OfflineUserController - GetOfflineUser(,@test,,,2022-12-14T20:10:03.366Z，2022-12-15T20:10:03.366Z)
2022-12-15 04:10:03.478 [http-nio-8088-exec-2] INFO  com.example.radiusapi.controller.OfflineUserController - result=Result(success=true, code=20000, message=sucess, data={data=com.baomidou.mybatisplus.extension.plugins.pagination.Page@7aaad5e6})
2022-12-15 04:10:06.229 [http-nio-8088-exec-3] INFO  com.example.radiusapi.controller.RealmController - GetRealms(848ea7e0-03cb-4bf2-97ef-b14d9838b925)
2022-12-15 04:10:06.235 [http-nio-8088-exec-3] INFO  com.example.radiusapi.controller.RealmController - result=Result(success=true, code=20000, message=sucess, data={data=[Realm(id=e38d919e4923c2451a0bcb7156dd03bf, node_pid=null, realm=@test)]})
2022-12-15 04:10:06.265 [http-nio-8088-exec-5] INFO  com.example.radiusapi.controller.RadpostauthController - GetRadpostauth(,@test,,,，2022-12-14T20:10:06.200Z，2022-12-15T20:10:06.200Z)
2022-12-15 04:10:06.272 [http-nio-8088-exec-5] INFO  com.example.radiusapi.controller.RadpostauthController - result=Result(success=true, code=20000, message=sucess, data={data=com.baomidou.mybatisplus.extension.plugins.pagination.Page@1747ae52})
2022-12-15 04:10:07.839 [http-nio-8088-exec-6] INFO  com.example.radiusapi.controller.RealmController - GetRealms(848ea7e0-03cb-4bf2-97ef-b14d9838b925)
2022-12-15 04:10:07.841 [http-nio-8088-exec-6] INFO  com.example.radiusapi.controller.RealmController - result=Result(success=true, code=20000, message=sucess, data={data=[Realm(id=e38d919e4923c2451a0bcb7156dd03bf, node_pid=null, realm=@test)]})
2022-12-15 04:10:07.868 [http-nio-8088-exec-8] INFO  com.example.radiusapi.controller.AccountInfoController - GetAccountInfo(,@test)
2022-12-15 04:10:07.889 [http-nio-8088-exec-8] INFO  com.example.radiusapi.controller.AccountInfoController - result=Result(success=true, code=20000, message=sucess, data={data=com.baomidou.mybatisplus.extension.plugins.pagination.Page@5750cebb})
2022-12-15 04:10:08.350 [http-nio-8088-exec-9] INFO  com.example.radiusapi.controller.RealmController - GetRealms(848ea7e0-03cb-4bf2-97ef-b14d9838b925)
2022-12-15 04:10:08.353 [http-nio-8088-exec-9] INFO  com.example.radiusapi.controller.RealmController - result=Result(success=true, code=20000, message=sucess, data={data=[Realm(id=e38d919e4923c2451a0bcb7156dd03bf, node_pid=null, realm=@test)]})
2022-12-15 04:10:08.373 [http-nio-8088-exec-1] INFO  com.example.radiusapi.controller.RadpostauthController - GetRadpostauth(,@test,,,，2022-12-14T20:10:08.333Z，2022-12-15T20:10:08.333Z)
2022-12-15 04:10:08.378 [http-nio-8088-exec-1] INFO  com.example.radiusapi.controller.RadpostauthController - result=Result(success=true, code=20000, message=sucess, data={data=com.baomidou.mybatisplus.extension.plugins.pagination.Page@52b0ca48})
2022-12-15 04:10:10.942 [http-nio-8088-exec-2] INFO  com.example.radiusapi.controller.RealmController - GetRealms(848ea7e0-03cb-4bf2-97ef-b14d9838b925)
2022-12-15 04:10:10.955 [http-nio-8088-exec-2] INFO  com.example.radiusapi.controller.RealmController - result=Result(success=true, code=20000, message=sucess, data={data=[Realm(id=e38d919e4923c2451a0bcb7156dd03bf, node_pid=null, realm=@test)]})
2022-12-15 04:10:10.981 [http-nio-8088-exec-4] INFO  com.example.radiusapi.controller.OfflineUserController - GetOfflineUser(,@test,,,2022-12-14T20:10:10.919Z，2022-12-15T20:10:10.919Z)
2022-12-15 04:10:10.999 [http-nio-8088-exec-4] INFO  com.example.radiusapi.controller.OfflineUserController - result=Result(success=true, code=20000, message=sucess, data={data=com.baomidou.mybatisplus.extension.plugins.pagination.Page@bf924d5})
2022-12-15 04:10:11.844 [http-nio-8088-exec-5] INFO  com.example.radiusapi.controller.RealmController - GetRealms(848ea7e0-03cb-4bf2-97ef-b14d9838b925)
2022-12-15 04:10:11.847 [http-nio-8088-exec-5] INFO  com.example.radiusapi.controller.RealmController - result=Result(success=true, code=20000, message=sucess, data={data=[Realm(id=e38d919e4923c2451a0bcb7156dd03bf, node_pid=null, realm=@test)]})
2022-12-15 04:10:11.893 [http-nio-8088-exec-7] INFO  com.example.radiusapi.controller.RadpostauthController - GetRadpostauth(,@test,,,，2022-12-14T20:10:11.830Z，2022-12-15T20:10:11.830Z)
2022-12-15 04:10:11.904 [http-nio-8088-exec-7] INFO  com.example.radiusapi.controller.RadpostauthController - result=Result(success=true, code=20000, message=sucess, data={data=com.baomidou.mybatisplus.extension.plugins.pagination.Page@d199fb0})
2022-12-15 04:10:12.117 [http-nio-8088-exec-8] INFO  com.example.radiusapi.controller.RealmController - GetRealms(848ea7e0-03cb-4bf2-97ef-b14d9838b925)
2022-12-15 04:10:12.121 [http-nio-8088-exec-8] INFO  com.example.radiusapi.controller.RealmController - result=Result(success=true, code=20000, message=sucess, data={data=[Realm(id=e38d919e4923c2451a0bcb7156dd03bf, node_pid=null, realm=@test)]})
2022-12-15 04:10:12.142 [http-nio-8088-exec-9] INFO  com.example.radiusapi.controller.OnlineUserController - GetOnlineUser(,@test)
2022-12-15 04:10:12.152 [http-nio-8088-exec-9] INFO  com.example.radiusapi.controller.OnlineUserController - result=Result(success=true, code=20000, message=sucess, data={data=com.baomidou.mybatisplus.extension.plugins.pagination.Page@22729189})
2022-12-15 04:10:13.577 [http-nio-8088-exec-10] INFO  com.example.radiusapi.controller.RealmController - GetRealms(848ea7e0-03cb-4bf2-97ef-b14d9838b925)
2022-12-15 04:10:13.581 [http-nio-8088-exec-10] INFO  com.example.radiusapi.controller.RealmController - result=Result(success=true, code=20000, message=sucess, data={data=[Realm(id=e38d919e4923c2451a0bcb7156dd03bf, node_pid=null, realm=@test)]})
2022-12-15 04:10:13.607 [http-nio-8088-exec-2] INFO  com.example.radiusapi.controller.OfflineUserController - GetOfflineUser(,@test,,,2022-12-14T20:10:13.550Z，2022-12-15T20:10:13.550Z)
2022-12-15 04:10:13.622 [http-nio-8088-exec-2] INFO  com.example.radiusapi.controller.OfflineUserController - result=Result(success=true, code=20000, message=sucess, data={data=com.baomidou.mybatisplus.extension.plugins.pagination.Page@2276484})
2022-12-15 04:10:19.463 [http-nio-8088-exec-4] INFO  com.example.radiusapi.controller.OfflineUserController - GetOfflineUser(,@test,,,2022-12-14T16:00:00.000Z，2022-12-15T16:00:00.000Z)
2022-12-15 04:10:19.471 [http-nio-8088-exec-4] INFO  com.example.radiusapi.controller.OfflineUserController - result=Result(success=true, code=20000, message=sucess, data={data=com.baomidou.mybatisplus.extension.plugins.pagination.Page@724cd367})
2022-12-15 04:10:27.758 [http-nio-8088-exec-6] INFO  com.example.radiusapi.controller.OfflineUserController - GetOfflineUser(,@test,,,2022-11-14T16:00:00.000Z，2022-12-15T16:00:00.000Z)
2022-12-15 04:10:27.769 [http-nio-8088-exec-6] INFO  com.example.radiusapi.controller.OfflineUserController - result=Result(success=true, code=20000, message=sucess, data={data=com.baomidou.mybatisplus.extension.plugins.pagination.Page@1e771d7a})
2022-12-15 04:10:42.472 [http-nio-8088-exec-7] INFO  com.example.radiusapi.controller.RealmController - GetRealms(848ea7e0-03cb-4bf2-97ef-b14d9838b925)
2022-12-15 04:10:42.483 [http-nio-8088-exec-7] INFO  com.example.radiusapi.controller.RealmController - result=Result(success=true, code=20000, message=sucess, data={data=[Realm(id=e38d919e4923c2451a0bcb7156dd03bf, node_pid=null, realm=@test)]})
2022-12-15 04:10:42.506 [http-nio-8088-exec-9] INFO  com.example.radiusapi.controller.RadpostauthController - GetRadpostauth(,@test,,,，2022-12-14T20:10:42.456Z，2022-12-15T20:10:42.456Z)
2022-12-15 04:10:42.513 [http-nio-8088-exec-9] INFO  com.example.radiusapi.controller.RadpostauthController - result=Result(success=true, code=20000, message=sucess, data={data=com.baomidou.mybatisplus.extension.plugins.pagination.Page@10f46a04})
2022-12-15 04:10:49.308 [http-nio-8088-exec-1] INFO  com.example.radiusapi.controller.RadpostauthController - GetRadpostauth(,@test,,,，2022-12-12T16:00:00.000Z，2022-12-15T16:00:00.000Z)
2022-12-15 04:10:49.313 [http-nio-8088-exec-1] INFO  com.example.radiusapi.controller.RadpostauthController - result=Result(success=true, code=20000, message=sucess, data={data=com.baomidou.mybatisplus.extension.plugins.pagination.Page@1389ab55})
2022-12-15 04:10:51.702 [http-nio-8088-exec-2] INFO  com.example.radiusapi.controller.RadpostauthController - GetRadpostauth(,@test,,,，2022-12-12T16:00:00.000Z，2022-12-15T16:00:00.000Z)
2022-12-15 04:10:51.711 [http-nio-8088-exec-2] INFO  com.example.radiusapi.controller.RadpostauthController - result=Result(success=true, code=20000, message=sucess, data={data=com.baomidou.mybatisplus.extension.plugins.pagination.Page@6b77e2c0})
2022-12-15 04:10:53.074 [http-nio-8088-exec-3] INFO  com.example.radiusapi.controller.RadpostauthController - GetRadpostauth(,@test,,,，2022-12-12T16:00:00.000Z，2022-12-15T16:00:00.000Z)
2022-12-15 04:10:53.078 [http-nio-8088-exec-3] INFO  com.example.radiusapi.controller.RadpostauthController - result=Result(success=true, code=20000, message=sucess, data={data=com.baomidou.mybatisplus.extension.plugins.pagination.Page@10df56d})
2022-12-15 04:11:01.723 [http-nio-8088-exec-4] INFO  com.example.radiusapi.controller.RealmController - GetRealms(848ea7e0-03cb-4bf2-97ef-b14d9838b925)
2022-12-15 04:11:01.727 [http-nio-8088-exec-4] INFO  com.example.radiusapi.controller.RealmController - result=Result(success=true, code=20000, message=sucess, data={data=[Realm(id=e38d919e4923c2451a0bcb7156dd03bf, node_pid=null, realm=@test)]})
2022-12-15 04:11:01.785 [http-nio-8088-exec-5] INFO  com.example.radiusapi.controller.AccountInfoController - GetAccountInfo(,@test)
2022-12-15 04:11:01.810 [http-nio-8088-exec-5] INFO  com.example.radiusapi.controller.AccountInfoController - result=Result(success=true, code=20000, message=sucess, data={data=com.baomidou.mybatisplus.extension.plugins.pagination.Page@182794af})
2022-12-15 04:11:02.301 [http-nio-8088-exec-6] INFO  com.example.radiusapi.controller.RealmController - GetRealms(848ea7e0-03cb-4bf2-97ef-b14d9838b925)
2022-12-15 04:11:02.304 [http-nio-8088-exec-6] INFO  com.example.radiusapi.controller.RealmController - result=Result(success=true, code=20000, message=sucess, data={data=[Realm(id=e38d919e4923c2451a0bcb7156dd03bf, node_pid=null, realm=@test)]})
2022-12-15 04:11:02.327 [http-nio-8088-exec-8] INFO  com.example.radiusapi.controller.RadpostauthController - GetRadpostauth(,@test,,,，2022-12-14T20:11:02.286Z，2022-12-15T20:11:02.286Z)
2022-12-15 04:11:02.333 [http-nio-8088-exec-8] INFO  com.example.radiusapi.controller.RadpostauthController - result=Result(success=true, code=20000, message=sucess, data={data=com.baomidou.mybatisplus.extension.plugins.pagination.Page@425fe04})
2022-12-15 06:51:15.658 [http-nio-8088-exec-1] INFO  com.example.radiusapi.controller.RealmController - GetRealms(848ea7e0-03cb-4bf2-97ef-b14d9838b925)
2022-12-15 06:51:15.703 [http-nio-8088-exec-1] INFO  com.example.radiusapi.controller.RealmController - result=Result(success=true, code=20000, message=sucess, data={data=[Realm(id=e38d919e4923c2451a0bcb7156dd03bf, node_pid=null, realm=@test)]})
2022-12-15 06:51:15.735 [http-nio-8088-exec-3] INFO  com.example.radiusapi.controller.AccountInfoController - GetAccountInfo(,@test)
2022-12-15 06:51:15.749 [http-nio-8088-exec-3] INFO  com.example.radiusapi.controller.AccountInfoController - result=Result(success=true, code=20000, message=sucess, data={data=com.baomidou.mybatisplus.extension.plugins.pagination.Page@58c7eb27})
2022-12-15 06:51:30.952 [http-nio-8088-exec-5] INFO  com.example.radiusapi.controller.AccountInfoController - UpdateAccount(AccountInfo(id=1602419559736827905, UserName=test, realm=@test, UserPassword=test, AuthMode=0, IsFrozen=false, AdminName=admin, ValidDate=Tue Dec 13 05:46:09 GMT+08:00 2022, ModifyDate=Tue Dec 13 05:46:09 GMT+08:00 2022, ExpireDate=null, SecondRemain=0, ByteRemain=0, SimualUseLimit=1, MaxSessionTimeout=0, InboundCar=0, OutboundCar=0, QosProfile=, UpdateInterval=1800))
2022-12-15 06:51:31.003 [http-nio-8088-exec-5] INFO  com.example.radiusapi.controller.AccountInfoController - result=Result(success=true, code=20000, message=sucess, data={})
2022-12-15 06:51:31.023 [http-nio-8088-exec-6] INFO  com.example.radiusapi.controller.AccountInfoController - GetAccountInfo(,@test)
2022-12-15 06:51:31.031 [http-nio-8088-exec-6] INFO  com.example.radiusapi.controller.AccountInfoController - result=Result(success=true, code=20000, message=sucess, data={data=com.baomidou.mybatisplus.extension.plugins.pagination.Page@43c022a5})
2022-12-15 06:51:33.505 [http-nio-8088-exec-7] INFO  com.example.radiusapi.controller.RealmController - GetRealms(848ea7e0-03cb-4bf2-97ef-b14d9838b925)
2022-12-15 06:51:33.508 [http-nio-8088-exec-7] INFO  com.example.radiusapi.controller.RealmController - result=Result(success=true, code=20000, message=sucess, data={data=[Realm(id=e38d919e4923c2451a0bcb7156dd03bf, node_pid=null, realm=@test)]})
2022-12-15 06:51:33.525 [http-nio-8088-exec-9] INFO  com.example.radiusapi.controller.OnlineUserController - GetOnlineUser(,@test)
2022-12-15 06:51:33.530 [http-nio-8088-exec-9] INFO  com.example.radiusapi.controller.OnlineUserController - result=Result(success=true, code=20000, message=sucess, data={data=com.baomidou.mybatisplus.extension.plugins.pagination.Page@35770935})
2022-12-15 06:51:40.976 [http-nio-8088-exec-10] INFO  com.example.radiusapi.controller.RealmController - GetRealms(848ea7e0-03cb-4bf2-97ef-b14d9838b925)
2022-12-15 06:51:40.981 [http-nio-8088-exec-10] INFO  com.example.radiusapi.controller.RealmController - result=Result(success=true, code=20000, message=sucess, data={data=[Realm(id=e38d919e4923c2451a0bcb7156dd03bf, node_pid=null, realm=@test)]})
2022-12-15 06:51:41.018 [http-nio-8088-exec-2] INFO  com.example.radiusapi.controller.OfflineUserController - GetOfflineUser(,@test,,,2022-12-14T22:51:40.960Z，2022-12-15T22:51:40.960Z)
2022-12-15 06:51:41.038 [http-nio-8088-exec-2] INFO  com.example.radiusapi.controller.OfflineUserController - result=Result(success=true, code=20000, message=sucess, data={data=com.baomidou.mybatisplus.extension.plugins.pagination.Page@1c5c6621})
2022-12-15 07:11:20.529 [http-nio-8088-exec-4] INFO  com.example.radiusapi.controller.RealmController - GetRealms(848ea7e0-03cb-4bf2-97ef-b14d9838b925)
2022-12-15 07:11:20.539 [http-nio-8088-exec-4] INFO  com.example.radiusapi.controller.RealmController - result=Result(success=true, code=20000, message=sucess, data={data=[Realm(id=e38d919e4923c2451a0bcb7156dd03bf, node_pid=null, realm=@test)]})
2022-12-15 07:11:20.577 [http-nio-8088-exec-6] INFO  com.example.radiusapi.controller.RadpostauthController - GetRadpostauth(,@test,,,，2022-12-14T23:11:20.487Z，2022-12-15T23:11:20.487Z)
2022-12-15 07:11:20.603 [http-nio-8088-exec-6] INFO  com.example.radiusapi.controller.RadpostauthController - result=Result(success=true, code=20000, message=sucess, data={data=com.baomidou.mybatisplus.extension.plugins.pagination.Page@1af78b5a})
2022-12-15 07:11:49.499 [http-nio-8088-exec-7] INFO  com.example.radiusapi.controller.RadpostauthController - GetRadpostauth(,@test,,,，2022-12-14T23:11:20.487Z，2022-12-15T23:11:20.487Z)
2022-12-15 07:11:49.504 [http-nio-8088-exec-7] INFO  com.example.radiusapi.controller.RadpostauthController - result=Result(success=true, code=20000, message=sucess, data={data=com.baomidou.mybatisplus.extension.plugins.pagination.Page@5375647})
2022-12-15 07:12:20.803 [http-nio-8088-exec-8] INFO  com.example.radiusapi.controller.RadpostauthController - GetRadpostauth(,@test,,,，2022-12-14T23:11:20.487Z，2022-12-15T23:11:20.487Z)
2022-12-15 07:12:20.812 [http-nio-8088-exec-8] INFO  com.example.radiusapi.controller.RadpostauthController - result=Result(success=true, code=20000, message=sucess, data={data=com.baomidou.mybatisplus.extension.plugins.pagination.Page@2df291e4})
2022-12-15 07:12:26.523 [http-nio-8088-exec-10] INFO  com.example.radiusapi.controller.RadpostauthController - GetRadpostauth(,@test,,,，2022-12-14T23:11:20.487Z，2022-12-15T23:11:20.487Z)
2022-12-15 07:12:26.532 [http-nio-8088-exec-10] INFO  com.example.radiusapi.controller.RadpostauthController - result=Result(success=true, code=20000, message=sucess, data={data=com.baomidou.mybatisplus.extension.plugins.pagination.Page@6e181e7a})
2022-12-15 07:12:28.113 [http-nio-8088-exec-1] INFO  com.example.radiusapi.controller.RadpostauthController - GetRadpostauth(,@test,,,，2022-12-14T23:11:20.487Z，2022-12-15T23:11:20.487Z)
2022-12-15 07:12:28.118 [http-nio-8088-exec-1] INFO  com.example.radiusapi.controller.RadpostauthController - result=Result(success=true, code=20000, message=sucess, data={data=com.baomidou.mybatisplus.extension.plugins.pagination.Page@3bca849a})
2022-12-15 07:14:25.440 [http-nio-8088-exec-4] INFO  com.example.radiusapi.controller.AdminController - login({username=admin, password=123456})
2022-12-15 07:14:25.450 [http-nio-8088-exec-4] INFO  com.example.radiusapi.controller.AdminController - result=Result(success=true, code=20000, message=sucess, data={token=eyJ0eXAiOiJKV1QiLCJhbGciOiJIUzI1NiJ9.eyJ1c2VyQWNjb3VudCI6ImFkbWluIiwiaXNzIjoiYXV0aDAiLCJleHAiOjE2NzEwOTU2NjV9.D41bSAmRIgvVwxPIHp4FHIimL947I4JF2TGYqZP0x_Q})
2022-12-15 07:14:25.476 [http-nio-8088-exec-6] INFO  com.example.radiusapi.controller.AdminController - info(eyJ0eXAiOiJKV1QiLCJhbGciOiJIUzI1NiJ9.eyJ1c2VyQWNjb3VudCI6ImFkbWluIiwiaXNzIjoiYXV0aDAiLCJleHAiOjE2NzEwOTU2NjV9.D41bSAmRIgvVwxPIHp4FHIimL947I4JF2TGYqZP0x_Q)
2022-12-15 07:14:25.488 [http-nio-8088-exec-6] INFO  com.example.radiusapi.controller.AdminController - Result=Result(success=true, code=20000, message=sucess, data={roles=admin, name=admin, avatar=, nodeid=81034dad-ccc5-4bb9-8020-9424bc5b0eac, introduction=superUser})
2022-12-15 07:14:26.022 [http-nio-8088-exec-9] INFO  com.example.radiusapi.controller.SidebarTreeController - GetTreeNodeList(81034dad-ccc5-4bb9-8020-9424bc5b0eac)
2022-12-15 07:14:26.027 [http-nio-8088-exec-9] INFO  com.example.radiusapi.controller.SidebarTreeController - result=Result(success=true, code=20000, message=sucess, data={data=[SidebarTree(id=fe3b0289-04b4-49da-8002-f67b00143a1f, label=new folder, type=1, owner=admin, pid=81034dad-ccc5-4bb9-8020-9424bc5b0eac), SidebarTree(id=848ea7e0-03cb-4bf2-97ef-b14d9838b925, label=new item, type=0, owner=admin, pid=fe3b0289-04b4-49da-8002-f67b00143a1f), SidebarTree(id=609dc531-df72-4a5d-8f6a-ce7dd7e8c0fb, label=设备对接, type=3, owner=null, pid=848ea7e0-03cb-4bf2-97ef-b14d9838b925), SidebarTree(id=822c8593-9f20-48cf-8a70-42287a2f1062, label=上网账号, type=4, owner=null, pid=848ea7e0-03cb-4bf2-97ef-b14d9838b925), SidebarTree(id=a1e2a301-db5f-4da9-9156-b7e92b3e0237, label=认证日志, type=9, owner=null, pid=848ea7e0-03cb-4bf2-97ef-b14d9838b925), SidebarTree(id=ba0609bb-39b5-426c-803b-0bf88818009c, label=在线用户, type=8, owner=null, pid=848ea7e0-03cb-4bf2-97ef-b14d9838b925), SidebarTree(id=d5d481ce-44d2-4f7b-9a50-da851a6070f9, label=上网记录, type=5, owner=null, pid=848ea7e0-03cb-4bf2-97ef-b14d9838b925), SidebarTree(id=81034dad-ccc5-4bb9-8020-9424bc5b0eac, label=根节点, type=1, owner=admin, pid=81034dad-ccc5-4bb9-8020-9424bc5bccc)]})
2022-12-15 07:14:30.433 [http-nio-8088-exec-2] INFO  com.example.radiusapi.controller.RealmController - GetRealms(848ea7e0-03cb-4bf2-97ef-b14d9838b925)
2022-12-15 07:14:30.437 [http-nio-8088-exec-2] INFO  com.example.radiusapi.controller.RealmController - result=Result(success=true, code=20000, message=sucess, data={data=[Realm(id=e38d919e4923c2451a0bcb7156dd03bf, node_pid=null, realm=@test)]})
2022-12-15 07:14:30.468 [http-nio-8088-exec-4] INFO  com.example.radiusapi.controller.OfflineUserController - GetOfflineUser(,@test,,,2022-12-14T23:14:30.408Z，2022-12-15T23:14:30.408Z)
2022-12-15 07:14:30.480 [http-nio-8088-exec-4] INFO  com.example.radiusapi.controller.OfflineUserController - result=Result(success=true, code=20000, message=sucess, data={data=com.baomidou.mybatisplus.extension.plugins.pagination.Page@26b9ade3})
2022-12-15 13:43:39.421 [SpringApplicationShutdownHook] INFO  com.alibaba.druid.pool.DruidDataSource - {dataSource-2} closing ...
2022-12-15 13:43:39.438 [SpringApplicationShutdownHook] INFO  com.alibaba.druid.pool.DruidDataSource - {dataSource-2} closed
2022-12-15 23:46:29.076 [restartedMain] INFO  com.example.radiusapi.RadiusApiApplication - Starting RadiusApiApplication using Java 18.0.1.1 on MSI with PID 23048 (C:\Users\20786\IdeaProjects\radiusApi\target\classes started by 20786 in C:\Users\20786\IdeaProjects\radiusApi)
2022-12-15 23:46:29.113 [restartedMain] INFO  com.example.radiusapi.RadiusApiApplication - No active profile set, falling back to 1 default profile: "default"
2022-12-15 23:46:32.905 [restartedMain] INFO  org.apache.coyote.http11.Http11NioProtocol - Initializing ProtocolHandler ["http-nio-8088"]
2022-12-15 23:46:32.907 [restartedMain] INFO  org.apache.catalina.core.StandardService - Starting service [Tomcat]
2022-12-15 23:46:32.908 [restartedMain] INFO  org.apache.catalina.core.StandardEngine - Starting Servlet engine: [Apache Tomcat/9.0.65]
2022-12-15 23:46:33.131 [restartedMain] INFO  org.apache.catalina.core.ContainerBase.[Tomcat].[localhost].[/] - Initializing Spring embedded WebApplicationContext
2022-12-15 23:46:33.500 [restartedMain] INFO  com.alibaba.druid.spring.boot.autoconfigure.DruidDataSourceAutoConfigure - Init DruidDataSource
2022-12-15 23:46:33.680 [restartedMain] INFO  com.alibaba.druid.pool.DruidDataSource - {dataSource-1} inited
2022-12-15 23:46:36.252 [restartedMain] INFO  org.apache.coyote.http11.Http11NioProtocol - Starting ProtocolHandler ["http-nio-8088"]
2022-12-15 23:46:37.446 [restartedMain] INFO  com.example.radiusapi.RadiusApiApplication - Started RadiusApiApplication in 9.494 seconds (JVM running for 12.244)
2022-12-15 23:46:37.465 [restartedMain] INFO  com.example.radiusapi.RadiusApiApplication.main() Line: 23 - application is  started  .......
2022-12-15 23:48:51.692 [http-nio-8088-exec-1] INFO  org.apache.catalina.core.ContainerBase.[Tomcat].[localhost].[/] - Initializing Spring DispatcherServlet 'dispatcherServlet'
2022-12-15 23:48:51.838 [http-nio-8088-exec-2] INFO  com.example.radiusapi.controller.AdminController - login({username=admin, password=123456})
2022-12-15 23:48:52.752 [http-nio-8088-exec-2] INFO  com.example.radiusapi.controller.AdminController - result=Result(success=true, code=20000, message=sucess, data={token=eyJ0eXAiOiJKV1QiLCJhbGciOiJIUzI1NiJ9.eyJ1c2VyQWNjb3VudCI6ImFkbWluIiwiaXNzIjoiYXV0aDAiLCJleHAiOjE2NzExNTUzMzJ9.Z5xUnJ9IlEDQSJMqeWONEUijP60k5bmhkPewTAggV7U})
2022-12-15 23:48:52.829 [http-nio-8088-exec-4] INFO  com.example.radiusapi.controller.AdminController - info(eyJ0eXAiOiJKV1QiLCJhbGciOiJIUzI1NiJ9.eyJ1c2VyQWNjb3VudCI6ImFkbWluIiwiaXNzIjoiYXV0aDAiLCJleHAiOjE2NzExNTUzMzJ9.Z5xUnJ9IlEDQSJMqeWONEUijP60k5bmhkPewTAggV7U)
2022-12-15 23:48:52.837 [http-nio-8088-exec-4] INFO  com.example.radiusapi.controller.AdminController - Result=Result(success=true, code=20000, message=sucess, data={roles=admin, name=admin, avatar=, nodeid=81034dad-ccc5-4bb9-8020-9424bc5b0eac, introduction=superUser})
2022-12-15 23:48:53.591 [http-nio-8088-exec-7] INFO  com.example.radiusapi.controller.SidebarTreeController - GetTreeNodeList(81034dad-ccc5-4bb9-8020-9424bc5b0eac)
2022-12-15 23:48:53.614 [http-nio-8088-exec-7] INFO  com.example.radiusapi.controller.SidebarTreeController - result=Result(success=true, code=20000, message=sucess, data={data=[SidebarTree(id=fe3b0289-04b4-49da-8002-f67b00143a1f, label=new folder, type=1, owner=admin, pid=81034dad-ccc5-4bb9-8020-9424bc5b0eac), SidebarTree(id=848ea7e0-03cb-4bf2-97ef-b14d9838b925, label=new item, type=0, owner=admin, pid=fe3b0289-04b4-49da-8002-f67b00143a1f), SidebarTree(id=609dc531-df72-4a5d-8f6a-ce7dd7e8c0fb, label=设备对接, type=3, owner=null, pid=848ea7e0-03cb-4bf2-97ef-b14d9838b925), SidebarTree(id=822c8593-9f20-48cf-8a70-42287a2f1062, label=上网账号, type=4, owner=null, pid=848ea7e0-03cb-4bf2-97ef-b14d9838b925), SidebarTree(id=a1e2a301-db5f-4da9-9156-b7e92b3e0237, label=认证日志, type=9, owner=null, pid=848ea7e0-03cb-4bf2-97ef-b14d9838b925), SidebarTree(id=ba0609bb-39b5-426c-803b-0bf88818009c, label=在线用户, type=8, owner=null, pid=848ea7e0-03cb-4bf2-97ef-b14d9838b925), SidebarTree(id=d5d481ce-44d2-4f7b-9a50-da851a6070f9, label=上网记录, type=5, owner=null, pid=848ea7e0-03cb-4bf2-97ef-b14d9838b925), SidebarTree(id=81034dad-ccc5-4bb9-8020-9424bc5b0eac, label=根节点, type=1, owner=admin, pid=81034dad-ccc5-4bb9-8020-9424bc5bccc)]})
2022-12-15 23:49:50.513 [http-nio-8088-exec-10] INFO  com.example.radiusapi.controller.RealmController - GetRealms(848ea7e0-03cb-4bf2-97ef-b14d9838b925)
2022-12-15 23:49:50.531 [http-nio-8088-exec-10] INFO  com.example.radiusapi.controller.RealmController - result=Result(success=true, code=20000, message=sucess, data={data=[Realm(id=e38d919e4923c2451a0bcb7156dd03bf, node_pid=null, realm=@test)]})
2022-12-15 23:49:50.569 [http-nio-8088-exec-2] INFO  com.example.radiusapi.controller.OnlineUserController - GetOnlineUser(,@test)
2022-12-15 23:49:50.662 [http-nio-8088-exec-2] INFO  com.example.radiusapi.controller.OnlineUserController - result=Result(success=true, code=20000, message=sucess, data={data=com.baomidou.mybatisplus.extension.plugins.pagination.Page@14c3955})
2022-12-15 23:49:52.908 [http-nio-8088-exec-3] INFO  com.example.radiusapi.controller.RealmController - GetRealms(848ea7e0-03cb-4bf2-97ef-b14d9838b925)
2022-12-15 23:49:52.914 [http-nio-8088-exec-3] INFO  com.example.radiusapi.controller.RealmController - result=Result(success=true, code=20000, message=sucess, data={data=[Realm(id=e38d919e4923c2451a0bcb7156dd03bf, node_pid=null, realm=@test)]})
2022-12-15 23:49:52.984 [http-nio-8088-exec-6] INFO  com.example.radiusapi.controller.RadpostauthController - GetRadpostauth(,@test,,,，2022-12-15T15:49:52.863Z，2022-12-16T15:49:52.863Z)
2022-12-15 23:49:53.064 [http-nio-8088-exec-6] INFO  com.example.radiusapi.controller.RadpostauthController - result=Result(success=true, code=20000, message=sucess, data={data=com.baomidou.mybatisplus.extension.plugins.pagination.Page@50f8dc8a})
2022-12-15 23:49:53.500 [http-nio-8088-exec-5] INFO  com.example.radiusapi.controller.RealmController - GetRealms(848ea7e0-03cb-4bf2-97ef-b14d9838b925)
2022-12-15 23:49:53.504 [http-nio-8088-exec-5] INFO  com.example.radiusapi.controller.RealmController - result=Result(success=true, code=20000, message=sucess, data={data=[Realm(id=e38d919e4923c2451a0bcb7156dd03bf, node_pid=null, realm=@test)]})
2022-12-15 23:49:53.534 [http-nio-8088-exec-8] INFO  com.example.radiusapi.controller.OnlineUserController - GetOnlineUser(,@test)
2022-12-15 23:49:53.547 [http-nio-8088-exec-8] INFO  com.example.radiusapi.controller.OnlineUserController - result=Result(success=true, code=20000, message=sucess, data={data=com.baomidou.mybatisplus.extension.plugins.pagination.Page@4716d405})
2022-12-15 23:50:25.728 [http-nio-8088-exec-9] INFO  com.example.radiusapi.controller.RealmController - GetRealms(848ea7e0-03cb-4bf2-97ef-b14d9838b925)
2022-12-15 23:50:25.735 [http-nio-8088-exec-9] INFO  com.example.radiusapi.controller.RealmController - result=Result(success=true, code=20000, message=sucess, data={data=[Realm(id=e38d919e4923c2451a0bcb7156dd03bf, node_pid=null, realm=@test)]})
2022-12-15 23:50:25.776 [http-nio-8088-exec-1] INFO  com.example.radiusapi.controller.RadpostauthController - GetRadpostauth(,@test,,,，2022-12-15T15:50:25.693Z，2022-12-16T15:50:25.693Z)
2022-12-15 23:50:25.787 [http-nio-8088-exec-1] INFO  com.example.radiusapi.controller.RadpostauthController - result=Result(success=true, code=20000, message=sucess, data={data=com.baomidou.mybatisplus.extension.plugins.pagination.Page@58c1d4ff})
2022-12-15 23:50:26.303 [http-nio-8088-exec-2] INFO  com.example.radiusapi.controller.RealmController - GetRealms(848ea7e0-03cb-4bf2-97ef-b14d9838b925)
2022-12-15 23:50:26.306 [http-nio-8088-exec-2] INFO  com.example.radiusapi.controller.RealmController - result=Result(success=true, code=20000, message=sucess, data={data=[Realm(id=e38d919e4923c2451a0bcb7156dd03bf, node_pid=null, realm=@test)]})
2022-12-15 23:50:26.324 [http-nio-8088-exec-3] INFO  com.example.radiusapi.controller.OnlineUserController - GetOnlineUser(,@test)
2022-12-15 23:50:26.352 [http-nio-8088-exec-3] INFO  com.example.radiusapi.controller.OnlineUserController - result=Result(success=true, code=20000, message=sucess, data={data=com.baomidou.mybatisplus.extension.plugins.pagination.Page@350a6d03})
2022-12-15 23:50:29.933 [http-nio-8088-exec-6] INFO  com.example.radiusapi.controller.CoaController - AddCoa(Coa(id=null, username=dda, realm=@test, acctsessionid=25540, framedipaddress=10.140.10.120, nasipaddress=10.11.31.1, ret=0, reason=null, createtime=null))
2022-12-15 23:50:29.957 [http-nio-8088-exec-6] INFO  com.example.radiusapi.controller.CoaController - result=Result(success=true, code=20000, message=sucess, data={})
2022-12-15 23:50:29.970 [http-nio-8088-exec-5] INFO  com.example.radiusapi.controller.OnlineUserController - GetOnlineUser(,@test)
2022-12-15 23:50:29.992 [http-nio-8088-exec-5] INFO  com.example.radiusapi.controller.OnlineUserController - result=Result(success=true, code=20000, message=sucess, data={data=com.baomidou.mybatisplus.extension.plugins.pagination.Page@7bfabd96})
