2022-12-05 01:25:30.467 [http-nio-8088-exec-2] INFO  com.example.radiusapi.controller.RealmController - GetRealms(5d430d61-b277-4f6d-a916-27747e8f87b8)
2022-12-05 01:25:30.604 [http-nio-8088-exec-2] INFO  com.example.radiusapi.controller.RealmController - result=Result(success=true, code=20000, message=sucess, data={data=[Realm(id=bf9b75d1e4bcefe0fb7984f2c36076ea, node_pid=null, realm=@test)]})
2022-12-05 01:25:30.628 [http-nio-8088-exec-4] INFO  com.example.radiusapi.controller.AccountInfoController - GetAccountInfo(,@test)
2022-12-05 01:25:30.640 [http-nio-8088-exec-4] INFO  com.example.radiusapi.controller.AccountInfoController - result=Result(success=true, code=20000, message=sucess, data={data=com.baomidou.mybatisplus.extension.plugins.pagination.Page@1e163626})
2022-12-05 01:25:49.508 [http-nio-8088-exec-6] INFO  com.example.radiusapi.controller.AccountInfoController - UpdateAccount(AccountInfo(id=1598137388360364033, UserName=test, realm=@test, UserPassword=test, AuthMode=0, IsFrozen=false, AdminName=admin, ValidDate=null, ModifyDate=Sun Dec 04 18:09:17 GMT+08:00 2022, ExpireDate=null, SecondRemain=0, ByteRemain=0, SimualUseLimit=1, MaxSessionTimeout=84000, InboundCar=5120, OutboundCar=10240, QosProfile=, UpdateInterval=3600))
2022-12-05 01:25:49.521 [http-nio-8088-exec-6] INFO  com.example.radiusapi.controller.AccountInfoController - result=Result(success=true, code=20000, message=sucess, data={})
2022-12-05 01:25:49.543 [http-nio-8088-exec-7] INFO  com.example.radiusapi.controller.AccountInfoController - GetAccountInfo(,@test)
2022-12-05 01:25:49.550 [http-nio-8088-exec-7] INFO  com.example.radiusapi.controller.AccountInfoController - result=Result(success=true, code=20000, message=sucess, data={data=com.baomidou.mybatisplus.extension.plugins.pagination.Page@2393c0a9})
2022-12-05 02:30:37.544 [http-nio-8088-exec-3] INFO  com.example.radiusapi.controller.AdminController - logout()
2022-12-05 02:30:37.545 [http-nio-8088-exec-3] INFO  com.example.radiusapi.controller.AdminController - 
2022-12-05 02:30:38.651 [http-nio-8088-exec-5] INFO  com.example.radiusapi.controller.AdminController - login({username=admin, password=123456})
2022-12-05 02:30:38.678 [http-nio-8088-exec-5] INFO  com.example.radiusapi.controller.AdminController - result=Result(success=true, code=20000, message=sucess, data={token=eyJ0eXAiOiJKV1QiLCJhbGciOiJIUzI1NiJ9.eyJ1c2VyQWNjb3VudCI6ImFkbWluIiwiaXNzIjoiYXV0aDAiLCJleHAiOjE2NzAyMTQ2Mzh9.-0IAiN-k8DcnnQ9tiqOUvXwvlEPFQDeOGqTZSDRwvgs})
2022-12-05 02:30:38.694 [http-nio-8088-exec-7] INFO  com.example.radiusapi.controller.AdminController - info(eyJ0eXAiOiJKV1QiLCJhbGciOiJIUzI1NiJ9.eyJ1c2VyQWNjb3VudCI6ImFkbWluIiwiaXNzIjoiYXV0aDAiLCJleHAiOjE2NzAyMTQ2Mzh9.-0IAiN-k8DcnnQ9tiqOUvXwvlEPFQDeOGqTZSDRwvgs)
2022-12-05 02:30:38.701 [http-nio-8088-exec-7] INFO  com.example.radiusapi.controller.AdminController - Result=Result(success=true, code=20000, message=sucess, data={roles=admin, name=admin, avatar=, nodeid=81034dad-ccc5-4bb9-8020-9424bc5b0eac, introduction=superUser})
2022-12-05 02:30:38.831 [http-nio-8088-exec-9] INFO  com.example.radiusapi.controller.SidebarTreeController - GetTreeNodeList(81034dad-ccc5-4bb9-8020-9424bc5b0eac)
2022-12-05 02:30:38.840 [http-nio-8088-exec-9] INFO  com.example.radiusapi.controller.SidebarTreeController - result=Result(success=true, code=20000, message=sucess, data={data=[SidebarTree(id=9580ce07-0c5c-44b7-a46d-239c57dbd19c, label=1-1, type=1, owner=admin, pid=81034dad-ccc5-4bb9-8020-9424bc5b0eac), SidebarTree(id=5d430d61-b277-4f6d-a916-27747e8f87b8, label=new item, type=0, owner=admin, pid=9580ce07-0c5c-44b7-a46d-239c57dbd19c), SidebarTree(id=4b622c9b-eee1-4044-b83e-63cc4e743b69, label=上网账号, type=4, owner=null, pid=5d430d61-b277-4f6d-a916-27747e8f87b8), SidebarTree(id=aa0671b4-0503-4c8f-b725-baba8f71666c, label=设备对接, type=3, owner=null, pid=5d430d61-b277-4f6d-a916-27747e8f87b8), SidebarTree(id=b717cab0-c14e-43a3-9096-f70d1ef731e6, label=在线用户, type=8, owner=null, pid=5d430d61-b277-4f6d-a916-27747e8f87b8), SidebarTree(id=b7ef0b55-71db-4134-b344-041ac9a85835, label=上网记录, type=5, owner=null, pid=5d430d61-b277-4f6d-a916-27747e8f87b8), SidebarTree(id=8765abe5-1685-447b-ad5d-b5e7439cbcc2, label=new folder, type=1, owner=admin, pid=9580ce07-0c5c-44b7-a46d-239c57dbd19c), SidebarTree(id=81034dad-ccc5-4bb9-8020-9424bc5b0eac, label=根节点, type=1, owner=admin, pid=81034dad-ccc5-4bb9-8020-9424bc5bccc)]})
2022-12-05 02:30:44.442 [http-nio-8088-exec-1] INFO  com.example.radiusapi.controller.RealmController - GetRealms(5d430d61-b277-4f6d-a916-27747e8f87b8)
2022-12-05 02:30:44.446 [http-nio-8088-exec-1] INFO  com.example.radiusapi.controller.RealmController - result=Result(success=true, code=20000, message=sucess, data={data=[Realm(id=bf9b75d1e4bcefe0fb7984f2c36076ea, node_pid=null, realm=@test)]})
2022-12-05 02:30:44.771 [http-nio-8088-exec-2] INFO  com.example.radiusapi.controller.RealmController - GetRealms(5d430d61-b277-4f6d-a916-27747e8f87b8)
2022-12-05 02:30:44.774 [http-nio-8088-exec-2] INFO  com.example.radiusapi.controller.RealmController - result=Result(success=true, code=20000, message=sucess, data={data=[Realm(id=bf9b75d1e4bcefe0fb7984f2c36076ea, node_pid=null, realm=@test)]})
2022-12-05 02:30:44.800 [http-nio-8088-exec-4] INFO  com.example.radiusapi.controller.AccountInfoController - GetAccountInfo(,@test)
2022-12-05 02:30:44.812 [http-nio-8088-exec-4] INFO  com.example.radiusapi.controller.AccountInfoController - result=Result(success=true, code=20000, message=sucess, data={data=com.baomidou.mybatisplus.extension.plugins.pagination.Page@6bcd318})
2022-12-05 02:31:10.865 [http-nio-8088-exec-5] INFO  com.example.radiusapi.controller.AccountInfoController - UpdateAccount(AccountInfo(id=1598137388360364033, UserName=test, realm=@test, UserPassword=test, AuthMode=0, IsFrozen=false, AdminName=admin, ValidDate=null, ModifyDate=Sun Dec 04 18:09:17 GMT+08:00 2022, ExpireDate=null, SecondRemain=0, ByteRemain=0, SimualUseLimit=1, MaxSessionTimeout=84000, InboundCar=102400, OutboundCar=307200, QosProfile=, UpdateInterval=3600))
2022-12-05 02:31:10.872 [http-nio-8088-exec-5] INFO  com.example.radiusapi.controller.AccountInfoController - result=Result(success=true, code=20000, message=sucess, data={})
2022-12-05 02:31:10.888 [http-nio-8088-exec-6] INFO  com.example.radiusapi.controller.AccountInfoController - GetAccountInfo(,@test)
2022-12-05 02:31:10.893 [http-nio-8088-exec-6] INFO  com.example.radiusapi.controller.AccountInfoController - result=Result(success=true, code=20000, message=sucess, data={data=com.baomidou.mybatisplus.extension.plugins.pagination.Page@60e525b7})
2022-12-05 02:59:39.933 [http-nio-8088-exec-8] INFO  com.example.radiusapi.controller.RealmController - GetRealms(5d430d61-b277-4f6d-a916-27747e8f87b8)
2022-12-05 02:59:39.938 [http-nio-8088-exec-8] INFO  com.example.radiusapi.controller.RealmController - result=Result(success=true, code=20000, message=sucess, data={data=[Realm(id=bf9b75d1e4bcefe0fb7984f2c36076ea, node_pid=null, realm=@test)]})
2022-12-05 02:59:39.955 [http-nio-8088-exec-10] INFO  com.example.radiusapi.controller.OnlineUserController - GetOnlineUser(,@test)
2022-12-05 02:59:39.967 [http-nio-8088-exec-10] INFO  com.example.radiusapi.controller.OnlineUserController - result=Result(success=true, code=20000, message=sucess, data={data=com.baomidou.mybatisplus.extension.plugins.pagination.Page@ef1e448})
2022-12-05 04:23:58.556 [http-nio-8088-exec-3] INFO  com.example.radiusapi.controller.RealmController - GetRealms(5d430d61-b277-4f6d-a916-27747e8f87b8)
2022-12-05 04:23:58.643 [http-nio-8088-exec-3] INFO  com.example.radiusapi.controller.RealmController - result=Result(success=true, code=20000, message=sucess, data={data=[Realm(id=bf9b75d1e4bcefe0fb7984f2c36076ea, node_pid=null, realm=@test)]})
2022-12-05 04:23:58.706 [http-nio-8088-exec-5] INFO  com.example.radiusapi.controller.AccountInfoController - GetAccountInfo(,@test)
2022-12-05 04:23:58.735 [http-nio-8088-exec-5] INFO  com.example.radiusapi.controller.AccountInfoController - result=Result(success=true, code=20000, message=sucess, data={data=com.baomidou.mybatisplus.extension.plugins.pagination.Page@e97bb3e})
2022-12-05 04:24:09.352 [http-nio-8088-exec-7] INFO  com.example.radiusapi.controller.AccountInfoController - UpdateAccount(AccountInfo(id=1598137388360364033, UserName=test, realm=@test, UserPassword=test, AuthMode=0, IsFrozen=false, AdminName=admin, ValidDate=null, ModifyDate=Sun Dec 04 18:09:17 GMT+08:00 2022, ExpireDate=null, SecondRemain=-1, ByteRemain=-2, SimualUseLimit=1, MaxSessionTimeout=84000, InboundCar=102400, OutboundCar=307200, QosProfile=, UpdateInterval=3600))
2022-12-05 04:24:09.379 [http-nio-8088-exec-7] INFO  com.example.radiusapi.controller.AccountInfoController - result=Result(success=true, code=20000, message=sucess, data={})
2022-12-05 04:24:09.451 [http-nio-8088-exec-8] INFO  com.example.radiusapi.controller.AccountInfoController - GetAccountInfo(,@test)
2022-12-05 04:24:09.470 [http-nio-8088-exec-8] INFO  com.example.radiusapi.controller.AccountInfoController - result=Result(success=true, code=20000, message=sucess, data={data=com.baomidou.mybatisplus.extension.plugins.pagination.Page@5dfebe4c})
2022-12-05 04:51:25.792 [http-nio-8088-exec-10] INFO  com.example.radiusapi.controller.RealmController - GetRealms(5d430d61-b277-4f6d-a916-27747e8f87b8)
2022-12-05 04:51:25.801 [http-nio-8088-exec-10] INFO  com.example.radiusapi.controller.RealmController - result=Result(success=true, code=20000, message=sucess, data={data=[Realm(id=bf9b75d1e4bcefe0fb7984f2c36076ea, node_pid=null, realm=@test)]})
2022-12-05 04:51:26.436 [http-nio-8088-exec-1] INFO  com.example.radiusapi.controller.RealmController - GetRealms(5d430d61-b277-4f6d-a916-27747e8f87b8)
2022-12-05 04:51:26.443 [http-nio-8088-exec-1] INFO  com.example.radiusapi.controller.RealmController - result=Result(success=true, code=20000, message=sucess, data={data=[Realm(id=bf9b75d1e4bcefe0fb7984f2c36076ea, node_pid=null, realm=@test)]})
2022-12-05 04:51:26.483 [http-nio-8088-exec-3] INFO  com.example.radiusapi.controller.OnlineUserController - GetOnlineUser(,@test)
2022-12-05 04:51:26.499 [http-nio-8088-exec-3] INFO  com.example.radiusapi.controller.OnlineUserController - result=Result(success=true, code=20000, message=sucess, data={data=com.baomidou.mybatisplus.extension.plugins.pagination.Page@393affa1})
2022-12-05 04:51:30.546 [http-nio-8088-exec-4] INFO  com.example.radiusapi.controller.RealmController - GetRealms(5d430d61-b277-4f6d-a916-27747e8f87b8)
2022-12-05 04:51:30.557 [http-nio-8088-exec-4] INFO  com.example.radiusapi.controller.RealmController - result=Result(success=true, code=20000, message=sucess, data={data=[Realm(id=bf9b75d1e4bcefe0fb7984f2c36076ea, node_pid=null, realm=@test)]})
2022-12-05 04:51:30.626 [http-nio-8088-exec-6] INFO  com.example.radiusapi.controller.OfflineUserController - GetOfflineUser(,@test)
2022-12-05 04:51:30.649 [http-nio-8088-exec-6] INFO  com.example.radiusapi.controller.OfflineUserController - result=Result(success=true, code=20000, message=sucess, data={data=com.baomidou.mybatisplus.extension.plugins.pagination.Page@33015d8a})
2022-12-05 05:24:11.586 [http-nio-8088-exec-9] INFO  com.example.radiusapi.controller.RealmController - GetRealms(5d430d61-b277-4f6d-a916-27747e8f87b8)
2022-12-05 05:24:11.650 [http-nio-8088-exec-9] INFO  com.example.radiusapi.controller.RealmController - result=Result(success=true, code=20000, message=sucess, data={data=[Realm(id=bf9b75d1e4bcefe0fb7984f2c36076ea, node_pid=null, realm=@test)]})
2022-12-05 05:24:11.705 [http-nio-8088-exec-1] INFO  com.example.radiusapi.controller.AccountInfoController - GetAccountInfo(,@test)
2022-12-05 05:24:11.723 [http-nio-8088-exec-1] INFO  com.example.radiusapi.controller.AccountInfoController - result=Result(success=true, code=20000, message=sucess, data={data=com.baomidou.mybatisplus.extension.plugins.pagination.Page@61f112f1})
2022-12-05 05:24:44.756 [http-nio-8088-exec-3] INFO  com.example.radiusapi.controller.AccountInfoController - UpdateAccount(AccountInfo(id=1598137388360364033, UserName=test, realm=@test, UserPassword=test, AuthMode=0, IsFrozen=false, AdminName=admin, ValidDate=null, ModifyDate=Sun Dec 04 18:09:17 GMT+08:00 2022, ExpireDate=null, SecondRemain=1000, ByteRemain=100000000000, SimualUseLimit=1, MaxSessionTimeout=84000, InboundCar=102400, OutboundCar=307200, QosProfile=, UpdateInterval=3600))
2022-12-05 05:24:44.777 [http-nio-8088-exec-3] INFO  com.example.radiusapi.controller.AccountInfoController - result=Result(success=true, code=20000, message=sucess, data={})
2022-12-05 05:24:44.845 [http-nio-8088-exec-4] INFO  com.example.radiusapi.controller.AccountInfoController - GetAccountInfo(,@test)
2022-12-05 05:24:44.871 [http-nio-8088-exec-4] INFO  com.example.radiusapi.controller.AccountInfoController - result=Result(success=true, code=20000, message=sucess, data={data=com.baomidou.mybatisplus.extension.plugins.pagination.Page@7bee9a3f})
2022-12-05 05:25:11.400 [http-nio-8088-exec-5] INFO  com.example.radiusapi.controller.RealmController - GetRealms(5d430d61-b277-4f6d-a916-27747e8f87b8)
2022-12-05 05:25:11.408 [http-nio-8088-exec-5] INFO  com.example.radiusapi.controller.RealmController - result=Result(success=true, code=20000, message=sucess, data={data=[Realm(id=bf9b75d1e4bcefe0fb7984f2c36076ea, node_pid=null, realm=@test)]})
2022-12-05 05:25:11.752 [http-nio-8088-exec-6] INFO  com.example.radiusapi.controller.RealmController - GetRealms(5d430d61-b277-4f6d-a916-27747e8f87b8)
2022-12-05 05:25:11.758 [http-nio-8088-exec-6] INFO  com.example.radiusapi.controller.RealmController - result=Result(success=true, code=20000, message=sucess, data={data=[Realm(id=bf9b75d1e4bcefe0fb7984f2c36076ea, node_pid=null, realm=@test)]})
2022-12-05 05:25:11.824 [http-nio-8088-exec-7] INFO  com.example.radiusapi.controller.AccountInfoController - GetAccountInfo(,@test)
2022-12-05 05:25:11.842 [http-nio-8088-exec-7] INFO  com.example.radiusapi.controller.AccountInfoController - result=Result(success=true, code=20000, message=sucess, data={data=com.baomidou.mybatisplus.extension.plugins.pagination.Page@700e5a92})
2022-12-05 05:26:04.695 [http-nio-8088-exec-8] INFO  com.example.radiusapi.controller.RealmController - GetRealms(5d430d61-b277-4f6d-a916-27747e8f87b8)
2022-12-05 05:26:04.700 [http-nio-8088-exec-8] INFO  com.example.radiusapi.controller.RealmController - result=Result(success=true, code=20000, message=sucess, data={data=[Realm(id=bf9b75d1e4bcefe0fb7984f2c36076ea, node_pid=null, realm=@test)]})
2022-12-05 05:26:05.206 [http-nio-8088-exec-9] INFO  com.example.radiusapi.controller.RealmController - GetRealms(5d430d61-b277-4f6d-a916-27747e8f87b8)
2022-12-05 05:26:05.213 [http-nio-8088-exec-9] INFO  com.example.radiusapi.controller.RealmController - result=Result(success=true, code=20000, message=sucess, data={data=[Realm(id=bf9b75d1e4bcefe0fb7984f2c36076ea, node_pid=null, realm=@test)]})
2022-12-05 05:26:05.257 [http-nio-8088-exec-10] INFO  com.example.radiusapi.controller.AccountInfoController - GetAccountInfo(,@test)
2022-12-05 05:26:05.278 [http-nio-8088-exec-10] INFO  com.example.radiusapi.controller.AccountInfoController - result=Result(success=true, code=20000, message=sucess, data={data=com.baomidou.mybatisplus.extension.plugins.pagination.Page@4daef4b6})
2022-12-05 05:26:39.190 [http-nio-8088-exec-1] INFO  com.example.radiusapi.controller.RealmController - GetRealms(5d430d61-b277-4f6d-a916-27747e8f87b8)
2022-12-05 05:26:39.194 [http-nio-8088-exec-1] INFO  com.example.radiusapi.controller.RealmController - result=Result(success=true, code=20000, message=sucess, data={data=[Realm(id=bf9b75d1e4bcefe0fb7984f2c36076ea, node_pid=null, realm=@test)]})
2022-12-05 05:26:39.720 [http-nio-8088-exec-2] INFO  com.example.radiusapi.controller.RealmController - GetRealms(5d430d61-b277-4f6d-a916-27747e8f87b8)
2022-12-05 05:26:39.729 [http-nio-8088-exec-2] INFO  com.example.radiusapi.controller.RealmController - result=Result(success=true, code=20000, message=sucess, data={data=[Realm(id=bf9b75d1e4bcefe0fb7984f2c36076ea, node_pid=null, realm=@test)]})
2022-12-05 05:26:39.767 [http-nio-8088-exec-3] INFO  com.example.radiusapi.controller.AccountInfoController - GetAccountInfo(,@test)
2022-12-05 05:26:39.787 [http-nio-8088-exec-3] INFO  com.example.radiusapi.controller.AccountInfoController - result=Result(success=true, code=20000, message=sucess, data={data=com.baomidou.mybatisplus.extension.plugins.pagination.Page@2013f8d3})
2022-12-05 05:27:19.296 [http-nio-8088-exec-4] INFO  com.example.radiusapi.controller.RealmController - GetRealms(5d430d61-b277-4f6d-a916-27747e8f87b8)
2022-12-05 05:27:19.303 [http-nio-8088-exec-4] INFO  com.example.radiusapi.controller.RealmController - result=Result(success=true, code=20000, message=sucess, data={data=[Realm(id=bf9b75d1e4bcefe0fb7984f2c36076ea, node_pid=null, realm=@test)]})
2022-12-05 05:27:19.776 [http-nio-8088-exec-5] INFO  com.example.radiusapi.controller.RealmController - GetRealms(5d430d61-b277-4f6d-a916-27747e8f87b8)
2022-12-05 05:27:19.782 [http-nio-8088-exec-5] INFO  com.example.radiusapi.controller.RealmController - result=Result(success=true, code=20000, message=sucess, data={data=[Realm(id=bf9b75d1e4bcefe0fb7984f2c36076ea, node_pid=null, realm=@test)]})
2022-12-05 05:27:19.829 [http-nio-8088-exec-6] INFO  com.example.radiusapi.controller.AccountInfoController - GetAccountInfo(,@test)
2022-12-05 05:27:19.848 [http-nio-8088-exec-6] INFO  com.example.radiusapi.controller.AccountInfoController - result=Result(success=true, code=20000, message=sucess, data={data=com.baomidou.mybatisplus.extension.plugins.pagination.Page@71d87899})
2022-12-05 05:28:16.991 [http-nio-8088-exec-7] INFO  com.example.radiusapi.controller.RealmController - GetRealms(5d430d61-b277-4f6d-a916-27747e8f87b8)
2022-12-05 05:28:16.999 [http-nio-8088-exec-7] INFO  com.example.radiusapi.controller.RealmController - result=Result(success=true, code=20000, message=sucess, data={data=[Realm(id=bf9b75d1e4bcefe0fb7984f2c36076ea, node_pid=null, realm=@test)]})
2022-12-05 05:28:17.331 [http-nio-8088-exec-8] INFO  com.example.radiusapi.controller.RealmController - GetRealms(5d430d61-b277-4f6d-a916-27747e8f87b8)
2022-12-05 05:28:17.339 [http-nio-8088-exec-8] INFO  com.example.radiusapi.controller.RealmController - result=Result(success=true, code=20000, message=sucess, data={data=[Realm(id=bf9b75d1e4bcefe0fb7984f2c36076ea, node_pid=null, realm=@test)]})
2022-12-05 05:28:17.400 [http-nio-8088-exec-9] INFO  com.example.radiusapi.controller.AccountInfoController - GetAccountInfo(,@test)
2022-12-05 05:28:17.431 [http-nio-8088-exec-9] INFO  com.example.radiusapi.controller.AccountInfoController - result=Result(success=true, code=20000, message=sucess, data={data=com.baomidou.mybatisplus.extension.plugins.pagination.Page@6f27143b})
2022-12-05 05:28:49.633 [http-nio-8088-exec-10] INFO  com.example.radiusapi.controller.RealmController - GetRealms(5d430d61-b277-4f6d-a916-27747e8f87b8)
2022-12-05 05:28:49.638 [http-nio-8088-exec-10] INFO  com.example.radiusapi.controller.RealmController - result=Result(success=true, code=20000, message=sucess, data={data=[Realm(id=bf9b75d1e4bcefe0fb7984f2c36076ea, node_pid=null, realm=@test)]})
2022-12-05 05:28:50.395 [http-nio-8088-exec-1] INFO  com.example.radiusapi.controller.RealmController - GetRealms(5d430d61-b277-4f6d-a916-27747e8f87b8)
2022-12-05 05:28:50.398 [http-nio-8088-exec-1] INFO  com.example.radiusapi.controller.RealmController - result=Result(success=true, code=20000, message=sucess, data={data=[Realm(id=bf9b75d1e4bcefe0fb7984f2c36076ea, node_pid=null, realm=@test)]})
2022-12-05 05:28:50.436 [http-nio-8088-exec-2] INFO  com.example.radiusapi.controller.AccountInfoController - GetAccountInfo(,@test)
2022-12-05 05:28:50.449 [http-nio-8088-exec-2] INFO  com.example.radiusapi.controller.AccountInfoController - result=Result(success=true, code=20000, message=sucess, data={data=com.baomidou.mybatisplus.extension.plugins.pagination.Page@20822d72})
2022-12-05 05:32:28.431 [http-nio-8088-exec-4] INFO  com.example.radiusapi.controller.AccountInfoController - UpdateAccount(AccountInfo(id=1598137388360364033, UserName=test, realm=@test, UserPassword=test, AuthMode=0, IsFrozen=false, AdminName=admin, ValidDate=null, ModifyDate=Sun Dec 04 18:09:17 GMT+08:00 2022, ExpireDate=null, SecondRemain=10000, ByteRemain=-46861121290, SimualUseLimit=1, MaxSessionTimeout=84000, InboundCar=102400, OutboundCar=307200, QosProfile=, UpdateInterval=3600))
2022-12-05 05:32:28.445 [http-nio-8088-exec-4] INFO  com.example.radiusapi.controller.AccountInfoController - result=Result(success=true, code=20000, message=sucess, data={})
2022-12-05 05:32:28.492 [http-nio-8088-exec-5] INFO  com.example.radiusapi.controller.AccountInfoController - GetAccountInfo(,@test)
2022-12-05 05:32:28.515 [http-nio-8088-exec-5] INFO  com.example.radiusapi.controller.AccountInfoController - result=Result(success=true, code=20000, message=sucess, data={data=com.baomidou.mybatisplus.extension.plugins.pagination.Page@66a814a4})
2022-12-05 05:32:40.705 [http-nio-8088-exec-6] INFO  com.example.radiusapi.controller.RealmController - GetRealms(5d430d61-b277-4f6d-a916-27747e8f87b8)
2022-12-05 05:32:40.711 [http-nio-8088-exec-6] INFO  com.example.radiusapi.controller.RealmController - result=Result(success=true, code=20000, message=sucess, data={data=[Realm(id=bf9b75d1e4bcefe0fb7984f2c36076ea, node_pid=null, realm=@test)]})
2022-12-05 05:32:41.451 [http-nio-8088-exec-7] INFO  com.example.radiusapi.controller.RealmController - GetRealms(5d430d61-b277-4f6d-a916-27747e8f87b8)
2022-12-05 05:32:41.456 [http-nio-8088-exec-7] INFO  com.example.radiusapi.controller.RealmController - result=Result(success=true, code=20000, message=sucess, data={data=[Realm(id=bf9b75d1e4bcefe0fb7984f2c36076ea, node_pid=null, realm=@test)]})
2022-12-05 05:32:41.484 [http-nio-8088-exec-8] INFO  com.example.radiusapi.controller.AccountInfoController - GetAccountInfo(,@test)
2022-12-05 05:32:41.494 [http-nio-8088-exec-8] INFO  com.example.radiusapi.controller.AccountInfoController - result=Result(success=true, code=20000, message=sucess, data={data=com.baomidou.mybatisplus.extension.plugins.pagination.Page@556e88ce})
2022-12-05 05:33:08.729 [http-nio-8088-exec-9] INFO  com.example.radiusapi.controller.RealmController - GetRealms(5d430d61-b277-4f6d-a916-27747e8f87b8)
2022-12-05 05:33:08.733 [http-nio-8088-exec-9] INFO  com.example.radiusapi.controller.RealmController - result=Result(success=true, code=20000, message=sucess, data={data=[Realm(id=bf9b75d1e4bcefe0fb7984f2c36076ea, node_pid=null, realm=@test)]})
2022-12-05 05:33:08.761 [http-nio-8088-exec-10] INFO  com.example.radiusapi.controller.OnlineUserController - GetOnlineUser(,@test)
2022-12-05 05:33:08.769 [http-nio-8088-exec-10] INFO  com.example.radiusapi.controller.OnlineUserController - result=Result(success=true, code=20000, message=sucess, data={data=com.baomidou.mybatisplus.extension.plugins.pagination.Page@1758b97a})
2022-12-05 05:33:11.876 [http-nio-8088-exec-1] INFO  com.example.radiusapi.controller.RealmController - GetRealms(5d430d61-b277-4f6d-a916-27747e8f87b8)
2022-12-05 05:33:11.879 [http-nio-8088-exec-1] INFO  com.example.radiusapi.controller.RealmController - result=Result(success=true, code=20000, message=sucess, data={data=[Realm(id=bf9b75d1e4bcefe0fb7984f2c36076ea, node_pid=null, realm=@test)]})
2022-12-05 05:33:11.905 [http-nio-8088-exec-2] INFO  com.example.radiusapi.controller.OfflineUserController - GetOfflineUser(,@test)
2022-12-05 05:33:11.927 [http-nio-8088-exec-2] INFO  com.example.radiusapi.controller.OfflineUserController - result=Result(success=true, code=20000, message=sucess, data={data=com.baomidou.mybatisplus.extension.plugins.pagination.Page@38f81b71})
2022-12-05 05:33:15.356 [http-nio-8088-exec-3] INFO  com.example.radiusapi.controller.RealmController - GetRealms(5d430d61-b277-4f6d-a916-27747e8f87b8)
2022-12-05 05:33:15.365 [http-nio-8088-exec-3] INFO  com.example.radiusapi.controller.RealmController - result=Result(success=true, code=20000, message=sucess, data={data=[Realm(id=bf9b75d1e4bcefe0fb7984f2c36076ea, node_pid=null, realm=@test)]})
2022-12-05 05:33:15.404 [http-nio-8088-exec-4] INFO  com.example.radiusapi.controller.OnlineUserController - GetOnlineUser(,@test)
2022-12-05 05:33:15.415 [http-nio-8088-exec-4] INFO  com.example.radiusapi.controller.OnlineUserController - result=Result(success=true, code=20000, message=sucess, data={data=com.baomidou.mybatisplus.extension.plugins.pagination.Page@438e52c8})
2022-12-05 05:33:17.506 [http-nio-8088-exec-5] INFO  com.example.radiusapi.controller.RealmController - GetRealms(5d430d61-b277-4f6d-a916-27747e8f87b8)
2022-12-05 05:33:17.511 [http-nio-8088-exec-5] INFO  com.example.radiusapi.controller.RealmController - result=Result(success=true, code=20000, message=sucess, data={data=[Realm(id=bf9b75d1e4bcefe0fb7984f2c36076ea, node_pid=null, realm=@test)]})
2022-12-05 05:33:17.539 [http-nio-8088-exec-6] INFO  com.example.radiusapi.controller.OfflineUserController - GetOfflineUser(,@test)
2022-12-05 05:33:17.564 [http-nio-8088-exec-6] INFO  com.example.radiusapi.controller.OfflineUserController - result=Result(success=true, code=20000, message=sucess, data={data=com.baomidou.mybatisplus.extension.plugins.pagination.Page@b416322})
2022-12-05 05:33:55.014 [http-nio-8088-exec-7] INFO  com.example.radiusapi.controller.RealmController - GetRealms(5d430d61-b277-4f6d-a916-27747e8f87b8)
2022-12-05 05:33:55.019 [http-nio-8088-exec-7] INFO  com.example.radiusapi.controller.RealmController - result=Result(success=true, code=20000, message=sucess, data={data=[Realm(id=bf9b75d1e4bcefe0fb7984f2c36076ea, node_pid=null, realm=@test)]})
2022-12-05 05:33:55.050 [http-nio-8088-exec-8] INFO  com.example.radiusapi.controller.OnlineUserController - GetOnlineUser(,@test)
2022-12-05 05:33:55.055 [http-nio-8088-exec-8] INFO  com.example.radiusapi.controller.OnlineUserController - result=Result(success=true, code=20000, message=sucess, data={data=com.baomidou.mybatisplus.extension.plugins.pagination.Page@240e793})
2022-12-05 05:33:55.781 [http-nio-8088-exec-9] INFO  com.example.radiusapi.controller.RealmController - GetRealms(5d430d61-b277-4f6d-a916-27747e8f87b8)
2022-12-05 05:33:55.788 [http-nio-8088-exec-9] INFO  com.example.radiusapi.controller.RealmController - result=Result(success=true, code=20000, message=sucess, data={data=[Realm(id=bf9b75d1e4bcefe0fb7984f2c36076ea, node_pid=null, realm=@test)]})
2022-12-05 05:33:55.834 [http-nio-8088-exec-10] INFO  com.example.radiusapi.controller.OfflineUserController - GetOfflineUser(,@test)
2022-12-05 05:33:55.849 [http-nio-8088-exec-10] INFO  com.example.radiusapi.controller.OfflineUserController - result=Result(success=true, code=20000, message=sucess, data={data=com.baomidou.mybatisplus.extension.plugins.pagination.Page@2fb3eada})
2022-12-05 05:34:06.377 [http-nio-8088-exec-1] INFO  com.example.radiusapi.controller.RealmController - GetRealms(5d430d61-b277-4f6d-a916-27747e8f87b8)
2022-12-05 05:34:06.383 [http-nio-8088-exec-1] INFO  com.example.radiusapi.controller.RealmController - result=Result(success=true, code=20000, message=sucess, data={data=[Realm(id=bf9b75d1e4bcefe0fb7984f2c36076ea, node_pid=null, realm=@test)]})
2022-12-05 05:34:06.413 [http-nio-8088-exec-2] INFO  com.example.radiusapi.controller.OnlineUserController - GetOnlineUser(,@test)
2022-12-05 05:34:06.423 [http-nio-8088-exec-2] INFO  com.example.radiusapi.controller.OnlineUserController - result=Result(success=true, code=20000, message=sucess, data={data=com.baomidou.mybatisplus.extension.plugins.pagination.Page@5a507129})
2022-12-05 05:34:08.529 [http-nio-8088-exec-3] INFO  com.example.radiusapi.controller.RealmController - GetRealms(5d430d61-b277-4f6d-a916-27747e8f87b8)
2022-12-05 05:34:08.533 [http-nio-8088-exec-3] INFO  com.example.radiusapi.controller.RealmController - result=Result(success=true, code=20000, message=sucess, data={data=[Realm(id=bf9b75d1e4bcefe0fb7984f2c36076ea, node_pid=null, realm=@test)]})
2022-12-05 05:34:08.563 [http-nio-8088-exec-4] INFO  com.example.radiusapi.controller.OfflineUserController - GetOfflineUser(,@test)
2022-12-05 05:34:08.575 [http-nio-8088-exec-4] INFO  com.example.radiusapi.controller.OfflineUserController - result=Result(success=true, code=20000, message=sucess, data={data=com.baomidou.mybatisplus.extension.plugins.pagination.Page@4d552e0d})
2022-12-05 05:48:35.437 [http-nio-8088-exec-6] INFO  com.example.radiusapi.controller.RealmController - GetRealms(5d430d61-b277-4f6d-a916-27747e8f87b8)
2022-12-05 05:48:35.444 [http-nio-8088-exec-6] INFO  com.example.radiusapi.controller.RealmController - result=Result(success=true, code=20000, message=sucess, data={data=[Realm(id=bf9b75d1e4bcefe0fb7984f2c36076ea, node_pid=null, realm=@test)]})
2022-12-05 05:48:35.476 [http-nio-8088-exec-7] INFO  com.example.radiusapi.controller.OnlineUserController - GetOnlineUser(,@test)
2022-12-05 05:48:35.483 [http-nio-8088-exec-7] INFO  com.example.radiusapi.controller.OnlineUserController - result=Result(success=true, code=20000, message=sucess, data={data=com.baomidou.mybatisplus.extension.plugins.pagination.Page@c618303})
2022-12-05 05:48:35.812 [http-nio-8088-exec-8] INFO  com.example.radiusapi.controller.RealmController - GetRealms(5d430d61-b277-4f6d-a916-27747e8f87b8)
2022-12-05 05:48:35.818 [http-nio-8088-exec-8] INFO  com.example.radiusapi.controller.RealmController - result=Result(success=true, code=20000, message=sucess, data={data=[Realm(id=bf9b75d1e4bcefe0fb7984f2c36076ea, node_pid=null, realm=@test)]})
2022-12-05 05:48:35.861 [http-nio-8088-exec-9] INFO  com.example.radiusapi.controller.OfflineUserController - GetOfflineUser(,@test)
2022-12-05 05:48:35.884 [http-nio-8088-exec-9] INFO  com.example.radiusapi.controller.OfflineUserController - result=Result(success=true, code=20000, message=sucess, data={data=com.baomidou.mybatisplus.extension.plugins.pagination.Page@220e6881})
2022-12-05 05:48:52.461 [http-nio-8088-exec-10] INFO  com.example.radiusapi.controller.RealmController - GetRealms(5d430d61-b277-4f6d-a916-27747e8f87b8)
2022-12-05 05:48:52.468 [http-nio-8088-exec-10] INFO  com.example.radiusapi.controller.RealmController - result=Result(success=true, code=20000, message=sucess, data={data=[Realm(id=bf9b75d1e4bcefe0fb7984f2c36076ea, node_pid=null, realm=@test)]})
2022-12-05 05:48:52.517 [http-nio-8088-exec-1] INFO  com.example.radiusapi.controller.AccountInfoController - GetAccountInfo(,@test)
2022-12-05 05:48:52.530 [http-nio-8088-exec-1] INFO  com.example.radiusapi.controller.AccountInfoController - result=Result(success=true, code=20000, message=sucess, data={data=com.baomidou.mybatisplus.extension.plugins.pagination.Page@7a66b87f})
2022-12-05 05:49:20.078 [http-nio-8088-exec-2] INFO  com.example.radiusapi.controller.AccountInfoController - UpdateAccount(AccountInfo(id=1598137388360364033, UserName=test, realm=@test, UserPassword=test, AuthMode=0, IsFrozen=false, AdminName=admin, ValidDate=null, ModifyDate=Sun Dec 04 18:09:17 GMT+08:00 2022, ExpireDate=null, SecondRemain=1000, ByteRemain=-46861121290, SimualUseLimit=1, MaxSessionTimeout=84000, InboundCar=102400, OutboundCar=307200, QosProfile=, UpdateInterval=3600))
2022-12-05 05:49:20.090 [http-nio-8088-exec-2] INFO  com.example.radiusapi.controller.AccountInfoController - result=Result(success=true, code=20000, message=sucess, data={})
2022-12-05 05:49:20.124 [http-nio-8088-exec-3] INFO  com.example.radiusapi.controller.AccountInfoController - GetAccountInfo(,@test)
2022-12-05 05:49:20.135 [http-nio-8088-exec-3] INFO  com.example.radiusapi.controller.AccountInfoController - result=Result(success=true, code=20000, message=sucess, data={data=com.baomidou.mybatisplus.extension.plugins.pagination.Page@54e71273})
2022-12-05 05:50:03.927 [http-nio-8088-exec-4] INFO  com.example.radiusapi.controller.RealmController - GetRealms(5d430d61-b277-4f6d-a916-27747e8f87b8)
2022-12-05 05:50:03.934 [http-nio-8088-exec-4] INFO  com.example.radiusapi.controller.RealmController - result=Result(success=true, code=20000, message=sucess, data={data=[Realm(id=bf9b75d1e4bcefe0fb7984f2c36076ea, node_pid=null, realm=@test)]})
2022-12-05 05:50:05.111 [http-nio-8088-exec-5] INFO  com.example.radiusapi.controller.RealmController - GetRealms(5d430d61-b277-4f6d-a916-27747e8f87b8)
2022-12-05 05:50:05.115 [http-nio-8088-exec-5] INFO  com.example.radiusapi.controller.RealmController - result=Result(success=true, code=20000, message=sucess, data={data=[Realm(id=bf9b75d1e4bcefe0fb7984f2c36076ea, node_pid=null, realm=@test)]})
2022-12-05 05:50:05.146 [http-nio-8088-exec-6] INFO  com.example.radiusapi.controller.AccountInfoController - GetAccountInfo(,@test)
2022-12-05 05:50:05.155 [http-nio-8088-exec-6] INFO  com.example.radiusapi.controller.AccountInfoController - result=Result(success=true, code=20000, message=sucess, data={data=com.baomidou.mybatisplus.extension.plugins.pagination.Page@7fbab5fe})
2022-12-05 05:53:25.921 [http-nio-8088-exec-8] INFO  com.example.radiusapi.controller.AccountInfoController - UpdateAccount(AccountInfo(id=1598137388360364033, UserName=test, realm=@test, UserPassword=test, AuthMode=0, IsFrozen=false, AdminName=admin, ValidDate=null, ModifyDate=Sun Dec 04 18:09:17 GMT+08:00 2022, ExpireDate=null, SecondRemain=1000, ByteRemain=-46861121290, SimualUseLimit=1, MaxSessionTimeout=84000, InboundCar=102400, OutboundCar=307200, QosProfile=, UpdateInterval=3600))
2022-12-05 05:53:25.933 [http-nio-8088-exec-8] INFO  com.example.radiusapi.controller.AccountInfoController - result=Result(success=true, code=20000, message=sucess, data={})
2022-12-05 05:53:25.962 [http-nio-8088-exec-9] INFO  com.example.radiusapi.controller.AccountInfoController - GetAccountInfo(,@test)
2022-12-05 05:53:25.975 [http-nio-8088-exec-9] INFO  com.example.radiusapi.controller.AccountInfoController - result=Result(success=true, code=20000, message=sucess, data={data=com.baomidou.mybatisplus.extension.plugins.pagination.Page@e384b4e})
2022-12-05 05:53:31.193 [http-nio-8088-exec-10] INFO  com.example.radiusapi.controller.RealmController - GetRealms(5d430d61-b277-4f6d-a916-27747e8f87b8)
2022-12-05 05:53:31.197 [http-nio-8088-exec-10] INFO  com.example.radiusapi.controller.RealmController - result=Result(success=true, code=20000, message=sucess, data={data=[Realm(id=bf9b75d1e4bcefe0fb7984f2c36076ea, node_pid=null, realm=@test)]})
2022-12-05 05:53:31.411 [http-nio-8088-exec-1] INFO  com.example.radiusapi.controller.RealmController - GetRealms(5d430d61-b277-4f6d-a916-27747e8f87b8)
2022-12-05 05:53:31.415 [http-nio-8088-exec-1] INFO  com.example.radiusapi.controller.RealmController - result=Result(success=true, code=20000, message=sucess, data={data=[Realm(id=bf9b75d1e4bcefe0fb7984f2c36076ea, node_pid=null, realm=@test)]})
2022-12-05 05:53:31.445 [http-nio-8088-exec-2] INFO  com.example.radiusapi.controller.AccountInfoController - GetAccountInfo(,@test)
2022-12-05 05:53:31.457 [http-nio-8088-exec-2] INFO  com.example.radiusapi.controller.AccountInfoController - result=Result(success=true, code=20000, message=sucess, data={data=com.baomidou.mybatisplus.extension.plugins.pagination.Page@4d334937})
2022-12-05 05:57:38.076 [http-nio-8088-exec-4] INFO  com.example.radiusapi.controller.RealmController - GetRealms(5d430d61-b277-4f6d-a916-27747e8f87b8)
2022-12-05 05:57:38.083 [http-nio-8088-exec-4] INFO  com.example.radiusapi.controller.RealmController - result=Result(success=true, code=20000, message=sucess, data={data=[Realm(id=bf9b75d1e4bcefe0fb7984f2c36076ea, node_pid=null, realm=@test)]})
2022-12-05 05:57:38.120 [http-nio-8088-exec-6] INFO  com.example.radiusapi.controller.OnlineUserController - GetOnlineUser(,@test)
2022-12-05 05:57:38.127 [http-nio-8088-exec-6] INFO  com.example.radiusapi.controller.OnlineUserController - result=Result(success=true, code=20000, message=sucess, data={data=com.baomidou.mybatisplus.extension.plugins.pagination.Page@43e5d4c3})
2022-12-05 05:57:39.623 [http-nio-8088-exec-7] INFO  com.example.radiusapi.controller.RealmController - GetRealms(5d430d61-b277-4f6d-a916-27747e8f87b8)
2022-12-05 05:57:39.627 [http-nio-8088-exec-7] INFO  com.example.radiusapi.controller.RealmController - result=Result(success=true, code=20000, message=sucess, data={data=[Realm(id=bf9b75d1e4bcefe0fb7984f2c36076ea, node_pid=null, realm=@test)]})
2022-12-05 05:57:39.678 [http-nio-8088-exec-9] INFO  com.example.radiusapi.controller.OfflineUserController - GetOfflineUser(,@test)
2022-12-05 05:57:39.697 [http-nio-8088-exec-9] INFO  com.example.radiusapi.controller.OfflineUserController - result=Result(success=true, code=20000, message=sucess, data={data=com.baomidou.mybatisplus.extension.plugins.pagination.Page@3d5a2f94})
2022-12-05 06:15:20.128 [http-nio-8088-exec-1] INFO  com.example.radiusapi.controller.RealmController - GetRealms(5d430d61-b277-4f6d-a916-27747e8f87b8)
2022-12-05 06:15:20.134 [http-nio-8088-exec-1] INFO  com.example.radiusapi.controller.RealmController - result=Result(success=true, code=20000, message=sucess, data={data=[Realm(id=bf9b75d1e4bcefe0fb7984f2c36076ea, node_pid=null, realm=@test)]})
2022-12-05 06:15:20.166 [http-nio-8088-exec-2] INFO  com.example.radiusapi.controller.AccountInfoController - GetAccountInfo(,@test)
2022-12-05 06:15:20.185 [http-nio-8088-exec-2] INFO  com.example.radiusapi.controller.AccountInfoController - result=Result(success=true, code=20000, message=sucess, data={data=com.baomidou.mybatisplus.extension.plugins.pagination.Page@5187b4e8})
2022-12-05 06:15:59.459 [http-nio-8088-exec-3] INFO  com.example.radiusapi.controller.RealmController - GetRealms(5d430d61-b277-4f6d-a916-27747e8f87b8)
2022-12-05 06:15:59.464 [http-nio-8088-exec-3] INFO  com.example.radiusapi.controller.RealmController - result=Result(success=true, code=20000, message=sucess, data={data=[Realm(id=bf9b75d1e4bcefe0fb7984f2c36076ea, node_pid=null, realm=@test)]})
2022-12-05 06:15:59.779 [http-nio-8088-exec-4] INFO  com.example.radiusapi.controller.RealmController - GetRealms(5d430d61-b277-4f6d-a916-27747e8f87b8)
2022-12-05 06:15:59.786 [http-nio-8088-exec-4] INFO  com.example.radiusapi.controller.RealmController - result=Result(success=true, code=20000, message=sucess, data={data=[Realm(id=bf9b75d1e4bcefe0fb7984f2c36076ea, node_pid=null, realm=@test)]})
2022-12-05 06:15:59.822 [http-nio-8088-exec-5] INFO  com.example.radiusapi.controller.AccountInfoController - GetAccountInfo(,@test)
2022-12-05 06:15:59.836 [http-nio-8088-exec-5] INFO  com.example.radiusapi.controller.AccountInfoController - result=Result(success=true, code=20000, message=sucess, data={data=com.baomidou.mybatisplus.extension.plugins.pagination.Page@2ce23e9a})
2022-12-05 06:20:59.865 [http-nio-8088-exec-7] INFO  com.example.radiusapi.controller.RealmController - GetRealms(5d430d61-b277-4f6d-a916-27747e8f87b8)
2022-12-05 06:20:59.873 [http-nio-8088-exec-7] INFO  com.example.radiusapi.controller.RealmController - result=Result(success=true, code=20000, message=sucess, data={data=[Realm(id=bf9b75d1e4bcefe0fb7984f2c36076ea, node_pid=null, realm=@test)]})
2022-12-05 06:21:00.533 [http-nio-8088-exec-8] INFO  com.example.radiusapi.controller.RealmController - GetRealms(5d430d61-b277-4f6d-a916-27747e8f87b8)
2022-12-05 06:21:00.538 [http-nio-8088-exec-8] INFO  com.example.radiusapi.controller.RealmController - result=Result(success=true, code=20000, message=sucess, data={data=[Realm(id=bf9b75d1e4bcefe0fb7984f2c36076ea, node_pid=null, realm=@test)]})
2022-12-05 06:21:00.569 [http-nio-8088-exec-9] INFO  com.example.radiusapi.controller.AccountInfoController - GetAccountInfo(,@test)
2022-12-05 06:21:00.582 [http-nio-8088-exec-9] INFO  com.example.radiusapi.controller.AccountInfoController - result=Result(success=true, code=20000, message=sucess, data={data=com.baomidou.mybatisplus.extension.plugins.pagination.Page@7d045106})
2022-12-05 06:22:00.749 [http-nio-8088-exec-10] INFO  com.example.radiusapi.controller.AccountInfoController - UpdateAccount(AccountInfo(id=1598137388360364033, UserName=test, realm=@test, UserPassword=test, AuthMode=0, IsFrozen=false, AdminName=admin, ValidDate=null, ModifyDate=Sun Dec 04 18:09:17 GMT+08:00 2022, ExpireDate=null, SecondRemain=993000, ByteRemain=-46861121290, SimualUseLimit=1, MaxSessionTimeout=84000, InboundCar=102400, OutboundCar=307200, QosProfile=, UpdateInterval=3600))
2022-12-05 06:22:00.768 [http-nio-8088-exec-10] INFO  com.example.radiusapi.controller.AccountInfoController - result=Result(success=true, code=20000, message=sucess, data={})
2022-12-05 06:22:00.814 [http-nio-8088-exec-1] INFO  com.example.radiusapi.controller.AccountInfoController - GetAccountInfo(,@test)
2022-12-05 06:22:00.830 [http-nio-8088-exec-1] INFO  com.example.radiusapi.controller.AccountInfoController - result=Result(success=true, code=20000, message=sucess, data={data=com.baomidou.mybatisplus.extension.plugins.pagination.Page@4760f66e})
2022-12-05 06:22:33.294 [http-nio-8088-exec-2] INFO  com.example.radiusapi.controller.RealmController - GetRealms(5d430d61-b277-4f6d-a916-27747e8f87b8)
2022-12-05 06:22:33.299 [http-nio-8088-exec-2] INFO  com.example.radiusapi.controller.RealmController - result=Result(success=true, code=20000, message=sucess, data={data=[Realm(id=bf9b75d1e4bcefe0fb7984f2c36076ea, node_pid=null, realm=@test)]})
2022-12-05 06:22:33.641 [http-nio-8088-exec-3] INFO  com.example.radiusapi.controller.RealmController - GetRealms(5d430d61-b277-4f6d-a916-27747e8f87b8)
2022-12-05 06:22:33.648 [http-nio-8088-exec-3] INFO  com.example.radiusapi.controller.RealmController - result=Result(success=true, code=20000, message=sucess, data={data=[Realm(id=bf9b75d1e4bcefe0fb7984f2c36076ea, node_pid=null, realm=@test)]})
2022-12-05 06:22:33.749 [http-nio-8088-exec-4] INFO  com.example.radiusapi.controller.AccountInfoController - GetAccountInfo(,@test)
2022-12-05 06:22:33.771 [http-nio-8088-exec-4] INFO  com.example.radiusapi.controller.AccountInfoController - result=Result(success=true, code=20000, message=sucess, data={data=com.baomidou.mybatisplus.extension.plugins.pagination.Page@263480e3})
2022-12-05 06:22:59.381 [http-nio-8088-exec-5] INFO  com.example.radiusapi.controller.AccountInfoController - UpdateAccount(AccountInfo(id=1598137388360364033, UserName=test, realm=@test, UserPassword=test, AuthMode=0, IsFrozen=false, AdminName=admin, ValidDate=null, ModifyDate=Sun Dec 04 18:09:17 GMT+08:00 2022, ExpireDate=null, SecondRemain=1000, ByteRemain=-46861121290, SimualUseLimit=1, MaxSessionTimeout=84000, InboundCar=102400, OutboundCar=307200, QosProfile=, UpdateInterval=3600))
2022-12-05 06:22:59.396 [http-nio-8088-exec-5] INFO  com.example.radiusapi.controller.AccountInfoController - result=Result(success=true, code=20000, message=sucess, data={})
2022-12-05 06:22:59.440 [http-nio-8088-exec-6] INFO  com.example.radiusapi.controller.AccountInfoController - GetAccountInfo(,@test)
2022-12-05 06:22:59.452 [http-nio-8088-exec-6] INFO  com.example.radiusapi.controller.AccountInfoController - result=Result(success=true, code=20000, message=sucess, data={data=com.baomidou.mybatisplus.extension.plugins.pagination.Page@41df564a})
2022-12-05 06:23:58.715 [http-nio-8088-exec-7] INFO  com.example.radiusapi.controller.RealmController - GetRealms(5d430d61-b277-4f6d-a916-27747e8f87b8)
2022-12-05 06:23:58.719 [http-nio-8088-exec-7] INFO  com.example.radiusapi.controller.RealmController - result=Result(success=true, code=20000, message=sucess, data={data=[Realm(id=bf9b75d1e4bcefe0fb7984f2c36076ea, node_pid=null, realm=@test)]})
2022-12-05 06:23:59.027 [http-nio-8088-exec-8] INFO  com.example.radiusapi.controller.RealmController - GetRealms(5d430d61-b277-4f6d-a916-27747e8f87b8)
2022-12-05 06:23:59.040 [http-nio-8088-exec-8] INFO  com.example.radiusapi.controller.RealmController - result=Result(success=true, code=20000, message=sucess, data={data=[Realm(id=bf9b75d1e4bcefe0fb7984f2c36076ea, node_pid=null, realm=@test)]})
2022-12-05 06:23:59.154 [http-nio-8088-exec-9] INFO  com.example.radiusapi.controller.AccountInfoController - GetAccountInfo(,@test)
2022-12-05 06:23:59.172 [http-nio-8088-exec-9] INFO  com.example.radiusapi.controller.AccountInfoController - result=Result(success=true, code=20000, message=sucess, data={data=com.baomidou.mybatisplus.extension.plugins.pagination.Page@1143e51e})
2022-12-05 06:24:20.911 [http-nio-8088-exec-10] INFO  com.example.radiusapi.controller.AccountInfoController - UpdateAccount(AccountInfo(id=1598137388360364033, UserName=test, realm=@test, UserPassword=test, AuthMode=0, IsFrozen=false, AdminName=admin, ValidDate=null, ModifyDate=Sun Dec 04 18:09:17 GMT+08:00 2022, ExpireDate=null, SecondRemain=1, ByteRemain=-46861121290, SimualUseLimit=1, MaxSessionTimeout=84000, InboundCar=102400, OutboundCar=307200, QosProfile=, UpdateInterval=3600))
2022-12-05 06:24:20.928 [http-nio-8088-exec-10] INFO  com.example.radiusapi.controller.AccountInfoController - result=Result(success=true, code=20000, message=sucess, data={})
2022-12-05 06:24:20.993 [http-nio-8088-exec-2] INFO  com.example.radiusapi.controller.AccountInfoController - GetAccountInfo(,@test)
2022-12-05 06:24:21.011 [http-nio-8088-exec-2] INFO  com.example.radiusapi.controller.AccountInfoController - result=Result(success=true, code=20000, message=sucess, data={data=com.baomidou.mybatisplus.extension.plugins.pagination.Page@4551010d})
2022-12-05 06:30:43.239 [Thread-11] INFO  org.apache.coyote.http11.Http11NioProtocol - Pausing ProtocolHandler ["http-nio-8088"]
2022-12-05 06:30:43.243 [Thread-11] INFO  org.apache.catalina.core.StandardService - Stopping service [Tomcat]
2022-12-05 06:30:43.248 [Thread-11] INFO  org.apache.catalina.core.ContainerBase.[Tomcat].[localhost].[/] - Destroying Spring FrameworkServlet 'dispatcherServlet'
2022-12-05 06:30:43.294 [Thread-11] WARN  org.apache.catalina.loader.WebappClassLoaderBase - The web application [ROOT] appears to have started a thread named [System Clock] but has failed to stop it. This is very likely to create a memory leak. Stack trace of thread:
 java.base@18.0.1.1/jdk.internal.misc.Unsafe.park(Native Method)
 java.base@18.0.1.1/java.util.concurrent.locks.LockSupport.parkNanos(LockSupport.java:252)
 java.base@18.0.1.1/java.util.concurrent.locks.AbstractQueuedSynchronizer$ConditionObject.awaitNanos(AbstractQueuedSynchronizer.java:1672)
 java.base@18.0.1.1/java.util.concurrent.ScheduledThreadPoolExecutor$DelayedWorkQueue.take(ScheduledThreadPoolExecutor.java:1182)
 java.base@18.0.1.1/java.util.concurrent.ScheduledThreadPoolExecutor$DelayedWorkQueue.take(ScheduledThreadPoolExecutor.java:899)
 java.base@18.0.1.1/java.util.concurrent.ThreadPoolExecutor.getTask(ThreadPoolExecutor.java:1062)
 java.base@18.0.1.1/java.util.concurrent.ThreadPoolExecutor.runWorker(ThreadPoolExecutor.java:1122)
 java.base@18.0.1.1/java.util.concurrent.ThreadPoolExecutor$Worker.run(ThreadPoolExecutor.java:635)
 java.base@18.0.1.1/java.lang.Thread.run(Thread.java:833)
2022-12-05 06:30:43.302 [Thread-11] INFO  org.apache.coyote.http11.Http11NioProtocol - Stopping ProtocolHandler ["http-nio-8088"]
2022-12-05 06:30:43.315 [Thread-11] INFO  org.apache.coyote.http11.Http11NioProtocol - Destroying ProtocolHandler ["http-nio-8088"]
2022-12-05 06:30:43.348 [Thread-11] INFO  com.alibaba.druid.pool.DruidDataSource - {dataSource-3} closing ...
2022-12-05 06:30:43.366 [Thread-11] INFO  com.alibaba.druid.pool.DruidDataSource - {dataSource-3} closed
2022-12-05 06:30:44.234 [restartedMain] INFO  com.example.radiusapi.RadiusApiApplication - Starting RadiusApiApplication using Java 18.0.1.1 on MSI with PID 6268 (C:\Users\20786\IdeaProjects\radiusApi\target\classes started by 20786 in C:\Users\20786\IdeaProjects\radiusApi)
2022-12-05 06:30:44.237 [restartedMain] INFO  com.example.radiusapi.RadiusApiApplication - No active profile set, falling back to 1 default profile: "default"
2022-12-05 06:30:46.568 [restartedMain] INFO  com.alibaba.druid.spring.boot.autoconfigure.DruidDataSourceAutoConfigure - Init DruidDataSource
2022-12-05 06:30:46.600 [restartedMain] INFO  com.alibaba.druid.pool.DruidDataSource - {dataSource-4} inited
2022-12-05 06:30:48.803 [restartedMain] INFO  com.example.radiusapi.RadiusApiApplication - Started RadiusApiApplication in 4.822 seconds (JVM running for 96695.619)
2022-12-05 06:30:48.825 [restartedMain] INFO  com.example.radiusapi.RadiusApiApplication.main() Line: 23 - application is  started  .......
2022-12-05 06:30:48.951 [SpringApplicationShutdownHook] INFO  com.alibaba.druid.pool.DruidDataSource - {dataSource-4} closing ...
2022-12-05 06:30:48.952 [SpringApplicationShutdownHook] INFO  com.alibaba.druid.pool.DruidDataSource - {dataSource-4} closed
2022-12-05 06:31:12.209 [restartedMain] INFO  com.example.radiusapi.RadiusApiApplication - Starting RadiusApiApplication using Java 18.0.1.1 on MSI with PID 26384 (C:\Users\20786\IdeaProjects\radiusApi\target\classes started by 20786 in C:\Users\20786\IdeaProjects\radiusApi)
2022-12-05 06:31:12.257 [restartedMain] INFO  com.example.radiusapi.RadiusApiApplication - No active profile set, falling back to 1 default profile: "default"
2022-12-05 06:31:19.376 [restartedMain] INFO  org.apache.coyote.http11.Http11NioProtocol - Initializing ProtocolHandler ["http-nio-8088"]
2022-12-05 06:31:19.378 [restartedMain] INFO  org.apache.catalina.core.StandardService - Starting service [Tomcat]
2022-12-05 06:31:19.380 [restartedMain] INFO  org.apache.catalina.core.StandardEngine - Starting Servlet engine: [Apache Tomcat/9.0.65]
2022-12-05 06:31:19.784 [restartedMain] INFO  org.apache.catalina.core.ContainerBase.[Tomcat].[localhost].[/] - Initializing Spring embedded WebApplicationContext
2022-12-05 06:31:20.419 [restartedMain] INFO  com.alibaba.druid.spring.boot.autoconfigure.DruidDataSourceAutoConfigure - Init DruidDataSource
2022-12-05 06:31:20.786 [restartedMain] INFO  com.alibaba.druid.pool.DruidDataSource - {dataSource-1} inited
2022-12-05 06:31:24.760 [restartedMain] INFO  org.apache.coyote.http11.Http11NioProtocol - Starting ProtocolHandler ["http-nio-8088"]
2022-12-05 06:31:26.440 [restartedMain] INFO  com.example.radiusapi.RadiusApiApplication - Started RadiusApiApplication in 15.754 seconds (JVM running for 20.568)
2022-12-05 06:31:26.475 [restartedMain] INFO  com.example.radiusapi.RadiusApiApplication.main() Line: 23 - application is  started  .......
2022-12-05 06:31:30.158 [http-nio-8088-exec-1] INFO  org.apache.catalina.core.ContainerBase.[Tomcat].[localhost].[/] - Initializing Spring DispatcherServlet 'dispatcherServlet'
2022-12-05 06:31:30.440 [http-nio-8088-exec-2] INFO  com.example.radiusapi.controller.RealmController - GetRealms(5d430d61-b277-4f6d-a916-27747e8f87b8)
2022-12-05 06:31:31.385 [http-nio-8088-exec-2] INFO  com.example.radiusapi.controller.RealmController - result=Result(success=true, code=20000, message=sucess, data={data=[Realm(id=bf9b75d1e4bcefe0fb7984f2c36076ea, node_pid=null, realm=@test)]})
2022-12-05 06:31:31.566 [http-nio-8088-exec-3] INFO  com.example.radiusapi.controller.AccountInfoController - GetAccountInfo(,@test)
2022-12-05 06:31:31.733 [http-nio-8088-exec-3] INFO  com.example.radiusapi.controller.AccountInfoController - result=Result(success=true, code=20000, message=sucess, data={data=com.baomidou.mybatisplus.extension.plugins.pagination.Page@52d2779f})
2022-12-05 06:35:15.530 [http-nio-8088-exec-6] INFO  com.example.radiusapi.controller.AccountInfoController - UpdateAccount(AccountInfo(id=1598137388360364033, UserName=test, realm=@test, UserPassword=test, AuthMode=0, IsFrozen=false, AdminName=admin, ValidDate=null, ModifyDate=Sun Dec 04 18:09:17 GMT+08:00 2022, ExpireDate=null, SecondRemain=900, ByteRemain=-46861121290, SimualUseLimit=1, MaxSessionTimeout=84000, InboundCar=102400, OutboundCar=307200, QosProfile=, UpdateInterval=3600))
2022-12-05 06:35:15.605 [http-nio-8088-exec-6] INFO  com.example.radiusapi.controller.AccountInfoController - result=Result(success=true, code=20000, message=sucess, data={})
2022-12-05 06:35:15.676 [http-nio-8088-exec-7] INFO  com.example.radiusapi.controller.AccountInfoController - GetAccountInfo(,@test)
2022-12-05 06:35:15.715 [http-nio-8088-exec-7] INFO  com.example.radiusapi.controller.AccountInfoController - result=Result(success=true, code=20000, message=sucess, data={data=com.baomidou.mybatisplus.extension.plugins.pagination.Page@3e775ada})
2022-12-05 06:35:37.314 [http-nio-8088-exec-8] INFO  com.example.radiusapi.controller.AccountInfoController - UpdateAccount(AccountInfo(id=1598137388360364033, UserName=test, realm=@test, UserPassword=test, AuthMode=0, IsFrozen=false, AdminName=admin, ValidDate=null, ModifyDate=Sun Dec 04 18:09:17 GMT+08:00 2022, ExpireDate=null, SecondRemain=999, ByteRemain=-46861121290, SimualUseLimit=1, MaxSessionTimeout=84000, InboundCar=102400, OutboundCar=307200, QosProfile=, UpdateInterval=3600))
2022-12-05 06:35:37.344 [http-nio-8088-exec-8] INFO  com.example.radiusapi.controller.AccountInfoController - result=Result(success=true, code=20000, message=sucess, data={})
2022-12-05 06:35:37.413 [http-nio-8088-exec-9] INFO  com.example.radiusapi.controller.AccountInfoController - GetAccountInfo(,@test)
2022-12-05 06:35:37.447 [http-nio-8088-exec-9] INFO  com.example.radiusapi.controller.AccountInfoController - result=Result(success=true, code=20000, message=sucess, data={data=com.baomidou.mybatisplus.extension.plugins.pagination.Page@1370a4c0})
2022-12-05 06:35:47.613 [http-nio-8088-exec-10] INFO  com.example.radiusapi.controller.AccountInfoController - UpdateAccount(AccountInfo(id=1598137388360364033, UserName=test, realm=@test, UserPassword=test, AuthMode=0, IsFrozen=false, AdminName=admin, ValidDate=null, ModifyDate=Sun Dec 04 18:09:17 GMT+08:00 2022, ExpireDate=null, SecondRemain=1002, ByteRemain=-46861121290, SimualUseLimit=1, MaxSessionTimeout=84000, InboundCar=102400, OutboundCar=307200, QosProfile=, UpdateInterval=3600))
2022-12-05 06:35:47.629 [http-nio-8088-exec-10] INFO  com.example.radiusapi.controller.AccountInfoController - result=Result(success=true, code=20000, message=sucess, data={})
2022-12-05 06:35:47.682 [http-nio-8088-exec-1] INFO  com.example.radiusapi.controller.AccountInfoController - GetAccountInfo(,@test)
2022-12-05 06:35:47.713 [http-nio-8088-exec-1] INFO  com.example.radiusapi.controller.AccountInfoController - result=Result(success=true, code=20000, message=sucess, data={data=com.baomidou.mybatisplus.extension.plugins.pagination.Page@708a4310})
2022-12-05 06:37:45.391 [http-nio-8088-exec-4] INFO  com.example.radiusapi.controller.AccountInfoController - DeleteAccount(test001,@test)
2022-12-05 06:37:45.409 [http-nio-8088-exec-4] INFO  com.example.radiusapi.controller.AccountInfoController - result=Result(success=true, code=20000, message=sucess, data={})
2022-12-05 06:37:45.428 [http-nio-8088-exec-5] INFO  com.example.radiusapi.controller.AccountInfoController - GetAccountInfo(,@test)
2022-12-05 06:37:45.449 [http-nio-8088-exec-5] INFO  com.example.radiusapi.controller.AccountInfoController - result=Result(success=true, code=20000, message=sucess, data={data=com.baomidou.mybatisplus.extension.plugins.pagination.Page@62f47c22})
2022-12-05 06:37:48.018 [http-nio-8088-exec-7] INFO  com.example.radiusapi.controller.AccountInfoController - DeleteAccount(test,@test)
2022-12-05 06:37:48.041 [http-nio-8088-exec-7] INFO  com.example.radiusapi.controller.AccountInfoController - result=Result(success=true, code=20000, message=sucess, data={})
2022-12-05 06:37:48.066 [http-nio-8088-exec-8] INFO  com.example.radiusapi.controller.AccountInfoController - GetAccountInfo(,@test)
2022-12-05 06:37:48.087 [http-nio-8088-exec-8] INFO  com.example.radiusapi.controller.AccountInfoController - result=Result(success=true, code=20000, message=sucess, data={data=com.baomidou.mybatisplus.extension.plugins.pagination.Page@13f0b66c})
2022-12-05 06:51:42.687 [http-nio-8088-exec-10] INFO  com.example.radiusapi.controller.RealmController - GetRealms(5d430d61-b277-4f6d-a916-27747e8f87b8)
2022-12-05 06:51:42.702 [http-nio-8088-exec-10] INFO  com.example.radiusapi.controller.RealmController - result=Result(success=true, code=20000, message=sucess, data={data=[Realm(id=bf9b75d1e4bcefe0fb7984f2c36076ea, node_pid=null, realm=@test)]})
2022-12-05 06:51:43.414 [http-nio-8088-exec-1] INFO  com.example.radiusapi.controller.RealmController - GetRealms(5d430d61-b277-4f6d-a916-27747e8f87b8)
2022-12-05 06:51:43.423 [http-nio-8088-exec-1] INFO  com.example.radiusapi.controller.RealmController - result=Result(success=true, code=20000, message=sucess, data={data=[Realm(id=bf9b75d1e4bcefe0fb7984f2c36076ea, node_pid=null, realm=@test)]})
2022-12-05 06:51:43.486 [http-nio-8088-exec-2] INFO  com.example.radiusapi.controller.AccountInfoController - GetAccountInfo(,@test)
2022-12-05 06:51:43.501 [http-nio-8088-exec-2] INFO  com.example.radiusapi.controller.AccountInfoController - result=Result(success=true, code=20000, message=sucess, data={data=com.baomidou.mybatisplus.extension.plugins.pagination.Page@3209782a})
2022-12-05 06:52:11.416 [http-nio-8088-exec-3] INFO  com.example.radiusapi.controller.AccountInfoController - AddAccount(AccountInfo(id=null, UserName=test, realm=@test, UserPassword=test, AuthMode=0, IsFrozen=false, AdminName=admin, ValidDate=null, ModifyDate=null, ExpireDate=null, SecondRemain=1, ByteRemain=0, SimualUseLimit=1, MaxSessionTimeout=0, InboundCar=0, OutboundCar=0, QosProfile=, UpdateInterval=3600))
2022-12-05 06:52:11.437 [http-nio-8088-exec-3] INFO  com.example.radiusapi.controller.AccountInfoController - result=Result(success=true, code=20000, message=sucess, data={})
2022-12-05 06:52:11.503 [http-nio-8088-exec-4] INFO  com.example.radiusapi.controller.AccountInfoController - GetAccountInfo(,@test)
2022-12-05 06:52:11.534 [http-nio-8088-exec-4] INFO  com.example.radiusapi.controller.AccountInfoController - result=Result(success=true, code=20000, message=sucess, data={data=com.baomidou.mybatisplus.extension.plugins.pagination.Page@24e4cc9c})
2022-12-05 06:54:10.999 [http-nio-8088-exec-6] INFO  com.example.radiusapi.controller.AccountInfoController - UpdateAccount(AccountInfo(id=1599537075521171458, UserName=test, realm=@test, UserPassword=test, AuthMode=0, IsFrozen=false, AdminName=admin, ValidDate=Mon Dec 05 06:52:11 GMT+08:00 2022, ModifyDate=Mon Dec 05 06:52:11 GMT+08:00 2022, ExpireDate=null, SecondRemain=1001, ByteRemain=0, SimualUseLimit=1, MaxSessionTimeout=0, InboundCar=0, OutboundCar=0, QosProfile=, UpdateInterval=3600))
2022-12-05 06:54:11.016 [http-nio-8088-exec-6] INFO  com.example.radiusapi.controller.AccountInfoController - result=Result(success=true, code=20000, message=sucess, data={})
2022-12-05 06:54:11.064 [http-nio-8088-exec-7] INFO  com.example.radiusapi.controller.AccountInfoController - GetAccountInfo(,@test)
2022-12-05 06:54:11.084 [http-nio-8088-exec-7] INFO  com.example.radiusapi.controller.AccountInfoController - result=Result(success=true, code=20000, message=sucess, data={data=com.baomidou.mybatisplus.extension.plugins.pagination.Page@5a169f6c})
2022-12-05 06:54:24.014 [http-nio-8088-exec-8] INFO  com.example.radiusapi.controller.RealmController - GetRealms(5d430d61-b277-4f6d-a916-27747e8f87b8)
2022-12-05 06:54:24.021 [http-nio-8088-exec-8] INFO  com.example.radiusapi.controller.RealmController - result=Result(success=true, code=20000, message=sucess, data={data=[Realm(id=bf9b75d1e4bcefe0fb7984f2c36076ea, node_pid=null, realm=@test)]})
2022-12-05 06:54:24.120 [http-nio-8088-exec-9] INFO  com.example.radiusapi.controller.AccountInfoController - GetAccountInfo(,@test)
2022-12-05 06:54:24.154 [http-nio-8088-exec-9] INFO  com.example.radiusapi.controller.AccountInfoController - result=Result(success=true, code=20000, message=sucess, data={data=com.baomidou.mybatisplus.extension.plugins.pagination.Page@df4974c})
2022-12-05 06:56:04.596 [http-nio-8088-exec-1] INFO  com.example.radiusapi.controller.AccountInfoController - UpdateAccount(AccountInfo(id=1599537075521171458, UserName=test, realm=@test, UserPassword=test, AuthMode=0, IsFrozen=false, AdminName=admin, ValidDate=Mon Dec 05 06:52:11 GMT+08:00 2022, ModifyDate=Mon Dec 05 06:52:11 GMT+08:00 2022, ExpireDate=Tue Dec 06 06:56:02 GMT+08:00 2022, SecondRemain=1, ByteRemain=0, SimualUseLimit=1, MaxSessionTimeout=0, InboundCar=0, OutboundCar=0, QosProfile=, UpdateInterval=3600))
2022-12-05 06:56:04.618 [http-nio-8088-exec-1] INFO  com.example.radiusapi.controller.AccountInfoController - result=Result(success=true, code=20000, message=sucess, data={})
2022-12-05 06:56:04.661 [http-nio-8088-exec-2] INFO  com.example.radiusapi.controller.AccountInfoController - GetAccountInfo(,@test)
2022-12-05 06:56:04.676 [http-nio-8088-exec-2] INFO  com.example.radiusapi.controller.AccountInfoController - result=Result(success=true, code=20000, message=sucess, data={data=com.baomidou.mybatisplus.extension.plugins.pagination.Page@4ef040a})
2022-12-05 06:56:13.052 [http-nio-8088-exec-3] INFO  com.example.radiusapi.controller.AccountInfoController - UpdateAccount(AccountInfo(id=1599537075521171458, UserName=test, realm=@test, UserPassword=test, AuthMode=0, IsFrozen=false, AdminName=admin, ValidDate=Mon Dec 05 06:52:11 GMT+08:00 2022, ModifyDate=Mon Dec 05 06:52:11 GMT+08:00 2022, ExpireDate=Tue Dec 06 06:56:02 GMT+08:00 2022, SecondRemain=0, ByteRemain=0, SimualUseLimit=1, MaxSessionTimeout=0, InboundCar=0, OutboundCar=0, QosProfile=, UpdateInterval=3600))
2022-12-05 06:56:13.067 [http-nio-8088-exec-3] INFO  com.example.radiusapi.controller.AccountInfoController - result=Result(success=true, code=20000, message=sucess, data={})
2022-12-05 06:56:13.108 [http-nio-8088-exec-4] INFO  com.example.radiusapi.controller.AccountInfoController - GetAccountInfo(,@test)
2022-12-05 06:56:13.123 [http-nio-8088-exec-4] INFO  com.example.radiusapi.controller.AccountInfoController - result=Result(success=true, code=20000, message=sucess, data={data=com.baomidou.mybatisplus.extension.plugins.pagination.Page@20aa94d9})
2022-12-05 06:56:26.660 [http-nio-8088-exec-5] INFO  com.example.radiusapi.controller.AccountInfoController - UpdateAccount(AccountInfo(id=1599537075521171458, UserName=test, realm=@test, UserPassword=test, AuthMode=0, IsFrozen=false, AdminName=admin, ValidDate=Mon Dec 05 06:52:11 GMT+08:00 2022, ModifyDate=Mon Dec 05 06:52:11 GMT+08:00 2022, ExpireDate=null, SecondRemain=0, ByteRemain=0, SimualUseLimit=1, MaxSessionTimeout=0, InboundCar=0, OutboundCar=0, QosProfile=, UpdateInterval=3600))
2022-12-05 06:56:26.674 [http-nio-8088-exec-5] INFO  com.example.radiusapi.controller.AccountInfoController - result=Result(success=true, code=20000, message=sucess, data={})
2022-12-05 06:56:26.724 [http-nio-8088-exec-6] INFO  com.example.radiusapi.controller.AccountInfoController - GetAccountInfo(,@test)
2022-12-05 06:56:26.753 [http-nio-8088-exec-6] INFO  com.example.radiusapi.controller.AccountInfoController - result=Result(success=true, code=20000, message=sucess, data={data=com.baomidou.mybatisplus.extension.plugins.pagination.Page@317896f2})
2022-12-05 06:56:59.653 [http-nio-8088-exec-7] INFO  com.example.radiusapi.controller.AccountInfoController - UpdateAccount(AccountInfo(id=1599537075521171458, UserName=test, realm=@test, UserPassword=test, AuthMode=0, IsFrozen=false, AdminName=admin, ValidDate=Mon Dec 05 06:52:11 GMT+08:00 2022, ModifyDate=Mon Dec 05 06:52:11 GMT+08:00 2022, ExpireDate=Sat Dec 03 00:00:00 GMT+08:00 2022, SecondRemain=0, ByteRemain=0, SimualUseLimit=1, MaxSessionTimeout=0, InboundCar=0, OutboundCar=0, QosProfile=, UpdateInterval=3600))
2022-12-05 06:56:59.670 [http-nio-8088-exec-7] INFO  com.example.radiusapi.controller.AccountInfoController - result=Result(success=true, code=20000, message=sucess, data={})
2022-12-05 06:56:59.710 [http-nio-8088-exec-8] INFO  com.example.radiusapi.controller.AccountInfoController - GetAccountInfo(,@test)
2022-12-05 06:56:59.726 [http-nio-8088-exec-8] INFO  com.example.radiusapi.controller.AccountInfoController - result=Result(success=true, code=20000, message=sucess, data={data=com.baomidou.mybatisplus.extension.plugins.pagination.Page@1c7ed576})
2022-12-05 06:57:07.707 [http-nio-8088-exec-9] INFO  com.example.radiusapi.controller.AccountInfoController - UpdateAccount(AccountInfo(id=1599537075521171458, UserName=test, realm=@test, UserPassword=test, AuthMode=0, IsFrozen=false, AdminName=admin, ValidDate=Mon Dec 05 06:52:11 GMT+08:00 2022, ModifyDate=Mon Dec 05 06:52:11 GMT+08:00 2022, ExpireDate=null, SecondRemain=0, ByteRemain=0, SimualUseLimit=1, MaxSessionTimeout=0, InboundCar=0, OutboundCar=0, QosProfile=, UpdateInterval=3600))
2022-12-05 06:57:07.727 [http-nio-8088-exec-9] INFO  com.example.radiusapi.controller.AccountInfoController - result=Result(success=true, code=20000, message=sucess, data={})
2022-12-05 06:57:07.787 [http-nio-8088-exec-10] INFO  com.example.radiusapi.controller.AccountInfoController - GetAccountInfo(,@test)
2022-12-05 06:57:07.809 [http-nio-8088-exec-10] INFO  com.example.radiusapi.controller.AccountInfoController - result=Result(success=true, code=20000, message=sucess, data={data=com.baomidou.mybatisplus.extension.plugins.pagination.Page@5d7aa757})
2022-12-05 06:57:15.947 [http-nio-8088-exec-1] INFO  com.example.radiusapi.controller.AccountInfoController - UpdateAccount(AccountInfo(id=1599537075521171458, UserName=test, realm=@test, UserPassword=test, AuthMode=0, IsFrozen=false, AdminName=admin, ValidDate=null, ModifyDate=Mon Dec 05 06:52:11 GMT+08:00 2022, ExpireDate=null, SecondRemain=0, ByteRemain=0, SimualUseLimit=1, MaxSessionTimeout=0, InboundCar=0, OutboundCar=0, QosProfile=, UpdateInterval=3600))
2022-12-05 06:57:15.958 [http-nio-8088-exec-1] INFO  com.example.radiusapi.controller.AccountInfoController - result=Result(success=true, code=20000, message=sucess, data={})
2022-12-05 06:57:16.015 [http-nio-8088-exec-2] INFO  com.example.radiusapi.controller.AccountInfoController - GetAccountInfo(,@test)
2022-12-05 06:57:16.066 [http-nio-8088-exec-2] INFO  com.example.radiusapi.controller.AccountInfoController - result=Result(success=true, code=20000, message=sucess, data={data=com.baomidou.mybatisplus.extension.plugins.pagination.Page@52ef7bac})
2022-12-05 06:57:30.780 [http-nio-8088-exec-3] INFO  com.example.radiusapi.controller.AccountInfoController - UpdateAccount(AccountInfo(id=1599537075521171458, UserName=test, realm=@test, UserPassword=test, AuthMode=0, IsFrozen=false, AdminName=admin, ValidDate=null, ModifyDate=Mon Dec 05 06:52:11 GMT+08:00 2022, ExpireDate=null, SecondRemain=0, ByteRemain=0, SimualUseLimit=1, MaxSessionTimeout=0, InboundCar=0, OutboundCar=0, QosProfile=, UpdateInterval=3600))
2022-12-05 06:57:30.786 [http-nio-8088-exec-3] INFO  com.example.radiusapi.controller.AccountInfoController - result=Result(success=true, code=20000, message=sucess, data={})
2022-12-05 06:57:30.820 [http-nio-8088-exec-4] INFO  com.example.radiusapi.controller.AccountInfoController - GetAccountInfo(,@test)
2022-12-05 06:57:30.834 [http-nio-8088-exec-4] INFO  com.example.radiusapi.controller.AccountInfoController - result=Result(success=true, code=20000, message=sucess, data={data=com.baomidou.mybatisplus.extension.plugins.pagination.Page@72e67051})
2022-12-05 06:57:43.177 [http-nio-8088-exec-5] INFO  com.example.radiusapi.controller.AccountInfoController - UpdateAccount(AccountInfo(id=1599537075521171458, UserName=test, realm=@test, UserPassword=test, AuthMode=0, IsFrozen=false, AdminName=admin, ValidDate=null, ModifyDate=Mon Dec 05 06:52:11 GMT+08:00 2022, ExpireDate=null, SecondRemain=-1, ByteRemain=0, SimualUseLimit=1, MaxSessionTimeout=0, InboundCar=0, OutboundCar=0, QosProfile=, UpdateInterval=3600))
2022-12-05 06:57:43.191 [http-nio-8088-exec-5] INFO  com.example.radiusapi.controller.AccountInfoController - result=Result(success=true, code=20000, message=sucess, data={})
2022-12-05 06:57:43.234 [http-nio-8088-exec-6] INFO  com.example.radiusapi.controller.AccountInfoController - GetAccountInfo(,@test)
2022-12-05 06:57:43.253 [http-nio-8088-exec-6] INFO  com.example.radiusapi.controller.AccountInfoController - result=Result(success=true, code=20000, message=sucess, data={data=com.baomidou.mybatisplus.extension.plugins.pagination.Page@4088b3c8})
2022-12-05 07:00:00.000 [http-nio-8088-exec-8] INFO  com.example.radiusapi.controller.RealmController - GetRealms(5d430d61-b277-4f6d-a916-27747e8f87b8)
2022-12-05 07:00:00.017 [http-nio-8088-exec-8] INFO  com.example.radiusapi.controller.RealmController - result=Result(success=true, code=20000, message=sucess, data={data=[Realm(id=bf9b75d1e4bcefe0fb7984f2c36076ea, node_pid=null, realm=@test)]})
2022-12-05 07:00:00.958 [http-nio-8088-exec-9] INFO  com.example.radiusapi.controller.RealmController - GetRealms(5d430d61-b277-4f6d-a916-27747e8f87b8)
2022-12-05 07:00:00.965 [http-nio-8088-exec-9] INFO  com.example.radiusapi.controller.RealmController - result=Result(success=true, code=20000, message=sucess, data={data=[Realm(id=bf9b75d1e4bcefe0fb7984f2c36076ea, node_pid=null, realm=@test)]})
2022-12-05 07:00:01.008 [http-nio-8088-exec-1] INFO  com.example.radiusapi.controller.OnlineUserController - GetOnlineUser(,@test)
2022-12-05 07:00:01.023 [http-nio-8088-exec-1] INFO  com.example.radiusapi.controller.OnlineUserController - result=Result(success=true, code=20000, message=sucess, data={data=com.baomidou.mybatisplus.extension.plugins.pagination.Page@79130afd})
2022-12-05 07:00:03.102 [http-nio-8088-exec-2] INFO  com.example.radiusapi.controller.RealmController - GetRealms(5d430d61-b277-4f6d-a916-27747e8f87b8)
2022-12-05 07:00:03.109 [http-nio-8088-exec-2] INFO  com.example.radiusapi.controller.RealmController - result=Result(success=true, code=20000, message=sucess, data={data=[Realm(id=bf9b75d1e4bcefe0fb7984f2c36076ea, node_pid=null, realm=@test)]})
2022-12-05 07:00:03.153 [http-nio-8088-exec-4] INFO  com.example.radiusapi.controller.OfflineUserController - GetOfflineUser(,@test)
2022-12-05 07:00:03.180 [http-nio-8088-exec-4] INFO  com.example.radiusapi.controller.OfflineUserController - result=Result(success=true, code=20000, message=sucess, data={data=com.baomidou.mybatisplus.extension.plugins.pagination.Page@446bb127})
2022-12-05 07:02:17.844 [http-nio-8088-exec-6] INFO  com.example.radiusapi.controller.RealmController - GetRealms(5d430d61-b277-4f6d-a916-27747e8f87b8)
2022-12-05 07:02:17.853 [http-nio-8088-exec-6] INFO  com.example.radiusapi.controller.RealmController - result=Result(success=true, code=20000, message=sucess, data={data=[Realm(id=bf9b75d1e4bcefe0fb7984f2c36076ea, node_pid=null, realm=@test)]})
2022-12-05 07:02:17.889 [http-nio-8088-exec-7] INFO  com.example.radiusapi.controller.AccountInfoController - GetAccountInfo(,@test)
2022-12-05 07:02:17.905 [http-nio-8088-exec-7] INFO  com.example.radiusapi.controller.AccountInfoController - result=Result(success=true, code=20000, message=sucess, data={data=com.baomidou.mybatisplus.extension.plugins.pagination.Page@3036d2b9})
2022-12-05 07:11:09.934 [http-nio-8088-exec-9] INFO  com.example.radiusapi.controller.AccountInfoController - UpdateAccount(AccountInfo(id=1599537075521171458, UserName=test, realm=@test, UserPassword=test, AuthMode=0, IsFrozen=false, AdminName=admin, ValidDate=null, ModifyDate=Mon Dec 05 06:52:11 GMT+08:00 2022, ExpireDate=null, SecondRemain=1, ByteRemain=0, SimualUseLimit=1, MaxSessionTimeout=0, InboundCar=0, OutboundCar=0, QosProfile=, UpdateInterval=3600))
2022-12-05 07:11:09.945 [http-nio-8088-exec-9] INFO  com.example.radiusapi.controller.AccountInfoController - result=Result(success=true, code=20000, message=sucess, data={})
2022-12-05 07:11:09.984 [http-nio-8088-exec-10] INFO  com.example.radiusapi.controller.AccountInfoController - GetAccountInfo(,@test)
2022-12-05 07:11:10.003 [http-nio-8088-exec-10] INFO  com.example.radiusapi.controller.AccountInfoController - result=Result(success=true, code=20000, message=sucess, data={data=com.baomidou.mybatisplus.extension.plugins.pagination.Page@ffd03a3})
2022-12-05 07:11:20.354 [http-nio-8088-exec-1] INFO  com.example.radiusapi.controller.AccountInfoController - UpdateAccount(AccountInfo(id=1599537075521171458, UserName=test, realm=@test, UserPassword=test, AuthMode=0, IsFrozen=false, AdminName=admin, ValidDate=null, ModifyDate=Mon Dec 05 06:52:11 GMT+08:00 2022, ExpireDate=null, SecondRemain=1, ByteRemain=0, SimualUseLimit=1, MaxSessionTimeout=0, InboundCar=0, OutboundCar=0, QosProfile=, UpdateInterval=3600))
2022-12-05 07:11:20.378 [http-nio-8088-exec-1] INFO  com.example.radiusapi.controller.AccountInfoController - result=Result(success=true, code=20000, message=sucess, data={})
2022-12-05 07:11:20.443 [http-nio-8088-exec-2] INFO  com.example.radiusapi.controller.AccountInfoController - GetAccountInfo(,@test)
2022-12-05 07:11:20.465 [http-nio-8088-exec-2] INFO  com.example.radiusapi.controller.AccountInfoController - result=Result(success=true, code=20000, message=sucess, data={data=com.baomidou.mybatisplus.extension.plugins.pagination.Page@7ae14cb1})
2022-12-05 07:11:29.448 [http-nio-8088-exec-3] INFO  com.example.radiusapi.controller.RealmController - GetRealms(5d430d61-b277-4f6d-a916-27747e8f87b8)
2022-12-05 07:11:29.454 [http-nio-8088-exec-3] INFO  com.example.radiusapi.controller.RealmController - result=Result(success=true, code=20000, message=sucess, data={data=[Realm(id=bf9b75d1e4bcefe0fb7984f2c36076ea, node_pid=null, realm=@test)]})
2022-12-05 07:11:30.068 [http-nio-8088-exec-4] INFO  com.example.radiusapi.controller.RealmController - GetRealms(5d430d61-b277-4f6d-a916-27747e8f87b8)
2022-12-05 07:11:30.078 [http-nio-8088-exec-4] INFO  com.example.radiusapi.controller.RealmController - result=Result(success=true, code=20000, message=sucess, data={data=[Realm(id=bf9b75d1e4bcefe0fb7984f2c36076ea, node_pid=null, realm=@test)]})
2022-12-05 07:11:30.253 [http-nio-8088-exec-5] INFO  com.example.radiusapi.controller.AccountInfoController - GetAccountInfo(,@test)
2022-12-05 07:11:30.281 [http-nio-8088-exec-5] INFO  com.example.radiusapi.controller.AccountInfoController - result=Result(success=true, code=20000, message=sucess, data={data=com.baomidou.mybatisplus.extension.plugins.pagination.Page@e762a4a})
2022-12-05 07:15:06.852 [http-nio-8088-exec-7] INFO  com.example.radiusapi.controller.RealmController - GetRealms(5d430d61-b277-4f6d-a916-27747e8f87b8)
2022-12-05 07:15:06.864 [http-nio-8088-exec-7] INFO  com.example.radiusapi.controller.RealmController - result=Result(success=true, code=20000, message=sucess, data={data=[Realm(id=bf9b75d1e4bcefe0fb7984f2c36076ea, node_pid=null, realm=@test)]})
2022-12-05 07:25:51.577 [http-nio-8088-exec-9] INFO  com.example.radiusapi.controller.RealmController - GetRealms(5d430d61-b277-4f6d-a916-27747e8f87b8)
2022-12-05 07:25:51.587 [http-nio-8088-exec-9] INFO  com.example.radiusapi.controller.RealmController - result=Result(success=true, code=20000, message=sucess, data={data=[Realm(id=bf9b75d1e4bcefe0fb7984f2c36076ea, node_pid=null, realm=@test)]})
2022-12-05 07:25:51.619 [http-nio-8088-exec-10] INFO  com.example.radiusapi.controller.OfflineUserController - GetOfflineUser(,@test)
2022-12-05 07:25:51.638 [http-nio-8088-exec-10] INFO  com.example.radiusapi.controller.OfflineUserController - result=Result(success=true, code=20000, message=sucess, data={data=com.baomidou.mybatisplus.extension.plugins.pagination.Page@675dcec3})
2022-12-05 07:26:00.485 [http-nio-8088-exec-1] INFO  com.example.radiusapi.controller.RealmController - GetRealms(5d430d61-b277-4f6d-a916-27747e8f87b8)
2022-12-05 07:26:00.495 [http-nio-8088-exec-1] INFO  com.example.radiusapi.controller.RealmController - result=Result(success=true, code=20000, message=sucess, data={data=[Realm(id=bf9b75d1e4bcefe0fb7984f2c36076ea, node_pid=null, realm=@test)]})
2022-12-05 07:26:00.636 [http-nio-8088-exec-2] INFO  com.example.radiusapi.controller.OnlineUserController - GetOnlineUser(,@test)
2022-12-05 07:26:00.663 [http-nio-8088-exec-2] INFO  com.example.radiusapi.controller.OnlineUserController - result=Result(success=true, code=20000, message=sucess, data={data=com.baomidou.mybatisplus.extension.plugins.pagination.Page@37a6a10a})
2022-12-05 07:26:18.212 [http-nio-8088-exec-3] INFO  com.example.radiusapi.controller.RealmController - GetRealms(5d430d61-b277-4f6d-a916-27747e8f87b8)
2022-12-05 07:26:18.220 [http-nio-8088-exec-3] INFO  com.example.radiusapi.controller.RealmController - result=Result(success=true, code=20000, message=sucess, data={data=[Realm(id=bf9b75d1e4bcefe0fb7984f2c36076ea, node_pid=null, realm=@test)]})
2022-12-05 07:26:18.261 [http-nio-8088-exec-4] INFO  com.example.radiusapi.controller.OfflineUserController - GetOfflineUser(,@test)
2022-12-05 07:26:18.275 [http-nio-8088-exec-4] INFO  com.example.radiusapi.controller.OfflineUserController - result=Result(success=true, code=20000, message=sucess, data={data=com.baomidou.mybatisplus.extension.plugins.pagination.Page@5391702b})
2022-12-05 07:31:23.323 [http-nio-8088-exec-7] INFO  com.example.radiusapi.controller.AdminController - info(eyJ0eXAiOiJKV1QiLCJhbGciOiJIUzI1NiJ9.eyJ1c2VyQWNjb3VudCI6ImFkbWluIiwiaXNzIjoiYXV0aDAiLCJleHAiOjE2NzAyMTQ2Mzh9.-0IAiN-k8DcnnQ9tiqOUvXwvlEPFQDeOGqTZSDRwvgs)
2022-12-05 07:31:23.369 [http-nio-8088-exec-7] INFO  com.example.radiusapi.controller.AdminController - Result=Result(success=true, code=20000, message=sucess, data={roles=admin, name=admin, avatar=, nodeid=81034dad-ccc5-4bb9-8020-9424bc5b0eac, introduction=superUser})
2022-12-05 07:31:23.992 [http-nio-8088-exec-9] INFO  com.example.radiusapi.controller.SidebarTreeController - GetTreeNodeList(81034dad-ccc5-4bb9-8020-9424bc5b0eac)
2022-12-05 07:31:24.023 [http-nio-8088-exec-9] INFO  com.example.radiusapi.controller.SidebarTreeController - result=Result(success=true, code=20000, message=sucess, data={data=[SidebarTree(id=9580ce07-0c5c-44b7-a46d-239c57dbd19c, label=1-1, type=1, owner=admin, pid=81034dad-ccc5-4bb9-8020-9424bc5b0eac), SidebarTree(id=5d430d61-b277-4f6d-a916-27747e8f87b8, label=new item, type=0, owner=admin, pid=9580ce07-0c5c-44b7-a46d-239c57dbd19c), SidebarTree(id=4b622c9b-eee1-4044-b83e-63cc4e743b69, label=上网账号, type=4, owner=null, pid=5d430d61-b277-4f6d-a916-27747e8f87b8), SidebarTree(id=aa0671b4-0503-4c8f-b725-baba8f71666c, label=设备对接, type=3, owner=null, pid=5d430d61-b277-4f6d-a916-27747e8f87b8), SidebarTree(id=b717cab0-c14e-43a3-9096-f70d1ef731e6, label=在线用户, type=8, owner=null, pid=5d430d61-b277-4f6d-a916-27747e8f87b8), SidebarTree(id=b7ef0b55-71db-4134-b344-041ac9a85835, label=上网记录, type=5, owner=null, pid=5d430d61-b277-4f6d-a916-27747e8f87b8), SidebarTree(id=8765abe5-1685-447b-ad5d-b5e7439cbcc2, label=new folder, type=1, owner=admin, pid=9580ce07-0c5c-44b7-a46d-239c57dbd19c), SidebarTree(id=81034dad-ccc5-4bb9-8020-9424bc5b0eac, label=根节点, type=1, owner=admin, pid=81034dad-ccc5-4bb9-8020-9424bc5bccc)]})
2022-12-05 07:31:26.293 [http-nio-8088-exec-10] INFO  com.example.radiusapi.controller.RealmController - GetRealms(5d430d61-b277-4f6d-a916-27747e8f87b8)
2022-12-05 07:31:26.340 [http-nio-8088-exec-10] INFO  com.example.radiusapi.controller.RealmController - result=Result(success=true, code=20000, message=sucess, data={data=[Realm(id=bf9b75d1e4bcefe0fb7984f2c36076ea, node_pid=null, realm=@test)]})
2022-12-05 07:31:26.480 [http-nio-8088-exec-1] INFO  com.example.radiusapi.controller.OfflineUserController - GetOfflineUser(,@test)
2022-12-05 07:31:26.499 [http-nio-8088-exec-1] INFO  com.example.radiusapi.controller.OfflineUserController - result=Result(success=true, code=20000, message=sucess, data={data=com.baomidou.mybatisplus.extension.plugins.pagination.Page@7bb253eb})
2022-12-05 07:31:52.562 [http-nio-8088-exec-2] INFO  com.example.radiusapi.controller.OfflineUserController - GetOfflineUser(,@test)
2022-12-05 07:31:52.575 [http-nio-8088-exec-2] INFO  com.example.radiusapi.controller.OfflineUserController - result=Result(success=true, code=20000, message=sucess, data={data=com.baomidou.mybatisplus.extension.plugins.pagination.Page@214b8bd4})
2022-12-05 07:31:53.154 [http-nio-8088-exec-3] INFO  com.example.radiusapi.controller.OfflineUserController - GetOfflineUser(,@test)
2022-12-05 07:31:53.162 [http-nio-8088-exec-3] INFO  com.example.radiusapi.controller.OfflineUserController - result=Result(success=true, code=20000, message=sucess, data={data=com.baomidou.mybatisplus.extension.plugins.pagination.Page@4fee0b07})
2022-12-05 07:43:37.082 [http-nio-8088-exec-5] INFO  com.example.radiusapi.controller.AdminController - info(eyJ0eXAiOiJKV1QiLCJhbGciOiJIUzI1NiJ9.eyJ1c2VyQWNjb3VudCI6ImFkbWluIiwiaXNzIjoiYXV0aDAiLCJleHAiOjE2NzAyMTQ2Mzh9.-0IAiN-k8DcnnQ9tiqOUvXwvlEPFQDeOGqTZSDRwvgs)
2022-12-05 07:43:37.095 [http-nio-8088-exec-5] INFO  com.example.radiusapi.controller.AdminController - Result=Result(success=true, code=20000, message=sucess, data={roles=admin, name=admin, avatar=, nodeid=81034dad-ccc5-4bb9-8020-9424bc5b0eac, introduction=superUser})
2022-12-05 07:43:37.532 [http-nio-8088-exec-6] INFO  com.example.radiusapi.controller.SidebarTreeController - GetTreeNodeList(81034dad-ccc5-4bb9-8020-9424bc5b0eac)
2022-12-05 07:43:37.538 [http-nio-8088-exec-6] INFO  com.example.radiusapi.controller.SidebarTreeController - result=Result(success=true, code=20000, message=sucess, data={data=[SidebarTree(id=9580ce07-0c5c-44b7-a46d-239c57dbd19c, label=1-1, type=1, owner=admin, pid=81034dad-ccc5-4bb9-8020-9424bc5b0eac), SidebarTree(id=5d430d61-b277-4f6d-a916-27747e8f87b8, label=new item, type=0, owner=admin, pid=9580ce07-0c5c-44b7-a46d-239c57dbd19c), SidebarTree(id=4b622c9b-eee1-4044-b83e-63cc4e743b69, label=上网账号, type=4, owner=null, pid=5d430d61-b277-4f6d-a916-27747e8f87b8), SidebarTree(id=aa0671b4-0503-4c8f-b725-baba8f71666c, label=设备对接, type=3, owner=null, pid=5d430d61-b277-4f6d-a916-27747e8f87b8), SidebarTree(id=b717cab0-c14e-43a3-9096-f70d1ef731e6, label=在线用户, type=8, owner=null, pid=5d430d61-b277-4f6d-a916-27747e8f87b8), SidebarTree(id=b7ef0b55-71db-4134-b344-041ac9a85835, label=上网记录, type=5, owner=null, pid=5d430d61-b277-4f6d-a916-27747e8f87b8), SidebarTree(id=8765abe5-1685-447b-ad5d-b5e7439cbcc2, label=new folder, type=1, owner=admin, pid=9580ce07-0c5c-44b7-a46d-239c57dbd19c), SidebarTree(id=81034dad-ccc5-4bb9-8020-9424bc5b0eac, label=根节点, type=1, owner=admin, pid=81034dad-ccc5-4bb9-8020-9424bc5bccc)]})
2022-12-05 07:43:39.338 [http-nio-8088-exec-8] INFO  com.example.radiusapi.controller.RealmController - GetRealms(5d430d61-b277-4f6d-a916-27747e8f87b8)
2022-12-05 07:43:39.345 [http-nio-8088-exec-8] INFO  com.example.radiusapi.controller.RealmController - result=Result(success=true, code=20000, message=sucess, data={data=[Realm(id=bf9b75d1e4bcefe0fb7984f2c36076ea, node_pid=null, realm=@test)]})
2022-12-05 07:43:41.556 [http-nio-8088-exec-9] INFO  com.example.radiusapi.controller.RealmController - GetRealms(5d430d61-b277-4f6d-a916-27747e8f87b8)
2022-12-05 07:43:41.562 [http-nio-8088-exec-9] INFO  com.example.radiusapi.controller.RealmController - result=Result(success=true, code=20000, message=sucess, data={data=[Realm(id=bf9b75d1e4bcefe0fb7984f2c36076ea, node_pid=null, realm=@test)]})
2022-12-05 07:43:41.603 [http-nio-8088-exec-10] INFO  com.example.radiusapi.controller.OfflineUserController - GetOfflineUser(,@test)
2022-12-05 07:43:41.619 [http-nio-8088-exec-10] INFO  com.example.radiusapi.controller.OfflineUserController - result=Result(success=true, code=20000, message=sucess, data={data=com.baomidou.mybatisplus.extension.plugins.pagination.Page@38f7711c})
2022-12-05 07:45:17.002 [http-nio-8088-exec-2] INFO  com.example.radiusapi.controller.AdminController - info(eyJ0eXAiOiJKV1QiLCJhbGciOiJIUzI1NiJ9.eyJ1c2VyQWNjb3VudCI6ImFkbWluIiwiaXNzIjoiYXV0aDAiLCJleHAiOjE2NzAyMTQ2Mzh9.-0IAiN-k8DcnnQ9tiqOUvXwvlEPFQDeOGqTZSDRwvgs)
2022-12-05 07:45:17.014 [http-nio-8088-exec-2] INFO  com.example.radiusapi.controller.AdminController - Result=Result(success=true, code=20000, message=sucess, data={roles=admin, name=admin, avatar=, nodeid=81034dad-ccc5-4bb9-8020-9424bc5b0eac, introduction=superUser})
2022-12-05 07:45:17.419 [http-nio-8088-exec-3] INFO  com.example.radiusapi.controller.SidebarTreeController - GetTreeNodeList(81034dad-ccc5-4bb9-8020-9424bc5b0eac)
2022-12-05 07:45:17.424 [http-nio-8088-exec-3] INFO  com.example.radiusapi.controller.SidebarTreeController - result=Result(success=true, code=20000, message=sucess, data={data=[SidebarTree(id=9580ce07-0c5c-44b7-a46d-239c57dbd19c, label=1-1, type=1, owner=admin, pid=81034dad-ccc5-4bb9-8020-9424bc5b0eac), SidebarTree(id=5d430d61-b277-4f6d-a916-27747e8f87b8, label=new item, type=0, owner=admin, pid=9580ce07-0c5c-44b7-a46d-239c57dbd19c), SidebarTree(id=4b622c9b-eee1-4044-b83e-63cc4e743b69, label=上网账号, type=4, owner=null, pid=5d430d61-b277-4f6d-a916-27747e8f87b8), SidebarTree(id=aa0671b4-0503-4c8f-b725-baba8f71666c, label=设备对接, type=3, owner=null, pid=5d430d61-b277-4f6d-a916-27747e8f87b8), SidebarTree(id=b717cab0-c14e-43a3-9096-f70d1ef731e6, label=在线用户, type=8, owner=null, pid=5d430d61-b277-4f6d-a916-27747e8f87b8), SidebarTree(id=b7ef0b55-71db-4134-b344-041ac9a85835, label=上网记录, type=5, owner=null, pid=5d430d61-b277-4f6d-a916-27747e8f87b8), SidebarTree(id=8765abe5-1685-447b-ad5d-b5e7439cbcc2, label=new folder, type=1, owner=admin, pid=9580ce07-0c5c-44b7-a46d-239c57dbd19c), SidebarTree(id=81034dad-ccc5-4bb9-8020-9424bc5b0eac, label=根节点, type=1, owner=admin, pid=81034dad-ccc5-4bb9-8020-9424bc5bccc)]})
2022-12-05 07:45:21.352 [http-nio-8088-exec-4] INFO  com.example.radiusapi.controller.RealmController - GetRealms(5d430d61-b277-4f6d-a916-27747e8f87b8)
2022-12-05 07:45:21.357 [http-nio-8088-exec-4] INFO  com.example.radiusapi.controller.RealmController - result=Result(success=true, code=20000, message=sucess, data={data=[Realm(id=bf9b75d1e4bcefe0fb7984f2c36076ea, node_pid=null, realm=@test)]})
2022-12-05 07:45:21.414 [http-nio-8088-exec-5] INFO  com.example.radiusapi.controller.OfflineUserController - GetOfflineUser(,@test)
2022-12-05 07:45:21.427 [http-nio-8088-exec-5] INFO  com.example.radiusapi.controller.OfflineUserController - result=Result(success=true, code=20000, message=sucess, data={data=com.baomidou.mybatisplus.extension.plugins.pagination.Page@59ca1657})
2022-12-05 07:46:59.173 [http-nio-8088-exec-7] INFO  com.example.radiusapi.controller.RealmController - GetRealms(5d430d61-b277-4f6d-a916-27747e8f87b8)
2022-12-05 07:46:59.183 [http-nio-8088-exec-7] INFO  com.example.radiusapi.controller.RealmController - result=Result(success=true, code=20000, message=sucess, data={data=[Realm(id=bf9b75d1e4bcefe0fb7984f2c36076ea, node_pid=null, realm=@test)]})
2022-12-05 07:46:59.227 [http-nio-8088-exec-9] INFO  com.example.radiusapi.controller.AccountInfoController - GetAccountInfo(,@test)
2022-12-05 07:46:59.240 [http-nio-8088-exec-9] INFO  com.example.radiusapi.controller.AccountInfoController - result=Result(success=true, code=20000, message=sucess, data={data=com.baomidou.mybatisplus.extension.plugins.pagination.Page@5f080518})
2022-12-05 07:46:59.479 [http-nio-8088-exec-10] INFO  com.example.radiusapi.controller.RealmController - GetRealms(5d430d61-b277-4f6d-a916-27747e8f87b8)
2022-12-05 07:46:59.487 [http-nio-8088-exec-10] INFO  com.example.radiusapi.controller.RealmController - result=Result(success=true, code=20000, message=sucess, data={data=[Realm(id=bf9b75d1e4bcefe0fb7984f2c36076ea, node_pid=null, realm=@test)]})
2022-12-05 07:47:01.162 [http-nio-8088-exec-1] INFO  com.example.radiusapi.controller.RealmController - GetRealms(5d430d61-b277-4f6d-a916-27747e8f87b8)
2022-12-05 07:47:01.169 [http-nio-8088-exec-1] INFO  com.example.radiusapi.controller.RealmController - result=Result(success=true, code=20000, message=sucess, data={data=[Realm(id=bf9b75d1e4bcefe0fb7984f2c36076ea, node_pid=null, realm=@test)]})
2022-12-05 07:47:01.246 [http-nio-8088-exec-2] INFO  com.example.radiusapi.controller.OfflineUserController - GetOfflineUser(,@test)
2022-12-05 07:47:01.263 [http-nio-8088-exec-2] INFO  com.example.radiusapi.controller.OfflineUserController - result=Result(success=true, code=20000, message=sucess, data={data=com.baomidou.mybatisplus.extension.plugins.pagination.Page@13a74c5b})
2022-12-05 07:47:07.903 [http-nio-8088-exec-3] INFO  com.example.radiusapi.controller.AdminController - info(eyJ0eXAiOiJKV1QiLCJhbGciOiJIUzI1NiJ9.eyJ1c2VyQWNjb3VudCI6ImFkbWluIiwiaXNzIjoiYXV0aDAiLCJleHAiOjE2NzAyMTQ2Mzh9.-0IAiN-k8DcnnQ9tiqOUvXwvlEPFQDeOGqTZSDRwvgs)
2022-12-05 07:47:07.912 [http-nio-8088-exec-3] INFO  com.example.radiusapi.controller.AdminController - Result=Result(success=true, code=20000, message=sucess, data={roles=admin, name=admin, avatar=, nodeid=81034dad-ccc5-4bb9-8020-9424bc5b0eac, introduction=superUser})
2022-12-05 07:47:08.284 [http-nio-8088-exec-4] INFO  com.example.radiusapi.controller.SidebarTreeController - GetTreeNodeList(81034dad-ccc5-4bb9-8020-9424bc5b0eac)
2022-12-05 07:47:08.301 [http-nio-8088-exec-4] INFO  com.example.radiusapi.controller.SidebarTreeController - result=Result(success=true, code=20000, message=sucess, data={data=[SidebarTree(id=9580ce07-0c5c-44b7-a46d-239c57dbd19c, label=1-1, type=1, owner=admin, pid=81034dad-ccc5-4bb9-8020-9424bc5b0eac), SidebarTree(id=5d430d61-b277-4f6d-a916-27747e8f87b8, label=new item, type=0, owner=admin, pid=9580ce07-0c5c-44b7-a46d-239c57dbd19c), SidebarTree(id=4b622c9b-eee1-4044-b83e-63cc4e743b69, label=上网账号, type=4, owner=null, pid=5d430d61-b277-4f6d-a916-27747e8f87b8), SidebarTree(id=aa0671b4-0503-4c8f-b725-baba8f71666c, label=设备对接, type=3, owner=null, pid=5d430d61-b277-4f6d-a916-27747e8f87b8), SidebarTree(id=b717cab0-c14e-43a3-9096-f70d1ef731e6, label=在线用户, type=8, owner=null, pid=5d430d61-b277-4f6d-a916-27747e8f87b8), SidebarTree(id=b7ef0b55-71db-4134-b344-041ac9a85835, label=上网记录, type=5, owner=null, pid=5d430d61-b277-4f6d-a916-27747e8f87b8), SidebarTree(id=8765abe5-1685-447b-ad5d-b5e7439cbcc2, label=new folder, type=1, owner=admin, pid=9580ce07-0c5c-44b7-a46d-239c57dbd19c), SidebarTree(id=81034dad-ccc5-4bb9-8020-9424bc5b0eac, label=根节点, type=1, owner=admin, pid=81034dad-ccc5-4bb9-8020-9424bc5bccc)]})
2022-12-05 07:48:16.019 [http-nio-8088-exec-6] INFO  com.example.radiusapi.controller.AdminController - info(eyJ0eXAiOiJKV1QiLCJhbGciOiJIUzI1NiJ9.eyJ1c2VyQWNjb3VudCI6ImFkbWluIiwiaXNzIjoiYXV0aDAiLCJleHAiOjE2NzAyMTQ2Mzh9.-0IAiN-k8DcnnQ9tiqOUvXwvlEPFQDeOGqTZSDRwvgs)
2022-12-05 07:48:16.033 [http-nio-8088-exec-6] INFO  com.example.radiusapi.controller.AdminController - Result=Result(success=true, code=20000, message=sucess, data={roles=admin, name=admin, avatar=, nodeid=81034dad-ccc5-4bb9-8020-9424bc5b0eac, introduction=superUser})
2022-12-05 07:48:16.497 [http-nio-8088-exec-7] INFO  com.example.radiusapi.controller.SidebarTreeController - GetTreeNodeList(81034dad-ccc5-4bb9-8020-9424bc5b0eac)
2022-12-05 07:48:16.506 [http-nio-8088-exec-7] INFO  com.example.radiusapi.controller.SidebarTreeController - result=Result(success=true, code=20000, message=sucess, data={data=[SidebarTree(id=9580ce07-0c5c-44b7-a46d-239c57dbd19c, label=1-1, type=1, owner=admin, pid=81034dad-ccc5-4bb9-8020-9424bc5b0eac), SidebarTree(id=5d430d61-b277-4f6d-a916-27747e8f87b8, label=new item, type=0, owner=admin, pid=9580ce07-0c5c-44b7-a46d-239c57dbd19c), SidebarTree(id=4b622c9b-eee1-4044-b83e-63cc4e743b69, label=上网账号, type=4, owner=null, pid=5d430d61-b277-4f6d-a916-27747e8f87b8), SidebarTree(id=aa0671b4-0503-4c8f-b725-baba8f71666c, label=设备对接, type=3, owner=null, pid=5d430d61-b277-4f6d-a916-27747e8f87b8), SidebarTree(id=b717cab0-c14e-43a3-9096-f70d1ef731e6, label=在线用户, type=8, owner=null, pid=5d430d61-b277-4f6d-a916-27747e8f87b8), SidebarTree(id=b7ef0b55-71db-4134-b344-041ac9a85835, label=上网记录, type=5, owner=null, pid=5d430d61-b277-4f6d-a916-27747e8f87b8), SidebarTree(id=8765abe5-1685-447b-ad5d-b5e7439cbcc2, label=new folder, type=1, owner=admin, pid=9580ce07-0c5c-44b7-a46d-239c57dbd19c), SidebarTree(id=81034dad-ccc5-4bb9-8020-9424bc5b0eac, label=根节点, type=1, owner=admin, pid=81034dad-ccc5-4bb9-8020-9424bc5bccc)]})
2022-12-05 07:48:18.399 [http-nio-8088-exec-8] INFO  com.example.radiusapi.controller.RealmController - GetRealms(5d430d61-b277-4f6d-a916-27747e8f87b8)
2022-12-05 07:48:18.404 [http-nio-8088-exec-8] INFO  com.example.radiusapi.controller.RealmController - result=Result(success=true, code=20000, message=sucess, data={data=[Realm(id=bf9b75d1e4bcefe0fb7984f2c36076ea, node_pid=null, realm=@test)]})
2022-12-05 07:48:18.491 [http-nio-8088-exec-9] INFO  com.example.radiusapi.controller.OnlineUserController - GetOnlineUser(,@test)
2022-12-05 07:48:18.505 [http-nio-8088-exec-9] INFO  com.example.radiusapi.controller.OnlineUserController - result=Result(success=true, code=20000, message=sucess, data={data=com.baomidou.mybatisplus.extension.plugins.pagination.Page@6173abfc})
2022-12-05 07:48:19.104 [http-nio-8088-exec-10] INFO  com.example.radiusapi.controller.RealmController - GetRealms(5d430d61-b277-4f6d-a916-27747e8f87b8)
2022-12-05 07:48:19.114 [http-nio-8088-exec-10] INFO  com.example.radiusapi.controller.RealmController - result=Result(success=true, code=20000, message=sucess, data={data=[Realm(id=bf9b75d1e4bcefe0fb7984f2c36076ea, node_pid=null, realm=@test)]})
2022-12-05 07:48:19.209 [http-nio-8088-exec-1] INFO  com.example.radiusapi.controller.OfflineUserController - GetOfflineUser(,@test)
2022-12-05 07:48:19.223 [http-nio-8088-exec-1] INFO  com.example.radiusapi.controller.OfflineUserController - result=Result(success=true, code=20000, message=sucess, data={data=com.baomidou.mybatisplus.extension.plugins.pagination.Page@503b4517})
2022-12-05 07:50:05.506 [http-nio-8088-exec-4] INFO  com.example.radiusapi.controller.AdminController - GetAdministrators(admin,5d430d61-b277-4f6d-a916-27747e8f87b8,)
2022-12-05 07:50:05.523 [http-nio-8088-exec-4] INFO  com.example.radiusapi.controller.AdminController - result=Result(success=true, code=20000, message=sucess, data={data=com.baomidou.mybatisplus.extension.plugins.pagination.Page@9bc1e17})
2022-12-05 07:50:08.514 [http-nio-8088-exec-5] INFO  com.example.radiusapi.controller.AdminController - info(eyJ0eXAiOiJKV1QiLCJhbGciOiJIUzI1NiJ9.eyJ1c2VyQWNjb3VudCI6ImFkbWluIiwiaXNzIjoiYXV0aDAiLCJleHAiOjE2NzAyMTQ2Mzh9.-0IAiN-k8DcnnQ9tiqOUvXwvlEPFQDeOGqTZSDRwvgs)
2022-12-05 07:50:08.521 [http-nio-8088-exec-5] INFO  com.example.radiusapi.controller.AdminController - Result=Result(success=true, code=20000, message=sucess, data={roles=admin, name=admin, avatar=, nodeid=81034dad-ccc5-4bb9-8020-9424bc5b0eac, introduction=superUser})
2022-12-05 07:50:08.738 [http-nio-8088-exec-6] INFO  com.example.radiusapi.controller.SidebarTreeController - GetTreeNodeList(81034dad-ccc5-4bb9-8020-9424bc5b0eac)
2022-12-05 07:50:08.750 [http-nio-8088-exec-6] INFO  com.example.radiusapi.controller.SidebarTreeController - result=Result(success=true, code=20000, message=sucess, data={data=[SidebarTree(id=9580ce07-0c5c-44b7-a46d-239c57dbd19c, label=1-1, type=1, owner=admin, pid=81034dad-ccc5-4bb9-8020-9424bc5b0eac), SidebarTree(id=5d430d61-b277-4f6d-a916-27747e8f87b8, label=new item, type=0, owner=admin, pid=9580ce07-0c5c-44b7-a46d-239c57dbd19c), SidebarTree(id=4b622c9b-eee1-4044-b83e-63cc4e743b69, label=上网账号, type=4, owner=null, pid=5d430d61-b277-4f6d-a916-27747e8f87b8), SidebarTree(id=aa0671b4-0503-4c8f-b725-baba8f71666c, label=设备对接, type=3, owner=null, pid=5d430d61-b277-4f6d-a916-27747e8f87b8), SidebarTree(id=b717cab0-c14e-43a3-9096-f70d1ef731e6, label=在线用户, type=8, owner=null, pid=5d430d61-b277-4f6d-a916-27747e8f87b8), SidebarTree(id=b7ef0b55-71db-4134-b344-041ac9a85835, label=上网记录, type=5, owner=null, pid=5d430d61-b277-4f6d-a916-27747e8f87b8), SidebarTree(id=8765abe5-1685-447b-ad5d-b5e7439cbcc2, label=new folder, type=1, owner=admin, pid=9580ce07-0c5c-44b7-a46d-239c57dbd19c), SidebarTree(id=81034dad-ccc5-4bb9-8020-9424bc5b0eac, label=根节点, type=1, owner=admin, pid=81034dad-ccc5-4bb9-8020-9424bc5bccc)]})
2022-12-05 07:50:10.427 [http-nio-8088-exec-7] INFO  com.example.radiusapi.controller.RealmController - GetRealms(5d430d61-b277-4f6d-a916-27747e8f87b8)
2022-12-05 07:50:10.433 [http-nio-8088-exec-7] INFO  com.example.radiusapi.controller.RealmController - result=Result(success=true, code=20000, message=sucess, data={data=[Realm(id=bf9b75d1e4bcefe0fb7984f2c36076ea, node_pid=null, realm=@test)]})
2022-12-05 07:50:10.481 [http-nio-8088-exec-8] INFO  com.example.radiusapi.controller.OfflineUserController - GetOfflineUser(,@test)
2022-12-05 07:50:10.495 [http-nio-8088-exec-8] INFO  com.example.radiusapi.controller.OfflineUserController - result=Result(success=true, code=20000, message=sucess, data={data=com.baomidou.mybatisplus.extension.plugins.pagination.Page@2ac9c8af})
