2022-12-07 09:41:57.583 [Thread-4] INFO  org.apache.coyote.http11.Http11NioProtocol - Pausing ProtocolHandler ["http-nio-8088"]
2022-12-07 09:41:57.651 [Thread-4] INFO  org.apache.catalina.core.StandardService - Stopping service [Tomcat]
2022-12-07 09:41:57.662 [Thread-4] INFO  org.apache.catalina.core.ContainerBase.[Tomcat].[localhost].[/] - Destroying Spring FrameworkServlet 'dispatcherServlet'
2022-12-07 09:41:57.771 [Thread-4] WARN  org.apache.catalina.loader.WebappClassLoaderBase - The web application [ROOT] appears to have started a thread named [System Clock] but has failed to stop it. This is very likely to create a memory leak. Stack trace of thread:
 java.base@18.0.1.1/jdk.internal.misc.Unsafe.park(Native Method)
 java.base@18.0.1.1/java.util.concurrent.locks.LockSupport.parkNanos(LockSupport.java:252)
 java.base@18.0.1.1/java.util.concurrent.locks.AbstractQueuedSynchronizer$ConditionObject.awaitNanos(AbstractQueuedSynchronizer.java:1672)
 java.base@18.0.1.1/java.util.concurrent.ScheduledThreadPoolExecutor$DelayedWorkQueue.take(ScheduledThreadPoolExecutor.java:1182)
 java.base@18.0.1.1/java.util.concurrent.ScheduledThreadPoolExecutor$DelayedWorkQueue.take(ScheduledThreadPoolExecutor.java:899)
 java.base@18.0.1.1/java.util.concurrent.ThreadPoolExecutor.getTask(ThreadPoolExecutor.java:1062)
 java.base@18.0.1.1/java.util.concurrent.ThreadPoolExecutor.runWorker(ThreadPoolExecutor.java:1122)
 java.base@18.0.1.1/java.util.concurrent.ThreadPoolExecutor$Worker.run(ThreadPoolExecutor.java:635)
 java.base@18.0.1.1/java.lang.Thread.run(Thread.java:833)
2022-12-07 09:41:57.775 [Thread-4] INFO  org.apache.coyote.http11.Http11NioProtocol - Stopping ProtocolHandler ["http-nio-8088"]
2022-12-07 09:41:57.782 [Thread-4] INFO  org.apache.coyote.http11.Http11NioProtocol - Destroying ProtocolHandler ["http-nio-8088"]
2022-12-07 09:41:57.791 [Thread-4] INFO  com.alibaba.druid.pool.DruidDataSource - {dataSource-1} closing ...
2022-12-07 09:41:57.795 [Thread-4] INFO  com.alibaba.druid.pool.DruidDataSource - {dataSource-1} closed
2022-12-07 09:41:58.225 [restartedMain] INFO  com.example.radiusapi.RadiusApiApplication - Starting RadiusApiApplication using Java 18.0.1.1 on MSI with PID 26384 (C:\Users\20786\IdeaProjects\radiusApi\target\classes started by 20786 in C:\Users\20786\IdeaProjects\radiusApi)
2022-12-07 09:41:58.228 [restartedMain] INFO  com.example.radiusapi.RadiusApiApplication - No active profile set, falling back to 1 default profile: "default"
2022-12-07 09:41:59.476 [restartedMain] INFO  org.apache.coyote.http11.Http11NioProtocol - Initializing ProtocolHandler ["http-nio-8088"]
2022-12-07 09:41:59.477 [restartedMain] INFO  org.apache.catalina.core.StandardService - Starting service [Tomcat]
2022-12-07 09:41:59.477 [restartedMain] INFO  org.apache.catalina.core.StandardEngine - Starting Servlet engine: [Apache Tomcat/9.0.65]
2022-12-07 09:41:59.606 [restartedMain] INFO  org.apache.catalina.core.ContainerBase.[Tomcat].[localhost].[/] - Initializing Spring embedded WebApplicationContext
2022-12-07 09:41:59.693 [restartedMain] INFO  com.alibaba.druid.spring.boot.autoconfigure.DruidDataSourceAutoConfigure - Init DruidDataSource
2022-12-07 09:41:59.717 [restartedMain] INFO  com.alibaba.druid.pool.DruidDataSource - {dataSource-2} inited
2022-12-07 09:42:00.655 [restartedMain] INFO  org.apache.coyote.http11.Http11NioProtocol - Starting ProtocolHandler ["http-nio-8088"]
2022-12-07 09:42:00.887 [restartedMain] INFO  com.example.radiusapi.RadiusApiApplication - Started RadiusApiApplication in 2.88 seconds (JVM running for 184251.336)
2022-12-07 09:42:00.899 [restartedMain] INFO  com.example.radiusapi.RadiusApiApplication.main() Line: 23 - application is  started  .......
2022-12-07 09:43:18.519 [Thread-7] INFO  org.apache.coyote.http11.Http11NioProtocol - Pausing ProtocolHandler ["http-nio-8088"]
2022-12-07 09:43:18.519 [Thread-7] INFO  org.apache.catalina.core.StandardService - Stopping service [Tomcat]
2022-12-07 09:43:18.524 [Thread-7] INFO  org.apache.coyote.http11.Http11NioProtocol - Stopping ProtocolHandler ["http-nio-8088"]
2022-12-07 09:43:18.526 [Thread-7] INFO  org.apache.coyote.http11.Http11NioProtocol - Destroying ProtocolHandler ["http-nio-8088"]
2022-12-07 09:43:18.531 [Thread-7] INFO  com.alibaba.druid.pool.DruidDataSource - {dataSource-2} closing ...
2022-12-07 09:43:18.531 [Thread-7] INFO  com.alibaba.druid.pool.DruidDataSource - {dataSource-2} closed
2022-12-07 09:43:18.762 [restartedMain] INFO  com.example.radiusapi.RadiusApiApplication - Starting RadiusApiApplication using Java 18.0.1.1 on MSI with PID 26384 (C:\Users\20786\IdeaProjects\radiusApi\target\classes started by 20786 in C:\Users\20786\IdeaProjects\radiusApi)
2022-12-07 09:43:18.764 [restartedMain] INFO  com.example.radiusapi.RadiusApiApplication - No active profile set, falling back to 1 default profile: "default"
2022-12-07 09:43:19.670 [restartedMain] INFO  org.apache.coyote.http11.Http11NioProtocol - Initializing ProtocolHandler ["http-nio-8088"]
2022-12-07 09:43:19.671 [restartedMain] INFO  org.apache.catalina.core.StandardService - Starting service [Tomcat]
2022-12-07 09:43:19.672 [restartedMain] INFO  org.apache.catalina.core.StandardEngine - Starting Servlet engine: [Apache Tomcat/9.0.65]
2022-12-07 09:43:19.927 [restartedMain] INFO  org.apache.catalina.core.ContainerBase.[Tomcat].[localhost].[/] - Initializing Spring embedded WebApplicationContext
2022-12-07 09:43:20.022 [restartedMain] INFO  com.alibaba.druid.spring.boot.autoconfigure.DruidDataSourceAutoConfigure - Init DruidDataSource
2022-12-07 09:43:20.047 [restartedMain] INFO  com.alibaba.druid.pool.DruidDataSource - {dataSource-3} inited
2022-12-07 09:43:21.074 [restartedMain] INFO  org.apache.coyote.http11.Http11NioProtocol - Starting ProtocolHandler ["http-nio-8088"]
2022-12-07 09:43:21.931 [restartedMain] INFO  com.example.radiusapi.RadiusApiApplication - Started RadiusApiApplication in 3.282 seconds (JVM running for 184332.379)
2022-12-07 09:43:21.941 [restartedMain] INFO  com.example.radiusapi.RadiusApiApplication.main() Line: 23 - application is  started  .......
2022-12-07 09:43:32.513 [Thread-11] INFO  org.apache.coyote.http11.Http11NioProtocol - Pausing ProtocolHandler ["http-nio-8088"]
2022-12-07 09:43:32.514 [Thread-11] INFO  org.apache.catalina.core.StandardService - Stopping service [Tomcat]
2022-12-07 09:43:32.518 [Thread-11] INFO  org.apache.coyote.http11.Http11NioProtocol - Stopping ProtocolHandler ["http-nio-8088"]
2022-12-07 09:43:32.521 [Thread-11] INFO  org.apache.coyote.http11.Http11NioProtocol - Destroying ProtocolHandler ["http-nio-8088"]
2022-12-07 09:43:32.523 [Thread-11] INFO  com.alibaba.druid.pool.DruidDataSource - {dataSource-3} closing ...
2022-12-07 09:43:32.524 [Thread-11] INFO  com.alibaba.druid.pool.DruidDataSource - {dataSource-3} closed
2022-12-07 09:43:32.735 [restartedMain] INFO  com.example.radiusapi.RadiusApiApplication - Starting RadiusApiApplication using Java 18.0.1.1 on MSI with PID 26384 (C:\Users\20786\IdeaProjects\radiusApi\target\classes started by 20786 in C:\Users\20786\IdeaProjects\radiusApi)
2022-12-07 09:43:32.737 [restartedMain] INFO  com.example.radiusapi.RadiusApiApplication - No active profile set, falling back to 1 default profile: "default"
2022-12-07 09:43:33.601 [restartedMain] INFO  org.apache.coyote.http11.Http11NioProtocol - Initializing ProtocolHandler ["http-nio-8088"]
2022-12-07 09:43:33.602 [restartedMain] INFO  org.apache.catalina.core.StandardService - Starting service [Tomcat]
2022-12-07 09:43:33.602 [restartedMain] INFO  org.apache.catalina.core.StandardEngine - Starting Servlet engine: [Apache Tomcat/9.0.65]
2022-12-07 09:43:33.674 [restartedMain] INFO  org.apache.catalina.core.ContainerBase.[Tomcat].[localhost].[/] - Initializing Spring embedded WebApplicationContext
2022-12-07 09:43:33.742 [restartedMain] INFO  com.alibaba.druid.spring.boot.autoconfigure.DruidDataSourceAutoConfigure - Init DruidDataSource
2022-12-07 09:43:33.758 [restartedMain] INFO  com.alibaba.druid.pool.DruidDataSource - {dataSource-4} inited
2022-12-07 09:43:34.410 [restartedMain] INFO  org.apache.coyote.http11.Http11NioProtocol - Starting ProtocolHandler ["http-nio-8088"]
2022-12-07 09:43:34.811 [restartedMain] INFO  com.example.radiusapi.RadiusApiApplication - Started RadiusApiApplication in 2.172 seconds (JVM running for 184345.259)
2022-12-07 09:43:34.820 [restartedMain] INFO  com.example.radiusapi.RadiusApiApplication.main() Line: 23 - application is  started  .......
2022-12-07 09:44:37.381 [Thread-15] INFO  org.apache.coyote.http11.Http11NioProtocol - Pausing ProtocolHandler ["http-nio-8088"]
2022-12-07 09:44:37.382 [Thread-15] INFO  org.apache.catalina.core.StandardService - Stopping service [Tomcat]
2022-12-07 09:44:37.384 [Thread-15] INFO  org.apache.coyote.http11.Http11NioProtocol - Stopping ProtocolHandler ["http-nio-8088"]
2022-12-07 09:44:37.386 [Thread-15] INFO  org.apache.coyote.http11.Http11NioProtocol - Destroying ProtocolHandler ["http-nio-8088"]
2022-12-07 09:44:37.388 [Thread-15] INFO  com.alibaba.druid.pool.DruidDataSource - {dataSource-4} closing ...
2022-12-07 09:44:37.388 [Thread-15] INFO  com.alibaba.druid.pool.DruidDataSource - {dataSource-4} closed
2022-12-07 09:44:37.518 [restartedMain] INFO  com.example.radiusapi.RadiusApiApplication - Starting RadiusApiApplication using Java 18.0.1.1 on MSI with PID 26384 (C:\Users\20786\IdeaProjects\radiusApi\target\classes started by 20786 in C:\Users\20786\IdeaProjects\radiusApi)
2022-12-07 09:44:37.520 [restartedMain] INFO  com.example.radiusapi.RadiusApiApplication - No active profile set, falling back to 1 default profile: "default"
2022-12-07 09:44:38.082 [restartedMain] INFO  org.apache.coyote.http11.Http11NioProtocol - Initializing ProtocolHandler ["http-nio-8088"]
2022-12-07 09:44:38.083 [restartedMain] INFO  org.apache.catalina.core.StandardService - Starting service [Tomcat]
2022-12-07 09:44:38.084 [restartedMain] INFO  org.apache.catalina.core.StandardEngine - Starting Servlet engine: [Apache Tomcat/9.0.65]
2022-12-07 09:44:38.143 [restartedMain] INFO  org.apache.catalina.core.ContainerBase.[Tomcat].[localhost].[/] - Initializing Spring embedded WebApplicationContext
2022-12-07 09:44:38.174 [restartedMain] INFO  com.alibaba.druid.spring.boot.autoconfigure.DruidDataSourceAutoConfigure - Init DruidDataSource
2022-12-07 09:44:38.182 [restartedMain] INFO  com.alibaba.druid.pool.DruidDataSource - {dataSource-5} inited
2022-12-07 09:44:38.611 [restartedMain] INFO  org.apache.coyote.http11.Http11NioProtocol - Starting ProtocolHandler ["http-nio-8088"]
2022-12-07 09:44:38.748 [restartedMain] INFO  com.example.radiusapi.RadiusApiApplication - Started RadiusApiApplication in 1.297 seconds (JVM running for 184409.196)
2022-12-07 09:44:38.752 [restartedMain] INFO  com.example.radiusapi.RadiusApiApplication.main() Line: 23 - application is  started  .......
2022-12-07 09:54:03.133 [Thread-19] INFO  org.apache.coyote.http11.Http11NioProtocol - Pausing ProtocolHandler ["http-nio-8088"]
2022-12-07 09:54:03.134 [Thread-19] INFO  org.apache.catalina.core.StandardService - Stopping service [Tomcat]
2022-12-07 09:54:03.139 [Thread-19] INFO  org.apache.coyote.http11.Http11NioProtocol - Stopping ProtocolHandler ["http-nio-8088"]
2022-12-07 09:54:03.142 [Thread-19] INFO  org.apache.coyote.http11.Http11NioProtocol - Destroying ProtocolHandler ["http-nio-8088"]
2022-12-07 09:54:03.145 [Thread-19] INFO  com.alibaba.druid.pool.DruidDataSource - {dataSource-5} closing ...
2022-12-07 09:54:03.145 [Thread-19] INFO  com.alibaba.druid.pool.DruidDataSource - {dataSource-5} closed
2022-12-07 09:54:03.418 [restartedMain] INFO  com.example.radiusapi.RadiusApiApplication - Starting RadiusApiApplication using Java 18.0.1.1 on MSI with PID 26384 (C:\Users\20786\IdeaProjects\radiusApi\target\classes started by 20786 in C:\Users\20786\IdeaProjects\radiusApi)
2022-12-07 09:54:03.421 [restartedMain] INFO  com.example.radiusapi.RadiusApiApplication - No active profile set, falling back to 1 default profile: "default"
2022-12-07 09:54:04.358 [restartedMain] INFO  org.apache.coyote.http11.Http11NioProtocol - Initializing ProtocolHandler ["http-nio-8088"]
2022-12-07 09:54:04.358 [restartedMain] INFO  org.apache.catalina.core.StandardService - Starting service [Tomcat]
2022-12-07 09:54:04.359 [restartedMain] INFO  org.apache.catalina.core.StandardEngine - Starting Servlet engine: [Apache Tomcat/9.0.65]
2022-12-07 09:54:04.445 [restartedMain] INFO  org.apache.catalina.core.ContainerBase.[Tomcat].[localhost].[/] - Initializing Spring embedded WebApplicationContext
2022-12-07 09:54:04.492 [restartedMain] INFO  com.alibaba.druid.spring.boot.autoconfigure.DruidDataSourceAutoConfigure - Init DruidDataSource
2022-12-07 09:54:04.504 [restartedMain] INFO  com.alibaba.druid.pool.DruidDataSource - {dataSource-6} inited
2022-12-07 09:54:05.129 [restartedMain] INFO  org.apache.coyote.http11.Http11NioProtocol - Starting ProtocolHandler ["http-nio-8088"]
2022-12-07 09:54:05.324 [restartedMain] INFO  com.example.radiusapi.RadiusApiApplication - Started RadiusApiApplication in 2.062 seconds (JVM running for 184975.773)
2022-12-07 09:54:05.330 [restartedMain] INFO  com.example.radiusapi.RadiusApiApplication.main() Line: 23 - application is  started  .......
2022-12-07 09:54:40.205 [http-nio-8088-exec-1] INFO  org.apache.catalina.core.ContainerBase.[Tomcat].[localhost].[/] - Initializing Spring DispatcherServlet 'dispatcherServlet'
2022-12-07 09:54:40.230 [http-nio-8088-exec-2] INFO  com.example.radiusapi.controller.AdminController - login({username=admin, password=123456})
2022-12-07 09:54:40.284 [http-nio-8088-exec-2] INFO  com.example.radiusapi.controller.AdminController - result=Result(success=true, code=20000, message=sucess, data={token=eyJ0eXAiOiJKV1QiLCJhbGciOiJIUzI1NiJ9.eyJ1c2VyQWNjb3VudCI6ImFkbWluIiwiaXNzIjoiYXV0aDAiLCJleHAiOjE2NzA0MTQwODB9.Ngzf2GDN5jMI_gJGduZ1KZ8XPg-kGNceUeFqcc36GhA})
2022-12-07 09:54:40.329 [http-nio-8088-exec-4] INFO  com.example.radiusapi.controller.AdminController - info(eyJ0eXAiOiJKV1QiLCJhbGciOiJIUzI1NiJ9.eyJ1c2VyQWNjb3VudCI6ImFkbWluIiwiaXNzIjoiYXV0aDAiLCJleHAiOjE2NzA0MTQwODB9.Ngzf2GDN5jMI_gJGduZ1KZ8XPg-kGNceUeFqcc36GhA)
2022-12-07 09:54:40.340 [http-nio-8088-exec-4] INFO  com.example.radiusapi.controller.AdminController - Result=Result(success=true, code=20000, message=sucess, data={roles=admin, name=admin, avatar=, nodeid=81034dad-ccc5-4bb9-8020-9424bc5b0eac, introduction=superUser})
2022-12-07 09:54:41.073 [http-nio-8088-exec-7] INFO  com.example.radiusapi.controller.SidebarTreeController - GetTreeNodeList(81034dad-ccc5-4bb9-8020-9424bc5b0eac)
2022-12-07 09:54:41.085 [http-nio-8088-exec-7] INFO  com.example.radiusapi.controller.SidebarTreeController - result=Result(success=true, code=20000, message=sucess, data={data=[SidebarTree(id=9580ce07-0c5c-44b7-a46d-239c57dbd19c, label=1-1, type=1, owner=admin, pid=81034dad-ccc5-4bb9-8020-9424bc5b0eac), SidebarTree(id=5d430d61-b277-4f6d-a916-27747e8f87b8, label=new item, type=0, owner=admin, pid=9580ce07-0c5c-44b7-a46d-239c57dbd19c), SidebarTree(id=4b622c9b-eee1-4044-b83e-63cc4e743b69, label=上网账号, type=4, owner=null, pid=5d430d61-b277-4f6d-a916-27747e8f87b8), SidebarTree(id=aa0671b4-0503-4c8f-b725-baba8f71666c, label=设备对接, type=3, owner=null, pid=5d430d61-b277-4f6d-a916-27747e8f87b8), SidebarTree(id=b717cab0-c14e-43a3-9096-f70d1ef731e6, label=在线用户, type=8, owner=null, pid=5d430d61-b277-4f6d-a916-27747e8f87b8), SidebarTree(id=b7ef0b55-71db-4134-b344-041ac9a85835, label=上网记录, type=5, owner=null, pid=5d430d61-b277-4f6d-a916-27747e8f87b8), SidebarTree(id=8765abe5-1685-447b-ad5d-b5e7439cbcc2, label=new folder, type=1, owner=admin, pid=9580ce07-0c5c-44b7-a46d-239c57dbd19c), SidebarTree(id=81034dad-ccc5-4bb9-8020-9424bc5b0eac, label=根节点, type=1, owner=admin, pid=81034dad-ccc5-4bb9-8020-9424bc5bccc)]})
2022-12-07 09:54:47.622 [http-nio-8088-exec-10] INFO  com.example.radiusapi.controller.RealmController - GetRealms(5d430d61-b277-4f6d-a916-27747e8f87b8)
2022-12-07 09:54:47.631 [http-nio-8088-exec-10] INFO  com.example.radiusapi.controller.RealmController - result=Result(success=true, code=20000, message=sucess, data={data=[Realm(id=bf9b75d1e4bcefe0fb7984f2c36076ea, node_pid=null, realm=@test)]})
2022-12-07 09:54:47.674 [http-nio-8088-exec-2] INFO  com.example.radiusapi.controller.AccountInfoController - GetAccountInfo(,@test)
2022-12-07 09:54:47.692 [http-nio-8088-exec-2] INFO  com.example.radiusapi.controller.AccountInfoController - result=Result(success=true, code=20000, message=sucess, data={data=com.baomidou.mybatisplus.extension.plugins.pagination.Page@7c54ca75})
2022-12-07 09:54:49.117 [http-nio-8088-exec-3] INFO  com.example.radiusapi.controller.RealmController - GetRealms(5d430d61-b277-4f6d-a916-27747e8f87b8)
2022-12-07 09:54:49.124 [http-nio-8088-exec-3] INFO  com.example.radiusapi.controller.RealmController - result=Result(success=true, code=20000, message=sucess, data={data=[Realm(id=bf9b75d1e4bcefe0fb7984f2c36076ea, node_pid=null, realm=@test)]})
2022-12-07 09:54:51.129 [http-nio-8088-exec-4] INFO  com.example.radiusapi.controller.RealmController - GetRealms(5d430d61-b277-4f6d-a916-27747e8f87b8)
2022-12-07 09:54:51.134 [http-nio-8088-exec-4] INFO  com.example.radiusapi.controller.RealmController - result=Result(success=true, code=20000, message=sucess, data={data=[Realm(id=bf9b75d1e4bcefe0fb7984f2c36076ea, node_pid=null, realm=@test)]})
2022-12-07 09:54:51.208 [http-nio-8088-exec-5] INFO  com.example.radiusapi.controller.OnlineUserController - GetOnlineUser(,@test)
2022-12-07 09:54:51.216 [http-nio-8088-exec-5] INFO  com.example.radiusapi.controller.OnlineUserController - result=Result(success=true, code=20000, message=sucess, data={data=com.baomidou.mybatisplus.extension.plugins.pagination.Page@2aff4f4d})
2022-12-07 09:54:52.286 [http-nio-8088-exec-7] INFO  com.example.radiusapi.controller.RealmController - GetRealms(5d430d61-b277-4f6d-a916-27747e8f87b8)
2022-12-07 09:54:52.289 [http-nio-8088-exec-7] INFO  com.example.radiusapi.controller.RealmController - result=Result(success=true, code=20000, message=sucess, data={data=[Realm(id=bf9b75d1e4bcefe0fb7984f2c36076ea, node_pid=null, realm=@test)]})
2022-12-07 09:58:59.507 [http-nio-8088-exec-1] INFO  com.example.radiusapi.controller.RealmController - GetRealms(5d430d61-b277-4f6d-a916-27747e8f87b8)
2022-12-07 09:58:59.520 [http-nio-8088-exec-1] INFO  com.example.radiusapi.controller.RealmController - result=Result(success=true, code=20000, message=sucess, data={data=[Realm(id=bf9b75d1e4bcefe0fb7984f2c36076ea, node_pid=null, realm=@test)]})
2022-12-07 09:58:59.559 [http-nio-8088-exec-2] INFO  com.example.radiusapi.controller.OnlineUserController - GetOnlineUser(,@test)
2022-12-07 09:58:59.574 [http-nio-8088-exec-2] INFO  com.example.radiusapi.controller.OnlineUserController - result=Result(success=true, code=20000, message=sucess, data={data=com.baomidou.mybatisplus.extension.plugins.pagination.Page@3aa86ae0})
2022-12-07 09:59:00.011 [http-nio-8088-exec-3] INFO  com.example.radiusapi.controller.RealmController - GetRealms(5d430d61-b277-4f6d-a916-27747e8f87b8)
2022-12-07 09:59:00.016 [http-nio-8088-exec-3] INFO  com.example.radiusapi.controller.RealmController - result=Result(success=true, code=20000, message=sucess, data={data=[Realm(id=bf9b75d1e4bcefe0fb7984f2c36076ea, node_pid=null, realm=@test)]})
2022-12-07 10:00:08.369 [http-nio-8088-exec-6] INFO  com.example.radiusapi.controller.RealmController - GetRealms(5d430d61-b277-4f6d-a916-27747e8f87b8)
2022-12-07 10:00:08.377 [http-nio-8088-exec-6] INFO  com.example.radiusapi.controller.RealmController - result=Result(success=true, code=20000, message=sucess, data={data=[Realm(id=bf9b75d1e4bcefe0fb7984f2c36076ea, node_pid=null, realm=@test)]})
2022-12-07 10:00:08.434 [http-nio-8088-exec-5] INFO  com.example.radiusapi.controller.OnlineUserController - GetOnlineUser(,@test)
2022-12-07 10:00:08.444 [http-nio-8088-exec-5] INFO  com.example.radiusapi.controller.OnlineUserController - result=Result(success=true, code=20000, message=sucess, data={data=com.baomidou.mybatisplus.extension.plugins.pagination.Page@30315b22})
2022-12-07 10:00:08.972 [http-nio-8088-exec-7] INFO  com.example.radiusapi.controller.RealmController - GetRealms(5d430d61-b277-4f6d-a916-27747e8f87b8)
2022-12-07 10:00:09.014 [http-nio-8088-exec-7] INFO  com.example.radiusapi.controller.RealmController - result=Result(success=true, code=20000, message=sucess, data={data=[Realm(id=bf9b75d1e4bcefe0fb7984f2c36076ea, node_pid=null, realm=@test)]})
2022-12-07 10:05:13.143 [http-nio-8088-exec-9] INFO  com.example.radiusapi.controller.AdminController - info(eyJ0eXAiOiJKV1QiLCJhbGciOiJIUzI1NiJ9.eyJ1c2VyQWNjb3VudCI6ImFkbWluIiwiaXNzIjoiYXV0aDAiLCJleHAiOjE2NzA0MTQwODB9.Ngzf2GDN5jMI_gJGduZ1KZ8XPg-kGNceUeFqcc36GhA)
2022-12-07 10:05:13.148 [http-nio-8088-exec-9] INFO  com.example.radiusapi.controller.AdminController - Result=Result(success=true, code=20000, message=sucess, data={roles=admin, name=admin, avatar=, nodeid=81034dad-ccc5-4bb9-8020-9424bc5b0eac, introduction=superUser})
2022-12-07 10:05:13.514 [http-nio-8088-exec-10] INFO  com.example.radiusapi.controller.SidebarTreeController - GetTreeNodeList(81034dad-ccc5-4bb9-8020-9424bc5b0eac)
2022-12-07 10:05:13.518 [http-nio-8088-exec-10] INFO  com.example.radiusapi.controller.SidebarTreeController - result=Result(success=true, code=20000, message=sucess, data={data=[SidebarTree(id=9580ce07-0c5c-44b7-a46d-239c57dbd19c, label=1-1, type=1, owner=admin, pid=81034dad-ccc5-4bb9-8020-9424bc5b0eac), SidebarTree(id=5d430d61-b277-4f6d-a916-27747e8f87b8, label=new item, type=0, owner=admin, pid=9580ce07-0c5c-44b7-a46d-239c57dbd19c), SidebarTree(id=4b622c9b-eee1-4044-b83e-63cc4e743b69, label=上网账号, type=4, owner=null, pid=5d430d61-b277-4f6d-a916-27747e8f87b8), SidebarTree(id=aa0671b4-0503-4c8f-b725-baba8f71666c, label=设备对接, type=3, owner=null, pid=5d430d61-b277-4f6d-a916-27747e8f87b8), SidebarTree(id=b717cab0-c14e-43a3-9096-f70d1ef731e6, label=在线用户, type=8, owner=null, pid=5d430d61-b277-4f6d-a916-27747e8f87b8), SidebarTree(id=b7ef0b55-71db-4134-b344-041ac9a85835, label=上网记录, type=5, owner=null, pid=5d430d61-b277-4f6d-a916-27747e8f87b8), SidebarTree(id=8765abe5-1685-447b-ad5d-b5e7439cbcc2, label=new folder, type=1, owner=admin, pid=9580ce07-0c5c-44b7-a46d-239c57dbd19c), SidebarTree(id=81034dad-ccc5-4bb9-8020-9424bc5b0eac, label=根节点, type=1, owner=admin, pid=81034dad-ccc5-4bb9-8020-9424bc5bccc)]})
2022-12-07 10:05:19.739 [http-nio-8088-exec-1] INFO  com.example.radiusapi.controller.RealmController - GetRealms(5d430d61-b277-4f6d-a916-27747e8f87b8)
2022-12-07 10:05:19.743 [http-nio-8088-exec-1] INFO  com.example.radiusapi.controller.RealmController - result=Result(success=true, code=20000, message=sucess, data={data=[Realm(id=bf9b75d1e4bcefe0fb7984f2c36076ea, node_pid=null, realm=@test)]})
2022-12-07 10:05:19.788 [http-nio-8088-exec-2] INFO  com.example.radiusapi.controller.OnlineUserController - GetOnlineUser(,@test)
2022-12-07 10:05:19.800 [http-nio-8088-exec-2] INFO  com.example.radiusapi.controller.OnlineUserController - result=Result(success=true, code=20000, message=sucess, data={data=com.baomidou.mybatisplus.extension.plugins.pagination.Page@28327311})
2022-12-07 10:05:21.348 [http-nio-8088-exec-3] INFO  com.example.radiusapi.controller.RealmController - GetRealms(5d430d61-b277-4f6d-a916-27747e8f87b8)
2022-12-07 10:05:21.354 [http-nio-8088-exec-3] INFO  com.example.radiusapi.controller.RealmController - result=Result(success=true, code=20000, message=sucess, data={data=[Realm(id=bf9b75d1e4bcefe0fb7984f2c36076ea, node_pid=null, realm=@test)]})
2022-12-07 10:06:00.772 [http-nio-8088-exec-4] INFO  com.example.radiusapi.controller.RealmController - GetRealms(5d430d61-b277-4f6d-a916-27747e8f87b8)
2022-12-07 10:06:00.777 [http-nio-8088-exec-4] INFO  com.example.radiusapi.controller.RealmController - result=Result(success=true, code=20000, message=sucess, data={data=[Realm(id=bf9b75d1e4bcefe0fb7984f2c36076ea, node_pid=null, realm=@test)]})
2022-12-07 10:06:00.814 [http-nio-8088-exec-6] INFO  com.example.radiusapi.controller.OnlineUserController - GetOnlineUser(,@test)
2022-12-07 10:06:00.823 [http-nio-8088-exec-6] INFO  com.example.radiusapi.controller.OnlineUserController - result=Result(success=true, code=20000, message=sucess, data={data=com.baomidou.mybatisplus.extension.plugins.pagination.Page@3c4ad6e})
2022-12-07 10:06:04.300 [http-nio-8088-exec-5] INFO  com.example.radiusapi.controller.RealmController - GetRealms(5d430d61-b277-4f6d-a916-27747e8f87b8)
2022-12-07 10:06:04.307 [http-nio-8088-exec-5] INFO  com.example.radiusapi.controller.RealmController - result=Result(success=true, code=20000, message=sucess, data={data=[Realm(id=bf9b75d1e4bcefe0fb7984f2c36076ea, node_pid=null, realm=@test)]})
2022-12-07 10:09:27.053 [http-nio-8088-exec-8] INFO  com.example.radiusapi.controller.RealmController - GetRealms(5d430d61-b277-4f6d-a916-27747e8f87b8)
2022-12-07 10:09:27.060 [http-nio-8088-exec-8] INFO  com.example.radiusapi.controller.RealmController - result=Result(success=true, code=20000, message=sucess, data={data=[Realm(id=bf9b75d1e4bcefe0fb7984f2c36076ea, node_pid=null, realm=@test)]})
2022-12-07 10:09:27.090 [http-nio-8088-exec-9] INFO  com.example.radiusapi.controller.OnlineUserController - GetOnlineUser(,@test)
2022-12-07 10:09:27.098 [http-nio-8088-exec-9] INFO  com.example.radiusapi.controller.OnlineUserController - result=Result(success=true, code=20000, message=sucess, data={data=com.baomidou.mybatisplus.extension.plugins.pagination.Page@4aa67028})
2022-12-07 10:09:28.313 [http-nio-8088-exec-10] INFO  com.example.radiusapi.controller.RealmController - GetRealms(5d430d61-b277-4f6d-a916-27747e8f87b8)
2022-12-07 10:09:28.316 [http-nio-8088-exec-10] INFO  com.example.radiusapi.controller.RealmController - result=Result(success=true, code=20000, message=sucess, data={data=[Realm(id=bf9b75d1e4bcefe0fb7984f2c36076ea, node_pid=null, realm=@test)]})
2022-12-07 10:09:43.474 [http-nio-8088-exec-1] INFO  com.example.radiusapi.controller.AdminController - info(eyJ0eXAiOiJKV1QiLCJhbGciOiJIUzI1NiJ9.eyJ1c2VyQWNjb3VudCI6ImFkbWluIiwiaXNzIjoiYXV0aDAiLCJleHAiOjE2NzA0MTQwODB9.Ngzf2GDN5jMI_gJGduZ1KZ8XPg-kGNceUeFqcc36GhA)
2022-12-07 10:09:43.478 [http-nio-8088-exec-1] INFO  com.example.radiusapi.controller.AdminController - Result=Result(success=true, code=20000, message=sucess, data={roles=admin, name=admin, avatar=, nodeid=81034dad-ccc5-4bb9-8020-9424bc5b0eac, introduction=superUser})
2022-12-07 10:09:44.056 [http-nio-8088-exec-2] INFO  com.example.radiusapi.controller.SidebarTreeController - GetTreeNodeList(81034dad-ccc5-4bb9-8020-9424bc5b0eac)
2022-12-07 10:09:44.060 [http-nio-8088-exec-2] INFO  com.example.radiusapi.controller.SidebarTreeController - result=Result(success=true, code=20000, message=sucess, data={data=[SidebarTree(id=9580ce07-0c5c-44b7-a46d-239c57dbd19c, label=1-1, type=1, owner=admin, pid=81034dad-ccc5-4bb9-8020-9424bc5b0eac), SidebarTree(id=5d430d61-b277-4f6d-a916-27747e8f87b8, label=new item, type=0, owner=admin, pid=9580ce07-0c5c-44b7-a46d-239c57dbd19c), SidebarTree(id=4b622c9b-eee1-4044-b83e-63cc4e743b69, label=上网账号, type=4, owner=null, pid=5d430d61-b277-4f6d-a916-27747e8f87b8), SidebarTree(id=aa0671b4-0503-4c8f-b725-baba8f71666c, label=设备对接, type=3, owner=null, pid=5d430d61-b277-4f6d-a916-27747e8f87b8), SidebarTree(id=b717cab0-c14e-43a3-9096-f70d1ef731e6, label=在线用户, type=8, owner=null, pid=5d430d61-b277-4f6d-a916-27747e8f87b8), SidebarTree(id=b7ef0b55-71db-4134-b344-041ac9a85835, label=上网记录, type=5, owner=null, pid=5d430d61-b277-4f6d-a916-27747e8f87b8), SidebarTree(id=8765abe5-1685-447b-ad5d-b5e7439cbcc2, label=new folder, type=1, owner=admin, pid=9580ce07-0c5c-44b7-a46d-239c57dbd19c), SidebarTree(id=81034dad-ccc5-4bb9-8020-9424bc5b0eac, label=根节点, type=1, owner=admin, pid=81034dad-ccc5-4bb9-8020-9424bc5bccc)]})
2022-12-07 10:11:55.912 [http-nio-8088-exec-4] INFO  com.example.radiusapi.controller.AdminController - info(eyJ0eXAiOiJKV1QiLCJhbGciOiJIUzI1NiJ9.eyJ1c2VyQWNjb3VudCI6ImFkbWluIiwiaXNzIjoiYXV0aDAiLCJleHAiOjE2NzA0MTQwODB9.Ngzf2GDN5jMI_gJGduZ1KZ8XPg-kGNceUeFqcc36GhA)
2022-12-07 10:11:55.915 [http-nio-8088-exec-4] INFO  com.example.radiusapi.controller.AdminController - Result=Result(success=true, code=20000, message=sucess, data={roles=admin, name=admin, avatar=, nodeid=81034dad-ccc5-4bb9-8020-9424bc5b0eac, introduction=superUser})
2022-12-07 10:11:56.376 [http-nio-8088-exec-6] INFO  com.example.radiusapi.controller.SidebarTreeController - GetTreeNodeList(81034dad-ccc5-4bb9-8020-9424bc5b0eac)
2022-12-07 10:11:56.381 [http-nio-8088-exec-6] INFO  com.example.radiusapi.controller.SidebarTreeController - result=Result(success=true, code=20000, message=sucess, data={data=[SidebarTree(id=9580ce07-0c5c-44b7-a46d-239c57dbd19c, label=1-1, type=1, owner=admin, pid=81034dad-ccc5-4bb9-8020-9424bc5b0eac), SidebarTree(id=5d430d61-b277-4f6d-a916-27747e8f87b8, label=new item, type=0, owner=admin, pid=9580ce07-0c5c-44b7-a46d-239c57dbd19c), SidebarTree(id=4b622c9b-eee1-4044-b83e-63cc4e743b69, label=上网账号, type=4, owner=null, pid=5d430d61-b277-4f6d-a916-27747e8f87b8), SidebarTree(id=aa0671b4-0503-4c8f-b725-baba8f71666c, label=设备对接, type=3, owner=null, pid=5d430d61-b277-4f6d-a916-27747e8f87b8), SidebarTree(id=b717cab0-c14e-43a3-9096-f70d1ef731e6, label=在线用户, type=8, owner=null, pid=5d430d61-b277-4f6d-a916-27747e8f87b8), SidebarTree(id=b7ef0b55-71db-4134-b344-041ac9a85835, label=上网记录, type=5, owner=null, pid=5d430d61-b277-4f6d-a916-27747e8f87b8), SidebarTree(id=8765abe5-1685-447b-ad5d-b5e7439cbcc2, label=new folder, type=1, owner=admin, pid=9580ce07-0c5c-44b7-a46d-239c57dbd19c), SidebarTree(id=81034dad-ccc5-4bb9-8020-9424bc5b0eac, label=根节点, type=1, owner=admin, pid=81034dad-ccc5-4bb9-8020-9424bc5bccc)]})
2022-12-07 10:12:05.636 [http-nio-8088-exec-5] INFO  com.example.radiusapi.controller.RealmController - GetRealms(5d430d61-b277-4f6d-a916-27747e8f87b8)
2022-12-07 10:12:05.639 [http-nio-8088-exec-5] INFO  com.example.radiusapi.controller.RealmController - result=Result(success=true, code=20000, message=sucess, data={data=[Realm(id=bf9b75d1e4bcefe0fb7984f2c36076ea, node_pid=null, realm=@test)]})
2022-12-07 10:12:05.673 [http-nio-8088-exec-7] INFO  com.example.radiusapi.controller.OnlineUserController - GetOnlineUser(,@test)
2022-12-07 10:12:05.679 [http-nio-8088-exec-7] INFO  com.example.radiusapi.controller.OnlineUserController - result=Result(success=true, code=20000, message=sucess, data={data=com.baomidou.mybatisplus.extension.plugins.pagination.Page@2554b5e8})
2022-12-07 10:12:08.387 [http-nio-8088-exec-9] INFO  com.example.radiusapi.controller.AdminController - GetAdministrators(admin,8765abe5-1685-447b-ad5d-b5e7439cbcc2,)
2022-12-07 10:12:08.393 [http-nio-8088-exec-9] INFO  com.example.radiusapi.controller.AdminController - result=Result(success=true, code=20000, message=sucess, data={data=com.baomidou.mybatisplus.extension.plugins.pagination.Page@253a3631})
2022-12-07 10:13:06.160 [http-nio-8088-exec-1] INFO  com.example.radiusapi.controller.AdminController - GetAdministrators(admin,81034dad-ccc5-4bb9-8020-9424bc5b0eac,)
2022-12-07 10:13:06.169 [http-nio-8088-exec-1] INFO  com.example.radiusapi.controller.AdminController - result=Result(success=true, code=20000, message=sucess, data={data=com.baomidou.mybatisplus.extension.plugins.pagination.Page@2e875e7c})
2022-12-07 10:13:09.660 [http-nio-8088-exec-2] INFO  com.example.radiusapi.controller.RealmController - GetRealms(5d430d61-b277-4f6d-a916-27747e8f87b8)
2022-12-07 10:13:09.670 [http-nio-8088-exec-2] INFO  com.example.radiusapi.controller.RealmController - result=Result(success=true, code=20000, message=sucess, data={data=[Realm(id=bf9b75d1e4bcefe0fb7984f2c36076ea, node_pid=null, realm=@test)]})
2022-12-07 10:13:09.722 [http-nio-8088-exec-4] INFO  com.example.radiusapi.controller.OfflineUserController - GetOfflineUser(,@test)
2022-12-07 10:13:09.732 [http-nio-8088-exec-4] INFO  com.example.radiusapi.controller.OfflineUserController - result=Result(success=true, code=20000, message=sucess, data={data=com.baomidou.mybatisplus.extension.plugins.pagination.Page@d56e14})
2022-12-07 10:13:23.625 [http-nio-8088-exec-6] INFO  com.example.radiusapi.controller.RealmController - GetRealms(5d430d61-b277-4f6d-a916-27747e8f87b8)
2022-12-07 10:13:23.632 [http-nio-8088-exec-6] INFO  com.example.radiusapi.controller.RealmController - result=Result(success=true, code=20000, message=sucess, data={data=[Realm(id=bf9b75d1e4bcefe0fb7984f2c36076ea, node_pid=null, realm=@test)]})
2022-12-07 10:13:23.676 [http-nio-8088-exec-5] INFO  com.example.radiusapi.controller.OnlineUserController - GetOnlineUser(,@test)
2022-12-07 10:13:23.684 [http-nio-8088-exec-5] INFO  com.example.radiusapi.controller.OnlineUserController - result=Result(success=true, code=20000, message=sucess, data={data=com.baomidou.mybatisplus.extension.plugins.pagination.Page@232a8781})
2022-12-07 10:13:25.917 [http-nio-8088-exec-7] INFO  com.example.radiusapi.controller.RealmController - GetRealms(5d430d61-b277-4f6d-a916-27747e8f87b8)
2022-12-07 10:13:25.921 [http-nio-8088-exec-7] INFO  com.example.radiusapi.controller.RealmController - result=Result(success=true, code=20000, message=sucess, data={data=[Realm(id=bf9b75d1e4bcefe0fb7984f2c36076ea, node_pid=null, realm=@test)]})
2022-12-07 10:13:25.946 [http-nio-8088-exec-8] INFO  com.example.radiusapi.controller.OfflineUserController - GetOfflineUser(,@test)
2022-12-07 10:13:25.957 [http-nio-8088-exec-8] INFO  com.example.radiusapi.controller.OfflineUserController - result=Result(success=true, code=20000, message=sucess, data={data=com.baomidou.mybatisplus.extension.plugins.pagination.Page@2253e1a5})
2022-12-07 10:14:08.200 [http-nio-8088-exec-9] INFO  com.example.radiusapi.controller.RealmController - GetRealms(5d430d61-b277-4f6d-a916-27747e8f87b8)
2022-12-07 10:14:08.205 [http-nio-8088-exec-9] INFO  com.example.radiusapi.controller.RealmController - result=Result(success=true, code=20000, message=sucess, data={data=[Realm(id=bf9b75d1e4bcefe0fb7984f2c36076ea, node_pid=null, realm=@test)]})
2022-12-07 10:14:08.249 [http-nio-8088-exec-10] INFO  com.example.radiusapi.controller.OnlineUserController - GetOnlineUser(,@test)
2022-12-07 10:14:08.257 [http-nio-8088-exec-10] INFO  com.example.radiusapi.controller.OnlineUserController - result=Result(success=true, code=20000, message=sucess, data={data=com.baomidou.mybatisplus.extension.plugins.pagination.Page@5d23c939})
2022-12-07 10:14:10.272 [http-nio-8088-exec-1] INFO  com.example.radiusapi.controller.RealmController - GetRealms(5d430d61-b277-4f6d-a916-27747e8f87b8)
2022-12-07 10:14:10.276 [http-nio-8088-exec-1] INFO  com.example.radiusapi.controller.RealmController - result=Result(success=true, code=20000, message=sucess, data={data=[Realm(id=bf9b75d1e4bcefe0fb7984f2c36076ea, node_pid=null, realm=@test)]})
2022-12-07 10:14:10.303 [http-nio-8088-exec-2] INFO  com.example.radiusapi.controller.OfflineUserController - GetOfflineUser(,@test)
2022-12-07 10:14:10.315 [http-nio-8088-exec-2] INFO  com.example.radiusapi.controller.OfflineUserController - result=Result(success=true, code=20000, message=sucess, data={data=com.baomidou.mybatisplus.extension.plugins.pagination.Page@4ef4c724})
2022-12-07 10:14:54.482 [http-nio-8088-exec-3] INFO  com.example.radiusapi.controller.RealmController - GetRealms(5d430d61-b277-4f6d-a916-27747e8f87b8)
2022-12-07 10:14:54.489 [http-nio-8088-exec-3] INFO  com.example.radiusapi.controller.RealmController - result=Result(success=true, code=20000, message=sucess, data={data=[Realm(id=bf9b75d1e4bcefe0fb7984f2c36076ea, node_pid=null, realm=@test)]})
2022-12-07 10:14:54.522 [http-nio-8088-exec-4] INFO  com.example.radiusapi.controller.OnlineUserController - GetOnlineUser(,@test)
2022-12-07 10:14:54.531 [http-nio-8088-exec-4] INFO  com.example.radiusapi.controller.OnlineUserController - result=Result(success=true, code=20000, message=sucess, data={data=com.baomidou.mybatisplus.extension.plugins.pagination.Page@6c0f89d4})
2022-12-07 10:14:56.635 [http-nio-8088-exec-6] INFO  com.example.radiusapi.controller.AdminController - GetAdministrators(admin,8765abe5-1685-447b-ad5d-b5e7439cbcc2,)
2022-12-07 10:14:56.640 [http-nio-8088-exec-6] INFO  com.example.radiusapi.controller.AdminController - result=Result(success=true, code=20000, message=sucess, data={data=com.baomidou.mybatisplus.extension.plugins.pagination.Page@217ad2ec})
2022-12-07 10:15:34.835 [http-nio-8088-exec-5] INFO  com.example.radiusapi.controller.RealmController - GetRealms(5d430d61-b277-4f6d-a916-27747e8f87b8)
2022-12-07 10:15:34.838 [http-nio-8088-exec-5] INFO  com.example.radiusapi.controller.RealmController - result=Result(success=true, code=20000, message=sucess, data={data=[Realm(id=bf9b75d1e4bcefe0fb7984f2c36076ea, node_pid=null, realm=@test)]})
2022-12-07 10:15:34.855 [http-nio-8088-exec-7] INFO  com.example.radiusapi.controller.OfflineUserController - GetOfflineUser(,@test)
2022-12-07 10:15:34.863 [http-nio-8088-exec-7] INFO  com.example.radiusapi.controller.OfflineUserController - result=Result(success=true, code=20000, message=sucess, data={data=com.baomidou.mybatisplus.extension.plugins.pagination.Page@4b465f8a})
2022-12-07 10:16:00.949 [http-nio-8088-exec-8] INFO  com.example.radiusapi.controller.OfflineUserController - GetOfflineUser(,@test)
2022-12-07 10:16:00.961 [http-nio-8088-exec-8] INFO  com.example.radiusapi.controller.OfflineUserController - result=Result(success=true, code=20000, message=sucess, data={data=com.baomidou.mybatisplus.extension.plugins.pagination.Page@60d6c31d})
2022-12-07 10:16:12.139 [http-nio-8088-exec-9] INFO  com.example.radiusapi.controller.RealmController - GetRealms(5d430d61-b277-4f6d-a916-27747e8f87b8)
2022-12-07 10:16:12.143 [http-nio-8088-exec-9] INFO  com.example.radiusapi.controller.RealmController - result=Result(success=true, code=20000, message=sucess, data={data=[Realm(id=bf9b75d1e4bcefe0fb7984f2c36076ea, node_pid=null, realm=@test)]})
2022-12-07 10:16:12.175 [http-nio-8088-exec-10] INFO  com.example.radiusapi.controller.OnlineUserController - GetOnlineUser(,@test)
2022-12-07 10:16:12.183 [http-nio-8088-exec-10] INFO  com.example.radiusapi.controller.OnlineUserController - result=Result(success=true, code=20000, message=sucess, data={data=com.baomidou.mybatisplus.extension.plugins.pagination.Page@77de6c42})
2022-12-07 10:16:14.578 [http-nio-8088-exec-1] INFO  com.example.radiusapi.controller.RealmController - GetRealms(5d430d61-b277-4f6d-a916-27747e8f87b8)
2022-12-07 10:16:14.582 [http-nio-8088-exec-1] INFO  com.example.radiusapi.controller.RealmController - result=Result(success=true, code=20000, message=sucess, data={data=[Realm(id=bf9b75d1e4bcefe0fb7984f2c36076ea, node_pid=null, realm=@test)]})
2022-12-07 10:16:14.620 [http-nio-8088-exec-2] INFO  com.example.radiusapi.controller.OfflineUserController - GetOfflineUser(,@test)
2022-12-07 10:16:14.633 [http-nio-8088-exec-2] INFO  com.example.radiusapi.controller.OfflineUserController - result=Result(success=true, code=20000, message=sucess, data={data=com.baomidou.mybatisplus.extension.plugins.pagination.Page@32430cd7})
2022-12-07 10:19:55.685 [http-nio-8088-exec-4] INFO  com.example.radiusapi.controller.RealmController - GetRealms(5d430d61-b277-4f6d-a916-27747e8f87b8)
2022-12-07 10:19:55.691 [http-nio-8088-exec-4] INFO  com.example.radiusapi.controller.RealmController - result=Result(success=true, code=20000, message=sucess, data={data=[Realm(id=bf9b75d1e4bcefe0fb7984f2c36076ea, node_pid=null, realm=@test)]})
2022-12-07 10:19:55.723 [http-nio-8088-exec-6] INFO  com.example.radiusapi.controller.OnlineUserController - GetOnlineUser(,@test)
2022-12-07 10:19:55.730 [http-nio-8088-exec-6] INFO  com.example.radiusapi.controller.OnlineUserController - result=Result(success=true, code=20000, message=sucess, data={data=com.baomidou.mybatisplus.extension.plugins.pagination.Page@34e553e8})
2022-12-07 10:19:57.756 [http-nio-8088-exec-5] INFO  com.example.radiusapi.controller.RealmController - GetRealms(5d430d61-b277-4f6d-a916-27747e8f87b8)
2022-12-07 10:19:57.759 [http-nio-8088-exec-5] INFO  com.example.radiusapi.controller.RealmController - result=Result(success=true, code=20000, message=sucess, data={data=[Realm(id=bf9b75d1e4bcefe0fb7984f2c36076ea, node_pid=null, realm=@test)]})
2022-12-07 10:19:57.782 [http-nio-8088-exec-7] INFO  com.example.radiusapi.controller.OfflineUserController - GetOfflineUser(,@test)
2022-12-07 10:19:57.793 [http-nio-8088-exec-7] INFO  com.example.radiusapi.controller.OfflineUserController - result=Result(success=true, code=20000, message=sucess, data={data=com.baomidou.mybatisplus.extension.plugins.pagination.Page@7487f255})
2022-12-07 10:20:04.219 [http-nio-8088-exec-8] INFO  com.example.radiusapi.controller.AdminController - info(eyJ0eXAiOiJKV1QiLCJhbGciOiJIUzI1NiJ9.eyJ1c2VyQWNjb3VudCI6ImFkbWluIiwiaXNzIjoiYXV0aDAiLCJleHAiOjE2NzA0MTQwODB9.Ngzf2GDN5jMI_gJGduZ1KZ8XPg-kGNceUeFqcc36GhA)
2022-12-07 10:20:04.222 [http-nio-8088-exec-8] INFO  com.example.radiusapi.controller.AdminController - Result=Result(success=true, code=20000, message=sucess, data={roles=admin, name=admin, avatar=, nodeid=81034dad-ccc5-4bb9-8020-9424bc5b0eac, introduction=superUser})
2022-12-07 10:20:04.550 [http-nio-8088-exec-9] INFO  com.example.radiusapi.controller.SidebarTreeController - GetTreeNodeList(81034dad-ccc5-4bb9-8020-9424bc5b0eac)
2022-12-07 10:20:04.556 [http-nio-8088-exec-9] INFO  com.example.radiusapi.controller.SidebarTreeController - result=Result(success=true, code=20000, message=sucess, data={data=[SidebarTree(id=9580ce07-0c5c-44b7-a46d-239c57dbd19c, label=1-1, type=1, owner=admin, pid=81034dad-ccc5-4bb9-8020-9424bc5b0eac), SidebarTree(id=5d430d61-b277-4f6d-a916-27747e8f87b8, label=new item, type=0, owner=admin, pid=9580ce07-0c5c-44b7-a46d-239c57dbd19c), SidebarTree(id=4b622c9b-eee1-4044-b83e-63cc4e743b69, label=上网账号, type=4, owner=null, pid=5d430d61-b277-4f6d-a916-27747e8f87b8), SidebarTree(id=aa0671b4-0503-4c8f-b725-baba8f71666c, label=设备对接, type=3, owner=null, pid=5d430d61-b277-4f6d-a916-27747e8f87b8), SidebarTree(id=b717cab0-c14e-43a3-9096-f70d1ef731e6, label=在线用户, type=8, owner=null, pid=5d430d61-b277-4f6d-a916-27747e8f87b8), SidebarTree(id=b7ef0b55-71db-4134-b344-041ac9a85835, label=上网记录, type=5, owner=null, pid=5d430d61-b277-4f6d-a916-27747e8f87b8), SidebarTree(id=8765abe5-1685-447b-ad5d-b5e7439cbcc2, label=new folder, type=1, owner=admin, pid=9580ce07-0c5c-44b7-a46d-239c57dbd19c), SidebarTree(id=81034dad-ccc5-4bb9-8020-9424bc5b0eac, label=根节点, type=1, owner=admin, pid=81034dad-ccc5-4bb9-8020-9424bc5bccc)]})
2022-12-07 10:20:07.089 [http-nio-8088-exec-10] INFO  com.example.radiusapi.controller.RealmController - GetRealms(5d430d61-b277-4f6d-a916-27747e8f87b8)
2022-12-07 10:20:07.094 [http-nio-8088-exec-10] INFO  com.example.radiusapi.controller.RealmController - result=Result(success=true, code=20000, message=sucess, data={data=[Realm(id=bf9b75d1e4bcefe0fb7984f2c36076ea, node_pid=null, realm=@test)]})
2022-12-07 10:20:07.128 [http-nio-8088-exec-1] INFO  com.example.radiusapi.controller.OnlineUserController - GetOnlineUser(,@test)
2022-12-07 10:20:07.135 [http-nio-8088-exec-1] INFO  com.example.radiusapi.controller.OnlineUserController - result=Result(success=true, code=20000, message=sucess, data={data=com.baomidou.mybatisplus.extension.plugins.pagination.Page@29c7554a})
2022-12-07 10:20:10.551 [http-nio-8088-exec-2] INFO  com.example.radiusapi.controller.RealmController - GetRealms(5d430d61-b277-4f6d-a916-27747e8f87b8)
2022-12-07 10:20:10.557 [http-nio-8088-exec-2] INFO  com.example.radiusapi.controller.RealmController - result=Result(success=true, code=20000, message=sucess, data={data=[Realm(id=bf9b75d1e4bcefe0fb7984f2c36076ea, node_pid=null, realm=@test)]})
2022-12-07 10:20:10.604 [http-nio-8088-exec-4] INFO  com.example.radiusapi.controller.OfflineUserController - GetOfflineUser(,@test)
2022-12-07 10:20:10.618 [http-nio-8088-exec-4] INFO  com.example.radiusapi.controller.OfflineUserController - result=Result(success=true, code=20000, message=sucess, data={data=com.baomidou.mybatisplus.extension.plugins.pagination.Page@2379cdc3})
2022-12-07 10:21:13.500 [http-nio-8088-exec-5] INFO  com.example.radiusapi.controller.RealmController - GetRealms(5d430d61-b277-4f6d-a916-27747e8f87b8)
2022-12-07 10:21:13.507 [http-nio-8088-exec-5] INFO  com.example.radiusapi.controller.RealmController - result=Result(success=true, code=20000, message=sucess, data={data=[Realm(id=bf9b75d1e4bcefe0fb7984f2c36076ea, node_pid=null, realm=@test)]})
2022-12-07 10:21:13.545 [http-nio-8088-exec-7] INFO  com.example.radiusapi.controller.OnlineUserController - GetOnlineUser(,@test)
2022-12-07 10:21:13.554 [http-nio-8088-exec-7] INFO  com.example.radiusapi.controller.OnlineUserController - result=Result(success=true, code=20000, message=sucess, data={data=com.baomidou.mybatisplus.extension.plugins.pagination.Page@7454d8be})
2022-12-07 10:21:15.484 [http-nio-8088-exec-8] INFO  com.example.radiusapi.controller.RealmController - GetRealms(5d430d61-b277-4f6d-a916-27747e8f87b8)
2022-12-07 10:21:15.488 [http-nio-8088-exec-8] INFO  com.example.radiusapi.controller.RealmController - result=Result(success=true, code=20000, message=sucess, data={data=[Realm(id=bf9b75d1e4bcefe0fb7984f2c36076ea, node_pid=null, realm=@test)]})
2022-12-07 10:21:15.517 [http-nio-8088-exec-9] INFO  com.example.radiusapi.controller.OfflineUserController - GetOfflineUser(,@test)
2022-12-07 10:21:15.529 [http-nio-8088-exec-9] INFO  com.example.radiusapi.controller.OfflineUserController - result=Result(success=true, code=20000, message=sucess, data={data=com.baomidou.mybatisplus.extension.plugins.pagination.Page@5a9f963f})
2022-12-07 10:21:21.894 [http-nio-8088-exec-1] INFO  com.example.radiusapi.controller.OfflineUserController - GetOfflineUser(abc,@test)
2022-12-07 10:21:21.901 [http-nio-8088-exec-1] INFO  com.example.radiusapi.controller.OfflineUserController - result=Result(success=true, code=20000, message=sucess, data={data=com.baomidou.mybatisplus.extension.plugins.pagination.Page@bf83bde})
2022-12-07 10:21:27.058 [http-nio-8088-exec-2] INFO  com.example.radiusapi.controller.OfflineUserController - GetOfflineUser(,@test)
2022-12-07 10:21:27.065 [http-nio-8088-exec-2] INFO  com.example.radiusapi.controller.OfflineUserController - result=Result(success=true, code=20000, message=sucess, data={data=com.baomidou.mybatisplus.extension.plugins.pagination.Page@3396e0ef})
2022-12-07 10:21:30.323 [http-nio-8088-exec-4] INFO  com.example.radiusapi.controller.OfflineUserController - GetOfflineUser(test,@test)
2022-12-07 10:21:30.330 [http-nio-8088-exec-4] INFO  com.example.radiusapi.controller.OfflineUserController - result=Result(success=true, code=20000, message=sucess, data={data=com.baomidou.mybatisplus.extension.plugins.pagination.Page@7cff7376})
2022-12-07 10:21:32.137 [http-nio-8088-exec-6] INFO  com.example.radiusapi.controller.OfflineUserController - GetOfflineUser(,@test)
2022-12-07 10:21:32.144 [http-nio-8088-exec-6] INFO  com.example.radiusapi.controller.OfflineUserController - result=Result(success=true, code=20000, message=sucess, data={data=com.baomidou.mybatisplus.extension.plugins.pagination.Page@46ba69b1})
2022-12-07 10:22:49.179 [http-nio-8088-exec-7] INFO  com.example.radiusapi.controller.OfflineUserController - GetOfflineUser(,@test)
2022-12-07 10:22:49.190 [http-nio-8088-exec-7] INFO  com.example.radiusapi.controller.OfflineUserController - result=Result(success=true, code=20000, message=sucess, data={data=com.baomidou.mybatisplus.extension.plugins.pagination.Page@dd3bb11})
2022-12-07 10:23:06.604 [http-nio-8088-exec-9] INFO  com.example.radiusapi.controller.OfflineUserController - GetOfflineUser(,@test)
2022-12-07 10:23:06.610 [http-nio-8088-exec-9] INFO  com.example.radiusapi.controller.OfflineUserController - result=Result(success=true, code=20000, message=sucess, data={data=com.baomidou.mybatisplus.extension.plugins.pagination.Page@77faab9})
2022-12-07 10:23:07.799 [http-nio-8088-exec-10] INFO  com.example.radiusapi.controller.OfflineUserController - GetOfflineUser(,@test)
2022-12-07 10:23:07.809 [http-nio-8088-exec-10] INFO  com.example.radiusapi.controller.OfflineUserController - result=Result(success=true, code=20000, message=sucess, data={data=com.baomidou.mybatisplus.extension.plugins.pagination.Page@248a9c26})
2022-12-07 10:23:09.216 [http-nio-8088-exec-1] INFO  com.example.radiusapi.controller.OfflineUserController - GetOfflineUser(,@test)
2022-12-07 10:23:09.225 [http-nio-8088-exec-1] INFO  com.example.radiusapi.controller.OfflineUserController - result=Result(success=true, code=20000, message=sucess, data={data=com.baomidou.mybatisplus.extension.plugins.pagination.Page@69ca604b})
2022-12-07 10:23:10.048 [http-nio-8088-exec-2] INFO  com.example.radiusapi.controller.OfflineUserController - GetOfflineUser(,@test)
2022-12-07 10:23:10.057 [http-nio-8088-exec-2] INFO  com.example.radiusapi.controller.OfflineUserController - result=Result(success=true, code=20000, message=sucess, data={data=com.baomidou.mybatisplus.extension.plugins.pagination.Page@2eb614eb})
2022-12-07 10:23:10.344 [http-nio-8088-exec-3] INFO  com.example.radiusapi.controller.OfflineUserController - GetOfflineUser(,@test)
2022-12-07 10:23:10.350 [http-nio-8088-exec-3] INFO  com.example.radiusapi.controller.OfflineUserController - result=Result(success=true, code=20000, message=sucess, data={data=com.baomidou.mybatisplus.extension.plugins.pagination.Page@18ab558b})
2022-12-07 10:23:18.312 [http-nio-8088-exec-4] INFO  com.example.radiusapi.controller.OfflineUserController - GetOfflineUser(,@test)
2022-12-07 10:23:18.317 [http-nio-8088-exec-4] INFO  com.example.radiusapi.controller.OfflineUserController - result=Result(success=true, code=20000, message=sucess, data={data=com.baomidou.mybatisplus.extension.plugins.pagination.Page@123e2c32})
2022-12-07 10:24:38.860 [SpringApplicationShutdownHook] INFO  com.alibaba.druid.pool.DruidDataSource - {dataSource-6} closing ...
2022-12-07 10:24:38.863 [SpringApplicationShutdownHook] INFO  com.alibaba.druid.pool.DruidDataSource - {dataSource-6} closed
2022-12-07 10:24:46.642 [restartedMain] INFO  com.example.radiusapi.RadiusApiApplication - Starting RadiusApiApplication using Java 18.0.1.1 on MSI with PID 34496 (C:\Users\20786\IdeaProjects\radiusApi\target\classes started by 20786 in C:\Users\20786\IdeaProjects\radiusApi)
2022-12-07 10:24:46.659 [restartedMain] INFO  com.example.radiusapi.RadiusApiApplication - No active profile set, falling back to 1 default profile: "default"
2022-12-07 10:24:49.533 [restartedMain] INFO  org.apache.coyote.http11.Http11NioProtocol - Initializing ProtocolHandler ["http-nio-8088"]
2022-12-07 10:24:49.534 [restartedMain] INFO  org.apache.catalina.core.StandardService - Starting service [Tomcat]
2022-12-07 10:24:49.535 [restartedMain] INFO  org.apache.catalina.core.StandardEngine - Starting Servlet engine: [Apache Tomcat/9.0.65]
2022-12-07 10:24:49.731 [restartedMain] INFO  org.apache.catalina.core.ContainerBase.[Tomcat].[localhost].[/] - Initializing Spring embedded WebApplicationContext
2022-12-07 10:24:50.002 [restartedMain] INFO  com.alibaba.druid.spring.boot.autoconfigure.DruidDataSourceAutoConfigure - Init DruidDataSource
2022-12-07 10:24:50.124 [restartedMain] INFO  com.alibaba.druid.pool.DruidDataSource - {dataSource-1} inited
2022-12-07 10:24:52.144 [restartedMain] INFO  org.apache.coyote.http11.Http11NioProtocol - Starting ProtocolHandler ["http-nio-8088"]
2022-12-07 10:24:52.859 [restartedMain] INFO  com.example.radiusapi.RadiusApiApplication - Started RadiusApiApplication in 6.853 seconds (JVM running for 8.432)
2022-12-07 10:24:52.877 [restartedMain] INFO  com.example.radiusapi.RadiusApiApplication.main() Line: 23 - application is  started  .......
2022-12-07 10:25:03.761 [http-nio-8088-exec-1] INFO  org.apache.catalina.core.ContainerBase.[Tomcat].[localhost].[/] - Initializing Spring DispatcherServlet 'dispatcherServlet'
2022-12-07 10:25:03.888 [http-nio-8088-exec-1] INFO  com.example.radiusapi.controller.OfflineUserController - GetOfflineUser(,@test,10.140.10.111,,)
2022-12-07 10:25:04.725 [http-nio-8088-exec-1] ERROR com.example.radiusapi.controller.OfflineUserController - 
### Error querying database.  Cause: com.mysql.jdbc.exceptions.jdbc4.MySQLSyntaxErrorException: Unknown column 'frameipaddress' in 'where clause'
### The error may exist in com/example/radiusapi/mapper/OfflineUserMapper.java (best guess)
### The error may involve defaultParameterMap
### The error occurred while setting parameters
### SQL: SELECT COUNT(*) FROM offline_user WHERE (realm = ? AND frameipaddress = ?)
### Cause: com.mysql.jdbc.exceptions.jdbc4.MySQLSyntaxErrorException: Unknown column 'frameipaddress' in 'where clause'
; bad SQL grammar []; nested exception is com.mysql.jdbc.exceptions.jdbc4.MySQLSyntaxErrorException: Unknown column 'frameipaddress' in 'where clause'
2022-12-07 10:31:07.879 [Thread-4] INFO  org.apache.coyote.http11.Http11NioProtocol - Pausing ProtocolHandler ["http-nio-8088"]
2022-12-07 10:31:07.880 [Thread-4] INFO  org.apache.catalina.core.StandardService - Stopping service [Tomcat]
2022-12-07 10:31:07.882 [Thread-4] INFO  org.apache.catalina.core.ContainerBase.[Tomcat].[localhost].[/] - Destroying Spring FrameworkServlet 'dispatcherServlet'
2022-12-07 10:31:07.906 [Thread-4] INFO  org.apache.coyote.http11.Http11NioProtocol - Stopping ProtocolHandler ["http-nio-8088"]
2022-12-07 10:31:07.912 [Thread-4] INFO  org.apache.coyote.http11.Http11NioProtocol - Destroying ProtocolHandler ["http-nio-8088"]
2022-12-07 10:31:07.917 [Thread-4] INFO  com.alibaba.druid.pool.DruidDataSource - {dataSource-1} closing ...
2022-12-07 10:31:07.923 [Thread-4] INFO  com.alibaba.druid.pool.DruidDataSource - {dataSource-1} closed
2022-12-07 10:31:08.131 [restartedMain] INFO  com.example.radiusapi.RadiusApiApplication - Starting RadiusApiApplication using Java 18.0.1.1 on MSI with PID 34496 (C:\Users\20786\IdeaProjects\radiusApi\target\classes started by 20786 in C:\Users\20786\IdeaProjects\radiusApi)
2022-12-07 10:31:08.133 [restartedMain] INFO  com.example.radiusapi.RadiusApiApplication - No active profile set, falling back to 1 default profile: "default"
2022-12-07 10:31:09.005 [restartedMain] INFO  org.apache.coyote.http11.Http11NioProtocol - Initializing ProtocolHandler ["http-nio-8088"]
2022-12-07 10:31:09.006 [restartedMain] INFO  org.apache.catalina.core.StandardService - Starting service [Tomcat]
2022-12-07 10:31:09.006 [restartedMain] INFO  org.apache.catalina.core.StandardEngine - Starting Servlet engine: [Apache Tomcat/9.0.65]
2022-12-07 10:31:09.086 [restartedMain] INFO  org.apache.catalina.core.ContainerBase.[Tomcat].[localhost].[/] - Initializing Spring embedded WebApplicationContext
2022-12-07 10:31:09.134 [restartedMain] INFO  com.alibaba.druid.spring.boot.autoconfigure.DruidDataSourceAutoConfigure - Init DruidDataSource
2022-12-07 10:31:09.146 [restartedMain] INFO  com.alibaba.druid.pool.DruidDataSource - {dataSource-2} inited
2022-12-07 10:31:09.793 [restartedMain] INFO  org.apache.coyote.http11.Http11NioProtocol - Starting ProtocolHandler ["http-nio-8088"]
2022-12-07 10:31:10.033 [restartedMain] INFO  com.example.radiusapi.RadiusApiApplication - Started RadiusApiApplication in 2.025 seconds (JVM running for 385.606)
2022-12-07 10:31:10.039 [restartedMain] INFO  com.example.radiusapi.RadiusApiApplication.main() Line: 23 - application is  started  .......
2022-12-07 10:31:12.252 [SpringApplicationShutdownHook] INFO  com.alibaba.druid.pool.DruidDataSource - {dataSource-2} closing ...
2022-12-07 10:31:12.252 [SpringApplicationShutdownHook] INFO  com.alibaba.druid.pool.DruidDataSource - {dataSource-2} closed
2022-12-07 10:31:26.205 [restartedMain] INFO  com.example.radiusapi.RadiusApiApplication - Starting RadiusApiApplication using Java 18.0.1.1 on MSI with PID 36696 (C:\Users\20786\IdeaProjects\radiusApi\target\classes started by 20786 in C:\Users\20786\IdeaProjects\radiusApi)
2022-12-07 10:31:26.241 [restartedMain] INFO  com.example.radiusapi.RadiusApiApplication - No active profile set, falling back to 1 default profile: "default"
2022-12-07 10:31:31.464 [restartedMain] INFO  org.apache.coyote.http11.Http11NioProtocol - Initializing ProtocolHandler ["http-nio-8088"]
2022-12-07 10:31:31.466 [restartedMain] INFO  org.apache.catalina.core.StandardService - Starting service [Tomcat]
2022-12-07 10:31:31.466 [restartedMain] INFO  org.apache.catalina.core.StandardEngine - Starting Servlet engine: [Apache Tomcat/9.0.65]
2022-12-07 10:31:31.653 [restartedMain] INFO  org.apache.catalina.core.ContainerBase.[Tomcat].[localhost].[/] - Initializing Spring embedded WebApplicationContext
2022-12-07 10:31:31.952 [restartedMain] INFO  com.alibaba.druid.spring.boot.autoconfigure.DruidDataSourceAutoConfigure - Init DruidDataSource
2022-12-07 10:31:32.077 [restartedMain] INFO  com.alibaba.druid.pool.DruidDataSource - {dataSource-1} inited
2022-12-07 10:31:34.359 [restartedMain] INFO  org.apache.coyote.http11.Http11NioProtocol - Starting ProtocolHandler ["http-nio-8088"]
2022-12-07 10:31:35.111 [restartedMain] INFO  com.example.radiusapi.RadiusApiApplication - Started RadiusApiApplication in 9.921 seconds (JVM running for 12.408)
2022-12-07 10:31:35.126 [restartedMain] INFO  com.example.radiusapi.RadiusApiApplication.main() Line: 23 - application is  started  .......
2022-12-07 10:31:39.463 [http-nio-8088-exec-1] INFO  org.apache.catalina.core.ContainerBase.[Tomcat].[localhost].[/] - Initializing Spring DispatcherServlet 'dispatcherServlet'
2022-12-07 10:31:39.615 [http-nio-8088-exec-2] INFO  com.example.radiusapi.controller.AdminController - login({username=admin, password=123456})
2022-12-07 10:31:40.412 [http-nio-8088-exec-2] INFO  com.example.radiusapi.controller.AdminController - result=Result(success=true, code=20000, message=sucess, data={token=eyJ0eXAiOiJKV1QiLCJhbGciOiJIUzI1NiJ9.eyJ1c2VyQWNjb3VudCI6ImFkbWluIiwiaXNzIjoiYXV0aDAiLCJleHAiOjE2NzA0MTYzMDB9.YhRHcEjZaKmXu9Ov19AhdHDaX0hmqzjJgc6p_4sIdgQ})
2022-12-07 10:31:40.513 [http-nio-8088-exec-4] INFO  com.example.radiusapi.controller.AdminController - info(eyJ0eXAiOiJKV1QiLCJhbGciOiJIUzI1NiJ9.eyJ1c2VyQWNjb3VudCI6ImFkbWluIiwiaXNzIjoiYXV0aDAiLCJleHAiOjE2NzA0MTYzMDB9.YhRHcEjZaKmXu9Ov19AhdHDaX0hmqzjJgc6p_4sIdgQ)
2022-12-07 10:31:40.522 [http-nio-8088-exec-4] INFO  com.example.radiusapi.controller.AdminController - Result=Result(success=true, code=20000, message=sucess, data={roles=admin, name=admin, avatar=, nodeid=81034dad-ccc5-4bb9-8020-9424bc5b0eac, introduction=superUser})
2022-12-07 10:31:40.919 [http-nio-8088-exec-5] INFO  com.example.radiusapi.controller.SidebarTreeController - GetTreeNodeList(81034dad-ccc5-4bb9-8020-9424bc5b0eac)
2022-12-07 10:31:40.948 [http-nio-8088-exec-5] INFO  com.example.radiusapi.controller.SidebarTreeController - result=Result(success=true, code=20000, message=sucess, data={data=[SidebarTree(id=9580ce07-0c5c-44b7-a46d-239c57dbd19c, label=1-1, type=1, owner=admin, pid=81034dad-ccc5-4bb9-8020-9424bc5b0eac), SidebarTree(id=5d430d61-b277-4f6d-a916-27747e8f87b8, label=new item, type=0, owner=admin, pid=9580ce07-0c5c-44b7-a46d-239c57dbd19c), SidebarTree(id=4b622c9b-eee1-4044-b83e-63cc4e743b69, label=上网账号, type=4, owner=null, pid=5d430d61-b277-4f6d-a916-27747e8f87b8), SidebarTree(id=aa0671b4-0503-4c8f-b725-baba8f71666c, label=设备对接, type=3, owner=null, pid=5d430d61-b277-4f6d-a916-27747e8f87b8), SidebarTree(id=b717cab0-c14e-43a3-9096-f70d1ef731e6, label=在线用户, type=8, owner=null, pid=5d430d61-b277-4f6d-a916-27747e8f87b8), SidebarTree(id=b7ef0b55-71db-4134-b344-041ac9a85835, label=上网记录, type=5, owner=null, pid=5d430d61-b277-4f6d-a916-27747e8f87b8), SidebarTree(id=8765abe5-1685-447b-ad5d-b5e7439cbcc2, label=new folder, type=1, owner=admin, pid=9580ce07-0c5c-44b7-a46d-239c57dbd19c), SidebarTree(id=81034dad-ccc5-4bb9-8020-9424bc5b0eac, label=根节点, type=1, owner=admin, pid=81034dad-ccc5-4bb9-8020-9424bc5bccc)]})
2022-12-07 10:31:45.378 [http-nio-8088-exec-6] INFO  com.example.radiusapi.controller.RealmController - GetRealms(5d430d61-b277-4f6d-a916-27747e8f87b8)
2022-12-07 10:31:45.386 [http-nio-8088-exec-6] INFO  com.example.radiusapi.controller.RealmController - result=Result(success=true, code=20000, message=sucess, data={data=[Realm(id=bf9b75d1e4bcefe0fb7984f2c36076ea, node_pid=null, realm=@test)]})
2022-12-07 10:31:45.430 [http-nio-8088-exec-7] INFO  com.example.radiusapi.controller.OnlineUserController - GetOnlineUser(,@test)
2022-12-07 10:31:45.572 [http-nio-8088-exec-7] INFO  com.example.radiusapi.controller.OnlineUserController - result=Result(success=true, code=20000, message=sucess, data={data=com.baomidou.mybatisplus.extension.plugins.pagination.Page@77560599})
2022-12-07 10:31:47.623 [http-nio-8088-exec-8] INFO  com.example.radiusapi.controller.RealmController - GetRealms(5d430d61-b277-4f6d-a916-27747e8f87b8)
2022-12-07 10:31:47.635 [http-nio-8088-exec-8] INFO  com.example.radiusapi.controller.RealmController - result=Result(success=true, code=20000, message=sucess, data={data=[Realm(id=bf9b75d1e4bcefe0fb7984f2c36076ea, node_pid=null, realm=@test)]})
2022-12-07 10:31:47.693 [http-nio-8088-exec-10] INFO  com.example.radiusapi.controller.OfflineUserController - GetOfflineUser(,@test,,,)
2022-12-07 10:31:47.740 [http-nio-8088-exec-10] INFO  com.example.radiusapi.controller.OfflineUserController - result=Result(success=true, code=20000, message=sucess, data={data=com.baomidou.mybatisplus.extension.plugins.pagination.Page@2df56a44})
2022-12-07 10:31:49.559 [http-nio-8088-exec-1] INFO  com.example.radiusapi.controller.RealmController - GetRealms(5d430d61-b277-4f6d-a916-27747e8f87b8)
2022-12-07 10:31:49.563 [http-nio-8088-exec-1] INFO  com.example.radiusapi.controller.RealmController - result=Result(success=true, code=20000, message=sucess, data={data=[Realm(id=bf9b75d1e4bcefe0fb7984f2c36076ea, node_pid=null, realm=@test)]})
2022-12-07 10:31:49.600 [http-nio-8088-exec-2] INFO  com.example.radiusapi.controller.OnlineUserController - GetOnlineUser(,@test)
2022-12-07 10:31:49.610 [http-nio-8088-exec-2] INFO  com.example.radiusapi.controller.OnlineUserController - result=Result(success=true, code=20000, message=sucess, data={data=com.baomidou.mybatisplus.extension.plugins.pagination.Page@49873af2})
2022-12-07 10:31:51.096 [http-nio-8088-exec-3] INFO  com.example.radiusapi.controller.RealmController - GetRealms(5d430d61-b277-4f6d-a916-27747e8f87b8)
2022-12-07 10:31:51.107 [http-nio-8088-exec-3] INFO  com.example.radiusapi.controller.RealmController - result=Result(success=true, code=20000, message=sucess, data={data=[Realm(id=bf9b75d1e4bcefe0fb7984f2c36076ea, node_pid=null, realm=@test)]})
2022-12-07 10:31:51.149 [http-nio-8088-exec-4] INFO  com.example.radiusapi.controller.OfflineUserController - GetOfflineUser(,@test,,,)
2022-12-07 10:31:51.168 [http-nio-8088-exec-4] INFO  com.example.radiusapi.controller.OfflineUserController - result=Result(success=true, code=20000, message=sucess, data={data=com.baomidou.mybatisplus.extension.plugins.pagination.Page@5455d8ae})
2022-12-07 10:32:02.877 [http-nio-8088-exec-6] INFO  com.example.radiusapi.controller.OfflineUserController - GetOfflineUser(,@test,10.140.10.111,,)
2022-12-07 10:32:02.937 [http-nio-8088-exec-6] INFO  com.example.radiusapi.controller.OfflineUserController - result=Result(success=true, code=20000, message=sucess, data={data=com.baomidou.mybatisplus.extension.plugins.pagination.Page@70a7a6aa})
2022-12-07 10:32:08.718 [http-nio-8088-exec-7] INFO  com.example.radiusapi.controller.OfflineUserController - GetOfflineUser(,@test,,,)
2022-12-07 10:32:08.731 [http-nio-8088-exec-7] INFO  com.example.radiusapi.controller.OfflineUserController - result=Result(success=true, code=20000, message=sucess, data={data=com.baomidou.mybatisplus.extension.plugins.pagination.Page@5f81f48e})
2022-12-07 10:32:42.829 [http-nio-8088-exec-9] INFO  com.example.radiusapi.controller.OfflineUserController - GetOfflineUser(,@test,,a3:33:33:33:33:44,)
2022-12-07 10:32:42.836 [http-nio-8088-exec-9] INFO  com.example.radiusapi.controller.OfflineUserController - result=Result(success=true, code=20000, message=sucess, data={data=com.baomidou.mybatisplus.extension.plugins.pagination.Page@2a5d070b})
2022-12-07 10:33:11.279 [http-nio-8088-exec-1] INFO  com.example.radiusapi.controller.OfflineUserController - GetOfflineUser(,@test,,a3:33:33:33:33:33,)
2022-12-07 10:33:11.291 [http-nio-8088-exec-1] INFO  com.example.radiusapi.controller.OfflineUserController - result=Result(success=true, code=20000, message=sucess, data={data=com.baomidou.mybatisplus.extension.plugins.pagination.Page@5321e29b})
2022-12-07 10:33:17.813 [http-nio-8088-exec-2] INFO  com.example.radiusapi.controller.OfflineUserController - GetOfflineUser(,@test,,a3:33:33:33:33:44,)
2022-12-07 10:33:17.822 [http-nio-8088-exec-2] INFO  com.example.radiusapi.controller.OfflineUserController - result=Result(success=true, code=20000, message=sucess, data={data=com.baomidou.mybatisplus.extension.plugins.pagination.Page@486b5543})
2022-12-07 10:33:20.177 [http-nio-8088-exec-3] INFO  com.example.radiusapi.controller.OfflineUserController - GetOfflineUser(,@test,,,)
2022-12-07 10:33:20.188 [http-nio-8088-exec-3] INFO  com.example.radiusapi.controller.OfflineUserController - result=Result(success=true, code=20000, message=sucess, data={data=com.baomidou.mybatisplus.extension.plugins.pagination.Page@286b0ed5})
2022-12-07 10:33:28.149 [http-nio-8088-exec-4] INFO  com.example.radiusapi.controller.OfflineUserController - GetOfflineUser(,@test,10.140.10.111,,)
2022-12-07 10:33:28.160 [http-nio-8088-exec-4] INFO  com.example.radiusapi.controller.OfflineUserController - result=Result(success=true, code=20000, message=sucess, data={data=com.baomidou.mybatisplus.extension.plugins.pagination.Page@2884def6})
2022-12-07 10:33:36.208 [http-nio-8088-exec-6] INFO  com.example.radiusapi.controller.OfflineUserController - GetOfflineUser(,@test,10.140.10.111,10.140.10.111,)
2022-12-07 10:33:36.218 [http-nio-8088-exec-6] INFO  com.example.radiusapi.controller.OfflineUserController - result=Result(success=true, code=20000, message=sucess, data={data=com.baomidou.mybatisplus.extension.plugins.pagination.Page@777d3ab})
2022-12-07 10:33:41.699 [http-nio-8088-exec-7] INFO  com.example.radiusapi.controller.OfflineUserController - GetOfflineUser(,@test,10.140.10.111,,)
2022-12-07 10:33:41.704 [http-nio-8088-exec-7] INFO  com.example.radiusapi.controller.OfflineUserController - result=Result(success=true, code=20000, message=sucess, data={data=com.baomidou.mybatisplus.extension.plugins.pagination.Page@15a677ca})
2022-12-07 10:33:48.935 [http-nio-8088-exec-9] INFO  com.example.radiusapi.controller.OfflineUserController - GetOfflineUser(,@test,10.140.10.111,a3:33:33:33:33:44,)
2022-12-07 10:33:48.946 [http-nio-8088-exec-9] INFO  com.example.radiusapi.controller.OfflineUserController - result=Result(success=true, code=20000, message=sucess, data={data=com.baomidou.mybatisplus.extension.plugins.pagination.Page@4a72f844})
2022-12-07 10:34:19.559 [http-nio-8088-exec-10] INFO  org.apache.coyote.http11.Http11Processor - Error parsing HTTP request header
 Note: further occurrences of HTTP request parsing errors will be logged at DEBUG level. java.lang.IllegalArgumentException: Invalid character found in the request target [/OfflineUser?name=&realm=@test&framedipaddress=&callingstationid=&validdate[]=2022-11-30T16:00:00.000Z&validdate[]=2022-12-01T16:00:00.000Z&pageNo=1&pageSize=10 ]. The valid characters are defined in RFC 7230 and RFC 3986
	at org.apache.coyote.http11.Http11InputBuffer.parseRequestLine(Http11InputBuffer.java:494) ~[tomcat-embed-core-9.0.65.jar:9.0.65]
	at org.apache.coyote.http11.Http11Processor.service(Http11Processor.java:271) ~[tomcat-embed-core-9.0.65.jar:9.0.65]
	at org.apache.coyote.AbstractProcessorLight.process(AbstractProcessorLight.java:65) ~[tomcat-embed-core-9.0.65.jar:9.0.65]
	at org.apache.coyote.AbstractProtocol$ConnectionHandler.process(AbstractProtocol.java:890) ~[tomcat-embed-core-9.0.65.jar:9.0.65]
	at org.apache.tomcat.util.net.NioEndpoint$SocketProcessor.doRun(NioEndpoint.java:1789) ~[tomcat-embed-core-9.0.65.jar:9.0.65]
	at org.apache.tomcat.util.net.SocketProcessorBase.run(SocketProcessorBase.java:49) ~[tomcat-embed-core-9.0.65.jar:9.0.65]
	at org.apache.tomcat.util.threads.ThreadPoolExecutor.runWorker(ThreadPoolExecutor.java:1191) ~[tomcat-embed-core-9.0.65.jar:9.0.65]
	at org.apache.tomcat.util.threads.ThreadPoolExecutor$Worker.run(ThreadPoolExecutor.java:659) ~[tomcat-embed-core-9.0.65.jar:9.0.65]
	at org.apache.tomcat.util.threads.TaskThread$WrappingRunnable.run(TaskThread.java:61) ~[tomcat-embed-core-9.0.65.jar:9.0.65]
	at java.lang.Thread.run(Thread.java:833) ~[?:?]

2022-12-07 21:02:24.774 [SpringApplicationShutdownHook] INFO  com.alibaba.druid.pool.DruidDataSource - {dataSource-1} closing ...
2022-12-07 21:02:24.779 [SpringApplicationShutdownHook] INFO  com.alibaba.druid.pool.DruidDataSource - {dataSource-1} closed
