2022-11-29 00:01:10.429 [http-nio-8088-exec-5] INFO  com.example.radiusapi.controller.RealmController - GetRealms(8f6acda0-327a-48ea-9075-b3074de09148)
2022-11-29 00:01:10.484 [http-nio-8088-exec-5] INFO  com.example.radiusapi.controller.RealmController - result=Result(success=true, code=20000, message=sucess, data={data=[Realm(id=4dc0f4dd013653d9c7e9e50a8ca82702, node_pid=null, realm=@test), Realm(id=5c327703c4c742389292e2546d9a5733, node_pid=null, realm=@zhaoqing), Realm(id=9a7515ab9cd28b331f71ba5bb96d333c, node_pid=null, realm=@foshan)]})
2022-11-29 00:01:10.773 [http-nio-8088-exec-6] INFO  com.example.radiusapi.controller.OnlineUserController - GetOnlineUser(,@test)
2022-11-29 00:01:10.813 [http-nio-8088-exec-6] INFO  com.example.radiusapi.controller.OnlineUserController - result=Result(success=true, code=20000, message=sucess, data={data=com.baomidou.mybatisplus.extension.plugins.pagination.Page@49372899})
2022-11-29 00:01:11.266 [http-nio-8088-exec-7] INFO  com.example.radiusapi.controller.RealmController - GetRealms(8f6acda0-327a-48ea-9075-b3074de09148)
2022-11-29 00:01:11.296 [http-nio-8088-exec-7] INFO  com.example.radiusapi.controller.RealmController - result=Result(success=true, code=20000, message=sucess, data={data=[Realm(id=4dc0f4dd013653d9c7e9e50a8ca82702, node_pid=null, realm=@test), Realm(id=5c327703c4c742389292e2546d9a5733, node_pid=null, realm=@zhaoqing), Realm(id=9a7515ab9cd28b331f71ba5bb96d333c, node_pid=null, realm=@foshan)]})
2022-11-29 00:01:11.467 [http-nio-8088-exec-8] INFO  com.example.radiusapi.controller.AccountInfoController - GetAccountInfo(,@test)
2022-11-29 00:01:11.483 [http-nio-8088-exec-8] INFO  com.example.radiusapi.controller.AccountInfoController - result=Result(success=true, code=20000, message=sucess, data={data=com.baomidou.mybatisplus.extension.plugins.pagination.Page@464741b9})
2022-11-29 00:01:13.509 [http-nio-8088-exec-9] INFO  com.example.radiusapi.controller.AccountInfoController - GetAccountInfo(,@zhaoqing)
2022-11-29 00:01:13.523 [http-nio-8088-exec-9] INFO  com.example.radiusapi.controller.AccountInfoController - result=Result(success=true, code=20000, message=sucess, data={data=com.baomidou.mybatisplus.extension.plugins.pagination.Page@23564243})
2022-11-29 00:07:37.272 [http-nio-8088-exec-1] INFO  com.example.radiusapi.controller.AccountInfoController - UpdateAccount(AccountInfo(id=1597186805927546881, UserName=lkj, realm=@zhaoqing, UserPassword=lkj, AuthMode=0, IsFrozen=true, AdminName=admin, ValidDate=null, ModifyDate=Mon Nov 28 23:51:23 GMT+08:00 2022, ExpireDate=null, SecondRemain=0, ByteRemain=0, SimualUseLimit=1, MaxSessionTimeout=0, InboundCar=0, OutboundCar=0, QosProfile=, UpdateInterval=3600))
2022-11-29 00:07:37.292 [http-nio-8088-exec-1] INFO  com.example.radiusapi.controller.AccountInfoController - result=Result(success=true, code=20000, message=sucess, data={})
2022-11-29 00:07:37.410 [http-nio-8088-exec-2] INFO  com.example.radiusapi.controller.AccountInfoController - GetAccountInfo(,@zhaoqing)
2022-11-29 00:07:37.430 [http-nio-8088-exec-2] INFO  com.example.radiusapi.controller.AccountInfoController - result=Result(success=true, code=20000, message=sucess, data={data=com.baomidou.mybatisplus.extension.plugins.pagination.Page@a2980f7})
2022-11-29 00:12:15.796 [http-nio-8088-exec-4] INFO  com.example.radiusapi.controller.AdminController - info(eyJ0eXAiOiJKV1QiLCJhbGciOiJIUzI1NiJ9.eyJ1c2VyQWNjb3VudCI6ImFkbWluIiwiaXNzIjoiYXV0aDAiLCJleHAiOjE2Njk2ODQzMjN9.75fX6Wfg_57QGkF_45iBoDc1f9LcmfJf519KYb8JByA)
2022-11-29 00:12:15.810 [http-nio-8088-exec-4] INFO  com.example.radiusapi.controller.AdminController - Result=Result(success=true, code=20000, message=sucess, data={roles=admin, name=admin, avatar=, nodeid=81034dad-ccc5-4bb9-8020-9424bc5b0eac, introduction=superUser})
2022-11-29 00:12:16.210 [http-nio-8088-exec-5] INFO  com.example.radiusapi.controller.SidebarTreeController - GetTreeNodeList(81034dad-ccc5-4bb9-8020-9424bc5b0eac)
2022-11-29 00:12:16.222 [http-nio-8088-exec-5] INFO  com.example.radiusapi.controller.SidebarTreeController - result=Result(success=true, code=20000, message=sucess, data={data=[SidebarTree(id=9580ce07-0c5c-44b7-a46d-239c57dbd19c, label=1-1, type=1, owner=admin, pid=81034dad-ccc5-4bb9-8020-9424bc5b0eac), SidebarTree(id=8f6acda0-327a-48ea-9075-b3074de09148, label=new item, type=0, owner=admin, pid=9580ce07-0c5c-44b7-a46d-239c57dbd19c), SidebarTree(id=18ecbf5f-b215-4752-b6e0-8b3aa5f98346, label=上网记录, type=5, owner=null, pid=8f6acda0-327a-48ea-9075-b3074de09148), SidebarTree(id=662b9383-7e7e-407c-9714-7143254e11d3, label=上网账号, type=4, owner=null, pid=8f6acda0-327a-48ea-9075-b3074de09148), SidebarTree(id=77fa6fa0-0408-4c22-b36f-b2f5aee9963c, label=短信群发, type=6, owner=null, pid=8f6acda0-327a-48ea-9075-b3074de09148), SidebarTree(id=806ec437-c5b8-44ec-9705-62d77f5277b2, label=页面设置, type=7, owner=null, pid=8f6acda0-327a-48ea-9075-b3074de09148), SidebarTree(id=d2a90767-387e-4438-9bfb-7d0d81e3e3da, label=设备对接, type=3, owner=null, pid=8f6acda0-327a-48ea-9075-b3074de09148), SidebarTree(id=9b436ab9-5fbf-489a-b48f-012e0696303f, label=new item, type=0, owner=admin, pid=9580ce07-0c5c-44b7-a46d-239c57dbd19c), SidebarTree(id=24800ed0-166f-4056-bdd6-d8081a6db339, label=设备对接, type=3, owner=null, pid=9b436ab9-5fbf-489a-b48f-012e0696303f), SidebarTree(id=55e5660d-d87b-49a6-be1a-f7bb657d6b47, label=短信群发, type=6, owner=null, pid=9b436ab9-5fbf-489a-b48f-012e0696303f), SidebarTree(id=b9dc22f8-c745-489d-96ff-6fa73d0bb88c, label=上网账号, type=4, owner=null, pid=9b436ab9-5fbf-489a-b48f-012e0696303f), SidebarTree(id=c405ac6d-ef73-401a-a1a9-1d702eef6804, label=页面设置, type=7, owner=null, pid=9b436ab9-5fbf-489a-b48f-012e0696303f), SidebarTree(id=e75af9e9-8e55-4ff8-9429-af51363ca96b, label=上网记录, type=5, owner=null, pid=9b436ab9-5fbf-489a-b48f-012e0696303f), SidebarTree(id=ab643534-641d-4762-88dc-1bf430cdec60, label=new folder, type=1, owner=admin, pid=9580ce07-0c5c-44b7-a46d-239c57dbd19c), SidebarTree(id=133f38a2-3560-4927-afb6-c69f768892ae, label=new folder, type=1, owner=admin, pid=ab643534-641d-4762-88dc-1bf430cdec60), SidebarTree(id=81034dad-ccc5-4bb9-8020-9424bc5b0eac, label=根节点, type=1, owner=admin, pid=81034dad-ccc5-4bb9-8020-9424bc5bccc)]})
2022-11-29 00:12:21.730 [http-nio-8088-exec-6] INFO  com.example.radiusapi.controller.RealmController - GetRealms(8f6acda0-327a-48ea-9075-b3074de09148)
2022-11-29 00:12:21.738 [http-nio-8088-exec-6] INFO  com.example.radiusapi.controller.RealmController - result=Result(success=true, code=20000, message=sucess, data={data=[Realm(id=4dc0f4dd013653d9c7e9e50a8ca82702, node_pid=null, realm=@test), Realm(id=5c327703c4c742389292e2546d9a5733, node_pid=null, realm=@zhaoqing), Realm(id=9a7515ab9cd28b331f71ba5bb96d333c, node_pid=null, realm=@foshan)]})
2022-11-29 00:12:21.807 [http-nio-8088-exec-7] INFO  com.example.radiusapi.controller.AccountInfoController - GetAccountInfo(,@test)
2022-11-29 00:12:21.823 [http-nio-8088-exec-7] INFO  com.example.radiusapi.controller.AccountInfoController - result=Result(success=true, code=20000, message=sucess, data={data=com.baomidou.mybatisplus.extension.plugins.pagination.Page@275c3be7})
2022-11-29 00:12:23.877 [http-nio-8088-exec-8] INFO  com.example.radiusapi.controller.AccountInfoController - GetAccountInfo(,@zhaoqing)
2022-11-29 00:12:23.885 [http-nio-8088-exec-8] INFO  com.example.radiusapi.controller.AccountInfoController - result=Result(success=true, code=20000, message=sucess, data={data=com.baomidou.mybatisplus.extension.plugins.pagination.Page@a92f068})
2022-11-29 00:51:53.841 [http-nio-8088-exec-1] INFO  com.example.radiusapi.controller.RealmController - GetRealms(8f6acda0-327a-48ea-9075-b3074de09148)
2022-11-29 00:51:53.919 [http-nio-8088-exec-1] INFO  com.example.radiusapi.controller.RealmController - result=Result(success=true, code=20000, message=sucess, data={data=[Realm(id=4dc0f4dd013653d9c7e9e50a8ca82702, node_pid=null, realm=@test), Realm(id=5c327703c4c742389292e2546d9a5733, node_pid=null, realm=@zhaoqing), Realm(id=9a7515ab9cd28b331f71ba5bb96d333c, node_pid=null, realm=@foshan)]})
2022-11-29 00:51:53.985 [http-nio-8088-exec-3] INFO  com.example.radiusapi.controller.AccountInfoController - GetAccountInfo(,@test)
2022-11-29 00:51:54.004 [http-nio-8088-exec-3] INFO  com.example.radiusapi.controller.AccountInfoController - result=Result(success=true, code=20000, message=sucess, data={data=com.baomidou.mybatisplus.extension.plugins.pagination.Page@14fac460})
2022-11-29 00:51:59.389 [http-nio-8088-exec-5] INFO  com.example.radiusapi.controller.AccountInfoController - GetAccountInfo(,@zhaoqing)
2022-11-29 00:51:59.397 [http-nio-8088-exec-5] INFO  com.example.radiusapi.controller.AccountInfoController - result=Result(success=true, code=20000, message=sucess, data={data=com.baomidou.mybatisplus.extension.plugins.pagination.Page@29944990})
2022-11-29 00:53:13.013 [http-nio-8088-exec-7] INFO  com.example.radiusapi.controller.RealmController - GetRealms(8f6acda0-327a-48ea-9075-b3074de09148)
2022-11-29 00:53:13.024 [http-nio-8088-exec-7] INFO  com.example.radiusapi.controller.RealmController - result=Result(success=true, code=20000, message=sucess, data={data=[Realm(id=4dc0f4dd013653d9c7e9e50a8ca82702, node_pid=null, realm=@test), Realm(id=5c327703c4c742389292e2546d9a5733, node_pid=null, realm=@zhaoqing), Realm(id=9a7515ab9cd28b331f71ba5bb96d333c, node_pid=null, realm=@foshan)]})
2022-11-29 00:53:13.125 [http-nio-8088-exec-8] INFO  com.example.radiusapi.controller.AccountInfoController - GetAccountInfo(,@test)
2022-11-29 00:53:13.139 [http-nio-8088-exec-8] INFO  com.example.radiusapi.controller.AccountInfoController - result=Result(success=true, code=20000, message=sucess, data={data=com.baomidou.mybatisplus.extension.plugins.pagination.Page@72eab799})
2022-11-29 00:55:32.832 [http-nio-8088-exec-1] INFO  com.example.radiusapi.controller.AccountInfoController - AddAccount(AccountInfo(id=null, UserName=abc, realm=@test, UserPassword=1234, AuthMode=0, IsFrozen=false, AdminName=admin, ValidDate=Tue Nov 29 00:55:20 GMT+08:00 2022, ModifyDate=null, ExpireDate=Wed Nov 29 00:55:22 GMT+08:00 2023, SecondRemain=0, ByteRemain=0, SimualUseLimit=1, MaxSessionTimeout=0, InboundCar=0, OutboundCar=0, QosProfile=, UpdateInterval=3600))
2022-11-29 00:55:32.883 [http-nio-8088-exec-1] INFO  com.example.radiusapi.controller.AccountInfoController - result=Result(success=true, code=20000, message=sucess, data={})
2022-11-29 00:55:32.971 [http-nio-8088-exec-2] INFO  com.example.radiusapi.controller.AccountInfoController - GetAccountInfo(,@test)
2022-11-29 00:55:32.990 [http-nio-8088-exec-2] INFO  com.example.radiusapi.controller.AccountInfoController - result=Result(success=true, code=20000, message=sucess, data={data=com.baomidou.mybatisplus.extension.plugins.pagination.Page@6ca89e51})
2022-11-29 00:55:45.479 [http-nio-8088-exec-4] INFO  com.example.radiusapi.controller.AccountInfoController - UpdateAccount(AccountInfo(id=1597272996177612801, UserName=abc, realm=@test, UserPassword=1234, AuthMode=0, IsFrozen=true, AdminName=admin, ValidDate=Tue Nov 29 00:55:20 GMT+08:00 2022, ModifyDate=Tue Nov 29 00:55:32 GMT+08:00 2022, ExpireDate=Wed Nov 29 00:55:22 GMT+08:00 2023, SecondRemain=0, ByteRemain=0, SimualUseLimit=1, MaxSessionTimeout=0, InboundCar=0, OutboundCar=0, QosProfile=, UpdateInterval=3600))
2022-11-29 00:55:45.496 [http-nio-8088-exec-4] INFO  com.example.radiusapi.controller.AccountInfoController - result=Result(success=true, code=20000, message=sucess, data={})
2022-11-29 00:55:45.562 [http-nio-8088-exec-5] INFO  com.example.radiusapi.controller.AccountInfoController - GetAccountInfo(,@test)
2022-11-29 00:55:45.592 [http-nio-8088-exec-5] INFO  com.example.radiusapi.controller.AccountInfoController - result=Result(success=true, code=20000, message=sucess, data={data=com.baomidou.mybatisplus.extension.plugins.pagination.Page@5006de25})
2022-11-29 00:55:49.630 [http-nio-8088-exec-6] INFO  com.example.radiusapi.controller.AccountInfoController - GetAccountInfo(,@zhaoqing)
2022-11-29 00:55:49.638 [http-nio-8088-exec-6] INFO  com.example.radiusapi.controller.AccountInfoController - result=Result(success=true, code=20000, message=sucess, data={data=com.baomidou.mybatisplus.extension.plugins.pagination.Page@41fb1311})
2022-11-29 00:55:52.696 [http-nio-8088-exec-8] INFO  com.example.radiusapi.controller.AccountInfoController - GetAccountInfo(,@foshan)
2022-11-29 00:55:52.701 [http-nio-8088-exec-8] INFO  com.example.radiusapi.controller.AccountInfoController - result=Result(success=true, code=20000, message=sucess, data={data=com.baomidou.mybatisplus.extension.plugins.pagination.Page@bcfcc71})
2022-11-29 00:55:54.319 [http-nio-8088-exec-9] INFO  com.example.radiusapi.controller.AccountInfoController - GetAccountInfo(,@zhaoqing)
2022-11-29 00:55:54.328 [http-nio-8088-exec-9] INFO  com.example.radiusapi.controller.AccountInfoController - result=Result(success=true, code=20000, message=sucess, data={data=com.baomidou.mybatisplus.extension.plugins.pagination.Page@7d71d02a})
2022-11-29 00:55:57.941 [http-nio-8088-exec-10] INFO  com.example.radiusapi.controller.AccountInfoController - GetAccountInfo(,@test)
2022-11-29 00:55:57.952 [http-nio-8088-exec-10] INFO  com.example.radiusapi.controller.AccountInfoController - result=Result(success=true, code=20000, message=sucess, data={data=com.baomidou.mybatisplus.extension.plugins.pagination.Page@42824cfb})
2022-11-29 00:56:06.158 [http-nio-8088-exec-1] INFO  com.example.radiusapi.controller.AccountInfoController - UpdateAccount(AccountInfo(id=1597272996177612801, UserName=abc, realm=@test, UserPassword=1234, AuthMode=0, IsFrozen=false, AdminName=admin, ValidDate=Tue Nov 29 00:55:20 GMT+08:00 2022, ModifyDate=Tue Nov 29 00:55:45 GMT+08:00 2022, ExpireDate=Wed Nov 29 00:55:22 GMT+08:00 2023, SecondRemain=0, ByteRemain=0, SimualUseLimit=1, MaxSessionTimeout=0, InboundCar=0, OutboundCar=0, QosProfile=, UpdateInterval=3600))
2022-11-29 00:56:06.182 [http-nio-8088-exec-1] INFO  com.example.radiusapi.controller.AccountInfoController - result=Result(success=true, code=20000, message=sucess, data={})
2022-11-29 00:56:06.272 [http-nio-8088-exec-2] INFO  com.example.radiusapi.controller.AccountInfoController - GetAccountInfo(,@test)
2022-11-29 00:56:06.295 [http-nio-8088-exec-2] INFO  com.example.radiusapi.controller.AccountInfoController - result=Result(success=true, code=20000, message=sucess, data={data=com.baomidou.mybatisplus.extension.plugins.pagination.Page@39e7242b})
2022-11-29 00:56:09.026 [http-nio-8088-exec-3] INFO  com.example.radiusapi.controller.AccountInfoController - GetAccountInfo(,@zhaoqing)
2022-11-29 00:56:09.034 [http-nio-8088-exec-3] INFO  com.example.radiusapi.controller.AccountInfoController - result=Result(success=true, code=20000, message=sucess, data={data=com.baomidou.mybatisplus.extension.plugins.pagination.Page@40173fb9})
2022-11-29 00:56:10.590 [http-nio-8088-exec-4] INFO  com.example.radiusapi.controller.AccountInfoController - GetAccountInfo(,@test)
2022-11-29 00:56:10.607 [http-nio-8088-exec-4] INFO  com.example.radiusapi.controller.AccountInfoController - result=Result(success=true, code=20000, message=sucess, data={data=com.baomidou.mybatisplus.extension.plugins.pagination.Page@6705e75d})
2022-11-29 00:57:44.299 [http-nio-8088-exec-6] INFO  com.example.radiusapi.controller.RealmController - GetRealms(8f6acda0-327a-48ea-9075-b3074de09148)
2022-11-29 00:57:44.309 [http-nio-8088-exec-6] INFO  com.example.radiusapi.controller.RealmController - result=Result(success=true, code=20000, message=sucess, data={data=[Realm(id=4dc0f4dd013653d9c7e9e50a8ca82702, node_pid=null, realm=@test), Realm(id=5c327703c4c742389292e2546d9a5733, node_pid=null, realm=@zhaoqing), Realm(id=9a7515ab9cd28b331f71ba5bb96d333c, node_pid=null, realm=@foshan)]})
2022-11-29 00:57:44.446 [http-nio-8088-exec-8] INFO  com.example.radiusapi.controller.OnlineUserController - GetOnlineUser(,@test)
2022-11-29 00:57:44.484 [http-nio-8088-exec-8] INFO  com.example.radiusapi.controller.OnlineUserController - result=Result(success=true, code=20000, message=sucess, data={data=com.baomidou.mybatisplus.extension.plugins.pagination.Page@52910860})
2022-11-29 00:57:54.881 [http-nio-8088-exec-10] INFO  com.example.radiusapi.controller.AdminController - GetAdministrators(admin,8f6acda0-327a-48ea-9075-b3074de09148,)
2022-11-29 00:57:54.891 [http-nio-8088-exec-10] INFO  com.example.radiusapi.controller.AdminController - result=Result(success=true, code=20000, message=sucess, data={data=com.baomidou.mybatisplus.extension.plugins.pagination.Page@694f54a6})
2022-11-29 00:58:02.067 [http-nio-8088-exec-2] INFO  com.example.radiusapi.controller.AdminController - GetAdministrators(admin,81034dad-ccc5-4bb9-8020-9424bc5b0eac,)
2022-11-29 00:58:02.087 [http-nio-8088-exec-2] INFO  com.example.radiusapi.controller.AdminController - result=Result(success=true, code=20000, message=sucess, data={data=com.baomidou.mybatisplus.extension.plugins.pagination.Page@6a503520})
2022-11-29 00:58:08.893 [http-nio-8088-exec-3] INFO  com.example.radiusapi.controller.RealmController - GetRealms(8f6acda0-327a-48ea-9075-b3074de09148)
2022-11-29 00:58:08.901 [http-nio-8088-exec-3] INFO  com.example.radiusapi.controller.RealmController - result=Result(success=true, code=20000, message=sucess, data={data=[Realm(id=4dc0f4dd013653d9c7e9e50a8ca82702, node_pid=null, realm=@test), Realm(id=5c327703c4c742389292e2546d9a5733, node_pid=null, realm=@zhaoqing), Realm(id=9a7515ab9cd28b331f71ba5bb96d333c, node_pid=null, realm=@foshan)]})
2022-11-29 00:58:08.955 [http-nio-8088-exec-4] INFO  com.example.radiusapi.controller.AccountInfoController - GetAccountInfo(,@test)
2022-11-29 00:58:08.974 [http-nio-8088-exec-4] INFO  com.example.radiusapi.controller.AccountInfoController - result=Result(success=true, code=20000, message=sucess, data={data=com.baomidou.mybatisplus.extension.plugins.pagination.Page@1c357021})
2022-11-29 01:12:14.839 [http-nio-8088-exec-7] INFO  com.example.radiusapi.controller.AdminController - info(eyJ0eXAiOiJKV1QiLCJhbGciOiJIUzI1NiJ9.eyJ1c2VyQWNjb3VudCI6ImFkbWluIiwiaXNzIjoiYXV0aDAiLCJleHAiOjE2Njk2ODQzMjN9.75fX6Wfg_57QGkF_45iBoDc1f9LcmfJf519KYb8JByA)
2022-11-29 01:12:14.855 [http-nio-8088-exec-7] INFO  com.example.radiusapi.controller.AdminController - Result=Result(success=true, code=20000, message=sucess, data={roles=admin, name=admin, avatar=, nodeid=81034dad-ccc5-4bb9-8020-9424bc5b0eac, introduction=superUser})
2022-11-29 01:12:15.480 [http-nio-8088-exec-9] INFO  com.example.radiusapi.controller.SidebarTreeController - GetTreeNodeList(81034dad-ccc5-4bb9-8020-9424bc5b0eac)
2022-11-29 01:12:15.498 [http-nio-8088-exec-9] INFO  com.example.radiusapi.controller.SidebarTreeController - result=Result(success=true, code=20000, message=sucess, data={data=[SidebarTree(id=9580ce07-0c5c-44b7-a46d-239c57dbd19c, label=1-1, type=1, owner=admin, pid=81034dad-ccc5-4bb9-8020-9424bc5b0eac), SidebarTree(id=8f6acda0-327a-48ea-9075-b3074de09148, label=new item, type=0, owner=admin, pid=9580ce07-0c5c-44b7-a46d-239c57dbd19c), SidebarTree(id=18ecbf5f-b215-4752-b6e0-8b3aa5f98346, label=上网记录, type=5, owner=null, pid=8f6acda0-327a-48ea-9075-b3074de09148), SidebarTree(id=662b9383-7e7e-407c-9714-7143254e11d3, label=上网账号, type=4, owner=null, pid=8f6acda0-327a-48ea-9075-b3074de09148), SidebarTree(id=77fa6fa0-0408-4c22-b36f-b2f5aee9963c, label=短信群发, type=6, owner=null, pid=8f6acda0-327a-48ea-9075-b3074de09148), SidebarTree(id=806ec437-c5b8-44ec-9705-62d77f5277b2, label=页面设置, type=7, owner=null, pid=8f6acda0-327a-48ea-9075-b3074de09148), SidebarTree(id=d2a90767-387e-4438-9bfb-7d0d81e3e3da, label=设备对接, type=3, owner=null, pid=8f6acda0-327a-48ea-9075-b3074de09148), SidebarTree(id=9b436ab9-5fbf-489a-b48f-012e0696303f, label=new item, type=0, owner=admin, pid=9580ce07-0c5c-44b7-a46d-239c57dbd19c), SidebarTree(id=24800ed0-166f-4056-bdd6-d8081a6db339, label=设备对接, type=3, owner=null, pid=9b436ab9-5fbf-489a-b48f-012e0696303f), SidebarTree(id=55e5660d-d87b-49a6-be1a-f7bb657d6b47, label=短信群发, type=6, owner=null, pid=9b436ab9-5fbf-489a-b48f-012e0696303f), SidebarTree(id=b9dc22f8-c745-489d-96ff-6fa73d0bb88c, label=上网账号, type=4, owner=null, pid=9b436ab9-5fbf-489a-b48f-012e0696303f), SidebarTree(id=c405ac6d-ef73-401a-a1a9-1d702eef6804, label=页面设置, type=7, owner=null, pid=9b436ab9-5fbf-489a-b48f-012e0696303f), SidebarTree(id=e75af9e9-8e55-4ff8-9429-af51363ca96b, label=上网记录, type=5, owner=null, pid=9b436ab9-5fbf-489a-b48f-012e0696303f), SidebarTree(id=ab643534-641d-4762-88dc-1bf430cdec60, label=new folder, type=1, owner=admin, pid=9580ce07-0c5c-44b7-a46d-239c57dbd19c), SidebarTree(id=133f38a2-3560-4927-afb6-c69f768892ae, label=new folder, type=1, owner=admin, pid=ab643534-641d-4762-88dc-1bf430cdec60), SidebarTree(id=81034dad-ccc5-4bb9-8020-9424bc5b0eac, label=根节点, type=1, owner=admin, pid=81034dad-ccc5-4bb9-8020-9424bc5bccc)]})
2022-11-29 01:12:31.561 [http-nio-8088-exec-10] INFO  com.example.radiusapi.controller.RealmController - GetRealms(8f6acda0-327a-48ea-9075-b3074de09148)
2022-11-29 01:12:31.575 [http-nio-8088-exec-10] INFO  com.example.radiusapi.controller.RealmController - result=Result(success=true, code=20000, message=sucess, data={data=[Realm(id=4dc0f4dd013653d9c7e9e50a8ca82702, node_pid=null, realm=@test), Realm(id=5c327703c4c742389292e2546d9a5733, node_pid=null, realm=@zhaoqing), Realm(id=9a7515ab9cd28b331f71ba5bb96d333c, node_pid=null, realm=@foshan)]})
2022-11-29 01:12:31.736 [http-nio-8088-exec-1] INFO  com.example.radiusapi.controller.OnlineUserController - GetOnlineUser(,@test)
2022-11-29 01:12:31.767 [http-nio-8088-exec-1] INFO  com.example.radiusapi.controller.OnlineUserController - result=Result(success=true, code=20000, message=sucess, data={data=com.baomidou.mybatisplus.extension.plugins.pagination.Page@5f5a2763})
2022-11-29 01:12:34.003 [http-nio-8088-exec-2] INFO  com.example.radiusapi.controller.RealmController - GetRealms(8f6acda0-327a-48ea-9075-b3074de09148)
2022-11-29 01:12:34.014 [http-nio-8088-exec-2] INFO  com.example.radiusapi.controller.RealmController - result=Result(success=true, code=20000, message=sucess, data={data=[Realm(id=4dc0f4dd013653d9c7e9e50a8ca82702, node_pid=null, realm=@test), Realm(id=5c327703c4c742389292e2546d9a5733, node_pid=null, realm=@zhaoqing), Realm(id=9a7515ab9cd28b331f71ba5bb96d333c, node_pid=null, realm=@foshan)]})
2022-11-29 01:12:34.141 [http-nio-8088-exec-3] INFO  com.example.radiusapi.controller.AccountInfoController - GetAccountInfo(,@test)
2022-11-29 01:12:34.186 [http-nio-8088-exec-3] INFO  com.example.radiusapi.controller.AccountInfoController - result=Result(success=true, code=20000, message=sucess, data={data=com.baomidou.mybatisplus.extension.plugins.pagination.Page@f191023})
2022-11-29 01:12:45.369 [http-nio-8088-exec-4] INFO  com.example.radiusapi.controller.AccountInfoController - GetAccountInfo(,@zhaoqing)
2022-11-29 01:12:45.381 [http-nio-8088-exec-4] INFO  com.example.radiusapi.controller.AccountInfoController - result=Result(success=true, code=20000, message=sucess, data={data=com.baomidou.mybatisplus.extension.plugins.pagination.Page@131b6fe0})
2022-11-29 01:14:36.428 [http-nio-8088-exec-6] INFO  com.example.radiusapi.controller.AccountInfoController - UpdateAccount(AccountInfo(id=1597186805927546881, UserName=lkj, realm=@zhaoqing, UserPassword=lkj, AuthMode=0, IsFrozen=false, AdminName=admin, ValidDate=null, ModifyDate=Tue Nov 29 00:07:37 GMT+08:00 2022, ExpireDate=null, SecondRemain=0, ByteRemain=0, SimualUseLimit=1, MaxSessionTimeout=0, InboundCar=0, OutboundCar=0, QosProfile=, UpdateInterval=3600))
2022-11-29 01:14:36.449 [http-nio-8088-exec-6] INFO  com.example.radiusapi.controller.AccountInfoController - result=Result(success=true, code=20000, message=sucess, data={})
2022-11-29 01:14:36.551 [http-nio-8088-exec-7] INFO  com.example.radiusapi.controller.AccountInfoController - GetAccountInfo(,@zhaoqing)
2022-11-29 01:14:36.574 [http-nio-8088-exec-7] INFO  com.example.radiusapi.controller.AccountInfoController - result=Result(success=true, code=20000, message=sucess, data={data=com.baomidou.mybatisplus.extension.plugins.pagination.Page@17056e0f})
2022-11-29 01:20:21.417 [http-nio-8088-exec-9] INFO  com.example.radiusapi.controller.AdminController - GetAdministrators(admin,81034dad-ccc5-4bb9-8020-9424bc5b0eac,)
2022-11-29 01:20:21.440 [http-nio-8088-exec-9] INFO  com.example.radiusapi.controller.AdminController - result=Result(success=true, code=20000, message=sucess, data={data=com.baomidou.mybatisplus.extension.plugins.pagination.Page@77e7cab9})
2022-11-29 01:20:33.752 [http-nio-8088-exec-1] INFO  com.example.radiusapi.controller.AdminController - UpdateAdministrator(Admin(name=test002, password=test002, nodeid=81034dad-ccc5-4bb9-8020-9424bc5b0eac, role=editor, phone=13570263044, email=liukaijie1980@gmail.com))
2022-11-29 01:20:33.840 [http-nio-8088-exec-1] INFO  com.example.radiusapi.controller.AdminController - Update administrator success
2022-11-29 01:20:33.941 [http-nio-8088-exec-2] INFO  com.example.radiusapi.controller.AdminController - GetAdministrators(admin,81034dad-ccc5-4bb9-8020-9424bc5b0eac,)
2022-11-29 01:20:33.963 [http-nio-8088-exec-2] INFO  com.example.radiusapi.controller.AdminController - result=Result(success=true, code=20000, message=sucess, data={data=com.baomidou.mybatisplus.extension.plugins.pagination.Page@41bada89})
2022-11-29 01:22:29.811 [http-nio-8088-exec-4] INFO  com.example.radiusapi.controller.RealmController - GetRealms(8f6acda0-327a-48ea-9075-b3074de09148)
2022-11-29 01:22:29.821 [http-nio-8088-exec-4] INFO  com.example.radiusapi.controller.RealmController - result=Result(success=true, code=20000, message=sucess, data={data=[Realm(id=4dc0f4dd013653d9c7e9e50a8ca82702, node_pid=null, realm=@test), Realm(id=5c327703c4c742389292e2546d9a5733, node_pid=null, realm=@zhaoqing), Realm(id=9a7515ab9cd28b331f71ba5bb96d333c, node_pid=null, realm=@foshan)]})
2022-11-29 01:22:30.081 [http-nio-8088-exec-5] INFO  com.example.radiusapi.controller.AccountInfoController - GetAccountInfo(,@test)
2022-11-29 01:22:30.113 [http-nio-8088-exec-5] INFO  com.example.radiusapi.controller.AccountInfoController - result=Result(success=true, code=20000, message=sucess, data={data=com.baomidou.mybatisplus.extension.plugins.pagination.Page@7e89fde1})
2022-11-29 01:24:30.300 [http-nio-8088-exec-7] INFO  com.example.radiusapi.controller.AccountInfoController - UpdateAccount(AccountInfo(id=1597272996177612801, UserName=abc, realm=@test, UserPassword=1234, AuthMode=0, IsFrozen=true, AdminName=admin, ValidDate=Tue Nov 29 00:55:20 GMT+08:00 2022, ModifyDate=Tue Nov 29 00:56:05 GMT+08:00 2022, ExpireDate=Wed Nov 29 00:55:22 GMT+08:00 2023, SecondRemain=0, ByteRemain=0, SimualUseLimit=1, MaxSessionTimeout=0, InboundCar=0, OutboundCar=0, QosProfile=, UpdateInterval=3600))
2022-11-29 01:24:30.323 [http-nio-8088-exec-7] INFO  com.example.radiusapi.controller.AccountInfoController - result=Result(success=true, code=20000, message=sucess, data={})
2022-11-29 01:24:30.411 [http-nio-8088-exec-8] INFO  com.example.radiusapi.controller.AccountInfoController - GetAccountInfo(,@test)
2022-11-29 01:24:30.431 [http-nio-8088-exec-8] INFO  com.example.radiusapi.controller.AccountInfoController - result=Result(success=true, code=20000, message=sucess, data={data=com.baomidou.mybatisplus.extension.plugins.pagination.Page@783686d3})
2022-11-29 01:29:29.387 [http-nio-8088-exec-1] INFO  com.example.radiusapi.controller.AdminController - GetAdministrators(admin,81034dad-ccc5-4bb9-8020-9424bc5b0eac,)
2022-11-29 01:29:29.408 [http-nio-8088-exec-1] INFO  com.example.radiusapi.controller.AdminController - result=Result(success=true, code=20000, message=sucess, data={data=com.baomidou.mybatisplus.extension.plugins.pagination.Page@13b41bb})
2022-11-29 01:29:53.730 [http-nio-8088-exec-2] INFO  com.example.radiusapi.controller.AdminController - UpdateAdministrator(Admin(name=test001, password=test002, nodeid=81034dad-ccc5-4bb9-8020-9424bc5b0eac, role=admin, phone=13570263044, email=liukaijie1980@gmail.com))
2022-11-29 01:29:53.746 [http-nio-8088-exec-2] INFO  com.example.radiusapi.controller.AdminController - Update administrator success
2022-11-29 01:29:53.809 [http-nio-8088-exec-3] INFO  com.example.radiusapi.controller.AdminController - GetAdministrators(admin,81034dad-ccc5-4bb9-8020-9424bc5b0eac,)
2022-11-29 01:29:53.825 [http-nio-8088-exec-3] INFO  com.example.radiusapi.controller.AdminController - result=Result(success=true, code=20000, message=sucess, data={data=com.baomidou.mybatisplus.extension.plugins.pagination.Page@5e57880a})
2022-11-29 01:29:58.504 [http-nio-8088-exec-4] INFO  com.example.radiusapi.controller.AdminController - UpdateAdministrator(Admin(name=test002, password=test002, nodeid=81034dad-ccc5-4bb9-8020-9424bc5b0eac, role=admin, phone=13570263044, email=liukaijie1980@gmail.com))
2022-11-29 01:29:58.518 [http-nio-8088-exec-4] INFO  com.example.radiusapi.controller.AdminController - Update administrator success
2022-11-29 01:29:58.579 [http-nio-8088-exec-5] INFO  com.example.radiusapi.controller.AdminController - GetAdministrators(admin,81034dad-ccc5-4bb9-8020-9424bc5b0eac,)
2022-11-29 01:29:58.594 [http-nio-8088-exec-5] INFO  com.example.radiusapi.controller.AdminController - result=Result(success=true, code=20000, message=sucess, data={data=com.baomidou.mybatisplus.extension.plugins.pagination.Page@47678963})
2022-11-29 01:30:01.885 [http-nio-8088-exec-7] INFO  com.example.radiusapi.controller.AdminController - GetAdministrators(admin,9580ce07-0c5c-44b7-a46d-239c57dbd19c,)
2022-11-29 01:30:01.892 [http-nio-8088-exec-7] INFO  com.example.radiusapi.controller.AdminController - result=Result(success=true, code=20000, message=sucess, data={data=com.baomidou.mybatisplus.extension.plugins.pagination.Page@71da0f4f})
2022-11-29 01:30:02.441 [http-nio-8088-exec-8] INFO  com.example.radiusapi.controller.AdminController - GetAdministrators(admin,81034dad-ccc5-4bb9-8020-9424bc5b0eac,)
2022-11-29 01:30:02.459 [http-nio-8088-exec-8] INFO  com.example.radiusapi.controller.AdminController - result=Result(success=true, code=20000, message=sucess, data={data=com.baomidou.mybatisplus.extension.plugins.pagination.Page@2599c5fb})
2022-11-29 01:30:08.139 [http-nio-8088-exec-9] INFO  com.example.radiusapi.controller.AdminController - UpdateAdministrator(Admin(name=test002, password=test002, nodeid=81034dad-ccc5-4bb9-8020-9424bc5b0eac, role=editor, phone=13570263044, email=liukaijie1980@gmail.com))
2022-11-29 01:30:08.157 [http-nio-8088-exec-9] INFO  com.example.radiusapi.controller.AdminController - Update administrator success
2022-11-29 01:30:08.223 [http-nio-8088-exec-10] INFO  com.example.radiusapi.controller.AdminController - GetAdministrators(admin,81034dad-ccc5-4bb9-8020-9424bc5b0eac,)
2022-11-29 01:30:08.242 [http-nio-8088-exec-10] INFO  com.example.radiusapi.controller.AdminController - result=Result(success=true, code=20000, message=sucess, data={data=com.baomidou.mybatisplus.extension.plugins.pagination.Page@209159e9})
2022-11-29 01:30:10.282 [http-nio-8088-exec-1] INFO  com.example.radiusapi.controller.AdminController - GetAdministrators(admin,9580ce07-0c5c-44b7-a46d-239c57dbd19c,)
2022-11-29 01:30:10.318 [http-nio-8088-exec-1] INFO  com.example.radiusapi.controller.AdminController - result=Result(success=true, code=20000, message=sucess, data={data=com.baomidou.mybatisplus.extension.plugins.pagination.Page@352b0b5f})
2022-11-29 01:30:10.964 [http-nio-8088-exec-2] INFO  com.example.radiusapi.controller.AdminController - GetAdministrators(admin,81034dad-ccc5-4bb9-8020-9424bc5b0eac,)
2022-11-29 01:30:10.981 [http-nio-8088-exec-2] INFO  com.example.radiusapi.controller.AdminController - result=Result(success=true, code=20000, message=sucess, data={data=com.baomidou.mybatisplus.extension.plugins.pagination.Page@2e7a2a9f})
2022-11-29 01:30:18.707 [http-nio-8088-exec-3] INFO  com.example.radiusapi.controller.RealmController - GetRealms(8f6acda0-327a-48ea-9075-b3074de09148)
2022-11-29 01:30:18.714 [http-nio-8088-exec-3] INFO  com.example.radiusapi.controller.RealmController - result=Result(success=true, code=20000, message=sucess, data={data=[Realm(id=4dc0f4dd013653d9c7e9e50a8ca82702, node_pid=null, realm=@test), Realm(id=5c327703c4c742389292e2546d9a5733, node_pid=null, realm=@zhaoqing), Realm(id=9a7515ab9cd28b331f71ba5bb96d333c, node_pid=null, realm=@foshan)]})
2022-11-29 01:30:18.783 [http-nio-8088-exec-4] INFO  com.example.radiusapi.controller.AccountInfoController - GetAccountInfo(,@test)
2022-11-29 01:30:18.805 [http-nio-8088-exec-4] INFO  com.example.radiusapi.controller.AccountInfoController - result=Result(success=true, code=20000, message=sucess, data={data=com.baomidou.mybatisplus.extension.plugins.pagination.Page@2ca26f09})
2022-11-29 01:30:28.897 [http-nio-8088-exec-5] INFO  com.example.radiusapi.controller.AccountInfoController - UpdateAccount(AccountInfo(id=1597272996177612801, UserName=abc, realm=@test, UserPassword=1234, AuthMode=0, IsFrozen=false, AdminName=admin, ValidDate=Tue Nov 29 00:55:20 GMT+08:00 2022, ModifyDate=Tue Nov 29 01:24:30 GMT+08:00 2022, ExpireDate=Wed Nov 29 00:55:22 GMT+08:00 2023, SecondRemain=0, ByteRemain=0, SimualUseLimit=1, MaxSessionTimeout=0, InboundCar=0, OutboundCar=0, QosProfile=, UpdateInterval=3600))
2022-11-29 01:30:28.920 [http-nio-8088-exec-5] INFO  com.example.radiusapi.controller.AccountInfoController - result=Result(success=true, code=20000, message=sucess, data={})
2022-11-29 01:30:29.037 [http-nio-8088-exec-6] INFO  com.example.radiusapi.controller.AccountInfoController - GetAccountInfo(,@test)
2022-11-29 01:30:29.062 [http-nio-8088-exec-6] INFO  com.example.radiusapi.controller.AccountInfoController - result=Result(success=true, code=20000, message=sucess, data={data=com.baomidou.mybatisplus.extension.plugins.pagination.Page@4ebb2bd0})
2022-11-29 01:30:32.170 [http-nio-8088-exec-7] INFO  com.example.radiusapi.controller.RealmController - GetRealms(8f6acda0-327a-48ea-9075-b3074de09148)
2022-11-29 01:30:32.181 [http-nio-8088-exec-7] INFO  com.example.radiusapi.controller.RealmController - result=Result(success=true, code=20000, message=sucess, data={data=[Realm(id=4dc0f4dd013653d9c7e9e50a8ca82702, node_pid=null, realm=@test), Realm(id=5c327703c4c742389292e2546d9a5733, node_pid=null, realm=@zhaoqing), Realm(id=9a7515ab9cd28b331f71ba5bb96d333c, node_pid=null, realm=@foshan)]})
2022-11-29 01:30:32.255 [http-nio-8088-exec-8] INFO  com.example.radiusapi.controller.AccountInfoController - GetAccountInfo(,@test)
2022-11-29 01:30:32.275 [http-nio-8088-exec-8] INFO  com.example.radiusapi.controller.AccountInfoController - result=Result(success=true, code=20000, message=sucess, data={data=com.baomidou.mybatisplus.extension.plugins.pagination.Page@666cc2e6})
2022-11-29 01:30:42.649 [http-nio-8088-exec-9] INFO  com.example.radiusapi.controller.AccountInfoController - UpdateAccount(AccountInfo(id=1597272996177612801, UserName=abc, realm=@test, UserPassword=1234, AuthMode=0, IsFrozen=true, AdminName=admin, ValidDate=Tue Nov 29 00:55:20 GMT+08:00 2022, ModifyDate=Tue Nov 29 01:30:28 GMT+08:00 2022, ExpireDate=Wed Nov 29 00:55:22 GMT+08:00 2023, SecondRemain=0, ByteRemain=0, SimualUseLimit=1, MaxSessionTimeout=0, InboundCar=0, OutboundCar=0, QosProfile=, UpdateInterval=3600))
2022-11-29 01:30:42.670 [http-nio-8088-exec-9] INFO  com.example.radiusapi.controller.AccountInfoController - result=Result(success=true, code=20000, message=sucess, data={})
2022-11-29 01:30:42.721 [http-nio-8088-exec-10] INFO  com.example.radiusapi.controller.AccountInfoController - GetAccountInfo(,@test)
2022-11-29 01:30:42.743 [http-nio-8088-exec-10] INFO  com.example.radiusapi.controller.AccountInfoController - result=Result(success=true, code=20000, message=sucess, data={data=com.baomidou.mybatisplus.extension.plugins.pagination.Page@452ce4b2})
2022-11-29 01:30:46.857 [http-nio-8088-exec-1] INFO  com.example.radiusapi.controller.RealmController - GetRealms(8f6acda0-327a-48ea-9075-b3074de09148)
2022-11-29 01:30:46.866 [http-nio-8088-exec-1] INFO  com.example.radiusapi.controller.RealmController - result=Result(success=true, code=20000, message=sucess, data={data=[Realm(id=4dc0f4dd013653d9c7e9e50a8ca82702, node_pid=null, realm=@test), Realm(id=5c327703c4c742389292e2546d9a5733, node_pid=null, realm=@zhaoqing), Realm(id=9a7515ab9cd28b331f71ba5bb96d333c, node_pid=null, realm=@foshan)]})
2022-11-29 01:30:46.951 [http-nio-8088-exec-2] INFO  com.example.radiusapi.controller.AccountInfoController - GetAccountInfo(,@test)
2022-11-29 01:30:46.975 [http-nio-8088-exec-2] INFO  com.example.radiusapi.controller.AccountInfoController - result=Result(success=true, code=20000, message=sucess, data={data=com.baomidou.mybatisplus.extension.plugins.pagination.Page@716a4632})
2022-11-29 01:32:07.994 [http-nio-8088-exec-4] INFO  com.example.radiusapi.controller.AccountInfoController - GetAccountInfo(,@zhaoqing)
2022-11-29 01:32:08.005 [http-nio-8088-exec-4] INFO  com.example.radiusapi.controller.AccountInfoController - result=Result(success=true, code=20000, message=sucess, data={data=com.baomidou.mybatisplus.extension.plugins.pagination.Page@669cee35})
2022-11-29 01:32:14.649 [http-nio-8088-exec-5] INFO  com.example.radiusapi.controller.AccountInfoController - UpdateAccount(AccountInfo(id=1597186805927546881, UserName=lkj, realm=@test, UserPassword=lkj, AuthMode=0, IsFrozen=false, AdminName=admin, ValidDate=null, ModifyDate=Tue Nov 29 01:14:36 GMT+08:00 2022, ExpireDate=null, SecondRemain=0, ByteRemain=0, SimualUseLimit=1, MaxSessionTimeout=0, InboundCar=0, OutboundCar=0, QosProfile=, UpdateInterval=3600))
2022-11-29 01:32:14.658 [http-nio-8088-exec-5] INFO  com.example.radiusapi.controller.AccountInfoController - result=Result(success=false, code=20001, message=fail, data={})
2022-11-29 01:32:21.383 [http-nio-8088-exec-6] INFO  com.example.radiusapi.controller.AccountInfoController - UpdateAccount(AccountInfo(id=1597186805927546881, UserName=lkj, realm=@test, UserPassword=lkj, AuthMode=0, IsFrozen=false, AdminName=admin, ValidDate=null, ModifyDate=Tue Nov 29 01:14:36 GMT+08:00 2022, ExpireDate=null, SecondRemain=0, ByteRemain=0, SimualUseLimit=1, MaxSessionTimeout=0, InboundCar=0, OutboundCar=0, QosProfile=, UpdateInterval=3600))
2022-11-29 01:32:21.398 [http-nio-8088-exec-6] INFO  com.example.radiusapi.controller.AccountInfoController - result=Result(success=false, code=20001, message=fail, data={})
2022-11-29 01:35:30.303 [http-nio-8088-exec-8] INFO  com.example.radiusapi.controller.AccountInfoController - GetAccountInfo(,@test)
2022-11-29 01:35:30.317 [http-nio-8088-exec-8] INFO  com.example.radiusapi.controller.AccountInfoController - result=Result(success=true, code=20000, message=sucess, data={data=com.baomidou.mybatisplus.extension.plugins.pagination.Page@b21c670})
2022-11-29 01:35:32.583 [http-nio-8088-exec-9] INFO  com.example.radiusapi.controller.AccountInfoController - GetAccountInfo(,@zhaoqing)
2022-11-29 01:35:32.599 [http-nio-8088-exec-9] INFO  com.example.radiusapi.controller.AccountInfoController - result=Result(success=true, code=20000, message=sucess, data={data=com.baomidou.mybatisplus.extension.plugins.pagination.Page@5e8b5d71})
2022-11-29 01:36:57.987 [http-nio-8088-exec-1] INFO  com.example.radiusapi.controller.AccountInfoController - GetAccountInfo(,@test)
2022-11-29 01:36:58.012 [http-nio-8088-exec-1] INFO  com.example.radiusapi.controller.AccountInfoController - result=Result(success=true, code=20000, message=sucess, data={data=com.baomidou.mybatisplus.extension.plugins.pagination.Page@3c7ab5b6})
2022-11-29 01:37:00.310 [http-nio-8088-exec-2] INFO  com.example.radiusapi.controller.AccountInfoController - GetAccountInfo(,@zhaoqing)
2022-11-29 01:37:00.321 [http-nio-8088-exec-2] INFO  com.example.radiusapi.controller.AccountInfoController - result=Result(success=true, code=20000, message=sucess, data={data=com.baomidou.mybatisplus.extension.plugins.pagination.Page@4ed62ddf})
2022-11-29 01:37:12.691 [http-nio-8088-exec-3] INFO  com.example.radiusapi.controller.AccountInfoController - GetAccountInfo(,@test)
2022-11-29 01:37:12.712 [http-nio-8088-exec-3] INFO  com.example.radiusapi.controller.AccountInfoController - result=Result(success=true, code=20000, message=sucess, data={data=com.baomidou.mybatisplus.extension.plugins.pagination.Page@9e8eff6})
2022-11-29 01:37:15.254 [http-nio-8088-exec-4] INFO  com.example.radiusapi.controller.AccountInfoController - GetAccountInfo(,@zhaoqing)
2022-11-29 01:37:15.266 [http-nio-8088-exec-4] INFO  com.example.radiusapi.controller.AccountInfoController - result=Result(success=true, code=20000, message=sucess, data={data=com.baomidou.mybatisplus.extension.plugins.pagination.Page@3fccf4ac})
2022-11-29 01:37:17.677 [http-nio-8088-exec-5] INFO  com.example.radiusapi.controller.AccountInfoController - GetAccountInfo(,@test)
2022-11-29 01:37:17.689 [http-nio-8088-exec-5] INFO  com.example.radiusapi.controller.AccountInfoController - result=Result(success=true, code=20000, message=sucess, data={data=com.baomidou.mybatisplus.extension.plugins.pagination.Page@40eeae11})
2022-11-29 01:37:20.001 [http-nio-8088-exec-6] INFO  com.example.radiusapi.controller.AccountInfoController - GetAccountInfo(,@zhaoqing)
2022-11-29 01:37:20.008 [http-nio-8088-exec-6] INFO  com.example.radiusapi.controller.AccountInfoController - result=Result(success=true, code=20000, message=sucess, data={data=com.baomidou.mybatisplus.extension.plugins.pagination.Page@4caad4df})
2022-11-29 01:37:30.781 [http-nio-8088-exec-8] INFO  com.example.radiusapi.controller.AccountInfoController - DeleteAccount(lkj,@zhaoqing)
2022-11-29 01:37:30.797 [http-nio-8088-exec-8] INFO  com.example.radiusapi.controller.AccountInfoController - result=Result(success=true, code=20000, message=sucess, data={})
2022-11-29 01:37:30.817 [http-nio-8088-exec-9] INFO  com.example.radiusapi.controller.AccountInfoController - GetAccountInfo(,@zhaoqing)
2022-11-29 01:37:30.826 [http-nio-8088-exec-9] INFO  com.example.radiusapi.controller.AccountInfoController - result=Result(success=true, code=20000, message=sucess, data={data=com.baomidou.mybatisplus.extension.plugins.pagination.Page@428cc56f})
2022-11-29 01:37:33.416 [http-nio-8088-exec-10] INFO  com.example.radiusapi.controller.AccountInfoController - GetAccountInfo(,@test)
2022-11-29 01:37:33.427 [http-nio-8088-exec-10] INFO  com.example.radiusapi.controller.AccountInfoController - result=Result(success=true, code=20000, message=sucess, data={data=com.baomidou.mybatisplus.extension.plugins.pagination.Page@6dfb0f0e})
2022-11-29 01:37:36.451 [http-nio-8088-exec-2] INFO  com.example.radiusapi.controller.AccountInfoController - DeleteAccount(abc,@test)
2022-11-29 01:37:36.468 [http-nio-8088-exec-2] INFO  com.example.radiusapi.controller.AccountInfoController - result=Result(success=true, code=20000, message=sucess, data={})
2022-11-29 01:37:36.489 [http-nio-8088-exec-3] INFO  com.example.radiusapi.controller.AccountInfoController - GetAccountInfo(,@test)
2022-11-29 01:37:36.499 [http-nio-8088-exec-3] INFO  com.example.radiusapi.controller.AccountInfoController - result=Result(success=true, code=20000, message=sucess, data={data=com.baomidou.mybatisplus.extension.plugins.pagination.Page@2cdc6b4c})
2022-11-29 01:38:08.515 [http-nio-8088-exec-4] INFO  com.example.radiusapi.controller.AccountInfoController - AddAccount(AccountInfo(id=null, UserName=test, realm=@test, UserPassword=test, AuthMode=0, IsFrozen=false, AdminName=admin, ValidDate=null, ModifyDate=null, ExpireDate=null, SecondRemain=0, ByteRemain=0, SimualUseLimit=1, MaxSessionTimeout=0, InboundCar=0, OutboundCar=0, QosProfile=, UpdateInterval=3600))
2022-11-29 01:38:08.532 [http-nio-8088-exec-4] INFO  com.example.radiusapi.controller.AccountInfoController - result=Result(success=true, code=20000, message=sucess, data={})
2022-11-29 01:38:08.621 [http-nio-8088-exec-5] INFO  com.example.radiusapi.controller.AccountInfoController - GetAccountInfo(,@test)
2022-11-29 01:38:08.650 [http-nio-8088-exec-5] INFO  com.example.radiusapi.controller.AccountInfoController - result=Result(success=true, code=20000, message=sucess, data={data=com.baomidou.mybatisplus.extension.plugins.pagination.Page@47c19e83})
2022-11-29 01:39:04.294 [http-nio-8088-exec-6] INFO  com.example.radiusapi.controller.AccountInfoController - GetAccountInfo(,@zhaoqing)
2022-11-29 01:39:04.299 [http-nio-8088-exec-6] INFO  com.example.radiusapi.controller.AccountInfoController - result=Result(success=true, code=20000, message=sucess, data={data=com.baomidou.mybatisplus.extension.plugins.pagination.Page@3773c421})
2022-11-29 01:39:23.525 [http-nio-8088-exec-7] INFO  com.example.radiusapi.controller.AccountInfoController - AddAccount(AccountInfo(id=null, UserName=zhaoqing, realm=@zhaoqing, UserPassword=zhaoqing, AuthMode=0, IsFrozen=false, AdminName=admin, ValidDate=null, ModifyDate=null, ExpireDate=null, SecondRemain=0, ByteRemain=0, SimualUseLimit=1, MaxSessionTimeout=0, InboundCar=0, OutboundCar=0, QosProfile=, UpdateInterval=3600))
2022-11-29 01:39:23.543 [http-nio-8088-exec-7] INFO  com.example.radiusapi.controller.AccountInfoController - result=Result(success=true, code=20000, message=sucess, data={})
2022-11-29 01:39:23.624 [http-nio-8088-exec-8] INFO  com.example.radiusapi.controller.AccountInfoController - GetAccountInfo(,@zhaoqing)
2022-11-29 01:39:23.637 [http-nio-8088-exec-8] INFO  com.example.radiusapi.controller.AccountInfoController - result=Result(success=true, code=20000, message=sucess, data={data=com.baomidou.mybatisplus.extension.plugins.pagination.Page@35d3c009})
2022-11-29 01:39:28.878 [http-nio-8088-exec-9] INFO  com.example.radiusapi.controller.AccountInfoController - GetAccountInfo(,@foshan)
2022-11-29 01:39:28.882 [http-nio-8088-exec-9] INFO  com.example.radiusapi.controller.AccountInfoController - result=Result(success=true, code=20000, message=sucess, data={data=com.baomidou.mybatisplus.extension.plugins.pagination.Page@e0608f1})
2022-11-29 01:39:47.449 [http-nio-8088-exec-10] INFO  com.example.radiusapi.controller.AccountInfoController - AddAccount(AccountInfo(id=null, UserName=foshan, realm=@foshan, UserPassword=foshan, AuthMode=0, IsFrozen=false, AdminName=admin, ValidDate=null, ModifyDate=null, ExpireDate=null, SecondRemain=0, ByteRemain=0, SimualUseLimit=1, MaxSessionTimeout=0, InboundCar=0, OutboundCar=0, QosProfile=, UpdateInterval=3600))
2022-11-29 01:39:47.465 [http-nio-8088-exec-10] INFO  com.example.radiusapi.controller.AccountInfoController - result=Result(success=true, code=20000, message=sucess, data={})
2022-11-29 01:39:47.543 [http-nio-8088-exec-1] INFO  com.example.radiusapi.controller.AccountInfoController - GetAccountInfo(,@foshan)
2022-11-29 01:39:47.557 [http-nio-8088-exec-1] INFO  com.example.radiusapi.controller.AccountInfoController - result=Result(success=true, code=20000, message=sucess, data={data=com.baomidou.mybatisplus.extension.plugins.pagination.Page@5e0edbf3})
2022-11-29 01:39:51.358 [http-nio-8088-exec-2] INFO  com.example.radiusapi.controller.AccountInfoController - GetAccountInfo(,@test)
2022-11-29 01:39:51.369 [http-nio-8088-exec-2] INFO  com.example.radiusapi.controller.AccountInfoController - result=Result(success=true, code=20000, message=sucess, data={data=com.baomidou.mybatisplus.extension.plugins.pagination.Page@39bea752})
2022-11-29 01:39:57.461 [http-nio-8088-exec-3] INFO  com.example.radiusapi.controller.AccountInfoController - GetAccountInfo(,@zhaoqing)
2022-11-29 01:39:57.468 [http-nio-8088-exec-3] INFO  com.example.radiusapi.controller.AccountInfoController - result=Result(success=true, code=20000, message=sucess, data={data=com.baomidou.mybatisplus.extension.plugins.pagination.Page@1f1929e6})
2022-11-29 01:39:59.339 [http-nio-8088-exec-4] INFO  com.example.radiusapi.controller.AccountInfoController - GetAccountInfo(,@foshan)
2022-11-29 01:39:59.352 [http-nio-8088-exec-4] INFO  com.example.radiusapi.controller.AccountInfoController - result=Result(success=true, code=20000, message=sucess, data={data=com.baomidou.mybatisplus.extension.plugins.pagination.Page@60c3f152})
2022-11-29 01:42:57.507 [http-nio-8088-exec-6] INFO  com.example.radiusapi.controller.AccountInfoController - GetAccountInfo(,@zhaoqing)
2022-11-29 01:42:57.518 [http-nio-8088-exec-6] INFO  com.example.radiusapi.controller.AccountInfoController - result=Result(success=true, code=20000, message=sucess, data={data=com.baomidou.mybatisplus.extension.plugins.pagination.Page@6f3534da})
2022-11-29 01:46:31.472 [http-nio-8088-exec-8] INFO  com.example.radiusapi.controller.AccountInfoController - GetAccountInfo(,@test)
2022-11-29 01:46:31.493 [http-nio-8088-exec-8] INFO  com.example.radiusapi.controller.AccountInfoController - result=Result(success=true, code=20000, message=sucess, data={data=com.baomidou.mybatisplus.extension.plugins.pagination.Page@67c53d9d})
2022-11-29 01:46:33.137 [http-nio-8088-exec-9] INFO  com.example.radiusapi.controller.AccountInfoController - GetAccountInfo(,@zhaoqing)
2022-11-29 01:46:33.152 [http-nio-8088-exec-9] INFO  com.example.radiusapi.controller.AccountInfoController - result=Result(success=true, code=20000, message=sucess, data={data=com.baomidou.mybatisplus.extension.plugins.pagination.Page@4ed9cfb5})
2022-11-29 01:46:35.616 [http-nio-8088-exec-10] INFO  com.example.radiusapi.controller.AccountInfoController - GetAccountInfo(,@test)
2022-11-29 01:46:35.625 [http-nio-8088-exec-10] INFO  com.example.radiusapi.controller.AccountInfoController - result=Result(success=true, code=20000, message=sucess, data={data=com.baomidou.mybatisplus.extension.plugins.pagination.Page@599873fe})
2022-11-29 01:46:37.283 [http-nio-8088-exec-1] INFO  com.example.radiusapi.controller.AccountInfoController - GetAccountInfo(,@zhaoqing)
2022-11-29 01:46:37.292 [http-nio-8088-exec-1] INFO  com.example.radiusapi.controller.AccountInfoController - result=Result(success=true, code=20000, message=sucess, data={data=com.baomidou.mybatisplus.extension.plugins.pagination.Page@1b4897e1})
2022-11-29 01:52:04.890 [http-nio-8088-exec-4] INFO  com.example.radiusapi.controller.RealmController - GetRealms(8f6acda0-327a-48ea-9075-b3074de09148)
2022-11-29 01:52:04.906 [http-nio-8088-exec-4] INFO  com.example.radiusapi.controller.RealmController - result=Result(success=true, code=20000, message=sucess, data={data=[Realm(id=4dc0f4dd013653d9c7e9e50a8ca82702, node_pid=null, realm=@test), Realm(id=5c327703c4c742389292e2546d9a5733, node_pid=null, realm=@zhaoqing), Realm(id=9a7515ab9cd28b331f71ba5bb96d333c, node_pid=null, realm=@foshan)]})
2022-11-29 01:52:05.070 [http-nio-8088-exec-6] INFO  com.example.radiusapi.controller.AccountInfoController - GetAccountInfo(,@test)
2022-11-29 01:52:05.099 [http-nio-8088-exec-6] INFO  com.example.radiusapi.controller.AccountInfoController - result=Result(success=true, code=20000, message=sucess, data={data=com.baomidou.mybatisplus.extension.plugins.pagination.Page@40b0c653})
2022-11-29 01:52:17.559 [http-nio-8088-exec-8] INFO  com.example.radiusapi.controller.AccountInfoController - GetAccountInfo(,@zhaoqing)
2022-11-29 01:52:17.570 [http-nio-8088-exec-8] INFO  com.example.radiusapi.controller.AccountInfoController - result=Result(success=true, code=20000, message=sucess, data={data=com.baomidou.mybatisplus.extension.plugins.pagination.Page@2c85887b})
2022-11-29 01:52:39.417 [http-nio-8088-exec-9] INFO  com.example.radiusapi.controller.RealmController - GetRealms(8f6acda0-327a-48ea-9075-b3074de09148)
2022-11-29 01:52:39.434 [http-nio-8088-exec-9] INFO  com.example.radiusapi.controller.RealmController - result=Result(success=true, code=20000, message=sucess, data={data=[Realm(id=4dc0f4dd013653d9c7e9e50a8ca82702, node_pid=null, realm=@test), Realm(id=5c327703c4c742389292e2546d9a5733, node_pid=null, realm=@zhaoqing), Realm(id=9a7515ab9cd28b331f71ba5bb96d333c, node_pid=null, realm=@foshan)]})
2022-11-29 01:52:39.640 [http-nio-8088-exec-10] INFO  com.example.radiusapi.controller.AccountInfoController - GetAccountInfo(,@test)
2022-11-29 01:52:39.665 [http-nio-8088-exec-10] INFO  com.example.radiusapi.controller.AccountInfoController - result=Result(success=true, code=20000, message=sucess, data={data=com.baomidou.mybatisplus.extension.plugins.pagination.Page@46b021d5})
2022-11-29 01:52:47.439 [http-nio-8088-exec-1] INFO  com.example.radiusapi.controller.AccountInfoController - GetAccountInfo(,@zhaoqing)
2022-11-29 01:52:47.455 [http-nio-8088-exec-1] INFO  com.example.radiusapi.controller.AccountInfoController - result=Result(success=true, code=20000, message=sucess, data={data=com.baomidou.mybatisplus.extension.plugins.pagination.Page@3a61c5a})
2022-11-29 01:53:04.082 [http-nio-8088-exec-2] INFO  com.example.radiusapi.controller.RealmController - GetRealms(8f6acda0-327a-48ea-9075-b3074de09148)
2022-11-29 01:53:04.087 [http-nio-8088-exec-2] INFO  com.example.radiusapi.controller.RealmController - result=Result(success=true, code=20000, message=sucess, data={data=[Realm(id=4dc0f4dd013653d9c7e9e50a8ca82702, node_pid=null, realm=@test), Realm(id=5c327703c4c742389292e2546d9a5733, node_pid=null, realm=@zhaoqing), Realm(id=9a7515ab9cd28b331f71ba5bb96d333c, node_pid=null, realm=@foshan)]})
2022-11-29 01:53:04.134 [http-nio-8088-exec-3] INFO  com.example.radiusapi.controller.AccountInfoController - GetAccountInfo(,@test)
2022-11-29 01:53:04.147 [http-nio-8088-exec-3] INFO  com.example.radiusapi.controller.AccountInfoController - result=Result(success=true, code=20000, message=sucess, data={data=com.baomidou.mybatisplus.extension.plugins.pagination.Page@3ffe2d67})
2022-11-29 01:53:10.122 [http-nio-8088-exec-4] INFO  com.example.radiusapi.controller.AccountInfoController - GetAccountInfo(,@zhaoqing)
2022-11-29 01:53:10.128 [http-nio-8088-exec-4] INFO  com.example.radiusapi.controller.AccountInfoController - result=Result(success=true, code=20000, message=sucess, data={data=com.baomidou.mybatisplus.extension.plugins.pagination.Page@64e8118b})
2022-11-29 01:53:18.014 [http-nio-8088-exec-5] INFO  com.example.radiusapi.controller.AccountInfoController - GetAccountInfo(,@foshan)
2022-11-29 01:53:18.026 [http-nio-8088-exec-5] INFO  com.example.radiusapi.controller.AccountInfoController - result=Result(success=true, code=20000, message=sucess, data={data=com.baomidou.mybatisplus.extension.plugins.pagination.Page@6fad60f4})
2022-11-29 01:53:23.805 [http-nio-8088-exec-6] INFO  com.example.radiusapi.controller.AccountInfoController - GetAccountInfo(,@test)
2022-11-29 01:53:23.816 [http-nio-8088-exec-6] INFO  com.example.radiusapi.controller.AccountInfoController - result=Result(success=true, code=20000, message=sucess, data={data=com.baomidou.mybatisplus.extension.plugins.pagination.Page@336bbe08})
2022-11-29 01:53:32.682 [http-nio-8088-exec-7] INFO  com.example.radiusapi.controller.AccountInfoController - GetAccountInfo(,@zhaoqing)
2022-11-29 01:53:32.691 [http-nio-8088-exec-7] INFO  com.example.radiusapi.controller.AccountInfoController - result=Result(success=true, code=20000, message=sucess, data={data=com.baomidou.mybatisplus.extension.plugins.pagination.Page@751ee06b})
2022-11-29 01:53:40.903 [http-nio-8088-exec-8] INFO  com.example.radiusapi.controller.AccountInfoController - UpdateAccount(AccountInfo(id=1597284030057648130, UserName=zhaoqing, realm=@zhaoqing, UserPassword=zhaoqing, AuthMode=0, IsFrozen=false, AdminName=admin, ValidDate=null, ModifyDate=Tue Nov 29 01:39:23 GMT+08:00 2022, ExpireDate=null, SecondRemain=0, ByteRemain=0, SimualUseLimit=1, MaxSessionTimeout=0, InboundCar=0, OutboundCar=0, QosProfile=, UpdateInterval=3600))
2022-11-29 01:53:40.921 [http-nio-8088-exec-8] INFO  com.example.radiusapi.controller.AccountInfoController - result=Result(success=true, code=20000, message=sucess, data={})
2022-11-29 01:53:40.961 [http-nio-8088-exec-9] INFO  com.example.radiusapi.controller.AccountInfoController - GetAccountInfo(,@zhaoqing)
2022-11-29 01:53:40.977 [http-nio-8088-exec-9] INFO  com.example.radiusapi.controller.AccountInfoController - result=Result(success=true, code=20000, message=sucess, data={data=com.baomidou.mybatisplus.extension.plugins.pagination.Page@1c760910})
2022-11-29 01:53:45.331 [http-nio-8088-exec-10] INFO  com.example.radiusapi.controller.AccountInfoController - GetAccountInfo(,@foshan)
2022-11-29 01:53:45.341 [http-nio-8088-exec-10] INFO  com.example.radiusapi.controller.AccountInfoController - result=Result(success=true, code=20000, message=sucess, data={data=com.baomidou.mybatisplus.extension.plugins.pagination.Page@24ee8363})
2022-11-29 01:53:48.809 [http-nio-8088-exec-1] INFO  com.example.radiusapi.controller.AccountInfoController - GetAccountInfo(,@zhaoqing)
2022-11-29 01:53:48.817 [http-nio-8088-exec-1] INFO  com.example.radiusapi.controller.AccountInfoController - result=Result(success=true, code=20000, message=sucess, data={data=com.baomidou.mybatisplus.extension.plugins.pagination.Page@3c9ff021})
2022-11-29 01:54:06.527 [http-nio-8088-exec-2] INFO  com.example.radiusapi.controller.AccountInfoController - GetAccountInfo(,@foshan)
2022-11-29 01:54:06.535 [http-nio-8088-exec-2] INFO  com.example.radiusapi.controller.AccountInfoController - result=Result(success=true, code=20000, message=sucess, data={data=com.baomidou.mybatisplus.extension.plugins.pagination.Page@2ed0a4c8})
2022-11-29 01:54:13.065 [http-nio-8088-exec-3] INFO  com.example.radiusapi.controller.AccountInfoController - GetAccountInfo(,@zhaoqing)
2022-11-29 01:54:13.074 [http-nio-8088-exec-3] INFO  com.example.radiusapi.controller.AccountInfoController - result=Result(success=true, code=20000, message=sucess, data={data=com.baomidou.mybatisplus.extension.plugins.pagination.Page@74c3c1ed})
2022-11-29 01:54:18.755 [http-nio-8088-exec-4] INFO  com.example.radiusapi.controller.AccountInfoController - GetAccountInfo(,@test)
2022-11-29 01:54:18.767 [http-nio-8088-exec-4] INFO  com.example.radiusapi.controller.AccountInfoController - result=Result(success=true, code=20000, message=sucess, data={data=com.baomidou.mybatisplus.extension.plugins.pagination.Page@75a82243})
2022-11-29 01:54:23.811 [http-nio-8088-exec-5] INFO  com.example.radiusapi.controller.AccountInfoController - UpdateAccount(AccountInfo(id=1597283715438710786, UserName=test, realm=@test, UserPassword=test, AuthMode=0, IsFrozen=false, AdminName=admin, ValidDate=null, ModifyDate=Tue Nov 29 01:38:08 GMT+08:00 2022, ExpireDate=null, SecondRemain=0, ByteRemain=0, SimualUseLimit=1, MaxSessionTimeout=0, InboundCar=0, OutboundCar=0, QosProfile=, UpdateInterval=3600))
2022-11-29 01:54:23.860 [http-nio-8088-exec-5] INFO  com.example.radiusapi.controller.AccountInfoController - result=Result(success=true, code=20000, message=sucess, data={})
2022-11-29 01:54:24.053 [http-nio-8088-exec-6] INFO  com.example.radiusapi.controller.AccountInfoController - GetAccountInfo(,@test)
2022-11-29 01:54:24.070 [http-nio-8088-exec-6] INFO  com.example.radiusapi.controller.AccountInfoController - result=Result(success=true, code=20000, message=sucess, data={data=com.baomidou.mybatisplus.extension.plugins.pagination.Page@6b1e66e})
2022-11-29 01:54:27.802 [http-nio-8088-exec-7] INFO  com.example.radiusapi.controller.AccountInfoController - GetAccountInfo(,@zhaoqing)
2022-11-29 01:54:27.809 [http-nio-8088-exec-7] INFO  com.example.radiusapi.controller.AccountInfoController - result=Result(success=true, code=20000, message=sucess, data={data=com.baomidou.mybatisplus.extension.plugins.pagination.Page@49ba5c88})
2022-11-29 01:54:36.752 [http-nio-8088-exec-8] INFO  com.example.radiusapi.controller.AccountInfoController - UpdateAccount(AccountInfo(id=1597284030057648130, UserName=zhaoqing, realm=@test, UserPassword=zhaoqing, AuthMode=0, IsFrozen=false, AdminName=admin, ValidDate=null, ModifyDate=Tue Nov 29 01:53:40 GMT+08:00 2022, ExpireDate=null, SecondRemain=0, ByteRemain=0, SimualUseLimit=1, MaxSessionTimeout=0, InboundCar=0, OutboundCar=0, QosProfile=, UpdateInterval=3600))
2022-11-29 01:54:36.760 [http-nio-8088-exec-8] INFO  com.example.radiusapi.controller.AccountInfoController - result=Result(success=false, code=20001, message=fail, data={})
2022-11-29 01:54:43.762 [http-nio-8088-exec-9] INFO  com.example.radiusapi.controller.AccountInfoController - GetAccountInfo(,@test)
2022-11-29 01:54:43.771 [http-nio-8088-exec-9] INFO  com.example.radiusapi.controller.AccountInfoController - result=Result(success=true, code=20000, message=sucess, data={data=com.baomidou.mybatisplus.extension.plugins.pagination.Page@6e61094})
2022-11-29 01:54:45.914 [http-nio-8088-exec-10] INFO  com.example.radiusapi.controller.AccountInfoController - GetAccountInfo(,@zhaoqing)
2022-11-29 01:54:45.920 [http-nio-8088-exec-10] INFO  com.example.radiusapi.controller.AccountInfoController - result=Result(success=true, code=20000, message=sucess, data={data=com.baomidou.mybatisplus.extension.plugins.pagination.Page@3848b58})
2022-11-29 01:54:47.390 [http-nio-8088-exec-1] INFO  com.example.radiusapi.controller.AccountInfoController - GetAccountInfo(,@foshan)
2022-11-29 01:54:47.398 [http-nio-8088-exec-1] INFO  com.example.radiusapi.controller.AccountInfoController - result=Result(success=true, code=20000, message=sucess, data={data=com.baomidou.mybatisplus.extension.plugins.pagination.Page@34f70f96})
2022-11-29 01:55:24.059 [http-nio-8088-exec-2] INFO  com.example.radiusapi.controller.AdminController - GetAdministrators(admin,81034dad-ccc5-4bb9-8020-9424bc5b0eac,)
2022-11-29 01:55:24.087 [http-nio-8088-exec-2] INFO  com.example.radiusapi.controller.AdminController - result=Result(success=true, code=20000, message=sucess, data={data=com.baomidou.mybatisplus.extension.plugins.pagination.Page@7db998c7})
2022-11-29 01:57:14.499 [http-nio-8088-exec-4] INFO  com.example.radiusapi.controller.RealmController - GetRealms(8f6acda0-327a-48ea-9075-b3074de09148)
2022-11-29 01:57:14.523 [http-nio-8088-exec-4] INFO  com.example.radiusapi.controller.RealmController - result=Result(success=true, code=20000, message=sucess, data={data=[Realm(id=4dc0f4dd013653d9c7e9e50a8ca82702, node_pid=null, realm=@test), Realm(id=5c327703c4c742389292e2546d9a5733, node_pid=null, realm=@zhaoqing), Realm(id=9a7515ab9cd28b331f71ba5bb96d333c, node_pid=null, realm=@foshan)]})
2022-11-29 01:57:14.638 [http-nio-8088-exec-5] INFO  com.example.radiusapi.controller.AccountInfoController - GetAccountInfo(,@test)
2022-11-29 01:57:14.663 [http-nio-8088-exec-5] INFO  com.example.radiusapi.controller.AccountInfoController - result=Result(success=true, code=20000, message=sucess, data={data=com.baomidou.mybatisplus.extension.plugins.pagination.Page@3660db5a})
2022-11-29 01:58:41.983 [http-nio-8088-exec-8] INFO  com.example.radiusapi.controller.AccountInfoController - UpdateAccount(AccountInfo(id=1597283715438710786, UserName=test, realm=@zhaoqing, UserPassword=test, AuthMode=0, IsFrozen=false, AdminName=admin, ValidDate=null, ModifyDate=Tue Nov 29 01:54:23 GMT+08:00 2022, ExpireDate=null, SecondRemain=0, ByteRemain=0, SimualUseLimit=1, MaxSessionTimeout=0, InboundCar=0, OutboundCar=0, QosProfile=, UpdateInterval=3600))
2022-11-29 01:58:41.993 [http-nio-8088-exec-8] INFO  com.example.radiusapi.controller.AccountInfoController - result=Result(success=false, code=20001, message=fail, data={})
2022-11-29 02:01:15.679 [http-nio-8088-exec-10] INFO  com.example.radiusapi.controller.AccountInfoController - UpdateAccount(AccountInfo(id=1597283715438710786, UserName=test, realm=@zhaoqing, UserPassword=test, AuthMode=0, IsFrozen=false, AdminName=admin, ValidDate=null, ModifyDate=Tue Nov 29 01:54:23 GMT+08:00 2022, ExpireDate=null, SecondRemain=0, ByteRemain=0, SimualUseLimit=1, MaxSessionTimeout=0, InboundCar=0, OutboundCar=0, QosProfile=, UpdateInterval=3600))
2022-11-29 02:01:15.694 [http-nio-8088-exec-10] INFO  com.example.radiusapi.controller.AccountInfoController - result=Result(success=false, code=20001, message=fail, data={})
2022-11-29 02:01:18.579 [http-nio-8088-exec-1] INFO  com.example.radiusapi.controller.AccountInfoController - UpdateAccount(AccountInfo(id=1597283715438710786, UserName=test, realm=@zhaoqing, UserPassword=test, AuthMode=0, IsFrozen=false, AdminName=admin, ValidDate=null, ModifyDate=Tue Nov 29 01:54:23 GMT+08:00 2022, ExpireDate=null, SecondRemain=0, ByteRemain=0, SimualUseLimit=1, MaxSessionTimeout=0, InboundCar=0, OutboundCar=0, QosProfile=, UpdateInterval=3600))
2022-11-29 02:01:18.587 [http-nio-8088-exec-1] INFO  com.example.radiusapi.controller.AccountInfoController - result=Result(success=false, code=20001, message=fail, data={})
2022-11-29 02:01:19.491 [http-nio-8088-exec-2] INFO  com.example.radiusapi.controller.AccountInfoController - UpdateAccount(AccountInfo(id=1597283715438710786, UserName=test, realm=@zhaoqing, UserPassword=test, AuthMode=0, IsFrozen=false, AdminName=admin, ValidDate=null, ModifyDate=Tue Nov 29 01:54:23 GMT+08:00 2022, ExpireDate=null, SecondRemain=0, ByteRemain=0, SimualUseLimit=1, MaxSessionTimeout=0, InboundCar=0, OutboundCar=0, QosProfile=, UpdateInterval=3600))
2022-11-29 02:01:19.502 [http-nio-8088-exec-2] INFO  com.example.radiusapi.controller.AccountInfoController - result=Result(success=false, code=20001, message=fail, data={})
2022-11-29 02:01:19.750 [http-nio-8088-exec-3] INFO  com.example.radiusapi.controller.AccountInfoController - UpdateAccount(AccountInfo(id=1597283715438710786, UserName=test, realm=@zhaoqing, UserPassword=test, AuthMode=0, IsFrozen=false, AdminName=admin, ValidDate=null, ModifyDate=Tue Nov 29 01:54:23 GMT+08:00 2022, ExpireDate=null, SecondRemain=0, ByteRemain=0, SimualUseLimit=1, MaxSessionTimeout=0, InboundCar=0, OutboundCar=0, QosProfile=, UpdateInterval=3600))
2022-11-29 02:01:19.761 [http-nio-8088-exec-3] INFO  com.example.radiusapi.controller.AccountInfoController - result=Result(success=false, code=20001, message=fail, data={})
2022-11-29 02:01:19.989 [http-nio-8088-exec-4] INFO  com.example.radiusapi.controller.AccountInfoController - UpdateAccount(AccountInfo(id=1597283715438710786, UserName=test, realm=@zhaoqing, UserPassword=test, AuthMode=0, IsFrozen=false, AdminName=admin, ValidDate=null, ModifyDate=Tue Nov 29 01:54:23 GMT+08:00 2022, ExpireDate=null, SecondRemain=0, ByteRemain=0, SimualUseLimit=1, MaxSessionTimeout=0, InboundCar=0, OutboundCar=0, QosProfile=, UpdateInterval=3600))
2022-11-29 02:01:19.996 [http-nio-8088-exec-4] INFO  com.example.radiusapi.controller.AccountInfoController - result=Result(success=false, code=20001, message=fail, data={})
2022-11-29 02:01:20.215 [http-nio-8088-exec-5] INFO  com.example.radiusapi.controller.AccountInfoController - UpdateAccount(AccountInfo(id=1597283715438710786, UserName=test, realm=@zhaoqing, UserPassword=test, AuthMode=0, IsFrozen=false, AdminName=admin, ValidDate=null, ModifyDate=Tue Nov 29 01:54:23 GMT+08:00 2022, ExpireDate=null, SecondRemain=0, ByteRemain=0, SimualUseLimit=1, MaxSessionTimeout=0, InboundCar=0, OutboundCar=0, QosProfile=, UpdateInterval=3600))
2022-11-29 02:01:20.223 [http-nio-8088-exec-5] INFO  com.example.radiusapi.controller.AccountInfoController - result=Result(success=false, code=20001, message=fail, data={})
2022-11-29 02:01:20.454 [http-nio-8088-exec-6] INFO  com.example.radiusapi.controller.AccountInfoController - UpdateAccount(AccountInfo(id=1597283715438710786, UserName=test, realm=@zhaoqing, UserPassword=test, AuthMode=0, IsFrozen=false, AdminName=admin, ValidDate=null, ModifyDate=Tue Nov 29 01:54:23 GMT+08:00 2022, ExpireDate=null, SecondRemain=0, ByteRemain=0, SimualUseLimit=1, MaxSessionTimeout=0, InboundCar=0, OutboundCar=0, QosProfile=, UpdateInterval=3600))
2022-11-29 02:01:20.461 [http-nio-8088-exec-6] INFO  com.example.radiusapi.controller.AccountInfoController - result=Result(success=false, code=20001, message=fail, data={})
2022-11-29 02:01:21.141 [http-nio-8088-exec-7] INFO  com.example.radiusapi.controller.AccountInfoController - UpdateAccount(AccountInfo(id=1597283715438710786, UserName=test, realm=@zhaoqing, UserPassword=test, AuthMode=0, IsFrozen=false, AdminName=admin, ValidDate=null, ModifyDate=Tue Nov 29 01:54:23 GMT+08:00 2022, ExpireDate=null, SecondRemain=0, ByteRemain=0, SimualUseLimit=1, MaxSessionTimeout=0, InboundCar=0, OutboundCar=0, QosProfile=, UpdateInterval=3600))
2022-11-29 02:01:21.150 [http-nio-8088-exec-7] INFO  com.example.radiusapi.controller.AccountInfoController - result=Result(success=false, code=20001, message=fail, data={})
2022-11-29 02:01:21.404 [http-nio-8088-exec-8] INFO  com.example.radiusapi.controller.AccountInfoController - UpdateAccount(AccountInfo(id=1597283715438710786, UserName=test, realm=@zhaoqing, UserPassword=test, AuthMode=0, IsFrozen=false, AdminName=admin, ValidDate=null, ModifyDate=Tue Nov 29 01:54:23 GMT+08:00 2022, ExpireDate=null, SecondRemain=0, ByteRemain=0, SimualUseLimit=1, MaxSessionTimeout=0, InboundCar=0, OutboundCar=0, QosProfile=, UpdateInterval=3600))
2022-11-29 02:01:21.411 [http-nio-8088-exec-8] INFO  com.example.radiusapi.controller.AccountInfoController - result=Result(success=false, code=20001, message=fail, data={})
2022-11-29 02:01:21.738 [http-nio-8088-exec-9] INFO  com.example.radiusapi.controller.AccountInfoController - UpdateAccount(AccountInfo(id=1597283715438710786, UserName=test, realm=@zhaoqing, UserPassword=test, AuthMode=0, IsFrozen=false, AdminName=admin, ValidDate=null, ModifyDate=Tue Nov 29 01:54:23 GMT+08:00 2022, ExpireDate=null, SecondRemain=0, ByteRemain=0, SimualUseLimit=1, MaxSessionTimeout=0, InboundCar=0, OutboundCar=0, QosProfile=, UpdateInterval=3600))
2022-11-29 02:01:21.745 [http-nio-8088-exec-9] INFO  com.example.radiusapi.controller.AccountInfoController - result=Result(success=false, code=20001, message=fail, data={})
2022-11-29 02:01:22.012 [http-nio-8088-exec-10] INFO  com.example.radiusapi.controller.AccountInfoController - UpdateAccount(AccountInfo(id=1597283715438710786, UserName=test, realm=@zhaoqing, UserPassword=test, AuthMode=0, IsFrozen=false, AdminName=admin, ValidDate=null, ModifyDate=Tue Nov 29 01:54:23 GMT+08:00 2022, ExpireDate=null, SecondRemain=0, ByteRemain=0, SimualUseLimit=1, MaxSessionTimeout=0, InboundCar=0, OutboundCar=0, QosProfile=, UpdateInterval=3600))
2022-11-29 02:01:22.020 [http-nio-8088-exec-10] INFO  com.example.radiusapi.controller.AccountInfoController - result=Result(success=false, code=20001, message=fail, data={})
2022-11-29 02:01:22.263 [http-nio-8088-exec-1] INFO  com.example.radiusapi.controller.AccountInfoController - UpdateAccount(AccountInfo(id=1597283715438710786, UserName=test, realm=@zhaoqing, UserPassword=test, AuthMode=0, IsFrozen=false, AdminName=admin, ValidDate=null, ModifyDate=Tue Nov 29 01:54:23 GMT+08:00 2022, ExpireDate=null, SecondRemain=0, ByteRemain=0, SimualUseLimit=1, MaxSessionTimeout=0, InboundCar=0, OutboundCar=0, QosProfile=, UpdateInterval=3600))
2022-11-29 02:01:22.271 [http-nio-8088-exec-1] INFO  com.example.radiusapi.controller.AccountInfoController - result=Result(success=false, code=20001, message=fail, data={})
2022-11-29 02:01:22.501 [http-nio-8088-exec-2] INFO  com.example.radiusapi.controller.AccountInfoController - UpdateAccount(AccountInfo(id=1597283715438710786, UserName=test, realm=@zhaoqing, UserPassword=test, AuthMode=0, IsFrozen=false, AdminName=admin, ValidDate=null, ModifyDate=Tue Nov 29 01:54:23 GMT+08:00 2022, ExpireDate=null, SecondRemain=0, ByteRemain=0, SimualUseLimit=1, MaxSessionTimeout=0, InboundCar=0, OutboundCar=0, QosProfile=, UpdateInterval=3600))
2022-11-29 02:01:22.509 [http-nio-8088-exec-2] INFO  com.example.radiusapi.controller.AccountInfoController - result=Result(success=false, code=20001, message=fail, data={})
2022-11-29 02:01:22.983 [http-nio-8088-exec-3] INFO  com.example.radiusapi.controller.AccountInfoController - UpdateAccount(AccountInfo(id=1597283715438710786, UserName=test, realm=@zhaoqing, UserPassword=test, AuthMode=0, IsFrozen=false, AdminName=admin, ValidDate=null, ModifyDate=Tue Nov 29 01:54:23 GMT+08:00 2022, ExpireDate=null, SecondRemain=0, ByteRemain=0, SimualUseLimit=1, MaxSessionTimeout=0, InboundCar=0, OutboundCar=0, QosProfile=, UpdateInterval=3600))
2022-11-29 02:01:22.993 [http-nio-8088-exec-3] INFO  com.example.radiusapi.controller.AccountInfoController - result=Result(success=false, code=20001, message=fail, data={})
2022-11-29 02:01:23.246 [http-nio-8088-exec-4] INFO  com.example.radiusapi.controller.AccountInfoController - UpdateAccount(AccountInfo(id=1597283715438710786, UserName=test, realm=@zhaoqing, UserPassword=test, AuthMode=0, IsFrozen=false, AdminName=admin, ValidDate=null, ModifyDate=Tue Nov 29 01:54:23 GMT+08:00 2022, ExpireDate=null, SecondRemain=0, ByteRemain=0, SimualUseLimit=1, MaxSessionTimeout=0, InboundCar=0, OutboundCar=0, QosProfile=, UpdateInterval=3600))
2022-11-29 02:01:23.258 [http-nio-8088-exec-4] INFO  com.example.radiusapi.controller.AccountInfoController - result=Result(success=false, code=20001, message=fail, data={})
2022-11-29 02:01:23.825 [http-nio-8088-exec-5] INFO  com.example.radiusapi.controller.AccountInfoController - UpdateAccount(AccountInfo(id=1597283715438710786, UserName=test, realm=@zhaoqing, UserPassword=test, AuthMode=0, IsFrozen=false, AdminName=admin, ValidDate=null, ModifyDate=Tue Nov 29 01:54:23 GMT+08:00 2022, ExpireDate=null, SecondRemain=0, ByteRemain=0, SimualUseLimit=1, MaxSessionTimeout=0, InboundCar=0, OutboundCar=0, QosProfile=, UpdateInterval=3600))
2022-11-29 02:01:23.837 [http-nio-8088-exec-5] INFO  com.example.radiusapi.controller.AccountInfoController - result=Result(success=false, code=20001, message=fail, data={})
2022-11-29 02:01:24.054 [http-nio-8088-exec-6] INFO  com.example.radiusapi.controller.AccountInfoController - UpdateAccount(AccountInfo(id=1597283715438710786, UserName=test, realm=@zhaoqing, UserPassword=test, AuthMode=0, IsFrozen=false, AdminName=admin, ValidDate=null, ModifyDate=Tue Nov 29 01:54:23 GMT+08:00 2022, ExpireDate=null, SecondRemain=0, ByteRemain=0, SimualUseLimit=1, MaxSessionTimeout=0, InboundCar=0, OutboundCar=0, QosProfile=, UpdateInterval=3600))
2022-11-29 02:01:24.065 [http-nio-8088-exec-6] INFO  com.example.radiusapi.controller.AccountInfoController - result=Result(success=false, code=20001, message=fail, data={})
2022-11-29 02:01:24.272 [http-nio-8088-exec-7] INFO  com.example.radiusapi.controller.AccountInfoController - UpdateAccount(AccountInfo(id=1597283715438710786, UserName=test, realm=@zhaoqing, UserPassword=test, AuthMode=0, IsFrozen=false, AdminName=admin, ValidDate=null, ModifyDate=Tue Nov 29 01:54:23 GMT+08:00 2022, ExpireDate=null, SecondRemain=0, ByteRemain=0, SimualUseLimit=1, MaxSessionTimeout=0, InboundCar=0, OutboundCar=0, QosProfile=, UpdateInterval=3600))
2022-11-29 02:01:24.281 [http-nio-8088-exec-7] INFO  com.example.radiusapi.controller.AccountInfoController - result=Result(success=false, code=20001, message=fail, data={})
2022-11-29 02:01:24.648 [http-nio-8088-exec-8] INFO  com.example.radiusapi.controller.AccountInfoController - UpdateAccount(AccountInfo(id=1597283715438710786, UserName=test, realm=@zhaoqing, UserPassword=test, AuthMode=0, IsFrozen=false, AdminName=admin, ValidDate=null, ModifyDate=Tue Nov 29 01:54:23 GMT+08:00 2022, ExpireDate=null, SecondRemain=0, ByteRemain=0, SimualUseLimit=1, MaxSessionTimeout=0, InboundCar=0, OutboundCar=0, QosProfile=, UpdateInterval=3600))
2022-11-29 02:01:24.659 [http-nio-8088-exec-8] INFO  com.example.radiusapi.controller.AccountInfoController - result=Result(success=false, code=20001, message=fail, data={})
2022-11-29 02:01:25.136 [http-nio-8088-exec-9] INFO  com.example.radiusapi.controller.AccountInfoController - UpdateAccount(AccountInfo(id=1597283715438710786, UserName=test, realm=@zhaoqing, UserPassword=test, AuthMode=0, IsFrozen=false, AdminName=admin, ValidDate=null, ModifyDate=Tue Nov 29 01:54:23 GMT+08:00 2022, ExpireDate=null, SecondRemain=0, ByteRemain=0, SimualUseLimit=1, MaxSessionTimeout=0, InboundCar=0, OutboundCar=0, QosProfile=, UpdateInterval=3600))
2022-11-29 02:01:25.147 [http-nio-8088-exec-9] INFO  com.example.radiusapi.controller.AccountInfoController - result=Result(success=false, code=20001, message=fail, data={})
2022-11-29 02:33:22.309 [http-nio-8088-exec-1] INFO  com.example.radiusapi.controller.AccountInfoController - GetAccountInfo(,@zhaoqing)
2022-11-29 02:33:22.422 [http-nio-8088-exec-1] INFO  com.example.radiusapi.controller.AccountInfoController - result=Result(success=true, code=20000, message=sucess, data={data=com.baomidou.mybatisplus.extension.plugins.pagination.Page@22d46f61})
2022-11-29 02:33:24.512 [http-nio-8088-exec-2] INFO  com.example.radiusapi.controller.AccountInfoController - GetAccountInfo(,@test)
2022-11-29 02:33:24.520 [http-nio-8088-exec-2] INFO  com.example.radiusapi.controller.AccountInfoController - result=Result(success=true, code=20000, message=sucess, data={data=com.baomidou.mybatisplus.extension.plugins.pagination.Page@7a3ab4e2})
2022-11-29 02:33:26.979 [http-nio-8088-exec-4] INFO  com.example.radiusapi.controller.AccountInfoController - GetAccountInfo(,@foshan)
2022-11-29 02:33:26.994 [http-nio-8088-exec-4] INFO  com.example.radiusapi.controller.AccountInfoController - result=Result(success=true, code=20000, message=sucess, data={data=com.baomidou.mybatisplus.extension.plugins.pagination.Page@713fdaf})
2022-11-29 02:39:55.491 [Thread-7] INFO  org.apache.coyote.http11.Http11NioProtocol - Pausing ProtocolHandler ["http-nio-8088"]
2022-11-29 02:39:55.494 [Thread-7] INFO  org.apache.catalina.core.StandardService - Stopping service [Tomcat]
2022-11-29 02:39:55.501 [Thread-7] INFO  org.apache.catalina.core.ContainerBase.[Tomcat].[localhost].[/] - Destroying Spring FrameworkServlet 'dispatcherServlet'
2022-11-29 02:39:55.557 [Thread-7] WARN  org.apache.catalina.loader.WebappClassLoaderBase - The web application [ROOT] appears to have started a thread named [System Clock] but has failed to stop it. This is very likely to create a memory leak. Stack trace of thread:
 java.base@18.0.1.1/jdk.internal.misc.Unsafe.park(Native Method)
 java.base@18.0.1.1/java.util.concurrent.locks.LockSupport.parkNanos(LockSupport.java:252)
 java.base@18.0.1.1/java.util.concurrent.locks.AbstractQueuedSynchronizer$ConditionObject.awaitNanos(AbstractQueuedSynchronizer.java:1672)
 java.base@18.0.1.1/java.util.concurrent.ScheduledThreadPoolExecutor$DelayedWorkQueue.take(ScheduledThreadPoolExecutor.java:1182)
 java.base@18.0.1.1/java.util.concurrent.ScheduledThreadPoolExecutor$DelayedWorkQueue.take(ScheduledThreadPoolExecutor.java:899)
 java.base@18.0.1.1/java.util.concurrent.ThreadPoolExecutor.getTask(ThreadPoolExecutor.java:1062)
 java.base@18.0.1.1/java.util.concurrent.ThreadPoolExecutor.runWorker(ThreadPoolExecutor.java:1122)
 java.base@18.0.1.1/java.util.concurrent.ThreadPoolExecutor$Worker.run(ThreadPoolExecutor.java:635)
 java.base@18.0.1.1/java.lang.Thread.run(Thread.java:833)
2022-11-29 02:39:55.566 [Thread-7] INFO  org.apache.coyote.http11.Http11NioProtocol - Stopping ProtocolHandler ["http-nio-8088"]
2022-11-29 02:39:55.575 [Thread-7] INFO  org.apache.coyote.http11.Http11NioProtocol - Destroying ProtocolHandler ["http-nio-8088"]
2022-11-29 02:39:55.601 [Thread-7] INFO  com.alibaba.druid.pool.DruidDataSource - {dataSource-2} closing ...
2022-11-29 02:39:55.636 [Thread-7] INFO  com.alibaba.druid.pool.DruidDataSource - {dataSource-2} closed
2022-11-29 02:39:56.734 [restartedMain] INFO  com.example.radiusapi.RadiusApiApplication - Starting RadiusApiApplication using Java 18.0.1.1 on MSI with PID 41168 (C:\Users\20786\IdeaProjects\radiusApi\target\classes started by 20786 in C:\Users\20786\IdeaProjects\radiusApi)
2022-11-29 02:39:56.737 [restartedMain] INFO  com.example.radiusapi.RadiusApiApplication - No active profile set, falling back to 1 default profile: "default"
2022-11-29 02:39:58.185 [restartedMain] INFO  org.apache.coyote.http11.Http11NioProtocol - Initializing ProtocolHandler ["http-nio-8088"]
2022-11-29 02:39:58.185 [restartedMain] INFO  org.apache.catalina.core.StandardService - Starting service [Tomcat]
2022-11-29 02:39:58.185 [restartedMain] INFO  org.apache.catalina.core.StandardEngine - Starting Servlet engine: [Apache Tomcat/9.0.65]
2022-11-29 02:39:58.311 [restartedMain] INFO  org.apache.catalina.core.ContainerBase.[Tomcat].[localhost].[/] - Initializing Spring embedded WebApplicationContext
2022-11-29 02:39:58.382 [restartedMain] INFO  com.alibaba.druid.spring.boot.autoconfigure.DruidDataSourceAutoConfigure - Init DruidDataSource
2022-11-29 02:39:58.402 [restartedMain] INFO  com.alibaba.druid.pool.DruidDataSource - {dataSource-3} inited
2022-11-29 02:39:59.375 [restartedMain] INFO  org.apache.coyote.http11.Http11NioProtocol - Starting ProtocolHandler ["http-nio-8088"]
2022-11-29 02:39:59.662 [restartedMain] INFO  com.example.radiusapi.RadiusApiApplication - Started RadiusApiApplication in 3.322 seconds (JVM running for 10285.762)
2022-11-29 02:39:59.674 [restartedMain] INFO  com.example.radiusapi.RadiusApiApplication.main() Line: 23 - application is  started  .......
2022-11-29 02:46:06.515 [SpringApplicationShutdownHook] INFO  com.alibaba.druid.pool.DruidDataSource - {dataSource-3} closing ...
2022-11-29 02:46:06.516 [SpringApplicationShutdownHook] INFO  com.alibaba.druid.pool.DruidDataSource - {dataSource-3} closed
2022-11-29 02:46:19.898 [restartedMain] INFO  com.example.radiusapi.RadiusApiApplication - Starting RadiusApiApplication using Java 18.0.1.1 on MSI with PID 39884 (C:\Users\20786\IdeaProjects\radiusApi\target\classes started by 20786 in C:\Users\20786\IdeaProjects\radiusApi)
2022-11-29 02:46:19.916 [restartedMain] INFO  com.example.radiusapi.RadiusApiApplication - No active profile set, falling back to 1 default profile: "default"
2022-11-29 02:46:24.023 [restartedMain] INFO  org.apache.coyote.http11.Http11NioProtocol - Initializing ProtocolHandler ["http-nio-8088"]
2022-11-29 02:46:24.024 [restartedMain] INFO  org.apache.catalina.core.StandardService - Starting service [Tomcat]
2022-11-29 02:46:24.024 [restartedMain] INFO  org.apache.catalina.core.StandardEngine - Starting Servlet engine: [Apache Tomcat/9.0.65]
2022-11-29 02:46:24.282 [restartedMain] INFO  org.apache.catalina.core.ContainerBase.[Tomcat].[localhost].[/] - Initializing Spring embedded WebApplicationContext
2022-11-29 02:46:24.679 [restartedMain] INFO  com.alibaba.druid.spring.boot.autoconfigure.DruidDataSourceAutoConfigure - Init DruidDataSource
2022-11-29 02:46:24.867 [restartedMain] INFO  com.alibaba.druid.pool.DruidDataSource - {dataSource-1} inited
2022-11-29 02:46:27.325 [restartedMain] INFO  org.apache.coyote.http11.Http11NioProtocol - Starting ProtocolHandler ["http-nio-8088"]
2022-11-29 02:46:28.192 [restartedMain] INFO  com.example.radiusapi.RadiusApiApplication - Started RadiusApiApplication in 9.066 seconds (JVM running for 11.559)
2022-11-29 02:46:28.205 [restartedMain] INFO  com.example.radiusapi.RadiusApiApplication.main() Line: 23 - application is  started  .......
2022-11-29 03:23:58.657 [http-nio-8088-exec-1] INFO  org.apache.catalina.core.ContainerBase.[Tomcat].[localhost].[/] - Initializing Spring DispatcherServlet 'dispatcherServlet'
2022-11-29 03:23:59.077 [http-nio-8088-exec-2] INFO  com.example.radiusapi.controller.RealmController - GetRealms(8f6acda0-327a-48ea-9075-b3074de09148)
2022-11-29 03:24:00.696 [http-nio-8088-exec-2] INFO  com.example.radiusapi.controller.RealmController - result=Result(success=true, code=20000, message=sucess, data={data=[Realm(id=4dc0f4dd013653d9c7e9e50a8ca82702, node_pid=null, realm=@test), Realm(id=5c327703c4c742389292e2546d9a5733, node_pid=null, realm=@zhaoqing), Realm(id=9a7515ab9cd28b331f71ba5bb96d333c, node_pid=null, realm=@foshan)]})
2022-11-29 03:24:00.893 [http-nio-8088-exec-3] INFO  com.example.radiusapi.controller.OnlineUserController - GetOnlineUser(,@test)
2022-11-29 03:24:01.096 [http-nio-8088-exec-3] INFO  com.example.radiusapi.controller.OnlineUserController - result=Result(success=true, code=20000, message=sucess, data={data=com.baomidou.mybatisplus.extension.plugins.pagination.Page@db0778a})
2022-11-29 03:24:28.016 [http-nio-8088-exec-5] INFO  com.example.radiusapi.controller.RealmController - GetRealms(8f6acda0-327a-48ea-9075-b3074de09148)
2022-11-29 03:24:28.028 [http-nio-8088-exec-5] INFO  com.example.radiusapi.controller.RealmController - result=Result(success=true, code=20000, message=sucess, data={data=[Realm(id=4dc0f4dd013653d9c7e9e50a8ca82702, node_pid=null, realm=@test), Realm(id=5c327703c4c742389292e2546d9a5733, node_pid=null, realm=@zhaoqing), Realm(id=9a7515ab9cd28b331f71ba5bb96d333c, node_pid=null, realm=@foshan)]})
2022-11-29 03:24:28.203 [http-nio-8088-exec-7] INFO  com.example.radiusapi.controller.AccountInfoController - GetAccountInfo(,@test)
2022-11-29 03:24:28.251 [http-nio-8088-exec-7] INFO  com.example.radiusapi.controller.AccountInfoController - result=Result(success=true, code=20000, message=sucess, data={data=com.baomidou.mybatisplus.extension.plugins.pagination.Page@4feb3210})
2022-11-29 03:24:28.502 [http-nio-8088-exec-8] INFO  com.example.radiusapi.controller.RealmController - GetRealms(8f6acda0-327a-48ea-9075-b3074de09148)
2022-11-29 03:24:28.510 [http-nio-8088-exec-8] INFO  com.example.radiusapi.controller.RealmController - result=Result(success=true, code=20000, message=sucess, data={data=[Realm(id=4dc0f4dd013653d9c7e9e50a8ca82702, node_pid=null, realm=@test), Realm(id=5c327703c4c742389292e2546d9a5733, node_pid=null, realm=@zhaoqing), Realm(id=9a7515ab9cd28b331f71ba5bb96d333c, node_pid=null, realm=@foshan)]})
2022-11-29 03:24:28.609 [http-nio-8088-exec-9] INFO  com.example.radiusapi.controller.OnlineUserController - GetOnlineUser(,@test)
2022-11-29 03:24:28.647 [http-nio-8088-exec-9] INFO  com.example.radiusapi.controller.OnlineUserController - result=Result(success=true, code=20000, message=sucess, data={data=com.baomidou.mybatisplus.extension.plugins.pagination.Page@3793b5f})
2022-11-29 03:27:28.549 [http-nio-8088-exec-1] INFO  com.example.radiusapi.controller.RealmController - GetRealms(8f6acda0-327a-48ea-9075-b3074de09148)
2022-11-29 03:27:28.572 [http-nio-8088-exec-1] INFO  com.example.radiusapi.controller.RealmController - result=Result(success=true, code=20000, message=sucess, data={data=[Realm(id=4dc0f4dd013653d9c7e9e50a8ca82702, node_pid=null, realm=@test), Realm(id=5c327703c4c742389292e2546d9a5733, node_pid=null, realm=@zhaoqing), Realm(id=9a7515ab9cd28b331f71ba5bb96d333c, node_pid=null, realm=@foshan)]})
2022-11-29 03:27:28.660 [http-nio-8088-exec-2] INFO  com.example.radiusapi.controller.AccountInfoController - GetAccountInfo(,@test)
2022-11-29 03:27:28.682 [http-nio-8088-exec-2] INFO  com.example.radiusapi.controller.AccountInfoController - result=Result(success=true, code=20000, message=sucess, data={data=com.baomidou.mybatisplus.extension.plugins.pagination.Page@276d06aa})
2022-11-29 03:27:42.992 [http-nio-8088-exec-3] INFO  com.example.radiusapi.controller.AccountInfoController - AddAccount(AccountInfo(id=null, UserName=167, realm=@test, UserPassword=167, AuthMode=0, IsFrozen=false, AdminName=admin, ValidDate=null, ModifyDate=null, ExpireDate=null, SecondRemain=0, ByteRemain=0, SimualUseLimit=1, MaxSessionTimeout=0, InboundCar=0, OutboundCar=0, QosProfile=, UpdateInterval=3600))
2022-11-29 03:27:43.086 [http-nio-8088-exec-3] INFO  com.example.radiusapi.controller.AccountInfoController - result=Result(success=true, code=20000, message=sucess, data={})
2022-11-29 03:27:43.156 [http-nio-8088-exec-5] INFO  com.example.radiusapi.controller.AccountInfoController - GetAccountInfo(,@test)
2022-11-29 03:27:43.179 [http-nio-8088-exec-5] INFO  com.example.radiusapi.controller.AccountInfoController - result=Result(success=true, code=20000, message=sucess, data={data=com.baomidou.mybatisplus.extension.plugins.pagination.Page@597cc8e9})
