2022-11-28 18:45:00.573 [http-nio-8088-exec-5] ERROR com.example.radiusapi.controller.AccountInfoController - 
### Error updating database.  Cause: com.mysql.jdbc.exceptions.jdbc4.MySQLSyntaxErrorException: Unknown column 'atrribute' in 'field list'
### The error may exist in com/example/radiusapi/mapper/AccountInfoMapper.java (best guess)
### The error may involve com.example.radiusapi.mapper.AccountInfoMapper.insert-Inline
### The error occurred while setting parameters
### SQL: INSERT INTO account_info  ( id, user_name, realm, user_password, auth_mode, is_frozen, admin_name,    second_remain, byte_remain, simual_use_limit, max_session_timeout, inbound_car, outbound_car, qos_profile, update_interval )  VALUES  ( ?, ?, ?, ?, ?, ?, ?,    ?, ?, ?, ?, ?, ?, ?, ? )
### Cause: com.mysql.jdbc.exceptions.jdbc4.MySQLSyntaxErrorException: Unknown column 'atrribute' in 'field list'
; bad SQL grammar []; nested exception is com.mysql.jdbc.exceptions.jdbc4.MySQLSyntaxErrorException: Unknown column 'atrribute' in 'field list'
2022-11-28 18:45:20.915 [http-nio-8088-exec-6] ERROR com.example.radiusapi.controller.AccountInfoController - 
### Error updating database.  Cause: com.mysql.jdbc.exceptions.jdbc4.MySQLSyntaxErrorException: Unknown column 'atrribute' in 'field list'
### The error may exist in com/example/radiusapi/mapper/AccountInfoMapper.java (best guess)
### The error may involve com.example.radiusapi.mapper.AccountInfoMapper.insert-Inline
### The error occurred while setting parameters
### SQL: INSERT INTO account_info  ( id, user_name, realm, user_password, auth_mode, is_frozen, admin_name,    second_remain, byte_remain, simual_use_limit, max_session_timeout, inbound_car, outbound_car, qos_profile, update_interval )  VALUES  ( ?, ?, ?, ?, ?, ?, ?,    ?, ?, ?, ?, ?, ?, ?, ? )
### Cause: com.mysql.jdbc.exceptions.jdbc4.MySQLSyntaxErrorException: Unknown column 'atrribute' in 'field list'
; bad SQL grammar []; nested exception is com.mysql.jdbc.exceptions.jdbc4.MySQLSyntaxErrorException: Unknown column 'atrribute' in 'field list'
2022-11-28 18:45:37.321 [http-nio-8088-exec-8] ERROR com.example.radiusapi.controller.AccountInfoController - 
### Error updating database.  Cause: com.mysql.jdbc.exceptions.jdbc4.MySQLSyntaxErrorException: Unknown column 'atrribute' in 'field list'
### The error may exist in com/example/radiusapi/mapper/AccountInfoMapper.java (best guess)
### The error may involve com.example.radiusapi.mapper.AccountInfoMapper.insert-Inline
### The error occurred while setting parameters
### SQL: INSERT INTO account_info  ( id, user_name, realm, user_password, auth_mode, is_frozen, admin_name,    second_remain, byte_remain, simual_use_limit, max_session_timeout, inbound_car, outbound_car, qos_profile, update_interval )  VALUES  ( ?, ?, ?, ?, ?, ?, ?,    ?, ?, ?, ?, ?, ?, ?, ? )
### Cause: com.mysql.jdbc.exceptions.jdbc4.MySQLSyntaxErrorException: Unknown column 'atrribute' in 'field list'
; bad SQL grammar []; nested exception is com.mysql.jdbc.exceptions.jdbc4.MySQLSyntaxErrorException: Unknown column 'atrribute' in 'field list'
2022-11-28 18:47:56.472 [http-nio-8088-exec-10] ERROR com.example.radiusapi.controller.AccountInfoController - 
### Error updating database.  Cause: com.mysql.jdbc.exceptions.jdbc4.MySQLSyntaxErrorException: Unknown column 'atrribute' in 'field list'
### The error may exist in com/example/radiusapi/mapper/AccountInfoMapper.java (best guess)
### The error may involve com.example.radiusapi.mapper.AccountInfoMapper.insert-Inline
### The error occurred while setting parameters
### SQL: INSERT INTO account_info  ( id, user_name, realm, user_password, auth_mode, is_frozen, admin_name,    second_remain, byte_remain, simual_use_limit, max_session_timeout, inbound_car, outbound_car, qos_profile, update_interval )  VALUES  ( ?, ?, ?, ?, ?, ?, ?,    ?, ?, ?, ?, ?, ?, ?, ? )
### Cause: com.mysql.jdbc.exceptions.jdbc4.MySQLSyntaxErrorException: Unknown column 'atrribute' in 'field list'
; bad SQL grammar []; nested exception is com.mysql.jdbc.exceptions.jdbc4.MySQLSyntaxErrorException: Unknown column 'atrribute' in 'field list'
2022-11-28 18:51:38.543 [http-nio-8088-exec-2] ERROR com.example.radiusapi.controller.AccountInfoController - 
### Error updating database.  Cause: com.mysql.jdbc.exceptions.jdbc4.MySQLSyntaxErrorException: Unknown column 'atrribute' in 'field list'
### The error may exist in com/example/radiusapi/mapper/AccountInfoMapper.java (best guess)
### The error may involve com.example.radiusapi.mapper.AccountInfoMapper.insert-Inline
### The error occurred while setting parameters
### SQL: INSERT INTO account_info  ( id, user_name, realm, user_password, auth_mode, is_frozen, admin_name,    second_remain, byte_remain, simual_use_limit, max_session_timeout, inbound_car, outbound_car, qos_profile, update_interval )  VALUES  ( ?, ?, ?, ?, ?, ?, ?,    ?, ?, ?, ?, ?, ?, ?, ? )
### Cause: com.mysql.jdbc.exceptions.jdbc4.MySQLSyntaxErrorException: Unknown column 'atrribute' in 'field list'
; bad SQL grammar []; nested exception is com.mysql.jdbc.exceptions.jdbc4.MySQLSyntaxErrorException: Unknown column 'atrribute' in 'field list'
2022-11-28 18:52:37.514 [http-nio-8088-exec-3] ERROR com.example.radiusapi.controller.AccountInfoController - 
### Error updating database.  Cause: com.mysql.jdbc.exceptions.jdbc4.MySQLSyntaxErrorException: Unknown column 'atrribute' in 'field list'
### The error may exist in com/example/radiusapi/mapper/AccountInfoMapper.java (best guess)
### The error may involve com.example.radiusapi.mapper.AccountInfoMapper.insert-Inline
### The error occurred while setting parameters
### SQL: INSERT INTO account_info  ( id, user_name, realm, user_password, auth_mode, is_frozen, admin_name,    second_remain, byte_remain, simual_use_limit, max_session_timeout, inbound_car, outbound_car, qos_profile, update_interval )  VALUES  ( ?, ?, ?, ?, ?, ?, ?,    ?, ?, ?, ?, ?, ?, ?, ? )
### Cause: com.mysql.jdbc.exceptions.jdbc4.MySQLSyntaxErrorException: Unknown column 'atrribute' in 'field list'
; bad SQL grammar []; nested exception is com.mysql.jdbc.exceptions.jdbc4.MySQLSyntaxErrorException: Unknown column 'atrribute' in 'field list'
2022-11-28 18:52:38.511 [http-nio-8088-exec-4] ERROR com.example.radiusapi.controller.AccountInfoController - 
### Error updating database.  Cause: com.mysql.jdbc.exceptions.jdbc4.MySQLSyntaxErrorException: Unknown column 'atrribute' in 'field list'
### The error may exist in com/example/radiusapi/mapper/AccountInfoMapper.java (best guess)
### The error may involve com.example.radiusapi.mapper.AccountInfoMapper.insert-Inline
### The error occurred while setting parameters
### SQL: INSERT INTO account_info  ( id, user_name, realm, user_password, auth_mode, is_frozen, admin_name,    second_remain, byte_remain, simual_use_limit, max_session_timeout, inbound_car, outbound_car, qos_profile, update_interval )  VALUES  ( ?, ?, ?, ?, ?, ?, ?,    ?, ?, ?, ?, ?, ?, ?, ? )
### Cause: com.mysql.jdbc.exceptions.jdbc4.MySQLSyntaxErrorException: Unknown column 'atrribute' in 'field list'
; bad SQL grammar []; nested exception is com.mysql.jdbc.exceptions.jdbc4.MySQLSyntaxErrorException: Unknown column 'atrribute' in 'field list'
2022-11-28 18:52:39.188 [http-nio-8088-exec-5] ERROR com.example.radiusapi.controller.AccountInfoController - 
### Error updating database.  Cause: com.mysql.jdbc.exceptions.jdbc4.MySQLSyntaxErrorException: Unknown column 'atrribute' in 'field list'
### The error may exist in com/example/radiusapi/mapper/AccountInfoMapper.java (best guess)
### The error may involve com.example.radiusapi.mapper.AccountInfoMapper.insert-Inline
### The error occurred while setting parameters
### SQL: INSERT INTO account_info  ( id, user_name, realm, user_password, auth_mode, is_frozen, admin_name,    second_remain, byte_remain, simual_use_limit, max_session_timeout, inbound_car, outbound_car, qos_profile, update_interval )  VALUES  ( ?, ?, ?, ?, ?, ?, ?,    ?, ?, ?, ?, ?, ?, ?, ? )
### Cause: com.mysql.jdbc.exceptions.jdbc4.MySQLSyntaxErrorException: Unknown column 'atrribute' in 'field list'
; bad SQL grammar []; nested exception is com.mysql.jdbc.exceptions.jdbc4.MySQLSyntaxErrorException: Unknown column 'atrribute' in 'field list'
2022-11-28 18:52:45.167 [http-nio-8088-exec-6] ERROR com.example.radiusapi.controller.AccountInfoController - 
### Error updating database.  Cause: com.mysql.jdbc.exceptions.jdbc4.MySQLSyntaxErrorException: Unknown column 'atrribute' in 'field list'
### The error may exist in com/example/radiusapi/mapper/AccountInfoMapper.java (best guess)
### The error may involve com.example.radiusapi.mapper.AccountInfoMapper.insert-Inline
### The error occurred while setting parameters
### SQL: INSERT INTO account_info  ( id, user_name, realm, user_password, auth_mode, is_frozen, admin_name,    second_remain, byte_remain, simual_use_limit, max_session_timeout, inbound_car, outbound_car, qos_profile, update_interval )  VALUES  ( ?, ?, ?, ?, ?, ?, ?,    ?, ?, ?, ?, ?, ?, ?, ? )
### Cause: com.mysql.jdbc.exceptions.jdbc4.MySQLSyntaxErrorException: Unknown column 'atrribute' in 'field list'
; bad SQL grammar []; nested exception is com.mysql.jdbc.exceptions.jdbc4.MySQLSyntaxErrorException: Unknown column 'atrribute' in 'field list'
